<?xml version="1.0" encoding="UTF-8"?>
<TestRun id="7174713a-c92f-44c3-b43b-2fdff1e3422d" name="Admin@MICROSOF-4C612A 2011-05-29 01:26:37" runUser="MICROSOF-4C612A\Admin" xmlns="http://microsoft.com/schemas/VisualStudio/TeamTest/2010">
  <TestSettings name="Local" id="76ee2860-94f3-4131-b679-0acd674a39f8">
    <Description>These are default test settings for a local test run.</Description>
    <Deployment enabled="false" runDeploymentRoot="Admin_MICROSOF-4C612A 2011-05-29 01_26_37">
      <DeploymentItem filename="D:\DiplomProject\FaceRecognition\libs\Emgu.CV.UI.dll" />
      <DeploymentItem filename="C:\Program Files\Microsoft Enterprise Library 5.0\Bin\Microsoft.Practices.EnterpriseLibrary.Logging.dll" />
      <DeploymentItem filename="D:\DiplomProject\FaceRecognition\FaceImagesDataAccess\bin\Debug\FaceImagesDataAccess.dll" />
      <DeploymentItem filename="D:\DiplomProject\FaceImagesModel\bin\Debug\FaceImagesModel.dll" />
      <DeploymentItem filename="D:\DiplomProject\FaceRecognition\libs\Emgu.CV.ML.dll" />
      <DeploymentItem filename="C:\Program Files\Microsoft Enterprise Library 5.0\Bin\Microsoft.Practices.EnterpriseLibrary.ExceptionHandling.Logging.dll" />
      <DeploymentItem filename="D:\DiplomProject\FaceRecognition\libs\Emgu.CV.dll" />
      <DeploymentItem filename="C:\Program Files\Microsoft Enterprise Library 5.0\Bin\Microsoft.Practices.EnterpriseLibrary.ExceptionHandling.dll" />
      <DeploymentItem filename="D:\DiplomProject\FaceRecognition\bin\Debug\FaceRecognition.exe" />
      <DeploymentItem filename="D:\DiplomProject\FaceRecognition\libs\Emgu.Util.dll" />
      <DeploymentItem filename="C:\Program Files\Microsoft Enterprise Library 5.0\Bin\Microsoft.Practices.EnterpriseLibrary.Common.dll" />
      <DeploymentItem filename="D:\DiplomProject\FaceDetection\bin\Debug\FaceDetection.dll" />
      <DeploymentItem filename="D:\DiplomProject\BusyControl\bin\Debug\BusyControl.dll" />
      <DeploymentItem filename="D:\DiplomProject\FaceRecognition\libs\alglibnet2.dll" />
      <DeploymentItem filename="C:\Program Files\Microsoft Enterprise Library 5.0\Bin\Microsoft.Practices.ServiceLocation.dll" />
      <DeploymentItem filename="D:\DiplomProject\Utility\bin\Debug\Utility.dll" />
      <DeploymentItem filename="D:\DiplomProject\ImageView\bin\Debug\ImageView.dll" />
    </Deployment>
    <Execution>
      <TestTypeSpecific />
      <AgentRule name="Execution Agents">
      </AgentRule>
    </Execution>
  </TestSettings>
  <Times creation="2011-05-29T01:26:37.4687500+03:00" queuing="2011-05-29T01:26:42.7500000+03:00" start="2011-05-29T01:26:44.0937500+03:00" finish="2011-05-29T01:28:54.5312500+03:00" />
  <ResultSummary outcome="Error">
    <Counters total="330" executed="330" error="0" failed="194" timeout="0" aborted="0" inconclusive="136" passedButRunAborted="0" notRunnable="0" notExecuted="0" disconnected="0" warning="0" passed="0" completed="0" inProgress="0" pending="0" />
    <Output>
      <DebugTrace>SelectionRecognitionMethodViewModel () (8212921) Finalized
SelectionRecognitionMethodViewModel () (33132169) Finalized
</DebugTrace>
    </Output>
    <RunInfos>
      <RunInfo computerName="MICROSOF-4C612A" outcome="Error" timestamp="2011-05-29T01:26:59.4218750+03:00">
        <Text>One of the background threads threw exception: 
System.NullReferenceException: Object reference not set to an instance of an object.
   at Microsoft.VisualStudio.TestTools.UnitTesting.PrivateObject.Invoke(String name, BindingFlags bindingFlags, Type[] parameterTypes, Object[] args, CultureInfo culture, Type[] typeArguments)
   at FaceRecognition.ViewModel.ViewModelBase_Accessor.Finalize()</Text>
      </RunInfo>
    </RunInfos>
  </ResultSummary>
  <TestDefinitions>
    <UnitTest name="DataBaseNamesTest" storage="d:\diplomproject\facerecognition\facerecognition.test\bin\debug\facerecognition.test.dll" id="bef89028-c1c4-18cc-0df3-48b046c3bb00">
      <Execution id="b9d64113-626d-408b-b833-f2a6bb9764d1" />
      <TestMethod codeBase="D:/DiplomProject/FaceRecognition/FaceRecognition.Test/bin/Debug/FaceRecognition.Test.DLL" adapterTypeName="Microsoft.VisualStudio.TestTools.TestTypes.Unit.UnitTestAdapter, Microsoft.VisualStudio.QualityTools.Tips.UnitTest.Adapter, Version=10.0.0.0, Culture=neutral, PublicKeyToken=b03f5f7f11d50a3a" className="FaceRecognition.Test.SelectionDataBaseViewModelTest, FaceRecognition.Test, Version=1.0.0.0, Culture=neutral, PublicKeyToken=null" name="DataBaseNamesTest" />
    </UnitTest>
    <UnitTest name="RecognizeMethodsViewModelBase_DrawRecongitionResultsEventTest" storage="d:\diplomproject\facerecognition\facerecognition.test\bin\debug\facerecognition.test.dll" id="aee5175d-4b23-99fd-ce7f-98f9847c3408">
      <DeploymentItems>
        <DeploymentItem filename="FaceRecognition.exe" />
      </DeploymentItems>
      <Execution id="d96ae1c2-57d9-4543-a192-9ab4fbaa3632" />
      <TestMethod codeBase="D:/DiplomProject/FaceRecognition/FaceRecognition.Test/bin/Debug/FaceRecognition.Test.DLL" adapterTypeName="Microsoft.VisualStudio.TestTools.TestTypes.Unit.UnitTestAdapter, Microsoft.VisualStudio.QualityTools.Tips.UnitTest.Adapter, Version=10.0.0.0, Culture=neutral, PublicKeyToken=b03f5f7f11d50a3a" className="FaceRecognition.Test.MainWindowTest, FaceRecognition.Test, Version=1.0.0.0, Culture=neutral, PublicKeyToken=null" name="RecognizeMethodsViewModelBase_DrawRecongitionResultsEventTest" />
    </UnitTest>
    <UnitTest name="RecognitionMethodsTest" storage="d:\diplomproject\facerecognition\facerecognition.test\bin\debug\facerecognition.test.dll" id="2fe000f4-9be8-ed4a-f3d2-717ab76175fb">
      <Execution id="b2b5f148-b14e-4857-b981-015e53a94035" />
      <TestMethod codeBase="D:/DiplomProject/FaceRecognition/FaceRecognition.Test/bin/Debug/FaceRecognition.Test.DLL" adapterTypeName="Microsoft.VisualStudio.TestTools.TestTypes.Unit.UnitTestAdapter, Microsoft.VisualStudio.QualityTools.Tips.UnitTest.Adapter, Version=10.0.0.0, Culture=neutral, PublicKeyToken=b03f5f7f11d50a3a" className="FaceRecognition.Test.SelectionRecognitionMethodViewModelTest, FaceRecognition.Test, Version=1.0.0.0, Culture=neutral, PublicKeyToken=null" name="RecognitionMethodsTest" />
    </UnitTest>
    <UnitTest name="OnDrawRecognizedFacesTest" storage="d:\diplomproject\facerecognition\facerecognition.test\bin\debug\facerecognition.test.dll" id="f1bc5729-3503-1ab7-34dc-5bef87c78d97">
      <DeploymentItems>
        <DeploymentItem filename="FaceRecognition.exe" />
      </DeploymentItems>
      <Execution id="bfcc867a-fb9a-46b7-8509-1983748f5295" />
      <TestMethod codeBase="D:/DiplomProject/FaceRecognition/FaceRecognition.Test/bin/Debug/FaceRecognition.Test.DLL" adapterTypeName="Microsoft.VisualStudio.TestTools.TestTypes.Unit.UnitTestAdapter, Microsoft.VisualStudio.QualityTools.Tips.UnitTest.Adapter, Version=10.0.0.0, Culture=neutral, PublicKeyToken=b03f5f7f11d50a3a" className="FaceRecognition.Test.RecognizeMethodsViewModelBaseTest, FaceRecognition.Test, Version=1.0.0.0, Culture=neutral, PublicKeyToken=null" name="OnDrawRecognizedFacesTest" />
    </UnitTest>
    <UnitTest name="PreprocessingPanelControlConstructorTest" storage="d:\diplomproject\facerecognition\facerecognition.test\bin\debug\facerecognition.test.dll" id="dc1ef0bd-6a60-0316-e952-c36a1c041e99">
      <Execution id="a44ade4f-82be-409c-be83-39e4b6ec0525" />
      <TestMethod codeBase="D:/DiplomProject/FaceRecognition/FaceRecognition.Test/bin/Debug/FaceRecognition.Test.DLL" adapterTypeName="Microsoft.VisualStudio.TestTools.TestTypes.Unit.UnitTestAdapter, Microsoft.VisualStudio.QualityTools.Tips.UnitTest.Adapter, Version=10.0.0.0, Culture=neutral, PublicKeyToken=b03f5f7f11d50a3a" className="FaceRecognition.Test.PreprocessingPanelControlTest, FaceRecognition.Test, Version=1.0.0.0, Culture=neutral, PublicKeyToken=null" name="PreprocessingPanelControlConstructorTest" />
    </UnitTest>
    <UnitTest name="FillPanelTest" storage="d:\diplomproject\facerecognition\facerecognition.test\bin\debug\facerecognition.test.dll" id="d5ff86e7-0087-d6d5-37ae-815a2ec5cb44">
      <DeploymentItems>
        <DeploymentItem filename="FaceRecognition.exe" />
      </DeploymentItems>
      <Execution id="66565792-f049-4899-b3bd-9f7109b0740b" />
      <TestMethod codeBase="D:/DiplomProject/FaceRecognition/FaceRecognition.Test/bin/Debug/FaceRecognition.Test.DLL" adapterTypeName="Microsoft.VisualStudio.TestTools.TestTypes.Unit.UnitTestAdapter, Microsoft.VisualStudio.QualityTools.Tips.UnitTest.Adapter, Version=10.0.0.0, Culture=neutral, PublicKeyToken=b03f5f7f11d50a3a" className="FaceRecognition.Test.RecognizePanelControlTest, FaceRecognition.Test, Version=1.0.0.0, Culture=neutral, PublicKeyToken=null" name="FillPanelTest" />
    </UnitTest>
    <UnitTest name="SaveTrainTestFacesTest" storage="d:\diplomproject\facerecognition\facerecognition.test\bin\debug\facerecognition.test.dll" id="901d3ce9-23a3-ae6e-5b1f-55980f7d1d1f">
      <Execution id="5204bd05-669c-40fb-a9b0-cca9b44a13df" />
      <TestMethod codeBase="D:/DiplomProject/FaceRecognition/FaceRecognition.Test/bin/Debug/FaceRecognition.Test.DLL" adapterTypeName="Microsoft.VisualStudio.TestTools.TestTypes.Unit.UnitTestAdapter, Microsoft.VisualStudio.QualityTools.Tips.UnitTest.Adapter, Version=10.0.0.0, Culture=neutral, PublicKeyToken=b03f5f7f11d50a3a" className="FaceRecognition.Test.ExtractFeaturesTest, FaceRecognition.Test, Version=1.0.0.0, Culture=neutral, PublicKeyToken=null" name="SaveTrainTestFacesTest" />
    </UnitTest>
    <UnitTest name="SaveAsTest" storage="d:\diplomproject\facerecognition\facerecognition.test\bin\debug\facerecognition.test.dll" id="3d572331-a586-0b4d-2c20-72e89cadaa26">
      <Execution id="f03ceb5d-fde8-4273-908a-042cb0439c83" />
      <TestMethod codeBase="D:/DiplomProject/FaceRecognition/FaceRecognition.Test/bin/Debug/FaceRecognition.Test.DLL" adapterTypeName="Microsoft.VisualStudio.TestTools.TestTypes.Unit.UnitTestAdapter, Microsoft.VisualStudio.QualityTools.Tips.UnitTest.Adapter, Version=10.0.0.0, Culture=neutral, PublicKeyToken=b03f5f7f11d50a3a" className="FaceRecognition.Test._WorkbookTest, FaceRecognition.Test, Version=1.0.0.0, Culture=neutral, PublicKeyToken=null" name="SaveAsTest" />
    </UnitTest>
    <UnitTest name="InitializeComponentTest" storage="d:\diplomproject\facerecognition\facerecognition.test\bin\debug\facerecognition.test.dll" id="d8f32642-8d1c-71ed-4f65-f249e674add2">
      <Execution id="1125dc67-f203-41f2-99d4-5921fb5f488e" />
      <TestMethod codeBase="D:/DiplomProject/FaceRecognition/FaceRecognition.Test/bin/Debug/FaceRecognition.Test.DLL" adapterTypeName="Microsoft.VisualStudio.TestTools.TestTypes.Unit.UnitTestAdapter, Microsoft.VisualStudio.QualityTools.Tips.UnitTest.Adapter, Version=10.0.0.0, Culture=neutral, PublicKeyToken=b03f5f7f11d50a3a" className="FaceRecognition.Test.PreprocessingPanelControlTest, FaceRecognition.Test, Version=1.0.0.0, Culture=neutral, PublicKeyToken=null" name="InitializeComponentTest" />
    </UnitTest>
    <UnitTest name="BackPropagateTest" storage="d:\diplomproject\facerecognition\facerecognition.test\bin\debug\facerecognition.test.dll" id="37f5fc19-6608-18ab-be13-9627bdbc233e">
      <Execution id="a8e852bb-de6d-4a51-9114-67ba3b58d89d" />
      <TestMethod codeBase="D:/DiplomProject/FaceRecognition/FaceRecognition.Test/bin/Debug/FaceRecognition.Test.DLL" adapterTypeName="Microsoft.VisualStudio.TestTools.TestTypes.Unit.UnitTestAdapter, Microsoft.VisualStudio.QualityTools.Tips.UnitTest.Adapter, Version=10.0.0.0, Culture=neutral, PublicKeyToken=b03f5f7f11d50a3a" className="FaceRecognition.Test.IBackPropagationTest, FaceRecognition.Test, Version=1.0.0.0, Culture=neutral, PublicKeyToken=null" name="BackPropagateTest" />
    </UnitTest>
    <UnitTest name="IterationsTest" storage="d:\diplomproject\facerecognition\facerecognition.test\bin\debug\facerecognition.test.dll" id="0e0d7f5d-0a98-23c2-b597-7c9b9a7019dc">
      <Execution id="9937a81e-6fca-4a9f-88a4-45e6b5a8d344" />
      <TestMethod codeBase="D:/DiplomProject/FaceRecognition/FaceRecognition.Test/bin/Debug/FaceRecognition.Test.DLL" adapterTypeName="Microsoft.VisualStudio.TestTools.TestTypes.Unit.UnitTestAdapter, Microsoft.VisualStudio.QualityTools.Tips.UnitTest.Adapter, Version=10.0.0.0, Culture=neutral, PublicKeyToken=b03f5f7f11d50a3a" className="FaceRecognition.Test.NeuralNetworksViewModelTest, FaceRecognition.Test, Version=1.0.0.0, Culture=neutral, PublicKeyToken=null" name="IterationsTest" />
    </UnitTest>
    <UnitTest name="LearningRateTest" storage="d:\diplomproject\facerecognition\facerecognition.test\bin\debug\facerecognition.test.dll" id="7dabda3f-cdc5-4f6f-af53-889ef5d47a49">
      <Execution id="c0093367-096d-4abd-bfa1-ba1367666365" />
      <TestMethod codeBase="D:/DiplomProject/FaceRecognition/FaceRecognition.Test/bin/Debug/FaceRecognition.Test.DLL" adapterTypeName="Microsoft.VisualStudio.TestTools.TestTypes.Unit.UnitTestAdapter, Microsoft.VisualStudio.QualityTools.Tips.UnitTest.Adapter, Version=10.0.0.0, Culture=neutral, PublicKeyToken=b03f5f7f11d50a3a" className="FaceRecognition.Test.BackPropagationTwoLayersTest, FaceRecognition.Test, Version=1.0.0.0, Culture=neutral, PublicKeyToken=null" name="LearningRateTest" />
    </UnitTest>
    <UnitTest name="ProcessVectorForInputNetTest" storage="d:\diplomproject\facerecognition\facerecognition.test\bin\debug\facerecognition.test.dll" id="6705170e-4797-38f4-57ce-eb29eb992254">
      <DeploymentItems>
        <DeploymentItem filename="FaceRecognition.exe" />
      </DeploymentItems>
      <Execution id="7608bfb4-f646-4876-a1e6-f9ed6ea48466" />
      <TestMethod codeBase="D:/DiplomProject/FaceRecognition/FaceRecognition.Test/bin/Debug/FaceRecognition.Test.DLL" adapterTypeName="Microsoft.VisualStudio.TestTools.TestTypes.Unit.UnitTestAdapter, Microsoft.VisualStudio.QualityTools.Tips.UnitTest.Adapter, Version=10.0.0.0, Culture=neutral, PublicKeyToken=b03f5f7f11d50a3a" className="FaceRecognition.Test.ExtractFeaturesTest, FaceRecognition.Test, Version=1.0.0.0, Culture=neutral, PublicKeyToken=null" name="ProcessVectorForInputNetTest" />
    </UnitTest>
    <UnitTest name="ResetTest" storage="d:\diplomproject\facerecognition\facerecognition.test\bin\debug\facerecognition.test.dll" id="d0665e38-1f3a-ab11-ec00-aec5b87f160c">
      <Execution id="8056602b-a1a4-4663-9800-c8d4692b3473" />
      <TestMethod codeBase="D:/DiplomProject/FaceRecognition/FaceRecognition.Test/bin/Debug/FaceRecognition.Test.DLL" adapterTypeName="Microsoft.VisualStudio.TestTools.TestTypes.Unit.UnitTestAdapter, Microsoft.VisualStudio.QualityTools.Tips.UnitTest.Adapter, Version=10.0.0.0, Culture=neutral, PublicKeyToken=b03f5f7f11d50a3a" className="FaceRecognition.Test.RecognitionMethodsEnumTest, FaceRecognition.Test, Version=1.0.0.0, Culture=neutral, PublicKeyToken=null" name="ResetTest" />
    </UnitTest>
    <UnitTest name="TrainSuccessEventArgsConstructorTest" storage="d:\diplomproject\facerecognition\facerecognition.test\bin\debug\facerecognition.test.dll" id="8a1333c1-c909-f5dc-e05e-cbdcf0394349">
      <Execution id="f018caa2-984c-4bf2-9ba4-92d9a455f24f" />
      <TestMethod codeBase="D:/DiplomProject/FaceRecognition/FaceRecognition.Test/bin/Debug/FaceRecognition.Test.DLL" adapterTypeName="Microsoft.VisualStudio.TestTools.TestTypes.Unit.UnitTestAdapter, Microsoft.VisualStudio.QualityTools.Tips.UnitTest.Adapter, Version=10.0.0.0, Culture=neutral, PublicKeyToken=b03f5f7f11d50a3a" className="FaceRecognition.Test.TrainSuccessEventArgsTest, FaceRecognition.Test, Version=1.0.0.0, Culture=neutral, PublicKeyToken=null" name="TrainSuccessEventArgsConstructorTest" />
    </UnitTest>
    <UnitTest name="QuitTest" storage="d:\diplomproject\facerecognition\facerecognition.test\bin\debug\facerecognition.test.dll" id="6537942d-a9e0-06b3-1278-f079404dcd6a">
      <Execution id="a6e023ab-0c08-4547-a13a-f65ec158ddf3" />
      <TestMethod codeBase="D:/DiplomProject/FaceRecognition/FaceRecognition.Test/bin/Debug/FaceRecognition.Test.DLL" adapterTypeName="Microsoft.VisualStudio.TestTools.TestTypes.Unit.UnitTestAdapter, Microsoft.VisualStudio.QualityTools.Tips.UnitTest.Adapter, Version=10.0.0.0, Culture=neutral, PublicKeyToken=b03f5f7f11d50a3a" className="FaceRecognition.Test._ApplicationTest, FaceRecognition.Test, Version=1.0.0.0, Culture=neutral, PublicKeyToken=null" name="QuitTest" />
    </UnitTest>
    <UnitTest name="StopTest" storage="d:\diplomproject\facerecognition\facerecognition.test\bin\debug\facerecognition.test.dll" id="c70a6a18-2f3c-341f-b526-9d9db92be705">
      <Execution id="f22dcd61-f2e0-440e-8f79-e8456994696e" />
      <TestMethod codeBase="D:/DiplomProject/FaceRecognition/FaceRecognition.Test/bin/Debug/FaceRecognition.Test.DLL" adapterTypeName="Microsoft.VisualStudio.TestTools.TestTypes.Unit.UnitTestAdapter, Microsoft.VisualStudio.QualityTools.Tips.UnitTest.Adapter, Version=10.0.0.0, Culture=neutral, PublicKeyToken=b03f5f7f11d50a3a" className="FaceRecognition.Test.NeuralEventArgsTest, FaceRecognition.Test, Version=1.0.0.0, Culture=neutral, PublicKeyToken=null" name="StopTest" />
    </UnitTest>
    <UnitTest name="IsSuccessTest" storage="d:\diplomproject\facerecognition\facerecognition.test\bin\debug\facerecognition.test.dll" id="d4f17dbd-3843-af90-3a4e-885b62104069">
      <DeploymentItems>
        <DeploymentItem filename="FaceRecognition.exe" />
      </DeploymentItems>
      <Execution id="7a14cb51-2469-42c4-a4c1-97b3d237a363" />
      <TestMethod codeBase="D:/DiplomProject/FaceRecognition/FaceRecognition.Test/bin/Debug/FaceRecognition.Test.DLL" adapterTypeName="Microsoft.VisualStudio.TestTools.TestTypes.Unit.UnitTestAdapter, Microsoft.VisualStudio.QualityTools.Tips.UnitTest.Adapter, Version=10.0.0.0, Culture=neutral, PublicKeyToken=b03f5f7f11d50a3a" className="FaceRecognition.Test.TrainSuccessEventArgsTest, FaceRecognition.Test, Version=1.0.0.0, Culture=neutral, PublicKeyToken=null" name="IsSuccessTest" />
    </UnitTest>
    <UnitTest name="OnFacesGotTest" storage="d:\diplomproject\facerecognition\facerecognition.test\bin\debug\facerecognition.test.dll" id="4432d5dc-b42b-77da-d1ff-a0ade87d04a3">
      <DeploymentItems>
        <DeploymentItem filename="FaceRecognition.exe" />
      </DeploymentItems>
      <Execution id="efc4ce9e-b5fd-48be-af06-657a497682b8" />
      <TestMethod codeBase="D:/DiplomProject/FaceRecognition/FaceRecognition.Test/bin/Debug/FaceRecognition.Test.DLL" adapterTypeName="Microsoft.VisualStudio.TestTools.TestTypes.Unit.UnitTestAdapter, Microsoft.VisualStudio.QualityTools.Tips.UnitTest.Adapter, Version=10.0.0.0, Culture=neutral, PublicKeyToken=b03f5f7f11d50a3a" className="FaceRecognition.Test.PreprocessingPanelControlTest, FaceRecognition.Test, Version=1.0.0.0, Culture=neutral, PublicKeyToken=null" name="OnFacesGotTest" />
    </UnitTest>
    <UnitTest name="CloseTest" storage="d:\diplomproject\facerecognition\facerecognition.test\bin\debug\facerecognition.test.dll" id="4ae91caf-d8f8-b134-ef42-3030fca54c5a">
      <Execution id="14e3cac2-0365-43a2-8e37-37bb9dac1706" />
      <TestMethod codeBase="D:/DiplomProject/FaceRecognition/FaceRecognition.Test/bin/Debug/FaceRecognition.Test.DLL" adapterTypeName="Microsoft.VisualStudio.TestTools.TestTypes.Unit.UnitTestAdapter, Microsoft.VisualStudio.QualityTools.Tips.UnitTest.Adapter, Version=10.0.0.0, Culture=neutral, PublicKeyToken=b03f5f7f11d50a3a" className="FaceRecognition.Test._WorkbookTest, FaceRecognition.Test, Version=1.0.0.0, Culture=neutral, PublicKeyToken=null" name="CloseTest" />
    </UnitTest>
    <UnitTest name="RecognizePanelControlConstructorTest1" storage="d:\diplomproject\facerecognition\facerecognition.test\bin\debug\facerecognition.test.dll" id="6b2bd8ee-2d3c-e14d-3452-eafe7133423e">
      <Execution id="4ff2bf12-51af-49b5-a824-712b8af565f7" />
      <TestMethod codeBase="D:/DiplomProject/FaceRecognition/FaceRecognition.Test/bin/Debug/FaceRecognition.Test.DLL" adapterTypeName="Microsoft.VisualStudio.TestTools.TestTypes.Unit.UnitTestAdapter, Microsoft.VisualStudio.QualityTools.Tips.UnitTest.Adapter, Version=10.0.0.0, Culture=neutral, PublicKeyToken=b03f5f7f11d50a3a" className="FaceRecognition.Test.RecognizePanelControlTest, FaceRecognition.Test, Version=1.0.0.0, Culture=neutral, PublicKeyToken=null" name="RecognizePanelControlConstructorTest1" />
    </UnitTest>
    <UnitTest name="_trainTimer_ElapsedTest" storage="d:\diplomproject\facerecognition\facerecognition.test\bin\debug\facerecognition.test.dll" id="18d3781a-ec4e-a3cb-1253-8c635d00c540">
      <DeploymentItems>
        <DeploymentItem filename="FaceRecognition.exe" />
      </DeploymentItems>
      <Execution id="391f06e5-68a3-47c8-8a72-a893ca3a9525" />
      <TestMethod codeBase="D:/DiplomProject/FaceRecognition/FaceRecognition.Test/bin/Debug/FaceRecognition.Test.DLL" adapterTypeName="Microsoft.VisualStudio.TestTools.TestTypes.Unit.UnitTestAdapter, Microsoft.VisualStudio.QualityTools.Tips.UnitTest.Adapter, Version=10.0.0.0, Culture=neutral, PublicKeyToken=b03f5f7f11d50a3a" className="FaceRecognition.Test.EigenFaceViewModelTest, FaceRecognition.Test, Version=1.0.0.0, Culture=neutral, PublicKeyToken=null" name="_trainTimer_ElapsedTest" />
    </UnitTest>
    <UnitTest name="TrainTest" storage="d:\diplomproject\facerecognition\facerecognition.test\bin\debug\facerecognition.test.dll" id="66b8266b-dacb-24a9-cb14-316eeb8fc5b7">
      <Execution id="af0feb4f-ad23-44d7-8332-05f59b97fc22" />
      <TestMethod codeBase="D:/DiplomProject/FaceRecognition/FaceRecognition.Test/bin/Debug/FaceRecognition.Test.DLL" adapterTypeName="Microsoft.VisualStudio.TestTools.TestTypes.Unit.UnitTestAdapter, Microsoft.VisualStudio.QualityTools.Tips.UnitTest.Adapter, Version=10.0.0.0, Culture=neutral, PublicKeyToken=b03f5f7f11d50a3a" className="FaceRecognition.Test.NeuralNetworkTest, FaceRecognition.Test, Version=1.0.0.0, Culture=neutral, PublicKeyToken=null" name="TrainTest" />
    </UnitTest>
    <UnitTest name="TrainImageListView_SelectionChangedTest" storage="d:\diplomproject\facerecognition\facerecognition.test\bin\debug\facerecognition.test.dll" id="7a70082a-f4a5-92e1-fade-11eb838295a1">
      <DeploymentItems>
        <DeploymentItem filename="FaceRecognition.exe" />
      </DeploymentItems>
      <Execution id="5f7d7734-a650-48ed-bacb-b0effed1408e" />
      <TestMethod codeBase="D:/DiplomProject/FaceRecognition/FaceRecognition.Test/bin/Debug/FaceRecognition.Test.DLL" adapterTypeName="Microsoft.VisualStudio.TestTools.TestTypes.Unit.UnitTestAdapter, Microsoft.VisualStudio.QualityTools.Tips.UnitTest.Adapter, Version=10.0.0.0, Culture=neutral, PublicKeyToken=b03f5f7f11d50a3a" className="FaceRecognition.Test.SelectionTrainTestImagesControlTest, FaceRecognition.Test, Version=1.0.0.0, Culture=neutral, PublicKeyToken=null" name="TrainImageListView_SelectionChangedTest" />
    </UnitTest>
    <UnitTest name="RecognizedClassViewModelTest" storage="d:\diplomproject\facerecognition\facerecognition.test\bin\debug\facerecognition.test.dll" id="8024e596-115d-b243-ffb7-515548d31303">
      <Execution id="180cadb4-f7da-476c-b656-aa2fb001c898" />
      <TestMethod codeBase="D:/DiplomProject/FaceRecognition/FaceRecognition.Test/bin/Debug/FaceRecognition.Test.DLL" adapterTypeName="Microsoft.VisualStudio.TestTools.TestTypes.Unit.UnitTestAdapter, Microsoft.VisualStudio.QualityTools.Tips.UnitTest.Adapter, Version=10.0.0.0, Culture=neutral, PublicKeyToken=b03f5f7f11d50a3a" className="FaceRecognition.Test.RecognizeClassControlTest, FaceRecognition.Test, Version=1.0.0.0, Culture=neutral, PublicKeyToken=null" name="RecognizedClassViewModelTest" />
    </UnitTest>
    <UnitTest name="d__diplomprojects_diplomproject_facerecognition_styles_borderstyle_xamlConstructorTest" storage="d:\diplomproject\facerecognition\facerecognition.test\bin\debug\facerecognition.test.dll" id="a0699bc4-df7a-33ba-8d23-da6f08467d19">
      <Execution id="8fd926ee-c131-454f-9881-1d12ea6895fe" />
      <TestMethod codeBase="D:/DiplomProject/FaceRecognition/FaceRecognition.Test/bin/Debug/FaceRecognition.Test.DLL" adapterTypeName="Microsoft.VisualStudio.TestTools.TestTypes.Unit.UnitTestAdapter, Microsoft.VisualStudio.QualityTools.Tips.UnitTest.Adapter, Version=10.0.0.0, Culture=neutral, PublicKeyToken=b03f5f7f11d50a3a" className="FaceRecognition.Test.d__diplomprojects_diplomproject_facerecognition_styles_borderstyle_xamlTest, FaceRecognition.Test, Version=1.0.0.0, Culture=neutral, PublicKeyToken=null" name="d__diplomprojects_diplomproject_facerecognition_styles_borderstyle_xamlConstructorTest" />
    </UnitTest>
    <UnitTest name="ConnectTest" storage="d:\diplomproject\facerecognition\facerecognition.test\bin\debug\facerecognition.test.dll" id="7ed933c2-5fd8-e60c-2061-cfb8096d2ac7">
      <DeploymentItems>
        <DeploymentItem filename="FaceRecognition.exe" />
      </DeploymentItems>
      <Execution id="fbf1907a-626a-4357-a132-40bb7dc7025e" />
      <TestMethod codeBase="D:/DiplomProject/FaceRecognition/FaceRecognition.Test/bin/Debug/FaceRecognition.Test.DLL" adapterTypeName="Microsoft.VisualStudio.TestTools.TestTypes.Unit.UnitTestAdapter, Microsoft.VisualStudio.QualityTools.Tips.UnitTest.Adapter, Version=10.0.0.0, Culture=neutral, PublicKeyToken=b03f5f7f11d50a3a" className="FaceRecognition.Test.SelectionTrainTestImagesControlTest, FaceRecognition.Test, Version=1.0.0.0, Culture=neutral, PublicKeyToken=null" name="ConnectTest" />
    </UnitTest>
    <UnitTest name="GetFaceImagesTest" storage="d:\diplomproject\facerecognition\facerecognition.test\bin\debug\facerecognition.test.dll" id="88e4779f-cada-e84e-1475-8f7b9d9ef12f">
      <DeploymentItems>
        <DeploymentItem filename="FaceRecognition.exe" />
      </DeploymentItems>
      <Execution id="6a2abae9-f576-4f5d-a21c-865700221505" />
      <TestMethod codeBase="D:/DiplomProject/FaceRecognition/FaceRecognition.Test/bin/Debug/FaceRecognition.Test.DLL" adapterTypeName="Microsoft.VisualStudio.TestTools.TestTypes.Unit.UnitTestAdapter, Microsoft.VisualStudio.QualityTools.Tips.UnitTest.Adapter, Version=10.0.0.0, Culture=neutral, PublicKeyToken=b03f5f7f11d50a3a" className="FaceRecognition.Test.SelectionTrainTestImagesViewModelTest, FaceRecognition.Test, Version=1.0.0.0, Culture=neutral, PublicKeyToken=null" name="GetFaceImagesTest" />
    </UnitTest>
    <UnitTest name="FileName_TrainImagesTest" storage="d:\diplomproject\facerecognition\facerecognition.test\bin\debug\facerecognition.test.dll" id="b0596e03-20c0-37c9-959b-753b5eed9055">
      <Execution id="234b9a50-b105-4732-932f-4e9ac5c44968" />
      <TestMethod codeBase="D:/DiplomProject/FaceRecognition/FaceRecognition.Test/bin/Debug/FaceRecognition.Test.DLL" adapterTypeName="Microsoft.VisualStudio.TestTools.TestTypes.Unit.UnitTestAdapter, Microsoft.VisualStudio.QualityTools.Tips.UnitTest.Adapter, Version=10.0.0.0, Culture=neutral, PublicKeyToken=b03f5f7f11d50a3a" className="FaceRecognition.Test.StringsTest, FaceRecognition.Test, Version=1.0.0.0, Culture=neutral, PublicKeyToken=null" name="FileName_TrainImagesTest" />
    </UnitTest>
    <UnitTest name="trainButton_ClickTest" storage="d:\diplomproject\facerecognition\facerecognition.test\bin\debug\facerecognition.test.dll" id="26bf3e8c-14ce-b71b-465e-6ba862c4eecc">
      <DeploymentItems>
        <DeploymentItem filename="FaceRecognition.exe" />
      </DeploymentItems>
      <Execution id="b49c1e35-5dd1-450c-8a4b-c96c489b6a28" />
      <TestMethod codeBase="D:/DiplomProject/FaceRecognition/FaceRecognition.Test/bin/Debug/FaceRecognition.Test.DLL" adapterTypeName="Microsoft.VisualStudio.TestTools.TestTypes.Unit.UnitTestAdapter, Microsoft.VisualStudio.QualityTools.Tips.UnitTest.Adapter, Version=10.0.0.0, Culture=neutral, PublicKeyToken=b03f5f7f11d50a3a" className="FaceRecognition.Test.EigenFaceControlTest, FaceRecognition.Test, Version=1.0.0.0, Culture=neutral, PublicKeyToken=null" name="trainButton_ClickTest" />
    </UnitTest>
    <UnitTest name="CreateVectorsAfterFFTTest" storage="d:\diplomproject\facerecognition\facerecognition.test\bin\debug\facerecognition.test.dll" id="c230e028-082a-df6b-3607-998c022b657f">
      <Execution id="2e8541ee-bdb5-439f-bbec-41c28f9e0e94" />
      <TestMethod codeBase="D:/DiplomProject/FaceRecognition/FaceRecognition.Test/bin/Debug/FaceRecognition.Test.DLL" adapterTypeName="Microsoft.VisualStudio.TestTools.TestTypes.Unit.UnitTestAdapter, Microsoft.VisualStudio.QualityTools.Tips.UnitTest.Adapter, Version=10.0.0.0, Culture=neutral, PublicKeyToken=b03f5f7f11d50a3a" className="FaceRecognition.Test.ExtractFeaturesTest, FaceRecognition.Test, Version=1.0.0.0, Culture=neutral, PublicKeyToken=null" name="CreateVectorsAfterFFTTest" />
    </UnitTest>
    <UnitTest name="ImagesTest" storage="d:\diplomproject\facerecognition\facerecognition.test\bin\debug\facerecognition.test.dll" id="0fa8a271-0ce5-1871-706c-01c7f9c0ab84">
      <Execution id="efdc6d73-5d05-4cf5-ab11-0a729ad7afe7" />
      <TestMethod codeBase="D:/DiplomProject/FaceRecognition/FaceRecognition.Test/bin/Debug/FaceRecognition.Test.DLL" adapterTypeName="Microsoft.VisualStudio.TestTools.TestTypes.Unit.UnitTestAdapter, Microsoft.VisualStudio.QualityTools.Tips.UnitTest.Adapter, Version=10.0.0.0, Culture=neutral, PublicKeyToken=b03f5f7f11d50a3a" className="FaceRecognition.Test.ViewModelBaseTest, FaceRecognition.Test, Version=1.0.0.0, Culture=neutral, PublicKeyToken=null" name="ImagesTest" />
    </UnitTest>
    <UnitTest name="_recTimer_ElapsedTest" storage="d:\diplomproject\facerecognition\facerecognition.test\bin\debug\facerecognition.test.dll" id="e8c288ca-a2f9-a78f-a86a-e90660d7f4fb">
      <DeploymentItems>
        <DeploymentItem filename="FaceRecognition.exe" />
      </DeploymentItems>
      <Execution id="549b9939-5f88-4dc4-a97e-888a6b88313d" />
      <TestMethod codeBase="D:/DiplomProject/FaceRecognition/FaceRecognition.Test/bin/Debug/FaceRecognition.Test.DLL" adapterTypeName="Microsoft.VisualStudio.TestTools.TestTypes.Unit.UnitTestAdapter, Microsoft.VisualStudio.QualityTools.Tips.UnitTest.Adapter, Version=10.0.0.0, Culture=neutral, PublicKeyToken=b03f5f7f11d50a3a" className="FaceRecognition.Test.NeuralNetworksViewModelTest, FaceRecognition.Test, Version=1.0.0.0, Culture=neutral, PublicKeyToken=null" name="_recTimer_ElapsedTest" />
    </UnitTest>
    <UnitTest name="BackPropagationTwoLayersConstructorTest" storage="d:\diplomproject\facerecognition\facerecognition.test\bin\debug\facerecognition.test.dll" id="f5aeb9f1-851e-37ae-2e0e-fccbcbd6445d">
      <Execution id="bbaa0503-1431-4e8c-b69d-c01e782670c3" />
      <TestMethod codeBase="D:/DiplomProject/FaceRecognition/FaceRecognition.Test/bin/Debug/FaceRecognition.Test.DLL" adapterTypeName="Microsoft.VisualStudio.TestTools.TestTypes.Unit.UnitTestAdapter, Microsoft.VisualStudio.QualityTools.Tips.UnitTest.Adapter, Version=10.0.0.0, Culture=neutral, PublicKeyToken=b03f5f7f11d50a3a" className="FaceRecognition.Test.BackPropagationTwoLayersTest, FaceRecognition.Test, Version=1.0.0.0, Culture=neutral, PublicKeyToken=null" name="BackPropagationTwoLayersConstructorTest" />
    </UnitTest>
    <UnitTest name="SetTestImagesTest" storage="d:\diplomproject\facerecognition\facerecognition.test\bin\debug\facerecognition.test.dll" id="a4ad7ff8-56ff-4eb0-294e-7aded942a979">
      <Execution id="b95b4bd1-2ead-431a-80f2-720fcca94485" />
      <TestMethod codeBase="D:/DiplomProject/FaceRecognition/FaceRecognition.Test/bin/Debug/FaceRecognition.Test.DLL" adapterTypeName="Microsoft.VisualStudio.TestTools.TestTypes.Unit.UnitTestAdapter, Microsoft.VisualStudio.QualityTools.Tips.UnitTest.Adapter, Version=10.0.0.0, Culture=neutral, PublicKeyToken=b03f5f7f11d50a3a" className="FaceRecognition.Test.SelectionTrainTestImagesViewModelTest, FaceRecognition.Test, Version=1.0.0.0, Culture=neutral, PublicKeyToken=null" name="SetTestImagesTest" />
    </UnitTest>
    <UnitTest name="TrainTest" storage="d:\diplomproject\facerecognition\facerecognition.test\bin\debug\facerecognition.test.dll" id="e022bf89-195f-88bc-f963-d94f95599188">
      <Execution id="31de4bfc-ba47-4fcf-a314-cba784ad28b0" />
      <TestMethod codeBase="D:/DiplomProject/FaceRecognition/FaceRecognition.Test/bin/Debug/FaceRecognition.Test.DLL" adapterTypeName="Microsoft.VisualStudio.TestTools.TestTypes.Unit.UnitTestAdapter, Microsoft.VisualStudio.QualityTools.Tips.UnitTest.Adapter, Version=10.0.0.0, Culture=neutral, PublicKeyToken=b03f5f7f11d50a3a" className="FaceRecognition.Test.EigenFaceViewModelTest, FaceRecognition.Test, Version=1.0.0.0, Culture=neutral, PublicKeyToken=null" name="TrainTest" />
    </UnitTest>
    <UnitTest name="ReverseProcessVectorFromOutNetTest" storage="d:\diplomproject\facerecognition\facerecognition.test\bin\debug\facerecognition.test.dll" id="b4cc9f46-247c-8ac0-23a3-b77cb346b3ee">
      <DeploymentItems>
        <DeploymentItem filename="FaceRecognition.exe" />
      </DeploymentItems>
      <Execution id="e7fb7a34-0d61-42c1-a116-95ca68f3dad1" />
      <TestMethod codeBase="D:/DiplomProject/FaceRecognition/FaceRecognition.Test/bin/Debug/FaceRecognition.Test.DLL" adapterTypeName="Microsoft.VisualStudio.TestTools.TestTypes.Unit.UnitTestAdapter, Microsoft.VisualStudio.QualityTools.Tips.UnitTest.Adapter, Version=10.0.0.0, Culture=neutral, PublicKeyToken=b03f5f7f11d50a3a" className="FaceRecognition.Test.ExtractFeaturesTest, FaceRecognition.Test, Version=1.0.0.0, Culture=neutral, PublicKeyToken=null" name="ReverseProcessVectorFromOutNetTest" />
    </UnitTest>
    <UnitTest name="OnDataSavedTest" storage="d:\diplomproject\facerecognition\facerecognition.test\bin\debug\facerecognition.test.dll" id="3a4ad283-8445-bdaf-13ff-4ff25c9b6987">
      <DeploymentItems>
        <DeploymentItem filename="FaceRecognition.exe" />
      </DeploymentItems>
      <Execution id="8b021bcc-0220-46c1-8319-56a22e545141" />
      <TestMethod codeBase="D:/DiplomProject/FaceRecognition/FaceRecognition.Test/bin/Debug/FaceRecognition.Test.DLL" adapterTypeName="Microsoft.VisualStudio.TestTools.TestTypes.Unit.UnitTestAdapter, Microsoft.VisualStudio.QualityTools.Tips.UnitTest.Adapter, Version=10.0.0.0, Culture=neutral, PublicKeyToken=b03f5f7f11d50a3a" className="FaceRecognition.Test.PreprocessingPanelControlTest, FaceRecognition.Test, Version=1.0.0.0, Culture=neutral, PublicKeyToken=null" name="OnDataSavedTest" />
    </UnitTest>
    <UnitTest name="GetErrorTest" storage="d:\diplomproject\facerecognition\facerecognition.test\bin\debug\facerecognition.test.dll" id="9c022819-a9c6-6413-f419-f17a9d21ca3f">
      <Execution id="22a42ba8-ae0a-4951-80d2-3919ecea11b8" />
      <TestMethod codeBase="D:/DiplomProject/FaceRecognition/FaceRecognition.Test/bin/Debug/FaceRecognition.Test.DLL" adapterTypeName="Microsoft.VisualStudio.TestTools.TestTypes.Unit.UnitTestAdapter, Microsoft.VisualStudio.QualityTools.Tips.UnitTest.Adapter, Version=10.0.0.0, Culture=neutral, PublicKeyToken=b03f5f7f11d50a3a" className="FaceRecognition.Test.IBackPropagationTest, FaceRecognition.Test, Version=1.0.0.0, Culture=neutral, PublicKeyToken=null" name="GetErrorTest" />
    </UnitTest>
    <UnitTest name="GetErrorTest" storage="d:\diplomproject\facerecognition\facerecognition.test\bin\debug\facerecognition.test.dll" id="dd44254a-1364-a3c8-e298-d2184cc5659a">
      <Execution id="d0d865d7-1101-4d5b-93bf-74ac5088e7dc" />
      <TestMethod codeBase="D:/DiplomProject/FaceRecognition/FaceRecognition.Test/bin/Debug/FaceRecognition.Test.DLL" adapterTypeName="Microsoft.VisualStudio.TestTools.TestTypes.Unit.UnitTestAdapter, Microsoft.VisualStudio.QualityTools.Tips.UnitTest.Adapter, Version=10.0.0.0, Culture=neutral, PublicKeyToken=b03f5f7f11d50a3a" className="FaceRecognition.Test.BackPropagationOneLayerTest, FaceRecognition.Test, Version=1.0.0.0, Culture=neutral, PublicKeyToken=null" name="GetErrorTest" />
    </UnitTest>
    <UnitTest name="TrainStatusTest" storage="d:\diplomproject\facerecognition\facerecognition.test\bin\debug\facerecognition.test.dll" id="e97ffc14-3141-9a07-3cee-4b6ca23dc240">
      <Execution id="bced0452-c336-4750-a8a0-96a7c9a50394" />
      <TestMethod codeBase="D:/DiplomProject/FaceRecognition/FaceRecognition.Test/bin/Debug/FaceRecognition.Test.DLL" adapterTypeName="Microsoft.VisualStudio.TestTools.TestTypes.Unit.UnitTestAdapter, Microsoft.VisualStudio.QualityTools.Tips.UnitTest.Adapter, Version=10.0.0.0, Culture=neutral, PublicKeyToken=b03f5f7f11d50a3a" className="FaceRecognition.Test.SelectionRecognitionMethodViewModelTest, FaceRecognition.Test, Version=1.0.0.0, Culture=neutral, PublicKeyToken=null" name="TrainStatusTest" />
    </UnitTest>
    <UnitTest name="OutputUnitsTest" storage="d:\diplomproject\facerecognition\facerecognition.test\bin\debug\facerecognition.test.dll" id="5e58d1e8-7357-b861-90ce-ff86c1866f40">
      <Execution id="81f460d6-deb8-4a9f-a467-2f66615f538f" />
      <TestMethod codeBase="D:/DiplomProject/FaceRecognition/FaceRecognition.Test/bin/Debug/FaceRecognition.Test.DLL" adapterTypeName="Microsoft.VisualStudio.TestTools.TestTypes.Unit.UnitTestAdapter, Microsoft.VisualStudio.QualityTools.Tips.UnitTest.Adapter, Version=10.0.0.0, Culture=neutral, PublicKeyToken=b03f5f7f11d50a3a" className="FaceRecognition.Test.NeuralNetworksViewModelTest, FaceRecognition.Test, Version=1.0.0.0, Culture=neutral, PublicKeyToken=null" name="OutputUnitsTest" />
    </UnitTest>
    <UnitTest name="GetInvFFTTest" storage="d:\diplomproject\facerecognition\facerecognition.test\bin\debug\facerecognition.test.dll" id="7899c727-bd95-ad4c-f15c-c97bd3baeca2">
      <DeploymentItems>
        <DeploymentItem filename="FaceRecognition.exe" />
      </DeploymentItems>
      <Execution id="22828776-9366-486a-a7a1-bb0dd6eac3bc" />
      <TestMethod codeBase="D:/DiplomProject/FaceRecognition/FaceRecognition.Test/bin/Debug/FaceRecognition.Test.DLL" adapterTypeName="Microsoft.VisualStudio.TestTools.TestTypes.Unit.UnitTestAdapter, Microsoft.VisualStudio.QualityTools.Tips.UnitTest.Adapter, Version=10.0.0.0, Culture=neutral, PublicKeyToken=b03f5f7f11d50a3a" className="FaceRecognition.Test.ExtractFeaturesTest, FaceRecognition.Test, Version=1.0.0.0, Culture=neutral, PublicKeyToken=null" name="GetInvFFTTest" />
    </UnitTest>
    <UnitTest name="HandleExceptionTest" storage="d:\diplomproject\facerecognition\facerecognition.test\bin\debug\facerecognition.test.dll" id="4b60b179-a3c0-3210-3fff-77a5f071a57c">
      <DeploymentItems>
        <DeploymentItem filename="FaceRecognition.exe" />
      </DeploymentItems>
      <Execution id="41cfde93-3688-4a98-9c14-5ae0aec257bb" />
      <TestMethod codeBase="D:/DiplomProject/FaceRecognition/FaceRecognition.Test/bin/Debug/FaceRecognition.Test.DLL" adapterTypeName="Microsoft.VisualStudio.TestTools.TestTypes.Unit.UnitTestAdapter, Microsoft.VisualStudio.QualityTools.Tips.UnitTest.Adapter, Version=10.0.0.0, Culture=neutral, PublicKeyToken=b03f5f7f11d50a3a" className="FaceRecognition.Test.AppTest, FaceRecognition.Test, Version=1.0.0.0, Culture=neutral, PublicKeyToken=null" name="HandleExceptionTest" />
    </UnitTest>
    <UnitTest name="MainWindowConstructorTest" storage="d:\diplomproject\facerecognition\facerecognition.test\bin\debug\facerecognition.test.dll" id="fc7557f7-f459-ee53-b73c-69b6c3b94147">
      <Execution id="a3e932e3-260e-4df2-a3e9-198cb78e182b" />
      <TestMethod codeBase="D:/DiplomProject/FaceRecognition/FaceRecognition.Test/bin/Debug/FaceRecognition.Test.DLL" adapterTypeName="Microsoft.VisualStudio.TestTools.TestTypes.Unit.UnitTestAdapter, Microsoft.VisualStudio.QualityTools.Tips.UnitTest.Adapter, Version=10.0.0.0, Culture=neutral, PublicKeyToken=b03f5f7f11d50a3a" className="FaceRecognition.Test.MainWindowTest, FaceRecognition.Test, Version=1.0.0.0, Culture=neutral, PublicKeyToken=null" name="MainWindowConstructorTest" />
    </UnitTest>
    <UnitTest name="ConnectTest" storage="d:\diplomproject\facerecognition\facerecognition.test\bin\debug\facerecognition.test.dll" id="800ca0ac-7cd9-ebd3-3fbe-4f07a61b2717">
      <DeploymentItems>
        <DeploymentItem filename="FaceRecognition.exe" />
      </DeploymentItems>
      <Execution id="3c455efe-ea32-45e8-bfe0-0566bbd46d4e" />
      <TestMethod codeBase="D:/DiplomProject/FaceRecognition/FaceRecognition.Test/bin/Debug/FaceRecognition.Test.DLL" adapterTypeName="Microsoft.VisualStudio.TestTools.TestTypes.Unit.UnitTestAdapter, Microsoft.VisualStudio.QualityTools.Tips.UnitTest.Adapter, Version=10.0.0.0, Culture=neutral, PublicKeyToken=b03f5f7f11d50a3a" className="FaceRecognition.Test.d__diplomprojects_diplomproject_facerecognition_styles_itemcontstyle_xamlTest, FaceRecognition.Test, Version=1.0.0.0, Culture=neutral, PublicKeyToken=null" name="ConnectTest" />
    </UnitTest>
    <UnitTest name="NeuralNetworksControlConstructorTest1" storage="d:\diplomproject\facerecognition\facerecognition.test\bin\debug\facerecognition.test.dll" id="e5d80706-19e9-5acb-5bd3-96bf565de76a">
      <Execution id="32ce7d40-b077-43a5-a381-b19452d6d751" />
      <TestMethod codeBase="D:/DiplomProject/FaceRecognition/FaceRecognition.Test/bin/Debug/FaceRecognition.Test.DLL" adapterTypeName="Microsoft.VisualStudio.TestTools.TestTypes.Unit.UnitTestAdapter, Microsoft.VisualStudio.QualityTools.Tips.UnitTest.Adapter, Version=10.0.0.0, Culture=neutral, PublicKeyToken=b03f5f7f11d50a3a" className="FaceRecognition.Test.NeuralNetworksControlTest, FaceRecognition.Test, Version=1.0.0.0, Culture=neutral, PublicKeyToken=null" name="NeuralNetworksControlConstructorTest1" />
    </UnitTest>
    <UnitTest name="d__diplomprojects_diplomproject_facerecognition_styles_gridsplitterstyle_xamlConstructorTest" storage="d:\diplomproject\facerecognition\facerecognition.test\bin\debug\facerecognition.test.dll" id="99be4da3-07b7-6f50-42db-93732663f811">
      <Execution id="5d0dbb45-7d26-4ca9-8478-72bc2ac3e8e6" />
      <TestMethod codeBase="D:/DiplomProject/FaceRecognition/FaceRecognition.Test/bin/Debug/FaceRecognition.Test.DLL" adapterTypeName="Microsoft.VisualStudio.TestTools.TestTypes.Unit.UnitTestAdapter, Microsoft.VisualStudio.QualityTools.Tips.UnitTest.Adapter, Version=10.0.0.0, Culture=neutral, PublicKeyToken=b03f5f7f11d50a3a" className="FaceRecognition.Test.d__diplomprojects_diplomproject_facerecognition_styles_gridsplitterstyle_xamlTest, FaceRecognition.Test, Version=1.0.0.0, Culture=neutral, PublicKeyToken=null" name="d__diplomprojects_diplomproject_facerecognition_styles_gridsplitterstyle_xamlConstructorTest" />
    </UnitTest>
    <UnitTest name="MoveNextTest" storage="d:\diplomproject\facerecognition\facerecognition.test\bin\debug\facerecognition.test.dll" id="d4430895-41f4-e212-84ed-cf0f12edc645">
      <Execution id="c0f54e04-92cb-44c3-aa12-0d454d1d2944" />
      <TestMethod codeBase="D:/DiplomProject/FaceRecognition/FaceRecognition.Test/bin/Debug/FaceRecognition.Test.DLL" adapterTypeName="Microsoft.VisualStudio.TestTools.TestTypes.Unit.UnitTestAdapter, Microsoft.VisualStudio.QualityTools.Tips.UnitTest.Adapter, Version=10.0.0.0, Culture=neutral, PublicKeyToken=b03f5f7f11d50a3a" className="FaceRecognition.Test.RecognitionMethodsEnumTest, FaceRecognition.Test, Version=1.0.0.0, Culture=neutral, PublicKeyToken=null" name="MoveNextTest" />
    </UnitTest>
    <UnitTest name="RecognizeClassControlConstructorTest" storage="d:\diplomproject\facerecognition\facerecognition.test\bin\debug\facerecognition.test.dll" id="31dc6186-4dfe-c6f7-9ae7-74e21ec6011f">
      <Execution id="ce4fca9c-14d9-41da-b5c9-7e788ea9efb5" />
      <TestMethod codeBase="D:/DiplomProject/FaceRecognition/FaceRecognition.Test/bin/Debug/FaceRecognition.Test.DLL" adapterTypeName="Microsoft.VisualStudio.TestTools.TestTypes.Unit.UnitTestAdapter, Microsoft.VisualStudio.QualityTools.Tips.UnitTest.Adapter, Version=10.0.0.0, Culture=neutral, PublicKeyToken=b03f5f7f11d50a3a" className="FaceRecognition.Test.RecognizeClassControlTest, FaceRecognition.Test, Version=1.0.0.0, Culture=neutral, PublicKeyToken=null" name="RecognizeClassControlConstructorTest" />
    </UnitTest>
    <UnitTest name="RecognizeTest" storage="d:\diplomproject\facerecognition\facerecognition.test\bin\debug\facerecognition.test.dll" id="14a15fd5-9db2-70bd-ef8a-2036894a25bd">
      <Execution id="c6d124b4-a24a-4425-ad8b-d351e52cab3e" />
      <TestMethod codeBase="D:/DiplomProject/FaceRecognition/FaceRecognition.Test/bin/Debug/FaceRecognition.Test.DLL" adapterTypeName="Microsoft.VisualStudio.TestTools.TestTypes.Unit.UnitTestAdapter, Microsoft.VisualStudio.QualityTools.Tips.UnitTest.Adapter, Version=10.0.0.0, Culture=neutral, PublicKeyToken=b03f5f7f11d50a3a" className="FaceRecognition.Test.EigenFaceViewModelTest, FaceRecognition.Test, Version=1.0.0.0, Culture=neutral, PublicKeyToken=null" name="RecognizeTest" />
    </UnitTest>
    <UnitTest name="InitializeComponentTest" storage="d:\diplomproject\facerecognition\facerecognition.test\bin\debug\facerecognition.test.dll" id="da471e36-2e1b-1cc1-17a9-d58049715d04">
      <Execution id="82119c3e-64e8-4ee4-8f2e-5f89a94c3dff" />
      <TestMethod codeBase="D:/DiplomProject/FaceRecognition/FaceRecognition.Test/bin/Debug/FaceRecognition.Test.DLL" adapterTypeName="Microsoft.VisualStudio.TestTools.TestTypes.Unit.UnitTestAdapter, Microsoft.VisualStudio.QualityTools.Tips.UnitTest.Adapter, Version=10.0.0.0, Culture=neutral, PublicKeyToken=b03f5f7f11d50a3a" className="FaceRecognition.Test.MainWindowTest, FaceRecognition.Test, Version=1.0.0.0, Culture=neutral, PublicKeyToken=null" name="InitializeComponentTest" />
    </UnitTest>
    <UnitTest name="GoPreprocBtn_ClickTest" storage="d:\diplomproject\facerecognition\facerecognition.test\bin\debug\facerecognition.test.dll" id="76c87c20-b2a0-6234-9f17-dccca09c635a">
      <DeploymentItems>
        <DeploymentItem filename="FaceRecognition.exe" />
      </DeploymentItems>
      <Execution id="24db7663-2720-4cd0-bc43-85cdf8dbfb28" />
      <TestMethod codeBase="D:/DiplomProject/FaceRecognition/FaceRecognition.Test/bin/Debug/FaceRecognition.Test.DLL" adapterTypeName="Microsoft.VisualStudio.TestTools.TestTypes.Unit.UnitTestAdapter, Microsoft.VisualStudio.QualityTools.Tips.UnitTest.Adapter, Version=10.0.0.0, Culture=neutral, PublicKeyToken=b03f5f7f11d50a3a" className="FaceRecognition.Test.MainWindowTest, FaceRecognition.Test, Version=1.0.0.0, Culture=neutral, PublicKeyToken=null" name="GoPreprocBtn_ClickTest" />
    </UnitTest>
    <UnitTest name="ConnectTest" storage="d:\diplomproject\facerecognition\facerecognition.test\bin\debug\facerecognition.test.dll" id="26774664-c044-2f3e-fb2a-6afc1e8884a7">
      <DeploymentItems>
        <DeploymentItem filename="FaceRecognition.exe" />
      </DeploymentItems>
      <Execution id="e7ad5400-9c03-4944-bd07-efd255857cd0" />
      <TestMethod codeBase="D:/DiplomProject/FaceRecognition/FaceRecognition.Test/bin/Debug/FaceRecognition.Test.DLL" adapterTypeName="Microsoft.VisualStudio.TestTools.TestTypes.Unit.UnitTestAdapter, Microsoft.VisualStudio.QualityTools.Tips.UnitTest.Adapter, Version=10.0.0.0, Culture=neutral, PublicKeyToken=b03f5f7f11d50a3a" className="FaceRecognition.Test.PreprocessingPanelControlTest, FaceRecognition.Test, Version=1.0.0.0, Culture=neutral, PublicKeyToken=null" name="ConnectTest" />
    </UnitTest>
    <UnitTest name="TestImageListView_SelectionChangedTest" storage="d:\diplomproject\facerecognition\facerecognition.test\bin\debug\facerecognition.test.dll" id="6ca4cf67-b687-208e-7d16-0458b5376126">
      <DeploymentItems>
        <DeploymentItem filename="FaceRecognition.exe" />
      </DeploymentItems>
      <Execution id="70164022-f214-485d-8509-258efcdfcb98" />
      <TestMethod codeBase="D:/DiplomProject/FaceRecognition/FaceRecognition.Test/bin/Debug/FaceRecognition.Test.DLL" adapterTypeName="Microsoft.VisualStudio.TestTools.TestTypes.Unit.UnitTestAdapter, Microsoft.VisualStudio.QualityTools.Tips.UnitTest.Adapter, Version=10.0.0.0, Culture=neutral, PublicKeyToken=b03f5f7f11d50a3a" className="FaceRecognition.Test.SelectionTrainTestImagesControlTest, FaceRecognition.Test, Version=1.0.0.0, Culture=neutral, PublicKeyToken=null" name="TestImageListView_SelectionChangedTest" />
    </UnitTest>
    <UnitTest name="PercentRecFacesTest" storage="d:\diplomproject\facerecognition\facerecognition.test\bin\debug\facerecognition.test.dll" id="e499537d-fef3-5ca1-473a-e65ee85bb6d2">
      <DeploymentItems>
        <DeploymentItem filename="FaceRecognition.exe" />
      </DeploymentItems>
      <Execution id="f53e0136-9c1a-48cb-9ea1-8d5922808359" />
      <TestMethod codeBase="D:/DiplomProject/FaceRecognition/FaceRecognition.Test/bin/Debug/FaceRecognition.Test.DLL" adapterTypeName="Microsoft.VisualStudio.TestTools.TestTypes.Unit.UnitTestAdapter, Microsoft.VisualStudio.QualityTools.Tips.UnitTest.Adapter, Version=10.0.0.0, Culture=neutral, PublicKeyToken=b03f5f7f11d50a3a" className="FaceRecognition.Test.RecognizeEventArgsTest, FaceRecognition.Test, Version=1.0.0.0, Culture=neutral, PublicKeyToken=null" name="PercentRecFacesTest" />
    </UnitTest>
    <UnitTest name="SettingsConstructorTest" storage="d:\diplomproject\facerecognition\facerecognition.test\bin\debug\facerecognition.test.dll" id="e48e64f6-d1ee-3416-7322-5cbd707467c3">
      <Execution id="bf7cee65-adf6-46e7-88c5-d81416d70d81" />
      <TestMethod codeBase="D:/DiplomProject/FaceRecognition/FaceRecognition.Test/bin/Debug/FaceRecognition.Test.DLL" adapterTypeName="Microsoft.VisualStudio.TestTools.TestTypes.Unit.UnitTestAdapter, Microsoft.VisualStudio.QualityTools.Tips.UnitTest.Adapter, Version=10.0.0.0, Culture=neutral, PublicKeyToken=b03f5f7f11d50a3a" className="FaceRecognition.Test.SettingsTest, FaceRecognition.Test, Version=1.0.0.0, Culture=neutral, PublicKeyToken=null" name="SettingsConstructorTest" />
    </UnitTest>
    <UnitTest name="DataBasesListViewSelectionChangedTest" storage="d:\diplomproject\facerecognition\facerecognition.test\bin\debug\facerecognition.test.dll" id="779e9403-cc15-9105-c3eb-4da2e3c196a4">
      <DeploymentItems>
        <DeploymentItem filename="FaceRecognition.exe" />
      </DeploymentItems>
      <Execution id="ea4ba619-60a0-4569-8b24-e1988bf04278" />
      <TestMethod codeBase="D:/DiplomProject/FaceRecognition/FaceRecognition.Test/bin/Debug/FaceRecognition.Test.DLL" adapterTypeName="Microsoft.VisualStudio.TestTools.TestTypes.Unit.UnitTestAdapter, Microsoft.VisualStudio.QualityTools.Tips.UnitTest.Adapter, Version=10.0.0.0, Culture=neutral, PublicKeyToken=b03f5f7f11d50a3a" className="FaceRecognition.Test.SelectionDataBaseControlTest, FaceRecognition.Test, Version=1.0.0.0, Culture=neutral, PublicKeyToken=null" name="DataBasesListViewSelectionChangedTest" />
    </UnitTest>
    <UnitTest name="Current_DispatcherUnhandledExceptionTest" storage="d:\diplomproject\facerecognition\facerecognition.test\bin\debug\facerecognition.test.dll" id="41f97cd5-9aa1-3636-170e-a2e4f46210fc">
      <DeploymentItems>
        <DeploymentItem filename="FaceRecognition.exe" />
      </DeploymentItems>
      <Execution id="5f78a814-6581-43e7-be92-ec9a33deaa38" />
      <TestMethod codeBase="D:/DiplomProject/FaceRecognition/FaceRecognition.Test/bin/Debug/FaceRecognition.Test.DLL" adapterTypeName="Microsoft.VisualStudio.TestTools.TestTypes.Unit.UnitTestAdapter, Microsoft.VisualStudio.QualityTools.Tips.UnitTest.Adapter, Version=10.0.0.0, Culture=neutral, PublicKeyToken=b03f5f7f11d50a3a" className="FaceRecognition.Test.AppTest, FaceRecognition.Test, Version=1.0.0.0, Culture=neutral, PublicKeyToken=null" name="Current_DispatcherUnhandledExceptionTest" />
    </UnitTest>
    <UnitTest name="TrainTest" storage="d:\diplomproject\facerecognition\facerecognition.test\bin\debug\facerecognition.test.dll" id="1021e00f-d653-162a-8b11-cdf3fc4551c2">
      <Execution id="7de2d65c-124a-48e5-a078-7f96cd8a7a68" />
      <TestMethod codeBase="D:/DiplomProject/FaceRecognition/FaceRecognition.Test/bin/Debug/FaceRecognition.Test.DLL" adapterTypeName="Microsoft.VisualStudio.TestTools.TestTypes.Unit.UnitTestAdapter, Microsoft.VisualStudio.QualityTools.Tips.UnitTest.Adapter, Version=10.0.0.0, Culture=neutral, PublicKeyToken=b03f5f7f11d50a3a" className="FaceRecognition.Test.NeuralNetworksViewModelTest, FaceRecognition.Test, Version=1.0.0.0, Culture=neutral, PublicKeyToken=null" name="TrainTest" />
    </UnitTest>
    <UnitTest name="ResultsFaceRecognitionViewModelConstructorTest" storage="d:\diplomproject\facerecognition\facerecognition.test\bin\debug\facerecognition.test.dll" id="e93fbf7c-7f52-03ac-a028-fa544add16f0">
      <Execution id="9f3c5372-b964-4111-be85-94bae170fae4" />
      <TestMethod codeBase="D:/DiplomProject/FaceRecognition/FaceRecognition.Test/bin/Debug/FaceRecognition.Test.DLL" adapterTypeName="Microsoft.VisualStudio.TestTools.TestTypes.Unit.UnitTestAdapter, Microsoft.VisualStudio.QualityTools.Tips.UnitTest.Adapter, Version=10.0.0.0, Culture=neutral, PublicKeyToken=b03f5f7f11d50a3a" className="FaceRecognition.Test.ResultsFaceRecognitionViewModelTest, FaceRecognition.Test, Version=1.0.0.0, Culture=neutral, PublicKeyToken=null" name="ResultsFaceRecognitionViewModelConstructorTest" />
    </UnitTest>
    <UnitTest name="HiddenUnitsTest" storage="d:\diplomproject\facerecognition\facerecognition.test\bin\debug\facerecognition.test.dll" id="71573228-a18e-34a5-16e6-4dac70dea85e">
      <Execution id="455d1dac-6ad8-4e45-9cae-05db0644d30f" />
      <TestMethod codeBase="D:/DiplomProject/FaceRecognition/FaceRecognition.Test/bin/Debug/FaceRecognition.Test.DLL" adapterTypeName="Microsoft.VisualStudio.TestTools.TestTypes.Unit.UnitTestAdapter, Microsoft.VisualStudio.QualityTools.Tips.UnitTest.Adapter, Version=10.0.0.0, Culture=neutral, PublicKeyToken=b03f5f7f11d50a3a" className="FaceRecognition.Test.NeuralNetworksViewModelTest, FaceRecognition.Test, Version=1.0.0.0, Culture=neutral, PublicKeyToken=null" name="HiddenUnitsTest" />
    </UnitTest>
    <UnitTest name="BackPropagateTest" storage="d:\diplomproject\facerecognition\facerecognition.test\bin\debug\facerecognition.test.dll" id="45959b81-8870-8a9a-1dc5-8bd1bf5c1ea6">
      <Execution id="855a8620-fba6-4e29-98c6-e5e31b2fe37a" />
      <TestMethod codeBase="D:/DiplomProject/FaceRecognition/FaceRecognition.Test/bin/Debug/FaceRecognition.Test.DLL" adapterTypeName="Microsoft.VisualStudio.TestTools.TestTypes.Unit.UnitTestAdapter, Microsoft.VisualStudio.QualityTools.Tips.UnitTest.Adapter, Version=10.0.0.0, Culture=neutral, PublicKeyToken=b03f5f7f11d50a3a" className="FaceRecognition.Test.BackPropagationTwoLayersTest, FaceRecognition.Test, Version=1.0.0.0, Culture=neutral, PublicKeyToken=null" name="BackPropagateTest" />
    </UnitTest>
    <UnitTest name="OnSetNumberTrainTestFacesTest" storage="d:\diplomproject\facerecognition\facerecognition.test\bin\debug\facerecognition.test.dll" id="b7858c5b-5a56-df45-8bbf-0b114655e47c">
      <DeploymentItems>
        <DeploymentItem filename="FaceRecognition.exe" />
      </DeploymentItems>
      <Execution id="5e3c5ef0-083c-4416-8e64-abf7630cc3da" />
      <TestMethod codeBase="D:/DiplomProject/FaceRecognition/FaceRecognition.Test/bin/Debug/FaceRecognition.Test.DLL" adapterTypeName="Microsoft.VisualStudio.TestTools.TestTypes.Unit.UnitTestAdapter, Microsoft.VisualStudio.QualityTools.Tips.UnitTest.Adapter, Version=10.0.0.0, Culture=neutral, PublicKeyToken=b03f5f7f11d50a3a" className="FaceRecognition.Test.PreprocessingPanelViewModelTest, FaceRecognition.Test, Version=1.0.0.0, Culture=neutral, PublicKeyToken=null" name="OnSetNumberTrainTestFacesTest" />
    </UnitTest>
    <UnitTest name="TrainTimeValueTest" storage="d:\diplomproject\facerecognition\facerecognition.test\bin\debug\facerecognition.test.dll" id="459deba6-e660-af85-067f-ab5ed09080d5">
      <Execution id="33c40fd2-2126-47f6-8576-630c55c34cf3" />
      <TestMethod codeBase="D:/DiplomProject/FaceRecognition/FaceRecognition.Test/bin/Debug/FaceRecognition.Test.DLL" adapterTypeName="Microsoft.VisualStudio.TestTools.TestTypes.Unit.UnitTestAdapter, Microsoft.VisualStudio.QualityTools.Tips.UnitTest.Adapter, Version=10.0.0.0, Culture=neutral, PublicKeyToken=b03f5f7f11d50a3a" className="FaceRecognition.Test.RecognizeMethodsViewModelBaseTest, FaceRecognition.Test, Version=1.0.0.0, Culture=neutral, PublicKeyToken=null" name="TrainTimeValueTest" />
    </UnitTest>
    <UnitTest name="ForwardPropagateTest" storage="d:\diplomproject\facerecognition\facerecognition.test\bin\debug\facerecognition.test.dll" id="90f0d72a-a210-d387-6c42-4f934db1c549">
      <Execution id="48545490-0353-4475-aaa3-b6f8836b29bc" />
      <TestMethod codeBase="D:/DiplomProject/FaceRecognition/FaceRecognition.Test/bin/Debug/FaceRecognition.Test.DLL" adapterTypeName="Microsoft.VisualStudio.TestTools.TestTypes.Unit.UnitTestAdapter, Microsoft.VisualStudio.QualityTools.Tips.UnitTest.Adapter, Version=10.0.0.0, Culture=neutral, PublicKeyToken=b03f5f7f11d50a3a" className="FaceRecognition.Test.BackPropagationTwoLayersTest, FaceRecognition.Test, Version=1.0.0.0, Culture=neutral, PublicKeyToken=null" name="ForwardPropagateTest" />
    </UnitTest>
    <UnitTest name="NeuralNetworksControlConstructorTest" storage="d:\diplomproject\facerecognition\facerecognition.test\bin\debug\facerecognition.test.dll" id="a78f4eb1-57a8-9091-58d0-190e15a620fa">
      <Execution id="d9b90c8e-1715-4d70-9b5f-4a3d65b5ff55" />
      <TestMethod codeBase="D:/DiplomProject/FaceRecognition/FaceRecognition.Test/bin/Debug/FaceRecognition.Test.DLL" adapterTypeName="Microsoft.VisualStudio.TestTools.TestTypes.Unit.UnitTestAdapter, Microsoft.VisualStudio.QualityTools.Tips.UnitTest.Adapter, Version=10.0.0.0, Culture=neutral, PublicKeyToken=b03f5f7f11d50a3a" className="FaceRecognition.Test.NeuralNetworksControlTest, FaceRecognition.Test, Version=1.0.0.0, Culture=neutral, PublicKeyToken=null" name="NeuralNetworksControlConstructorTest" />
    </UnitTest>
    <UnitTest name="TrainButton_ClickTest" storage="d:\diplomproject\facerecognition\facerecognition.test\bin\debug\facerecognition.test.dll" id="c5ce1c14-4504-386f-0d7e-fcf9a1dc8305">
      <DeploymentItems>
        <DeploymentItem filename="FaceRecognition.exe" />
      </DeploymentItems>
      <Execution id="633841a2-da9c-4e9f-9f5f-426c82dfb6e9" />
      <TestMethod codeBase="D:/DiplomProject/FaceRecognition/FaceRecognition.Test/bin/Debug/FaceRecognition.Test.DLL" adapterTypeName="Microsoft.VisualStudio.TestTools.TestTypes.Unit.UnitTestAdapter, Microsoft.VisualStudio.QualityTools.Tips.UnitTest.Adapter, Version=10.0.0.0, Culture=neutral, PublicKeyToken=b03f5f7f11d50a3a" className="FaceRecognition.Test.NeuralNetworksControlTest, FaceRecognition.Test, Version=1.0.0.0, Culture=neutral, PublicKeyToken=null" name="TrainButton_ClickTest" />
    </UnitTest>
    <UnitTest name="SelectionRecognitionMethodViewModel_GetSelectedRecognizeMethodEventTest" storage="d:\diplomproject\facerecognition\facerecognition.test\bin\debug\facerecognition.test.dll" id="39a0325e-51a6-18e5-0a52-7b4d0ce82414">
      <DeploymentItems>
        <DeploymentItem filename="FaceRecognition.exe" />
      </DeploymentItems>
      <Execution id="f3ef3e45-d896-4f1f-b16b-5cfe53e89d17" />
      <TestMethod codeBase="D:/DiplomProject/FaceRecognition/FaceRecognition.Test/bin/Debug/FaceRecognition.Test.DLL" adapterTypeName="Microsoft.VisualStudio.TestTools.TestTypes.Unit.UnitTestAdapter, Microsoft.VisualStudio.QualityTools.Tips.UnitTest.Adapter, Version=10.0.0.0, Culture=neutral, PublicKeyToken=b03f5f7f11d50a3a" className="FaceRecognition.Test.RecognizeMethodsViewModelBaseTest, FaceRecognition.Test, Version=1.0.0.0, Culture=neutral, PublicKeyToken=null" name="SelectionRecognitionMethodViewModel_GetSelectedRecognizeMethodEventTest" />
    </UnitTest>
    <UnitTest name="FinalizeTest" storage="d:\diplomproject\facerecognition\facerecognition.test\bin\debug\facerecognition.test.dll" id="6e556f74-a31f-a59b-681c-0c70ac64cd6d">
      <DeploymentItems>
        <DeploymentItem filename="FaceRecognition.exe" />
      </DeploymentItems>
      <Execution id="255af8f9-8b75-4c22-bcc4-5331427ee258" />
      <TestMethod codeBase="D:/DiplomProject/FaceRecognition/FaceRecognition.Test/bin/Debug/FaceRecognition.Test.DLL" adapterTypeName="Microsoft.VisualStudio.TestTools.TestTypes.Unit.UnitTestAdapter, Microsoft.VisualStudio.QualityTools.Tips.UnitTest.Adapter, Version=10.0.0.0, Culture=neutral, PublicKeyToken=b03f5f7f11d50a3a" className="FaceRecognition.Test.ViewModelBaseTest, FaceRecognition.Test, Version=1.0.0.0, Culture=neutral, PublicKeyToken=null" name="FinalizeTest" />
    </UnitTest>
    <UnitTest name="InitializeComponentTest" storage="d:\diplomproject\facerecognition\facerecognition.test\bin\debug\facerecognition.test.dll" id="72607838-811d-b0e5-0d24-ce32cf4d3766">
      <Execution id="cf1b45a6-53a7-47df-9d65-b37ad24796a5" />
      <TestMethod codeBase="D:/DiplomProject/FaceRecognition/FaceRecognition.Test/bin/Debug/FaceRecognition.Test.DLL" adapterTypeName="Microsoft.VisualStudio.TestTools.TestTypes.Unit.UnitTestAdapter, Microsoft.VisualStudio.QualityTools.Tips.UnitTest.Adapter, Version=10.0.0.0, Culture=neutral, PublicKeyToken=b03f5f7f11d50a3a" className="FaceRecognition.Test.SelectionDataBaseControlTest, FaceRecognition.Test, Version=1.0.0.0, Culture=neutral, PublicKeyToken=null" name="InitializeComponentTest" />
    </UnitTest>
    <UnitTest name="InitializeComponentTest" storage="d:\diplomproject\facerecognition\facerecognition.test\bin\debug\facerecognition.test.dll" id="1adaa149-b410-90fc-fe0f-4de5113b980e">
      <Execution id="85fda8ff-4f24-43b3-92cc-683b1a10458b" />
      <TestMethod codeBase="D:/DiplomProject/FaceRecognition/FaceRecognition.Test/bin/Debug/FaceRecognition.Test.DLL" adapterTypeName="Microsoft.VisualStudio.TestTools.TestTypes.Unit.UnitTestAdapter, Microsoft.VisualStudio.QualityTools.Tips.UnitTest.Adapter, Version=10.0.0.0, Culture=neutral, PublicKeyToken=b03f5f7f11d50a3a" className="FaceRecognition.Test.ResultsFaceRecognitionControlTest, FaceRecognition.Test, Version=1.0.0.0, Culture=neutral, PublicKeyToken=null" name="InitializeComponentTest" />
    </UnitTest>
    <UnitTest name="LearningRateTest" storage="d:\diplomproject\facerecognition\facerecognition.test\bin\debug\facerecognition.test.dll" id="e5feb357-aa9b-b37d-53e8-8d2d6099a782">
      <Execution id="37db5c96-122e-4f08-b70f-7848fdcdd854" />
      <TestMethod codeBase="D:/DiplomProject/FaceRecognition/FaceRecognition.Test/bin/Debug/FaceRecognition.Test.DLL" adapterTypeName="Microsoft.VisualStudio.TestTools.TestTypes.Unit.UnitTestAdapter, Microsoft.VisualStudio.QualityTools.Tips.UnitTest.Adapter, Version=10.0.0.0, Culture=neutral, PublicKeyToken=b03f5f7f11d50a3a" className="FaceRecognition.Test.BackPropagationThreeLayersTest, FaceRecognition.Test, Version=1.0.0.0, Culture=neutral, PublicKeyToken=null" name="LearningRateTest" />
    </UnitTest>
    <UnitTest name="InitializeNetworkTest" storage="d:\diplomproject\facerecognition\facerecognition.test\bin\debug\facerecognition.test.dll" id="61d6b9fb-c99e-446e-c5fe-7c57740f2833">
      <Execution id="d889e32e-88ee-4c23-8830-792e2923b1a9" />
      <TestMethod codeBase="D:/DiplomProject/FaceRecognition/FaceRecognition.Test/bin/Debug/FaceRecognition.Test.DLL" adapterTypeName="Microsoft.VisualStudio.TestTools.TestTypes.Unit.UnitTestAdapter, Microsoft.VisualStudio.QualityTools.Tips.UnitTest.Adapter, Version=10.0.0.0, Culture=neutral, PublicKeyToken=b03f5f7f11d50a3a" className="FaceRecognition.Test.IBackPropagationTest, FaceRecognition.Test, Version=1.0.0.0, Culture=neutral, PublicKeyToken=null" name="InitializeNetworkTest" />
    </UnitTest>
    <UnitTest name="RecognizePanelControlConstructorTest" storage="d:\diplomproject\facerecognition\facerecognition.test\bin\debug\facerecognition.test.dll" id="76bc4f7f-65b0-1c4b-44f1-e5401f13ac18">
      <Execution id="e89e4906-3aee-4edd-b2dc-ddb94db4bb4f" />
      <TestMethod codeBase="D:/DiplomProject/FaceRecognition/FaceRecognition.Test/bin/Debug/FaceRecognition.Test.DLL" adapterTypeName="Microsoft.VisualStudio.TestTools.TestTypes.Unit.UnitTestAdapter, Microsoft.VisualStudio.QualityTools.Tips.UnitTest.Adapter, Version=10.0.0.0, Culture=neutral, PublicKeyToken=b03f5f7f11d50a3a" className="FaceRecognition.Test.RecognizePanelControlTest, FaceRecognition.Test, Version=1.0.0.0, Culture=neutral, PublicKeyToken=null" name="RecognizePanelControlConstructorTest" />
    </UnitTest>
    <UnitTest name="lstResultRecognitionMethods_SelectionChangedTest" storage="d:\diplomproject\facerecognition\facerecognition.test\bin\debug\facerecognition.test.dll" id="ec49b5b9-c5ef-3410-cf17-cb4916fd21fe">
      <DeploymentItems>
        <DeploymentItem filename="FaceRecognition.exe" />
      </DeploymentItems>
      <Execution id="358972f9-6751-496a-855c-afb0254636a0" />
      <TestMethod codeBase="D:/DiplomProject/FaceRecognition/FaceRecognition.Test/bin/Debug/FaceRecognition.Test.DLL" adapterTypeName="Microsoft.VisualStudio.TestTools.TestTypes.Unit.UnitTestAdapter, Microsoft.VisualStudio.QualityTools.Tips.UnitTest.Adapter, Version=10.0.0.0, Culture=neutral, PublicKeyToken=b03f5f7f11d50a3a" className="FaceRecognition.Test.ResultsFaceRecognitionControlTest, FaceRecognition.Test, Version=1.0.0.0, Culture=neutral, PublicKeyToken=null" name="lstResultRecognitionMethods_SelectionChangedTest" />
    </UnitTest>
    <UnitTest name="SaveNetworkTest" storage="d:\diplomproject\facerecognition\facerecognition.test\bin\debug\facerecognition.test.dll" id="e4adef9f-c727-d96f-8382-d8b04ec008d1">
      <Execution id="7e52f132-29b7-4d2c-9d74-8d7fdb43429c" />
      <TestMethod codeBase="D:/DiplomProject/FaceRecognition/FaceRecognition.Test/bin/Debug/FaceRecognition.Test.DLL" adapterTypeName="Microsoft.VisualStudio.TestTools.TestTypes.Unit.UnitTestAdapter, Microsoft.VisualStudio.QualityTools.Tips.UnitTest.Adapter, Version=10.0.0.0, Culture=neutral, PublicKeyToken=b03f5f7f11d50a3a" className="FaceRecognition.Test.NeuralNetworkTest, FaceRecognition.Test, Version=1.0.0.0, Culture=neutral, PublicKeyToken=null" name="SaveNetworkTest" />
    </UnitTest>
    <UnitTest name="SaveMethodTest" storage="d:\diplomproject\facerecognition\facerecognition.test\bin\debug\facerecognition.test.dll" id="cf9e3c89-6559-adba-b001-a1cabca90de9">
      <DeploymentItems>
        <DeploymentItem filename="FaceRecognition.exe" />
      </DeploymentItems>
      <Execution id="c57dd8cc-0a4c-41ab-989a-04581fc9a6fe" />
      <TestMethod codeBase="D:/DiplomProject/FaceRecognition/FaceRecognition.Test/bin/Debug/FaceRecognition.Test.DLL" adapterTypeName="Microsoft.VisualStudio.TestTools.TestTypes.Unit.UnitTestAdapter, Microsoft.VisualStudio.QualityTools.Tips.UnitTest.Adapter, Version=10.0.0.0, Culture=neutral, PublicKeyToken=b03f5f7f11d50a3a" className="FaceRecognition.Test.SelectionRecognitionMethodViewModelTest, FaceRecognition.Test, Version=1.0.0.0, Culture=neutral, PublicKeyToken=null" name="SaveMethodTest" />
    </UnitTest>
    <UnitTest name="MaximumErrorTest" storage="d:\diplomproject\facerecognition\facerecognition.test\bin\debug\facerecognition.test.dll" id="b9a1250e-11b6-188d-6781-c2395b012be1">
      <Execution id="491a3fc2-11af-4e61-a6b2-3e4e05c61bf8" />
      <TestMethod codeBase="D:/DiplomProject/FaceRecognition/FaceRecognition.Test/bin/Debug/FaceRecognition.Test.DLL" adapterTypeName="Microsoft.VisualStudio.TestTools.TestTypes.Unit.UnitTestAdapter, Microsoft.VisualStudio.QualityTools.Tips.UnitTest.Adapter, Version=10.0.0.0, Culture=neutral, PublicKeyToken=b03f5f7f11d50a3a" className="FaceRecognition.Test.NeuralNetworkTest, FaceRecognition.Test, Version=1.0.0.0, Culture=neutral, PublicKeyToken=null" name="MaximumErrorTest" />
    </UnitTest>
    <UnitTest name="IsRecognizedTest" storage="d:\diplomproject\facerecognition\facerecognition.test\bin\debug\facerecognition.test.dll" id="f029c661-3f5c-e7c9-5806-2bae9f6ba670">
      <Execution id="ebafba01-87b3-4010-bb86-ccba1cbee7b8" />
      <TestMethod codeBase="D:/DiplomProject/FaceRecognition/FaceRecognition.Test/bin/Debug/FaceRecognition.Test.DLL" adapterTypeName="Microsoft.VisualStudio.TestTools.TestTypes.Unit.UnitTestAdapter, Microsoft.VisualStudio.QualityTools.Tips.UnitTest.Adapter, Version=10.0.0.0, Culture=neutral, PublicKeyToken=b03f5f7f11d50a3a" className="FaceRecognition.Test.RecognizeClassViewModelTest, FaceRecognition.Test, Version=1.0.0.0, Culture=neutral, PublicKeyToken=null" name="IsRecognizedTest" />
    </UnitTest>
    <UnitTest name="ConnectTest" storage="d:\diplomproject\facerecognition\facerecognition.test\bin\debug\facerecognition.test.dll" id="5aa709b1-9fb4-52b5-ff6d-8343d5a7b06c">
      <DeploymentItems>
        <DeploymentItem filename="FaceRecognition.exe" />
      </DeploymentItems>
      <Execution id="7af416cc-9453-4df1-9ac7-e1b9d25ca629" />
      <TestMethod codeBase="D:/DiplomProject/FaceRecognition/FaceRecognition.Test/bin/Debug/FaceRecognition.Test.DLL" adapterTypeName="Microsoft.VisualStudio.TestTools.TestTypes.Unit.UnitTestAdapter, Microsoft.VisualStudio.QualityTools.Tips.UnitTest.Adapter, Version=10.0.0.0, Culture=neutral, PublicKeyToken=b03f5f7f11d50a3a" className="FaceRecognition.Test.EigenFaceControlTest, FaceRecognition.Test, Version=1.0.0.0, Culture=neutral, PublicKeyToken=null" name="ConnectTest" />
    </UnitTest>
    <UnitTest name="ExportDetailsTest" storage="d:\diplomproject\facerecognition\facerecognition.test\bin\debug\facerecognition.test.dll" id="c92a17ca-433a-829d-cf32-09849d32a175">
      <Execution id="66b9408d-87af-4136-a4b3-9307e9bd55be" />
      <TestMethod codeBase="D:/DiplomProject/FaceRecognition/FaceRecognition.Test/bin/Debug/FaceRecognition.Test.DLL" adapterTypeName="Microsoft.VisualStudio.TestTools.TestTypes.Unit.UnitTestAdapter, Microsoft.VisualStudio.QualityTools.Tips.UnitTest.Adapter, Version=10.0.0.0, Culture=neutral, PublicKeyToken=b03f5f7f11d50a3a" className="FaceRecognition.Test.ExcelExporterTest, FaceRecognition.Test, Version=1.0.0.0, Culture=neutral, PublicKeyToken=null" name="ExportDetailsTest" />
    </UnitTest>
    <UnitTest name="DisposeTest" storage="d:\diplomproject\facerecognition\facerecognition.test\bin\debug\facerecognition.test.dll" id="169e6142-b050-8286-dfd6-53cdd6a8213a">
      <Execution id="49d3d4bd-8663-4889-861b-f37b9cbadeaf" />
      <TestMethod codeBase="D:/DiplomProject/FaceRecognition/FaceRecognition.Test/bin/Debug/FaceRecognition.Test.DLL" adapterTypeName="Microsoft.VisualStudio.TestTools.TestTypes.Unit.UnitTestAdapter, Microsoft.VisualStudio.QualityTools.Tips.UnitTest.Adapter, Version=10.0.0.0, Culture=neutral, PublicKeyToken=b03f5f7f11d50a3a" className="FaceRecognition.Test.ViewModelBaseTest, FaceRecognition.Test, Version=1.0.0.0, Culture=neutral, PublicKeyToken=null" name="DisposeTest" />
    </UnitTest>
    <UnitTest name="BackPropagationThreeLayersConstructorTest" storage="d:\diplomproject\facerecognition\facerecognition.test\bin\debug\facerecognition.test.dll" id="f622453e-2870-60f0-5d43-8a5270335475">
      <Execution id="189d3b4f-cb4e-45e7-a478-4a0a7f65141e" />
      <TestMethod codeBase="D:/DiplomProject/FaceRecognition/FaceRecognition.Test/bin/Debug/FaceRecognition.Test.DLL" adapterTypeName="Microsoft.VisualStudio.TestTools.TestTypes.Unit.UnitTestAdapter, Microsoft.VisualStudio.QualityTools.Tips.UnitTest.Adapter, Version=10.0.0.0, Culture=neutral, PublicKeyToken=b03f5f7f11d50a3a" className="FaceRecognition.Test.BackPropagationThreeLayersTest, FaceRecognition.Test, Version=1.0.0.0, Culture=neutral, PublicKeyToken=null" name="BackPropagationThreeLayersConstructorTest" />
    </UnitTest>
    <UnitTest name="InitializeComponentTest" storage="d:\diplomproject\facerecognition\facerecognition.test\bin\debug\facerecognition.test.dll" id="d10238f7-c20a-de9c-9f13-24cb13bcc44b">
      <Execution id="f9d48f02-230f-4e81-9556-77f9d69cde69" />
      <TestMethod codeBase="D:/DiplomProject/FaceRecognition/FaceRecognition.Test/bin/Debug/FaceRecognition.Test.DLL" adapterTypeName="Microsoft.VisualStudio.TestTools.TestTypes.Unit.UnitTestAdapter, Microsoft.VisualStudio.QualityTools.Tips.UnitTest.Adapter, Version=10.0.0.0, Culture=neutral, PublicKeyToken=b03f5f7f11d50a3a" className="FaceRecognition.Test.d__diplomprojects_diplomproject_facerecognition_styles_textblockstyle_xamlTest, FaceRecognition.Test, Version=1.0.0.0, Culture=neutral, PublicKeyToken=null" name="InitializeComponentTest" />
    </UnitTest>
    <UnitTest name="OnDataSavedTest" storage="d:\diplomproject\facerecognition\facerecognition.test\bin\debug\facerecognition.test.dll" id="b96b3482-da83-0756-c8ef-468e590545d6">
      <DeploymentItems>
        <DeploymentItem filename="FaceRecognition.exe" />
      </DeploymentItems>
      <Execution id="1ab4d489-d4a8-4c34-b78d-8da8dead4849" />
      <TestMethod codeBase="D:/DiplomProject/FaceRecognition/FaceRecognition.Test/bin/Debug/FaceRecognition.Test.DLL" adapterTypeName="Microsoft.VisualStudio.TestTools.TestTypes.Unit.UnitTestAdapter, Microsoft.VisualStudio.QualityTools.Tips.UnitTest.Adapter, Version=10.0.0.0, Culture=neutral, PublicKeyToken=b03f5f7f11d50a3a" className="FaceRecognition.Test.MainWindowTest, FaceRecognition.Test, Version=1.0.0.0, Culture=neutral, PublicKeyToken=null" name="OnDataSavedTest" />
    </UnitTest>
    <UnitTest name="SaveNeuronNetTest" storage="d:\diplomproject\facerecognition\facerecognition.test\bin\debug\facerecognition.test.dll" id="06135590-d200-5cfc-fb41-6d54e898c99f">
      <DeploymentItems>
        <DeploymentItem filename="FaceRecognition.exe" />
      </DeploymentItems>
      <Execution id="8094f25b-6cce-4e78-b1b5-491ce58ff940" />
      <TestMethod codeBase="D:/DiplomProject/FaceRecognition/FaceRecognition.Test/bin/Debug/FaceRecognition.Test.DLL" adapterTypeName="Microsoft.VisualStudio.TestTools.TestTypes.Unit.UnitTestAdapter, Microsoft.VisualStudio.QualityTools.Tips.UnitTest.Adapter, Version=10.0.0.0, Culture=neutral, PublicKeyToken=b03f5f7f11d50a3a" className="FaceRecognition.Test.NeuralNetworksViewModelTest, FaceRecognition.Test, Version=1.0.0.0, Culture=neutral, PublicKeyToken=null" name="SaveNeuronNetTest" />
    </UnitTest>
    <UnitTest name="ErrorTest" storage="d:\diplomproject\facerecognition\facerecognition.test\bin\debug\facerecognition.test.dll" id="d1abd4cc-bd40-7531-afba-b796ccac0821">
      <Execution id="a0be8bf8-ea0b-450c-9fe9-117876c659f8" />
      <TestMethod codeBase="D:/DiplomProject/FaceRecognition/FaceRecognition.Test/bin/Debug/FaceRecognition.Test.DLL" adapterTypeName="Microsoft.VisualStudio.TestTools.TestTypes.Unit.UnitTestAdapter, Microsoft.VisualStudio.QualityTools.Tips.UnitTest.Adapter, Version=10.0.0.0, Culture=neutral, PublicKeyToken=b03f5f7f11d50a3a" className="FaceRecognition.Test.NeuralNetworksViewModelTest, FaceRecognition.Test, Version=1.0.0.0, Culture=neutral, PublicKeyToken=null" name="ErrorTest" />
    </UnitTest>
    <UnitTest name="NumberTrainTestFacesEventArgsConstructorTest" storage="d:\diplomproject\facerecognition\facerecognition.test\bin\debug\facerecognition.test.dll" id="67d6dd01-0770-343e-c73f-78163774e2ed">
      <Execution id="bd45fe03-a731-4ee1-b296-d93f91caf296" />
      <TestMethod codeBase="D:/DiplomProject/FaceRecognition/FaceRecognition.Test/bin/Debug/FaceRecognition.Test.DLL" adapterTypeName="Microsoft.VisualStudio.TestTools.TestTypes.Unit.UnitTestAdapter, Microsoft.VisualStudio.QualityTools.Tips.UnitTest.Adapter, Version=10.0.0.0, Culture=neutral, PublicKeyToken=b03f5f7f11d50a3a" className="FaceRecognition.Test.NumberTrainTestFacesEventArgsTest, FaceRecognition.Test, Version=1.0.0.0, Culture=neutral, PublicKeyToken=null" name="NumberTrainTestFacesEventArgsConstructorTest" />
    </UnitTest>
    <UnitTest name="TrainTest" storage="d:\diplomproject\facerecognition\facerecognition.test\bin\debug\facerecognition.test.dll" id="34c1fa68-4517-6166-4ebb-b0833f732e6f">
      <Execution id="5376f482-9849-4321-8d42-bc81c171040c" />
      <TestMethod codeBase="D:/DiplomProject/FaceRecognition/FaceRecognition.Test/bin/Debug/FaceRecognition.Test.DLL" adapterTypeName="Microsoft.VisualStudio.TestTools.TestTypes.Unit.UnitTestAdapter, Microsoft.VisualStudio.QualityTools.Tips.UnitTest.Adapter, Version=10.0.0.0, Culture=neutral, PublicKeyToken=b03f5f7f11d50a3a" className="FaceRecognition.Test.RecognizeMethodsViewModelBaseTest, FaceRecognition.Test, Version=1.0.0.0, Culture=neutral, PublicKeyToken=null" name="TrainTest" />
    </UnitTest>
    <UnitTest name="OnSelectedDataBaseTest" storage="d:\diplomproject\facerecognition\facerecognition.test\bin\debug\facerecognition.test.dll" id="16f796df-118c-77da-898d-de772bc70cfa">
      <DeploymentItems>
        <DeploymentItem filename="FaceRecognition.exe" />
      </DeploymentItems>
      <Execution id="0435be29-df32-4521-9cc0-edc20d3ac43e" />
      <TestMethod codeBase="D:/DiplomProject/FaceRecognition/FaceRecognition.Test/bin/Debug/FaceRecognition.Test.DLL" adapterTypeName="Microsoft.VisualStudio.TestTools.TestTypes.Unit.UnitTestAdapter, Microsoft.VisualStudio.QualityTools.Tips.UnitTest.Adapter, Version=10.0.0.0, Culture=neutral, PublicKeyToken=b03f5f7f11d50a3a" className="FaceRecognition.Test.SelectionDataBaseViewModelTest, FaceRecognition.Test, Version=1.0.0.0, Culture=neutral, PublicKeyToken=null" name="OnSelectedDataBaseTest" />
    </UnitTest>
    <UnitTest name="SelectionDataBaseViewModel_SelectedDataBaseEventTest" storage="d:\diplomproject\facerecognition\facerecognition.test\bin\debug\facerecognition.test.dll" id="d20f3e9b-b31b-6c94-1756-6dd2f5916de4">
      <DeploymentItems>
        <DeploymentItem filename="FaceRecognition.exe" />
      </DeploymentItems>
      <Execution id="ad965ce2-54dd-488f-84bb-8282eb6796f4" />
      <TestMethod codeBase="D:/DiplomProject/FaceRecognition/FaceRecognition.Test/bin/Debug/FaceRecognition.Test.DLL" adapterTypeName="Microsoft.VisualStudio.TestTools.TestTypes.Unit.UnitTestAdapter, Microsoft.VisualStudio.QualityTools.Tips.UnitTest.Adapter, Version=10.0.0.0, Culture=neutral, PublicKeyToken=b03f5f7f11d50a3a" className="FaceRecognition.Test.SelectionTrainTestImagesViewModelTest, FaceRecognition.Test, Version=1.0.0.0, Culture=neutral, PublicKeyToken=null" name="SelectionDataBaseViewModel_SelectedDataBaseEventTest" />
    </UnitTest>
    <UnitTest name="MainTest" storage="d:\diplomproject\facerecognition\facerecognition.test\bin\debug\facerecognition.test.dll" id="630542a1-2ea8-43de-99b4-b2ec5e69e45a">
      <Execution id="df67476c-b9ef-4e03-8d1f-9ef2293e3ec7" />
      <TestMethod codeBase="D:/DiplomProject/FaceRecognition/FaceRecognition.Test/bin/Debug/FaceRecognition.Test.DLL" adapterTypeName="Microsoft.VisualStudio.TestTools.TestTypes.Unit.UnitTestAdapter, Microsoft.VisualStudio.QualityTools.Tips.UnitTest.Adapter, Version=10.0.0.0, Culture=neutral, PublicKeyToken=b03f5f7f11d50a3a" className="FaceRecognition.Test.AppTest, FaceRecognition.Test, Version=1.0.0.0, Culture=neutral, PublicKeyToken=null" name="MainTest" />
    </UnitTest>
    <UnitTest name="MainWindow_TrainAndTestDataSavedEventTest" storage="d:\diplomproject\facerecognition\facerecognition.test\bin\debug\facerecognition.test.dll" id="eeaf1f9c-6b91-354c-52cf-9b11e1eb1d6f">
      <DeploymentItems>
        <DeploymentItem filename="FaceRecognition.exe" />
      </DeploymentItems>
      <Execution id="01d4fd28-5be4-45ec-84a6-631572bb59b7" />
      <TestMethod codeBase="D:/DiplomProject/FaceRecognition/FaceRecognition.Test/bin/Debug/FaceRecognition.Test.DLL" adapterTypeName="Microsoft.VisualStudio.TestTools.TestTypes.Unit.UnitTestAdapter, Microsoft.VisualStudio.QualityTools.Tips.UnitTest.Adapter, Version=10.0.0.0, Culture=neutral, PublicKeyToken=b03f5f7f11d50a3a" className="FaceRecognition.Test.SelectionTrainTestImagesViewModelTest, FaceRecognition.Test, Version=1.0.0.0, Culture=neutral, PublicKeyToken=null" name="MainWindow_TrainAndTestDataSavedEventTest" />
    </UnitTest>
    <UnitTest name="SelectedFaceDbEventArgsConstructorTest" storage="d:\diplomproject\facerecognition\facerecognition.test\bin\debug\facerecognition.test.dll" id="437672c3-2fb9-6d88-8813-87e0e0b9ca42">
      <Execution id="a099e635-ac67-4576-9fe0-87d2212f3168" />
      <TestMethod codeBase="D:/DiplomProject/FaceRecognition/FaceRecognition.Test/bin/Debug/FaceRecognition.Test.DLL" adapterTypeName="Microsoft.VisualStudio.TestTools.TestTypes.Unit.UnitTestAdapter, Microsoft.VisualStudio.QualityTools.Tips.UnitTest.Adapter, Version=10.0.0.0, Culture=neutral, PublicKeyToken=b03f5f7f11d50a3a" className="FaceRecognition.Test.SelectedFaceDbEventArgsTest, FaceRecognition.Test, Version=1.0.0.0, Culture=neutral, PublicKeyToken=null" name="SelectedFaceDbEventArgsConstructorTest" />
    </UnitTest>
    <UnitTest name="RecognizeButton_ClickTest" storage="d:\diplomproject\facerecognition\facerecognition.test\bin\debug\facerecognition.test.dll" id="0a4325ed-706c-c75d-64c1-e8b24976d0b7">
      <DeploymentItems>
        <DeploymentItem filename="FaceRecognition.exe" />
      </DeploymentItems>
      <Execution id="0d5b8bfd-8d5e-4add-a06d-cca648e7c1ad" />
      <TestMethod codeBase="D:/DiplomProject/FaceRecognition/FaceRecognition.Test/bin/Debug/FaceRecognition.Test.DLL" adapterTypeName="Microsoft.VisualStudio.TestTools.TestTypes.Unit.UnitTestAdapter, Microsoft.VisualStudio.QualityTools.Tips.UnitTest.Adapter, Version=10.0.0.0, Culture=neutral, PublicKeyToken=b03f5f7f11d50a3a" className="FaceRecognition.Test.NeuralNetworksControlTest, FaceRecognition.Test, Version=1.0.0.0, Culture=neutral, PublicKeyToken=null" name="RecognizeButton_ClickTest" />
    </UnitTest>
    <UnitTest name="RecognizeTest" storage="d:\diplomproject\facerecognition\facerecognition.test\bin\debug\facerecognition.test.dll" id="bc0d7e7c-27f5-f0cb-fc63-3705b952ed0c">
      <Execution id="1bbba0c9-8a9a-4f01-b9ff-7299a04ef0cc" />
      <TestMethod codeBase="D:/DiplomProject/FaceRecognition/FaceRecognition.Test/bin/Debug/FaceRecognition.Test.DLL" adapterTypeName="Microsoft.VisualStudio.TestTools.TestTypes.Unit.UnitTestAdapter, Microsoft.VisualStudio.QualityTools.Tips.UnitTest.Adapter, Version=10.0.0.0, Culture=neutral, PublicKeyToken=b03f5f7f11d50a3a" className="FaceRecognition.Test.BackPropagationThreeLayersTest, FaceRecognition.Test, Version=1.0.0.0, Culture=neutral, PublicKeyToken=null" name="RecognizeTest" />
    </UnitTest>
    <UnitTest name="Application_DispatcherUnhandledExceptionTest" storage="d:\diplomproject\facerecognition\facerecognition.test\bin\debug\facerecognition.test.dll" id="18705937-4336-cb1b-5527-4a2a75ad1006">
      <DeploymentItems>
        <DeploymentItem filename="FaceRecognition.exe" />
      </DeploymentItems>
      <Execution id="c96656f0-bcc6-4d59-b7d4-aa9e59c41635" />
      <TestMethod codeBase="D:/DiplomProject/FaceRecognition/FaceRecognition.Test/bin/Debug/FaceRecognition.Test.DLL" adapterTypeName="Microsoft.VisualStudio.TestTools.TestTypes.Unit.UnitTestAdapter, Microsoft.VisualStudio.QualityTools.Tips.UnitTest.Adapter, Version=10.0.0.0, Culture=neutral, PublicKeyToken=b03f5f7f11d50a3a" className="FaceRecognition.Test.AppTest, FaceRecognition.Test, Version=1.0.0.0, Culture=neutral, PublicKeyToken=null" name="Application_DispatcherUnhandledExceptionTest" />
    </UnitTest>
    <UnitTest name="ResourceManagerTest" storage="d:\diplomproject\facerecognition\facerecognition.test\bin\debug\facerecognition.test.dll" id="6d626e41-3a84-4da1-9118-6c99eb1d314f">
      <Execution id="6241d474-2122-4ae6-8a3a-cb4e315cb731" />
      <TestMethod codeBase="D:/DiplomProject/FaceRecognition/FaceRecognition.Test/bin/Debug/FaceRecognition.Test.DLL" adapterTypeName="Microsoft.VisualStudio.TestTools.TestTypes.Unit.UnitTestAdapter, Microsoft.VisualStudio.QualityTools.Tips.UnitTest.Adapter, Version=10.0.0.0, Culture=neutral, PublicKeyToken=b03f5f7f11d50a3a" className="FaceRecognition.Test.StringsTest, FaceRecognition.Test, Version=1.0.0.0, Culture=neutral, PublicKeyToken=null" name="ResourceManagerTest" />
    </UnitTest>
    <UnitTest name="InitializeNetworkTest" storage="d:\diplomproject\facerecognition\facerecognition.test\bin\debug\facerecognition.test.dll" id="5356c367-14b5-ee7a-b270-1c8302ed8516">
      <Execution id="1aa767be-de26-476b-b2ab-f0a6e724225c" />
      <TestMethod codeBase="D:/DiplomProject/FaceRecognition/FaceRecognition.Test/bin/Debug/FaceRecognition.Test.DLL" adapterTypeName="Microsoft.VisualStudio.TestTools.TestTypes.Unit.UnitTestAdapter, Microsoft.VisualStudio.QualityTools.Tips.UnitTest.Adapter, Version=10.0.0.0, Culture=neutral, PublicKeyToken=b03f5f7f11d50a3a" className="FaceRecognition.Test.BackPropagationThreeLayersTest, FaceRecognition.Test, Version=1.0.0.0, Culture=neutral, PublicKeyToken=null" name="InitializeNetworkTest" />
    </UnitTest>
    <UnitTest name="ThreadPoolTrainTest" storage="d:\diplomproject\facerecognition\facerecognition.test\bin\debug\facerecognition.test.dll" id="22d326d5-8c9f-87d3-ec90-14275a3b357e">
      <DeploymentItems>
        <DeploymentItem filename="FaceRecognition.exe" />
      </DeploymentItems>
      <Execution id="05450fad-678c-44e8-8fe7-7a3780427d8b" />
      <TestMethod codeBase="D:/DiplomProject/FaceRecognition/FaceRecognition.Test/bin/Debug/FaceRecognition.Test.DLL" adapterTypeName="Microsoft.VisualStudio.TestTools.TestTypes.Unit.UnitTestAdapter, Microsoft.VisualStudio.QualityTools.Tips.UnitTest.Adapter, Version=10.0.0.0, Culture=neutral, PublicKeyToken=b03f5f7f11d50a3a" className="FaceRecognition.Test.EigenFaceViewModelTest, FaceRecognition.Test, Version=1.0.0.0, Culture=neutral, PublicKeyToken=null" name="ThreadPoolTrainTest" />
    </UnitTest>
    <UnitTest name="MainWindow_TitleTest" storage="d:\diplomproject\facerecognition\facerecognition.test\bin\debug\facerecognition.test.dll" id="6432ad9d-13a4-7258-e7e2-5a519e08aca6">
      <Execution id="fdca0156-38f5-430d-9789-e90ccdf603d7" />
      <TestMethod codeBase="D:/DiplomProject/FaceRecognition/FaceRecognition.Test/bin/Debug/FaceRecognition.Test.DLL" adapterTypeName="Microsoft.VisualStudio.TestTools.TestTypes.Unit.UnitTestAdapter, Microsoft.VisualStudio.QualityTools.Tips.UnitTest.Adapter, Version=10.0.0.0, Culture=neutral, PublicKeyToken=b03f5f7f11d50a3a" className="FaceRecognition.Test.StringsTest, FaceRecognition.Test, Version=1.0.0.0, Culture=neutral, PublicKeyToken=null" name="MainWindow_TitleTest" />
    </UnitTest>
    <UnitTest name="RecognizeTimeTest" storage="d:\diplomproject\facerecognition\facerecognition.test\bin\debug\facerecognition.test.dll" id="5a72f6e9-0ed5-2c0d-a4e7-ebd4733802a5">
      <DeploymentItems>
        <DeploymentItem filename="FaceRecognition.exe" />
      </DeploymentItems>
      <Execution id="a7d24206-5689-4716-8162-55716fb50b0a" />
      <TestMethod codeBase="D:/DiplomProject/FaceRecognition/FaceRecognition.Test/bin/Debug/FaceRecognition.Test.DLL" adapterTypeName="Microsoft.VisualStudio.TestTools.TestTypes.Unit.UnitTestAdapter, Microsoft.VisualStudio.QualityTools.Tips.UnitTest.Adapter, Version=10.0.0.0, Culture=neutral, PublicKeyToken=b03f5f7f11d50a3a" className="FaceRecognition.Test.RecognizeEventArgsTest, FaceRecognition.Test, Version=1.0.0.0, Culture=neutral, PublicKeyToken=null" name="RecognizeTimeTest" />
    </UnitTest>
    <UnitTest name="_recTimer_ElapsedTest" storage="d:\diplomproject\facerecognition\facerecognition.test\bin\debug\facerecognition.test.dll" id="adb37387-d729-75e9-90d3-3a0def61a885">
      <DeploymentItems>
        <DeploymentItem filename="FaceRecognition.exe" />
      </DeploymentItems>
      <Execution id="dff810a5-5063-44f4-a275-5c77cf5da790" />
      <TestMethod codeBase="D:/DiplomProject/FaceRecognition/FaceRecognition.Test/bin/Debug/FaceRecognition.Test.DLL" adapterTypeName="Microsoft.VisualStudio.TestTools.TestTypes.Unit.UnitTestAdapter, Microsoft.VisualStudio.QualityTools.Tips.UnitTest.Adapter, Version=10.0.0.0, Culture=neutral, PublicKeyToken=b03f5f7f11d50a3a" className="FaceRecognition.Test.EigenFaceViewModelTest, FaceRecognition.Test, Version=1.0.0.0, Culture=neutral, PublicKeyToken=null" name="_recTimer_ElapsedTest" />
    </UnitTest>
    <UnitTest name="ConnectTest" storage="d:\diplomproject\facerecognition\facerecognition.test\bin\debug\facerecognition.test.dll" id="0803b8a8-cc9b-999d-1939-7ab4b634d7dc">
      <DeploymentItems>
        <DeploymentItem filename="FaceRecognition.exe" />
      </DeploymentItems>
      <Execution id="8983df95-27a4-4d96-92ab-e28016528dd6" />
      <TestMethod codeBase="D:/DiplomProject/FaceRecognition/FaceRecognition.Test/bin/Debug/FaceRecognition.Test.DLL" adapterTypeName="Microsoft.VisualStudio.TestTools.TestTypes.Unit.UnitTestAdapter, Microsoft.VisualStudio.QualityTools.Tips.UnitTest.Adapter, Version=10.0.0.0, Culture=neutral, PublicKeyToken=b03f5f7f11d50a3a" className="FaceRecognition.Test.RecognizePanelControlTest, FaceRecognition.Test, Version=1.0.0.0, Culture=neutral, PublicKeyToken=null" name="ConnectTest" />
    </UnitTest>
    <UnitTest name="ControlReadyEventArgsConstructorTest" storage="d:\diplomproject\facerecognition\facerecognition.test\bin\debug\facerecognition.test.dll" id="32608e40-f011-7837-78c5-46c5f185ef4b">
      <Execution id="b943d05d-c16c-4f79-8650-595eb10f9e0b" />
      <TestMethod codeBase="D:/DiplomProject/FaceRecognition/FaceRecognition.Test/bin/Debug/FaceRecognition.Test.DLL" adapterTypeName="Microsoft.VisualStudio.TestTools.TestTypes.Unit.UnitTestAdapter, Microsoft.VisualStudio.QualityTools.Tips.UnitTest.Adapter, Version=10.0.0.0, Culture=neutral, PublicKeyToken=b03f5f7f11d50a3a" className="FaceRecognition.Test.ControlReadyEventArgsTest, FaceRecognition.Test, Version=1.0.0.0, Culture=neutral, PublicKeyToken=null" name="ControlReadyEventArgsConstructorTest" />
    </UnitTest>
    <UnitTest name="TimeRecognizeTest" storage="d:\diplomproject\facerecognition\facerecognition.test\bin\debug\facerecognition.test.dll" id="fc851396-fc4e-7db5-f5fb-8b09883e8b9d">
      <Execution id="4bce16ab-fa4a-4857-98db-be41a8037a0e" />
      <TestMethod codeBase="D:/DiplomProject/FaceRecognition/FaceRecognition.Test/bin/Debug/FaceRecognition.Test.DLL" adapterTypeName="Microsoft.VisualStudio.TestTools.TestTypes.Unit.UnitTestAdapter, Microsoft.VisualStudio.QualityTools.Tips.UnitTest.Adapter, Version=10.0.0.0, Culture=neutral, PublicKeyToken=b03f5f7f11d50a3a" className="FaceRecognition.Test.RecognitionMethodModelTest, FaceRecognition.Test, Version=1.0.0.0, Culture=neutral, PublicKeyToken=null" name="TimeRecognizeTest" />
    </UnitTest>
    <UnitTest name="ConnectTest" storage="d:\diplomproject\facerecognition\facerecognition.test\bin\debug\facerecognition.test.dll" id="1d386777-e29c-800b-a1eb-9f487c166017">
      <DeploymentItems>
        <DeploymentItem filename="FaceRecognition.exe" />
      </DeploymentItems>
      <Execution id="5345c894-60d9-430d-b311-5424762dd24d" />
      <TestMethod codeBase="D:/DiplomProject/FaceRecognition/FaceRecognition.Test/bin/Debug/FaceRecognition.Test.DLL" adapterTypeName="Microsoft.VisualStudio.TestTools.TestTypes.Unit.UnitTestAdapter, Microsoft.VisualStudio.QualityTools.Tips.UnitTest.Adapter, Version=10.0.0.0, Culture=neutral, PublicKeyToken=b03f5f7f11d50a3a" className="FaceRecognition.Test.d__diplomprojects_diplomproject_facerecognition_styles_borderstyle_xamlTest, FaceRecognition.Test, Version=1.0.0.0, Culture=neutral, PublicKeyToken=null" name="ConnectTest" />
    </UnitTest>
    <UnitTest name="ConnectTest" storage="d:\diplomproject\facerecognition\facerecognition.test\bin\debug\facerecognition.test.dll" id="7774d603-8195-900e-f3a3-5f4b9738112f">
      <DeploymentItems>
        <DeploymentItem filename="FaceRecognition.exe" />
      </DeploymentItems>
      <Execution id="7c724396-a8d8-423b-b707-96dbf3e471fd" />
      <TestMethod codeBase="D:/DiplomProject/FaceRecognition/FaceRecognition.Test/bin/Debug/FaceRecognition.Test.DLL" adapterTypeName="Microsoft.VisualStudio.TestTools.TestTypes.Unit.UnitTestAdapter, Microsoft.VisualStudio.QualityTools.Tips.UnitTest.Adapter, Version=10.0.0.0, Culture=neutral, PublicKeyToken=b03f5f7f11d50a3a" className="FaceRecognition.Test.MainWindowTest, FaceRecognition.Test, Version=1.0.0.0, Culture=neutral, PublicKeyToken=null" name="ConnectTest" />
    </UnitTest>
    <UnitTest name="CreateVectorsTest" storage="d:\diplomproject\facerecognition\facerecognition.test\bin\debug\facerecognition.test.dll" id="ef6ca1e1-b080-fed2-38a8-ee0b06ced901">
      <Execution id="4d289a44-4829-464c-a44f-cfe7ed32b59e" />
      <TestMethod codeBase="D:/DiplomProject/FaceRecognition/FaceRecognition.Test/bin/Debug/FaceRecognition.Test.DLL" adapterTypeName="Microsoft.VisualStudio.TestTools.TestTypes.Unit.UnitTestAdapter, Microsoft.VisualStudio.QualityTools.Tips.UnitTest.Adapter, Version=10.0.0.0, Culture=neutral, PublicKeyToken=b03f5f7f11d50a3a" className="FaceRecognition.Test.ExtractFeaturesTest, FaceRecognition.Test, Version=1.0.0.0, Culture=neutral, PublicKeyToken=null" name="CreateVectorsTest" />
    </UnitTest>
    <UnitTest name="OnClearRecognizedFacesPanelTest" storage="d:\diplomproject\facerecognition\facerecognition.test\bin\debug\facerecognition.test.dll" id="5d074bed-73c1-a345-2808-beeda94b18b6">
      <DeploymentItems>
        <DeploymentItem filename="FaceRecognition.exe" />
      </DeploymentItems>
      <Execution id="459dc6d9-cf96-4b8d-96b6-8d515beb378b" />
      <TestMethod codeBase="D:/DiplomProject/FaceRecognition/FaceRecognition.Test/bin/Debug/FaceRecognition.Test.DLL" adapterTypeName="Microsoft.VisualStudio.TestTools.TestTypes.Unit.UnitTestAdapter, Microsoft.VisualStudio.QualityTools.Tips.UnitTest.Adapter, Version=10.0.0.0, Culture=neutral, PublicKeyToken=b03f5f7f11d50a3a" className="FaceRecognition.Test.SelectionRecognitionMethodControlTest, FaceRecognition.Test, Version=1.0.0.0, Culture=neutral, PublicKeyToken=null" name="OnClearRecognizedFacesPanelTest" />
    </UnitTest>
    <UnitTest name="RecognitionPercentTest" storage="d:\diplomproject\facerecognition\facerecognition.test\bin\debug\facerecognition.test.dll" id="716921b3-0071-b64e-ba7e-d75e3b320ab6">
      <Execution id="0a992354-0e61-47b4-a5dd-32fcf57690e3" />
      <TestMethod codeBase="D:/DiplomProject/FaceRecognition/FaceRecognition.Test/bin/Debug/FaceRecognition.Test.DLL" adapterTypeName="Microsoft.VisualStudio.TestTools.TestTypes.Unit.UnitTestAdapter, Microsoft.VisualStudio.QualityTools.Tips.UnitTest.Adapter, Version=10.0.0.0, Culture=neutral, PublicKeyToken=b03f5f7f11d50a3a" className="FaceRecognition.Test.RecognitionMethodModelTest, FaceRecognition.Test, Version=1.0.0.0, Culture=neutral, PublicKeyToken=null" name="RecognitionPercentTest" />
    </UnitTest>
    <UnitTest name="TrainAndTestImagesWindow_TitleTest" storage="d:\diplomproject\facerecognition\facerecognition.test\bin\debug\facerecognition.test.dll" id="783e2bb1-6d95-8a8a-0525-ea50b895ae26">
      <Execution id="1e7f8087-6d81-49f7-afce-b0ee6b599ea9" />
      <TestMethod codeBase="D:/DiplomProject/FaceRecognition/FaceRecognition.Test/bin/Debug/FaceRecognition.Test.DLL" adapterTypeName="Microsoft.VisualStudio.TestTools.TestTypes.Unit.UnitTestAdapter, Microsoft.VisualStudio.QualityTools.Tips.UnitTest.Adapter, Version=10.0.0.0, Culture=neutral, PublicKeyToken=b03f5f7f11d50a3a" className="FaceRecognition.Test.StringsTest, FaceRecognition.Test, Version=1.0.0.0, Culture=neutral, PublicKeyToken=null" name="TrainAndTestImagesWindow_TitleTest" />
    </UnitTest>
    <UnitTest name="delSelTestItemsBtn_ClickTest" storage="d:\diplomproject\facerecognition\facerecognition.test\bin\debug\facerecognition.test.dll" id="24817f9b-fdad-efa5-f15c-3503499b627a">
      <DeploymentItems>
        <DeploymentItem filename="FaceRecognition.exe" />
      </DeploymentItems>
      <Execution id="aadba249-4b24-405b-91ef-eb13be3d2131" />
      <TestMethod codeBase="D:/DiplomProject/FaceRecognition/FaceRecognition.Test/bin/Debug/FaceRecognition.Test.DLL" adapterTypeName="Microsoft.VisualStudio.TestTools.TestTypes.Unit.UnitTestAdapter, Microsoft.VisualStudio.QualityTools.Tips.UnitTest.Adapter, Version=10.0.0.0, Culture=neutral, PublicKeyToken=b03f5f7f11d50a3a" className="FaceRecognition.Test.SelectionTrainTestImagesControlTest, FaceRecognition.Test, Version=1.0.0.0, Culture=neutral, PublicKeyToken=null" name="delSelTestItemsBtn_ClickTest" />
    </UnitTest>
    <UnitTest name="RecognizeTest" storage="d:\diplomproject\facerecognition\facerecognition.test\bin\debug\facerecognition.test.dll" id="87a434e0-4516-40cc-cf5a-bdb51285650e">
      <Execution id="8ee8d922-fdd5-4e00-bc39-44c16c2bcecb" />
      <TestMethod codeBase="D:/DiplomProject/FaceRecognition/FaceRecognition.Test/bin/Debug/FaceRecognition.Test.DLL" adapterTypeName="Microsoft.VisualStudio.TestTools.TestTypes.Unit.UnitTestAdapter, Microsoft.VisualStudio.QualityTools.Tips.UnitTest.Adapter, Version=10.0.0.0, Culture=neutral, PublicKeyToken=b03f5f7f11d50a3a" className="FaceRecognition.Test.BackPropagationTwoLayersTest, FaceRecognition.Test, Version=1.0.0.0, Culture=neutral, PublicKeyToken=null" name="RecognizeTest" />
    </UnitTest>
    <UnitTest name="RecognizeTest" storage="d:\diplomproject\facerecognition\facerecognition.test\bin\debug\facerecognition.test.dll" id="35e2eaf4-9d2f-ff70-0132-f976c1442687">
      <Execution id="da92e7a6-55c5-4888-97f9-76f56d93328a" />
      <TestMethod codeBase="D:/DiplomProject/FaceRecognition/FaceRecognition.Test/bin/Debug/FaceRecognition.Test.DLL" adapterTypeName="Microsoft.VisualStudio.TestTools.TestTypes.Unit.UnitTestAdapter, Microsoft.VisualStudio.QualityTools.Tips.UnitTest.Adapter, Version=10.0.0.0, Culture=neutral, PublicKeyToken=b03f5f7f11d50a3a" className="FaceRecognition.Test.EigenFaceMethodTest, FaceRecognition.Test, Version=1.0.0.0, Culture=neutral, PublicKeyToken=null" name="RecognizeTest" />
    </UnitTest>
    <UnitTest name="RecognitionPercentTest" storage="d:\diplomproject\facerecognition\facerecognition.test\bin\debug\facerecognition.test.dll" id="7c245237-70b3-beba-07b7-dea5c650739a">
      <Execution id="4adb5570-6148-4f4c-a8cc-ee6cb954a01e" />
      <TestMethod codeBase="D:/DiplomProject/FaceRecognition/FaceRecognition.Test/bin/Debug/FaceRecognition.Test.DLL" adapterTypeName="Microsoft.VisualStudio.TestTools.TestTypes.Unit.UnitTestAdapter, Microsoft.VisualStudio.QualityTools.Tips.UnitTest.Adapter, Version=10.0.0.0, Culture=neutral, PublicKeyToken=b03f5f7f11d50a3a" className="FaceRecognition.Test.ResultsFaceRecognitionViewModelTest, FaceRecognition.Test, Version=1.0.0.0, Culture=neutral, PublicKeyToken=null" name="RecognitionPercentTest" />
    </UnitTest>
    <UnitTest name="LoadTrainImagesTest" storage="d:\diplomproject\facerecognition\facerecognition.test\bin\debug\facerecognition.test.dll" id="4284c783-2d24-d20f-a075-d9abca06faad">
      <DeploymentItems>
        <DeploymentItem filename="FaceRecognition.exe" />
      </DeploymentItems>
      <Execution id="d5453bbf-eb87-4bcb-b002-6b696516b6bc" />
      <TestMethod codeBase="D:/DiplomProject/FaceRecognition/FaceRecognition.Test/bin/Debug/FaceRecognition.Test.DLL" adapterTypeName="Microsoft.VisualStudio.TestTools.TestTypes.Unit.UnitTestAdapter, Microsoft.VisualStudio.QualityTools.Tips.UnitTest.Adapter, Version=10.0.0.0, Culture=neutral, PublicKeyToken=b03f5f7f11d50a3a" className="FaceRecognition.Test.ViewModelBaseTest, FaceRecognition.Test, Version=1.0.0.0, Culture=neutral, PublicKeyToken=null" name="LoadTrainImagesTest" />
    </UnitTest>
    <UnitTest name="RecognizedFacesTest" storage="d:\diplomproject\facerecognition\facerecognition.test\bin\debug\facerecognition.test.dll" id="9c7ea621-3afa-ed95-4a8b-58370581afeb">
      <Execution id="24953806-1f6b-4ad6-a752-63b2e9e4178d" />
      <TestMethod codeBase="D:/DiplomProject/FaceRecognition/FaceRecognition.Test/bin/Debug/FaceRecognition.Test.DLL" adapterTypeName="Microsoft.VisualStudio.TestTools.TestTypes.Unit.UnitTestAdapter, Microsoft.VisualStudio.QualityTools.Tips.UnitTest.Adapter, Version=10.0.0.0, Culture=neutral, PublicKeyToken=b03f5f7f11d50a3a" className="FaceRecognition.Test.ViewModelBaseTest, FaceRecognition.Test, Version=1.0.0.0, Culture=neutral, PublicKeyToken=null" name="RecognizedFacesTest" />
    </UnitTest>
    <UnitTest name="SetTrainImagesTest" storage="d:\diplomproject\facerecognition\facerecognition.test\bin\debug\facerecognition.test.dll" id="accd779d-c852-029a-a1d0-a3ab205a6a51">
      <Execution id="f1e51a2d-2b23-4ab8-aea0-743766cf9d08" />
      <TestMethod codeBase="D:/DiplomProject/FaceRecognition/FaceRecognition.Test/bin/Debug/FaceRecognition.Test.DLL" adapterTypeName="Microsoft.VisualStudio.TestTools.TestTypes.Unit.UnitTestAdapter, Microsoft.VisualStudio.QualityTools.Tips.UnitTest.Adapter, Version=10.0.0.0, Culture=neutral, PublicKeyToken=b03f5f7f11d50a3a" className="FaceRecognition.Test.SelectionTrainTestImagesViewModelTest, FaceRecognition.Test, Version=1.0.0.0, Culture=neutral, PublicKeyToken=null" name="SetTrainImagesTest" />
    </UnitTest>
    <UnitTest name="EigenFaceViewModelConstructorTest" storage="d:\diplomproject\facerecognition\facerecognition.test\bin\debug\facerecognition.test.dll" id="8cb7a19a-dddd-f69e-0b9b-77ee896e50f2">
      <Execution id="8870f2e7-489a-4d0b-a803-62c651aa9eb5" />
      <TestMethod codeBase="D:/DiplomProject/FaceRecognition/FaceRecognition.Test/bin/Debug/FaceRecognition.Test.DLL" adapterTypeName="Microsoft.VisualStudio.TestTools.TestTypes.Unit.UnitTestAdapter, Microsoft.VisualStudio.QualityTools.Tips.UnitTest.Adapter, Version=10.0.0.0, Culture=neutral, PublicKeyToken=b03f5f7f11d50a3a" className="FaceRecognition.Test.EigenFaceViewModelTest, FaceRecognition.Test, Version=1.0.0.0, Culture=neutral, PublicKeyToken=null" name="EigenFaceViewModelConstructorTest" />
    </UnitTest>
    <UnitTest name="OnGetSelectedRecMethodTest" storage="d:\diplomproject\facerecognition\facerecognition.test\bin\debug\facerecognition.test.dll" id="8fb6a08e-6c6f-b08f-c15a-517759cb4702">
      <DeploymentItems>
        <DeploymentItem filename="FaceRecognition.exe" />
      </DeploymentItems>
      <Execution id="ad7759f3-fc8f-4386-9e85-c071e25525fd" />
      <TestMethod codeBase="D:/DiplomProject/FaceRecognition/FaceRecognition.Test/bin/Debug/FaceRecognition.Test.DLL" adapterTypeName="Microsoft.VisualStudio.TestTools.TestTypes.Unit.UnitTestAdapter, Microsoft.VisualStudio.QualityTools.Tips.UnitTest.Adapter, Version=10.0.0.0, Culture=neutral, PublicKeyToken=b03f5f7f11d50a3a" className="FaceRecognition.Test.SelectionRecognitionMethodViewModelTest, FaceRecognition.Test, Version=1.0.0.0, Culture=neutral, PublicKeyToken=null" name="OnGetSelectedRecMethodTest" />
    </UnitTest>
    <UnitTest name="PreprocessingPanelControl_FacesGotEventTest" storage="d:\diplomproject\facerecognition\facerecognition.test\bin\debug\facerecognition.test.dll" id="1d7bc1f9-29e1-0efa-2d52-f5f0fdec48dc">
      <DeploymentItems>
        <DeploymentItem filename="FaceRecognition.exe" />
      </DeploymentItems>
      <Execution id="4e76a93c-f296-4c3c-9869-949ac8eed828" />
      <TestMethod codeBase="D:/DiplomProject/FaceRecognition/FaceRecognition.Test/bin/Debug/FaceRecognition.Test.DLL" adapterTypeName="Microsoft.VisualStudio.TestTools.TestTypes.Unit.UnitTestAdapter, Microsoft.VisualStudio.QualityTools.Tips.UnitTest.Adapter, Version=10.0.0.0, Culture=neutral, PublicKeyToken=b03f5f7f11d50a3a" className="FaceRecognition.Test.PreprocessingPanelViewModelTest, FaceRecognition.Test, Version=1.0.0.0, Culture=neutral, PublicKeyToken=null" name="PreprocessingPanelControl_FacesGotEventTest" />
    </UnitTest>
    <UnitTest name="StringsConstructorTest" storage="d:\diplomproject\facerecognition\facerecognition.test\bin\debug\facerecognition.test.dll" id="f960e6e6-a5ba-84ac-c727-791bb6f4b9c4">
      <Execution id="8e416ef8-296a-4a40-abc9-cebf76c3f089" />
      <TestMethod codeBase="D:/DiplomProject/FaceRecognition/FaceRecognition.Test/bin/Debug/FaceRecognition.Test.DLL" adapterTypeName="Microsoft.VisualStudio.TestTools.TestTypes.Unit.UnitTestAdapter, Microsoft.VisualStudio.QualityTools.Tips.UnitTest.Adapter, Version=10.0.0.0, Culture=neutral, PublicKeyToken=b03f5f7f11d50a3a" className="FaceRecognition.Test.StringsTest, FaceRecognition.Test, Version=1.0.0.0, Culture=neutral, PublicKeyToken=null" name="StringsConstructorTest" />
    </UnitTest>
    <UnitTest name="PreprocessingPanelControl_PreprocessingPanelVisibleEventTest" storage="d:\diplomproject\facerecognition\facerecognition.test\bin\debug\facerecognition.test.dll" id="9b4f74df-aeb6-12a2-426a-5e90ce2dda75">
      <DeploymentItems>
        <DeploymentItem filename="FaceRecognition.exe" />
      </DeploymentItems>
      <Execution id="3a3038c6-bb8a-4427-aa55-48ae523a4800" />
      <TestMethod codeBase="D:/DiplomProject/FaceRecognition/FaceRecognition.Test/bin/Debug/FaceRecognition.Test.DLL" adapterTypeName="Microsoft.VisualStudio.TestTools.TestTypes.Unit.UnitTestAdapter, Microsoft.VisualStudio.QualityTools.Tips.UnitTest.Adapter, Version=10.0.0.0, Culture=neutral, PublicKeyToken=b03f5f7f11d50a3a" className="FaceRecognition.Test.MainWindowTest, FaceRecognition.Test, Version=1.0.0.0, Culture=neutral, PublicKeyToken=null" name="PreprocessingPanelControl_PreprocessingPanelVisibleEventTest" />
    </UnitTest>
    <UnitTest name="_CreateDelegateTest" storage="d:\diplomproject\facerecognition\facerecognition.test\bin\debug\facerecognition.test.dll" id="e7a32c35-167d-b762-9a2c-108eb21c42db">
      <Execution id="1b5db6d1-dc6e-4592-9107-1acc308c1720" />
      <TestMethod codeBase="D:/DiplomProject/FaceRecognition/FaceRecognition.Test/bin/Debug/FaceRecognition.Test.DLL" adapterTypeName="Microsoft.VisualStudio.TestTools.TestTypes.Unit.UnitTestAdapter, Microsoft.VisualStudio.QualityTools.Tips.UnitTest.Adapter, Version=10.0.0.0, Culture=neutral, PublicKeyToken=b03f5f7f11d50a3a" className="FaceRecognition.Test.MainWindowTest, FaceRecognition.Test, Version=1.0.0.0, Culture=neutral, PublicKeyToken=null" name="_CreateDelegateTest" />
    </UnitTest>
    <UnitTest name="RecognizeMethodEventArgsConstructorTest" storage="d:\diplomproject\facerecognition\facerecognition.test\bin\debug\facerecognition.test.dll" id="b4faa6c0-0141-777a-592f-40dd48ba28fc">
      <Execution id="4d791469-65d9-440d-8598-1b60b63103a2" />
      <TestMethod codeBase="D:/DiplomProject/FaceRecognition/FaceRecognition.Test/bin/Debug/FaceRecognition.Test.DLL" adapterTypeName="Microsoft.VisualStudio.TestTools.TestTypes.Unit.UnitTestAdapter, Microsoft.VisualStudio.QualityTools.Tips.UnitTest.Adapter, Version=10.0.0.0, Culture=neutral, PublicKeyToken=b03f5f7f11d50a3a" className="FaceRecognition.Test.RecognizeMethodEventArgsTest, FaceRecognition.Test, Version=1.0.0.0, Culture=neutral, PublicKeyToken=null" name="RecognizeMethodEventArgsConstructorTest" />
    </UnitTest>
    <UnitTest name="GetRecognizeFaceTest" storage="d:\diplomproject\facerecognition\facerecognition.test\bin\debug\facerecognition.test.dll" id="1c9cf890-7f4e-e759-dbdc-472b8ba9f628">
      <DeploymentItems>
        <DeploymentItem filename="FaceRecognition.exe" />
      </DeploymentItems>
      <Execution id="642374ca-ee93-47e9-ab96-48d1af2904eb" />
      <TestMethod codeBase="D:/DiplomProject/FaceRecognition/FaceRecognition.Test/bin/Debug/FaceRecognition.Test.DLL" adapterTypeName="Microsoft.VisualStudio.TestTools.TestTypes.Unit.UnitTestAdapter, Microsoft.VisualStudio.QualityTools.Tips.UnitTest.Adapter, Version=10.0.0.0, Culture=neutral, PublicKeyToken=b03f5f7f11d50a3a" className="FaceRecognition.Test.RecognizeMethodsViewModelBaseTest, FaceRecognition.Test, Version=1.0.0.0, Culture=neutral, PublicKeyToken=null" name="GetRecognizeFaceTest" />
    </UnitTest>
    <UnitTest name="SelectionRecognitionMethodViewModelConstructorTest" storage="d:\diplomproject\facerecognition\facerecognition.test\bin\debug\facerecognition.test.dll" id="8f61e02f-8ae1-1e26-2181-a8dafb9a76b0">
      <Execution id="df58cd2e-c79c-4aa2-b353-e235dc2871ee" />
      <TestMethod codeBase="D:/DiplomProject/FaceRecognition/FaceRecognition.Test/bin/Debug/FaceRecognition.Test.DLL" adapterTypeName="Microsoft.VisualStudio.TestTools.TestTypes.Unit.UnitTestAdapter, Microsoft.VisualStudio.QualityTools.Tips.UnitTest.Adapter, Version=10.0.0.0, Culture=neutral, PublicKeyToken=b03f5f7f11d50a3a" className="FaceRecognition.Test.SelectionRecognitionMethodViewModelTest, FaceRecognition.Test, Version=1.0.0.0, Culture=neutral, PublicKeyToken=null" name="SelectionRecognitionMethodViewModelConstructorTest" />
    </UnitTest>
    <UnitTest name="FileName_ThreeLayer_NeuronNetTest" storage="d:\diplomproject\facerecognition\facerecognition.test\bin\debug\facerecognition.test.dll" id="dd3e221e-b757-2fe9-42de-7ff8db666706">
      <Execution id="ef127d3e-c797-48ea-bd92-614c77c211df" />
      <TestMethod codeBase="D:/DiplomProject/FaceRecognition/FaceRecognition.Test/bin/Debug/FaceRecognition.Test.DLL" adapterTypeName="Microsoft.VisualStudio.TestTools.TestTypes.Unit.UnitTestAdapter, Microsoft.VisualStudio.QualityTools.Tips.UnitTest.Adapter, Version=10.0.0.0, Culture=neutral, PublicKeyToken=b03f5f7f11d50a3a" className="FaceRecognition.Test.StringsTest, FaceRecognition.Test, Version=1.0.0.0, Culture=neutral, PublicKeyToken=null" name="FileName_ThreeLayer_NeuronNetTest" />
    </UnitTest>
    <UnitTest name="SaveTestImagesTest" storage="d:\diplomproject\facerecognition\facerecognition.test\bin\debug\facerecognition.test.dll" id="e7c74730-69fe-3fdc-22e1-4631a6ec658e">
      <DeploymentItems>
        <DeploymentItem filename="FaceRecognition.exe" />
      </DeploymentItems>
      <Execution id="805054f2-c9e9-46ff-974c-68ee11207b92" />
      <TestMethod codeBase="D:/DiplomProject/FaceRecognition/FaceRecognition.Test/bin/Debug/FaceRecognition.Test.DLL" adapterTypeName="Microsoft.VisualStudio.TestTools.TestTypes.Unit.UnitTestAdapter, Microsoft.VisualStudio.QualityTools.Tips.UnitTest.Adapter, Version=10.0.0.0, Culture=neutral, PublicKeyToken=b03f5f7f11d50a3a" className="FaceRecognition.Test.ViewModelBaseTest, FaceRecognition.Test, Version=1.0.0.0, Culture=neutral, PublicKeyToken=null" name="SaveTestImagesTest" />
    </UnitTest>
    <UnitTest name="DisplayNameTest" storage="d:\diplomproject\facerecognition\facerecognition.test\bin\debug\facerecognition.test.dll" id="f9732964-747f-1b9a-14e2-c05955f3e4d4">
      <DeploymentItems>
        <DeploymentItem filename="FaceRecognition.exe" />
      </DeploymentItems>
      <Execution id="137b198e-93fd-4445-98cb-10912e9def51" />
      <TestMethod codeBase="D:/DiplomProject/FaceRecognition/FaceRecognition.Test/bin/Debug/FaceRecognition.Test.DLL" adapterTypeName="Microsoft.VisualStudio.TestTools.TestTypes.Unit.UnitTestAdapter, Microsoft.VisualStudio.QualityTools.Tips.UnitTest.Adapter, Version=10.0.0.0, Culture=neutral, PublicKeyToken=b03f5f7f11d50a3a" className="FaceRecognition.Test.ViewModelBaseTest, FaceRecognition.Test, Version=1.0.0.0, Culture=neutral, PublicKeyToken=null" name="DisplayNameTest" />
    </UnitTest>
    <UnitTest name="CreateControlTest" storage="d:\diplomproject\facerecognition\facerecognition.test\bin\debug\facerecognition.test.dll" id="00f40929-2ad1-8fa1-f715-227f47318de8">
      <DeploymentItems>
        <DeploymentItem filename="FaceRecognition.exe" />
      </DeploymentItems>
      <Execution id="ee91c603-c68f-4244-b6f8-60b96d99860d" />
      <TestMethod codeBase="D:/DiplomProject/FaceRecognition/FaceRecognition.Test/bin/Debug/FaceRecognition.Test.DLL" adapterTypeName="Microsoft.VisualStudio.TestTools.TestTypes.Unit.UnitTestAdapter, Microsoft.VisualStudio.QualityTools.Tips.UnitTest.Adapter, Version=10.0.0.0, Culture=neutral, PublicKeyToken=b03f5f7f11d50a3a" className="FaceRecognition.Test.SelectionRecognitionMethodControlTest, FaceRecognition.Test, Version=1.0.0.0, Culture=neutral, PublicKeyToken=null" name="CreateControlTest" />
    </UnitTest>
    <UnitTest name="ConnectTest" storage="d:\diplomproject\facerecognition\facerecognition.test\bin\debug\facerecognition.test.dll" id="0483acf2-1c5b-6fb7-d0b0-11adea2af3b4">
      <DeploymentItems>
        <DeploymentItem filename="FaceRecognition.exe" />
      </DeploymentItems>
      <Execution id="cc12a781-ef30-4a89-853e-acabaef8b2ab" />
      <TestMethod codeBase="D:/DiplomProject/FaceRecognition/FaceRecognition.Test/bin/Debug/FaceRecognition.Test.DLL" adapterTypeName="Microsoft.VisualStudio.TestTools.TestTypes.Unit.UnitTestAdapter, Microsoft.VisualStudio.QualityTools.Tips.UnitTest.Adapter, Version=10.0.0.0, Culture=neutral, PublicKeyToken=b03f5f7f11d50a3a" className="FaceRecognition.Test.NeuralNetworksControlTest, FaceRecognition.Test, Version=1.0.0.0, Culture=neutral, PublicKeyToken=null" name="ConnectTest" />
    </UnitTest>
    <UnitTest name="CurrentErrorTest" storage="d:\diplomproject\facerecognition\facerecognition.test\bin\debug\facerecognition.test.dll" id="c1246919-46c7-649b-3e07-0657834af7e0">
      <Execution id="662aa48b-fcbd-428a-afdc-84624bc9c99b" />
      <TestMethod codeBase="D:/DiplomProject/FaceRecognition/FaceRecognition.Test/bin/Debug/FaceRecognition.Test.DLL" adapterTypeName="Microsoft.VisualStudio.TestTools.TestTypes.Unit.UnitTestAdapter, Microsoft.VisualStudio.QualityTools.Tips.UnitTest.Adapter, Version=10.0.0.0, Culture=neutral, PublicKeyToken=b03f5f7f11d50a3a" className="FaceRecognition.Test.NeuralEventArgsTest, FaceRecognition.Test, Version=1.0.0.0, Culture=neutral, PublicKeyToken=null" name="CurrentErrorTest" />
    </UnitTest>
    <UnitTest name="IsReadyTest" storage="d:\diplomproject\facerecognition\facerecognition.test\bin\debug\facerecognition.test.dll" id="530a5031-dd25-2b02-70a5-caea9d021d91">
      <DeploymentItems>
        <DeploymentItem filename="FaceRecognition.exe" />
      </DeploymentItems>
      <Execution id="2a39027b-433a-4e9e-99be-6fe43eeadc08" />
      <TestMethod codeBase="D:/DiplomProject/FaceRecognition/FaceRecognition.Test/bin/Debug/FaceRecognition.Test.DLL" adapterTypeName="Microsoft.VisualStudio.TestTools.TestTypes.Unit.UnitTestAdapter, Microsoft.VisualStudio.QualityTools.Tips.UnitTest.Adapter, Version=10.0.0.0, Culture=neutral, PublicKeyToken=b03f5f7f11d50a3a" className="FaceRecognition.Test.ControlReadyEventArgsTest, FaceRecognition.Test, Version=1.0.0.0, Culture=neutral, PublicKeyToken=null" name="IsReadyTest" />
    </UnitTest>
    <UnitTest name="OnSavedDataTest" storage="d:\diplomproject\facerecognition\facerecognition.test\bin\debug\facerecognition.test.dll" id="e4629367-1dfb-1fee-a6a6-f077f4b7496c">
      <DeploymentItems>
        <DeploymentItem filename="FaceRecognition.exe" />
      </DeploymentItems>
      <Execution id="213668ed-8421-4fa3-bb82-732a0a96fe0a" />
      <TestMethod codeBase="D:/DiplomProject/FaceRecognition/FaceRecognition.Test/bin/Debug/FaceRecognition.Test.DLL" adapterTypeName="Microsoft.VisualStudio.TestTools.TestTypes.Unit.UnitTestAdapter, Microsoft.VisualStudio.QualityTools.Tips.UnitTest.Adapter, Version=10.0.0.0, Culture=neutral, PublicKeyToken=b03f5f7f11d50a3a" className="FaceRecognition.Test.RecognizeMethodControlBaseTest, FaceRecognition.Test, Version=1.0.0.0, Culture=neutral, PublicKeyToken=null" name="OnSavedDataTest" />
    </UnitTest>
    <UnitTest name="MethodNameTest" storage="d:\diplomproject\facerecognition\facerecognition.test\bin\debug\facerecognition.test.dll" id="80556684-6f58-a294-60f0-75e02ef713fc">
      <DeploymentItems>
        <DeploymentItem filename="FaceRecognition.exe" />
      </DeploymentItems>
      <Execution id="a20927bf-bcfb-455a-8c9c-fe946dd4a304" />
      <TestMethod codeBase="D:/DiplomProject/FaceRecognition/FaceRecognition.Test/bin/Debug/FaceRecognition.Test.DLL" adapterTypeName="Microsoft.VisualStudio.TestTools.TestTypes.Unit.UnitTestAdapter, Microsoft.VisualStudio.QualityTools.Tips.UnitTest.Adapter, Version=10.0.0.0, Culture=neutral, PublicKeyToken=b03f5f7f11d50a3a" className="FaceRecognition.Test.RecognizeEventArgsTest, FaceRecognition.Test, Version=1.0.0.0, Culture=neutral, PublicKeyToken=null" name="MethodNameTest" />
    </UnitTest>
    <UnitTest name="ExtractFeaturesWindow_TitleTest" storage="d:\diplomproject\facerecognition\facerecognition.test\bin\debug\facerecognition.test.dll" id="d63868b2-223e-6cba-3e2c-64460849e731">
      <Execution id="c5c01c9e-59f5-415d-892d-ed8b8cfe2de6" />
      <TestMethod codeBase="D:/DiplomProject/FaceRecognition/FaceRecognition.Test/bin/Debug/FaceRecognition.Test.DLL" adapterTypeName="Microsoft.VisualStudio.TestTools.TestTypes.Unit.UnitTestAdapter, Microsoft.VisualStudio.QualityTools.Tips.UnitTest.Adapter, Version=10.0.0.0, Culture=neutral, PublicKeyToken=b03f5f7f11d50a3a" className="FaceRecognition.Test.StringsTest, FaceRecognition.Test, Version=1.0.0.0, Culture=neutral, PublicKeyToken=null" name="ExtractFeaturesWindow_TitleTest" />
    </UnitTest>
    <UnitTest name="MaxErrorTest" storage="d:\diplomproject\facerecognition\facerecognition.test\bin\debug\facerecognition.test.dll" id="4e5e823b-9691-ad11-8463-18f91d9d7cb8">
      <Execution id="b671f3b1-9e88-484c-8738-e94d8124c8c0" />
      <TestMethod codeBase="D:/DiplomProject/FaceRecognition/FaceRecognition.Test/bin/Debug/FaceRecognition.Test.DLL" adapterTypeName="Microsoft.VisualStudio.TestTools.TestTypes.Unit.UnitTestAdapter, Microsoft.VisualStudio.QualityTools.Tips.UnitTest.Adapter, Version=10.0.0.0, Culture=neutral, PublicKeyToken=b03f5f7f11d50a3a" className="FaceRecognition.Test.NeuralNetworksViewModelTest, FaceRecognition.Test, Version=1.0.0.0, Culture=neutral, PublicKeyToken=null" name="MaxErrorTest" />
    </UnitTest>
    <UnitTest name="ConnectTest" storage="d:\diplomproject\facerecognition\facerecognition.test\bin\debug\facerecognition.test.dll" id="7da69b08-6f10-f3ca-8d3a-eadae9a1fcca">
      <DeploymentItems>
        <DeploymentItem filename="FaceRecognition.exe" />
      </DeploymentItems>
      <Execution id="8f99d72d-76ac-40ff-adda-be5ac31971e7" />
      <TestMethod codeBase="D:/DiplomProject/FaceRecognition/FaceRecognition.Test/bin/Debug/FaceRecognition.Test.DLL" adapterTypeName="Microsoft.VisualStudio.TestTools.TestTypes.Unit.UnitTestAdapter, Microsoft.VisualStudio.QualityTools.Tips.UnitTest.Adapter, Version=10.0.0.0, Culture=neutral, PublicKeyToken=b03f5f7f11d50a3a" className="FaceRecognition.Test.d__diplomprojects_diplomproject_facerecognition_styles_textblockstyle_xamlTest, FaceRecognition.Test, Version=1.0.0.0, Culture=neutral, PublicKeyToken=null" name="ConnectTest" />
    </UnitTest>
    <UnitTest name="SaveDataTest" storage="d:\diplomproject\facerecognition\facerecognition.test\bin\debug\facerecognition.test.dll" id="11b3c6f9-9fbf-ed29-4b9f-f995854167f1">
      <DeploymentItems>
        <DeploymentItem filename="FaceRecognition.exe" />
      </DeploymentItems>
      <Execution id="0c483894-531d-452e-8f3b-fdb425fc4fa0" />
      <TestMethod codeBase="D:/DiplomProject/FaceRecognition/FaceRecognition.Test/bin/Debug/FaceRecognition.Test.DLL" adapterTypeName="Microsoft.VisualStudio.TestTools.TestTypes.Unit.UnitTestAdapter, Microsoft.VisualStudio.QualityTools.Tips.UnitTest.Adapter, Version=10.0.0.0, Culture=neutral, PublicKeyToken=b03f5f7f11d50a3a" className="FaceRecognition.Test.ViewModelBaseTest, FaceRecognition.Test, Version=1.0.0.0, Culture=neutral, PublicKeyToken=null" name="SaveDataTest" />
    </UnitTest>
    <UnitTest name="ResultsFaceRecognitionControlConstructorTest" storage="d:\diplomproject\facerecognition\facerecognition.test\bin\debug\facerecognition.test.dll" id="f8f85a08-724a-3e9a-0c67-8ba860c6d8be">
      <Execution id="76d56980-3f0a-4f57-8c1e-89a46f208d6c" />
      <TestMethod codeBase="D:/DiplomProject/FaceRecognition/FaceRecognition.Test/bin/Debug/FaceRecognition.Test.DLL" adapterTypeName="Microsoft.VisualStudio.TestTools.TestTypes.Unit.UnitTestAdapter, Microsoft.VisualStudio.QualityTools.Tips.UnitTest.Adapter, Version=10.0.0.0, Culture=neutral, PublicKeyToken=b03f5f7f11d50a3a" className="FaceRecognition.Test.ResultsFaceRecognitionControlTest, FaceRecognition.Test, Version=1.0.0.0, Culture=neutral, PublicKeyToken=null" name="ResultsFaceRecognitionControlConstructorTest" />
    </UnitTest>
    <UnitTest name="SelectionDataBaseControlConstructorTest" storage="d:\diplomproject\facerecognition\facerecognition.test\bin\debug\facerecognition.test.dll" id="1cfb770f-c59e-4c8b-a7a8-68a86e45ecf4">
      <Execution id="3e391b41-8777-42fb-930a-4ad1703602ff" />
      <TestMethod codeBase="D:/DiplomProject/FaceRecognition/FaceRecognition.Test/bin/Debug/FaceRecognition.Test.DLL" adapterTypeName="Microsoft.VisualStudio.TestTools.TestTypes.Unit.UnitTestAdapter, Microsoft.VisualStudio.QualityTools.Tips.UnitTest.Adapter, Version=10.0.0.0, Culture=neutral, PublicKeyToken=b03f5f7f11d50a3a" className="FaceRecognition.Test.SelectionDataBaseControlTest, FaceRecognition.Test, Version=1.0.0.0, Culture=neutral, PublicKeyToken=null" name="SelectionDataBaseControlConstructorTest" />
    </UnitTest>
    <UnitTest name="PreprocessingWaitWindow_TitleTest" storage="d:\diplomproject\facerecognition\facerecognition.test\bin\debug\facerecognition.test.dll" id="9b27d0f8-43bd-ce6f-2cca-7df85196f185">
      <Execution id="120e709a-feec-494c-9c51-17b61473e5cd" />
      <TestMethod codeBase="D:/DiplomProject/FaceRecognition/FaceRecognition.Test/bin/Debug/FaceRecognition.Test.DLL" adapterTypeName="Microsoft.VisualStudio.TestTools.TestTypes.Unit.UnitTestAdapter, Microsoft.VisualStudio.QualityTools.Tips.UnitTest.Adapter, Version=10.0.0.0, Culture=neutral, PublicKeyToken=b03f5f7f11d50a3a" className="FaceRecognition.Test.StringsTest, FaceRecognition.Test, Version=1.0.0.0, Culture=neutral, PublicKeyToken=null" name="PreprocessingWaitWindow_TitleTest" />
    </UnitTest>
    <UnitTest name="InitializeComponentTest" storage="d:\diplomproject\facerecognition\facerecognition.test\bin\debug\facerecognition.test.dll" id="f5e3646f-afb0-9a93-b34e-9b546bc18515">
      <Execution id="05d34020-5122-4c0a-bfce-d8edf9650c1c" />
      <TestMethod codeBase="D:/DiplomProject/FaceRecognition/FaceRecognition.Test/bin/Debug/FaceRecognition.Test.DLL" adapterTypeName="Microsoft.VisualStudio.TestTools.TestTypes.Unit.UnitTestAdapter, Microsoft.VisualStudio.QualityTools.Tips.UnitTest.Adapter, Version=10.0.0.0, Culture=neutral, PublicKeyToken=b03f5f7f11d50a3a" className="FaceRecognition.Test.AppTest, FaceRecognition.Test, Version=1.0.0.0, Culture=neutral, PublicKeyToken=null" name="InitializeComponentTest" />
    </UnitTest>
    <UnitTest name="RecognizeMethodControlBaseConstructorTest" storage="d:\diplomproject\facerecognition\facerecognition.test\bin\debug\facerecognition.test.dll" id="a72ee510-93c1-aa9c-979a-ce1882ca8962">
      <Execution id="1efa96c0-d01c-4f5e-b87c-946487930ec4" />
      <TestMethod codeBase="D:/DiplomProject/FaceRecognition/FaceRecognition.Test/bin/Debug/FaceRecognition.Test.DLL" adapterTypeName="Microsoft.VisualStudio.TestTools.TestTypes.Unit.UnitTestAdapter, Microsoft.VisualStudio.QualityTools.Tips.UnitTest.Adapter, Version=10.0.0.0, Culture=neutral, PublicKeyToken=b03f5f7f11d50a3a" className="FaceRecognition.Test.RecognizeMethodControlBaseTest, FaceRecognition.Test, Version=1.0.0.0, Culture=neutral, PublicKeyToken=null" name="RecognizeMethodControlBaseConstructorTest" />
    </UnitTest>
    <UnitTest name="NeuralNetworkConstructorTest" storage="d:\diplomproject\facerecognition\facerecognition.test\bin\debug\facerecognition.test.dll" id="1fa598b3-6190-bf32-4618-45d3b9e96234">
      <Execution id="2c198997-4ceb-4237-82c5-d94df46fb42d" />
      <TestMethod codeBase="D:/DiplomProject/FaceRecognition/FaceRecognition.Test/bin/Debug/FaceRecognition.Test.DLL" adapterTypeName="Microsoft.VisualStudio.TestTools.TestTypes.Unit.UnitTestAdapter, Microsoft.VisualStudio.QualityTools.Tips.UnitTest.Adapter, Version=10.0.0.0, Culture=neutral, PublicKeyToken=b03f5f7f11d50a3a" className="FaceRecognition.Test.NeuralNetworkTest, FaceRecognition.Test, Version=1.0.0.0, Culture=neutral, PublicKeyToken=null" name="NeuralNetworkConstructorTest" />
    </UnitTest>
    <UnitTest name="PreprocessingPanelControl_FaceImagesSavedEventTest" storage="d:\diplomproject\facerecognition\facerecognition.test\bin\debug\facerecognition.test.dll" id="b27b9f1b-53d7-58e2-8129-3acf93ec3a88">
      <DeploymentItems>
        <DeploymentItem filename="FaceRecognition.exe" />
      </DeploymentItems>
      <Execution id="b8abaf86-0f27-4642-a9fe-2708ac7fea3b" />
      <TestMethod codeBase="D:/DiplomProject/FaceRecognition/FaceRecognition.Test/bin/Debug/FaceRecognition.Test.DLL" adapterTypeName="Microsoft.VisualStudio.TestTools.TestTypes.Unit.UnitTestAdapter, Microsoft.VisualStudio.QualityTools.Tips.UnitTest.Adapter, Version=10.0.0.0, Culture=neutral, PublicKeyToken=b03f5f7f11d50a3a" className="FaceRecognition.Test.PreprocessingPanelViewModelTest, FaceRecognition.Test, Version=1.0.0.0, Culture=neutral, PublicKeyToken=null" name="PreprocessingPanelControl_FaceImagesSavedEventTest" />
    </UnitTest>
    <UnitTest name="RecognizeTest" storage="d:\diplomproject\facerecognition\facerecognition.test\bin\debug\facerecognition.test.dll" id="c69593a5-7b7c-9120-cf84-8655c5ebd97a">
      <Execution id="96836e95-ad55-4433-8853-e5fee64bf6d7" />
      <TestMethod codeBase="D:/DiplomProject/FaceRecognition/FaceRecognition.Test/bin/Debug/FaceRecognition.Test.DLL" adapterTypeName="Microsoft.VisualStudio.TestTools.TestTypes.Unit.UnitTestAdapter, Microsoft.VisualStudio.QualityTools.Tips.UnitTest.Adapter, Version=10.0.0.0, Culture=neutral, PublicKeyToken=b03f5f7f11d50a3a" className="FaceRecognition.Test.NeuralNetworksViewModelTest, FaceRecognition.Test, Version=1.0.0.0, Culture=neutral, PublicKeyToken=null" name="RecognizeTest" />
    </UnitTest>
    <UnitTest name="ExtractFeaturesConstructorTest" storage="d:\diplomproject\facerecognition\facerecognition.test\bin\debug\facerecognition.test.dll" id="c9cbb013-813c-9d2d-e95e-a0629b7499c4">
      <Execution id="04e8f566-991f-414f-b8de-68695acc265b" />
      <TestMethod codeBase="D:/DiplomProject/FaceRecognition/FaceRecognition.Test/bin/Debug/FaceRecognition.Test.DLL" adapterTypeName="Microsoft.VisualStudio.TestTools.TestTypes.Unit.UnitTestAdapter, Microsoft.VisualStudio.QualityTools.Tips.UnitTest.Adapter, Version=10.0.0.0, Culture=neutral, PublicKeyToken=b03f5f7f11d50a3a" className="FaceRecognition.Test.ExtractFeaturesTest, FaceRecognition.Test, Version=1.0.0.0, Culture=neutral, PublicKeyToken=null" name="ExtractFeaturesConstructorTest" />
    </UnitTest>
    <UnitTest name="d__diplomprojects_diplomproject_facerecognition_styles_textblockstyle_xamlConstructorTest" storage="d:\diplomproject\facerecognition\facerecognition.test\bin\debug\facerecognition.test.dll" id="8471b924-2d6a-97af-46a9-613a91c7cc93">
      <Execution id="e6323d9d-87e2-478d-ab93-87c1d7f1fbd9" />
      <TestMethod codeBase="D:/DiplomProject/FaceRecognition/FaceRecognition.Test/bin/Debug/FaceRecognition.Test.DLL" adapterTypeName="Microsoft.VisualStudio.TestTools.TestTypes.Unit.UnitTestAdapter, Microsoft.VisualStudio.QualityTools.Tips.UnitTest.Adapter, Version=10.0.0.0, Culture=neutral, PublicKeyToken=b03f5f7f11d50a3a" className="FaceRecognition.Test.d__diplomprojects_diplomproject_facerecognition_styles_textblockstyle_xamlTest, FaceRecognition.Test, Version=1.0.0.0, Culture=neutral, PublicKeyToken=null" name="d__diplomprojects_diplomproject_facerecognition_styles_textblockstyle_xamlConstructorTest" />
    </UnitTest>
    <UnitTest name="InitializeComponentTest" storage="d:\diplomproject\facerecognition\facerecognition.test\bin\debug\facerecognition.test.dll" id="123ec68c-feae-e096-c0c2-223c4e9f8000">
      <Execution id="60f1c9fe-4762-4a4f-add0-676a26cd275e" />
      <TestMethod codeBase="D:/DiplomProject/FaceRecognition/FaceRecognition.Test/bin/Debug/FaceRecognition.Test.DLL" adapterTypeName="Microsoft.VisualStudio.TestTools.TestTypes.Unit.UnitTestAdapter, Microsoft.VisualStudio.QualityTools.Tips.UnitTest.Adapter, Version=10.0.0.0, Culture=neutral, PublicKeyToken=b03f5f7f11d50a3a" className="FaceRecognition.Test.RecognizeClassControlTest, FaceRecognition.Test, Version=1.0.0.0, Culture=neutral, PublicKeyToken=null" name="InitializeComponentTest" />
    </UnitTest>
    <UnitTest name="TestImagesTest" storage="d:\diplomproject\facerecognition\facerecognition.test\bin\debug\facerecognition.test.dll" id="e5e5d85d-2854-556c-17c2-4e207eb6ae57">
      <Execution id="8aa9d94f-7c7e-4672-845f-a7b21f1818b9" />
      <TestMethod codeBase="D:/DiplomProject/FaceRecognition/FaceRecognition.Test/bin/Debug/FaceRecognition.Test.DLL" adapterTypeName="Microsoft.VisualStudio.TestTools.TestTypes.Unit.UnitTestAdapter, Microsoft.VisualStudio.QualityTools.Tips.UnitTest.Adapter, Version=10.0.0.0, Culture=neutral, PublicKeyToken=b03f5f7f11d50a3a" className="FaceRecognition.Test.ViewModelBaseTest, FaceRecognition.Test, Version=1.0.0.0, Culture=neutral, PublicKeyToken=null" name="TestImagesTest" />
    </UnitTest>
    <UnitTest name="ConnectTest" storage="d:\diplomproject\facerecognition\facerecognition.test\bin\debug\facerecognition.test.dll" id="5925dbbf-3ffa-8d3f-a748-03279ae2bb28">
      <DeploymentItems>
        <DeploymentItem filename="FaceRecognition.exe" />
      </DeploymentItems>
      <Execution id="c0692a54-80b7-444e-ab4b-e9c6ba00a7f3" />
      <TestMethod codeBase="D:/DiplomProject/FaceRecognition/FaceRecognition.Test/bin/Debug/FaceRecognition.Test.DLL" adapterTypeName="Microsoft.VisualStudio.TestTools.TestTypes.Unit.UnitTestAdapter, Microsoft.VisualStudio.QualityTools.Tips.UnitTest.Adapter, Version=10.0.0.0, Culture=neutral, PublicKeyToken=b03f5f7f11d50a3a" className="FaceRecognition.Test.RecognizeClassControlTest, FaceRecognition.Test, Version=1.0.0.0, Culture=neutral, PublicKeyToken=null" name="ConnectTest" />
    </UnitTest>
    <UnitTest name="TrainTest" storage="d:\diplomproject\facerecognition\facerecognition.test\bin\debug\facerecognition.test.dll" id="4858df60-7b87-48f3-b3d9-67330c7cb638">
      <Execution id="d4fa9488-fb13-4e42-aea5-7521c34144a2" />
      <TestMethod codeBase="D:/DiplomProject/FaceRecognition/FaceRecognition.Test/bin/Debug/FaceRecognition.Test.DLL" adapterTypeName="Microsoft.VisualStudio.TestTools.TestTypes.Unit.UnitTestAdapter, Microsoft.VisualStudio.QualityTools.Tips.UnitTest.Adapter, Version=10.0.0.0, Culture=neutral, PublicKeyToken=b03f5f7f11d50a3a" className="FaceRecognition.Test.EigenFaceMethodTest, FaceRecognition.Test, Version=1.0.0.0, Culture=neutral, PublicKeyToken=null" name="TrainTest" />
    </UnitTest>
    <UnitTest name="BackPropagateTest" storage="d:\diplomproject\facerecognition\facerecognition.test\bin\debug\facerecognition.test.dll" id="4d9eec50-d39b-7fc1-d0fb-cc6c9fc4769b">
      <Execution id="d06f9bae-2c1d-4bfe-99be-5c04d2666a70" />
      <TestMethod codeBase="D:/DiplomProject/FaceRecognition/FaceRecognition.Test/bin/Debug/FaceRecognition.Test.DLL" adapterTypeName="Microsoft.VisualStudio.TestTools.TestTypes.Unit.UnitTestAdapter, Microsoft.VisualStudio.QualityTools.Tips.UnitTest.Adapter, Version=10.0.0.0, Culture=neutral, PublicKeyToken=b03f5f7f11d50a3a" className="FaceRecognition.Test.BackPropagationThreeLayersTest, FaceRecognition.Test, Version=1.0.0.0, Culture=neutral, PublicKeyToken=null" name="BackPropagateTest" />
    </UnitTest>
    <UnitTest name="AppConstructorTest" storage="d:\diplomproject\facerecognition\facerecognition.test\bin\debug\facerecognition.test.dll" id="262357d8-f115-b1a9-284d-74adc2b5a45c">
      <Execution id="46ff0192-5d7e-4cd2-860b-91f4dfaecf33" />
      <TestMethod codeBase="D:/DiplomProject/FaceRecognition/FaceRecognition.Test/bin/Debug/FaceRecognition.Test.DLL" adapterTypeName="Microsoft.VisualStudio.TestTools.TestTypes.Unit.UnitTestAdapter, Microsoft.VisualStudio.QualityTools.Tips.UnitTest.Adapter, Version=10.0.0.0, Culture=neutral, PublicKeyToken=b03f5f7f11d50a3a" className="FaceRecognition.Test.AppTest, FaceRecognition.Test, Version=1.0.0.0, Culture=neutral, PublicKeyToken=null" name="AppConstructorTest" />
    </UnitTest>
    <UnitTest name="NeuralEventArgsConstructorTest" storage="d:\diplomproject\facerecognition\facerecognition.test\bin\debug\facerecognition.test.dll" id="74004022-b31d-48a4-dd75-d5a7783be70d">
      <Execution id="2de5cd8e-4374-4000-9bee-dae534a261f0" />
      <TestMethod codeBase="D:/DiplomProject/FaceRecognition/FaceRecognition.Test/bin/Debug/FaceRecognition.Test.DLL" adapterTypeName="Microsoft.VisualStudio.TestTools.TestTypes.Unit.UnitTestAdapter, Microsoft.VisualStudio.QualityTools.Tips.UnitTest.Adapter, Version=10.0.0.0, Culture=neutral, PublicKeyToken=b03f5f7f11d50a3a" className="FaceRecognition.Test.NeuralEventArgsTest, FaceRecognition.Test, Version=1.0.0.0, Culture=neutral, PublicKeyToken=null" name="NeuralEventArgsConstructorTest" />
    </UnitTest>
    <UnitTest name="FileName_TestFacesTest" storage="d:\diplomproject\facerecognition\facerecognition.test\bin\debug\facerecognition.test.dll" id="4d36d163-7ae7-fb56-8157-c97bb392e554">
      <Execution id="dd48cc2e-21a1-4cab-97a5-15f357d9394c" />
      <TestMethod codeBase="D:/DiplomProject/FaceRecognition/FaceRecognition.Test/bin/Debug/FaceRecognition.Test.DLL" adapterTypeName="Microsoft.VisualStudio.TestTools.TestTypes.Unit.UnitTestAdapter, Microsoft.VisualStudio.QualityTools.Tips.UnitTest.Adapter, Version=10.0.0.0, Culture=neutral, PublicKeyToken=b03f5f7f11d50a3a" className="FaceRecognition.Test.StringsTest, FaceRecognition.Test, Version=1.0.0.0, Culture=neutral, PublicKeyToken=null" name="FileName_TestFacesTest" />
    </UnitTest>
    <UnitTest name="FileName_ExcelResultsTest" storage="d:\diplomproject\facerecognition\facerecognition.test\bin\debug\facerecognition.test.dll" id="24854c00-9673-66b7-0369-8cacf35ade09">
      <Execution id="1bf5aac2-17f2-41c0-a735-0704a8719ece" />
      <TestMethod codeBase="D:/DiplomProject/FaceRecognition/FaceRecognition.Test/bin/Debug/FaceRecognition.Test.DLL" adapterTypeName="Microsoft.VisualStudio.TestTools.TestTypes.Unit.UnitTestAdapter, Microsoft.VisualStudio.QualityTools.Tips.UnitTest.Adapter, Version=10.0.0.0, Culture=neutral, PublicKeyToken=b03f5f7f11d50a3a" className="FaceRecognition.Test.StringsTest, FaceRecognition.Test, Version=1.0.0.0, Culture=neutral, PublicKeyToken=null" name="FileName_ExcelResultsTest" />
    </UnitTest>
    <UnitTest name="ForwardPropagateTest" storage="d:\diplomproject\facerecognition\facerecognition.test\bin\debug\facerecognition.test.dll" id="1f1dd99b-71a3-add6-ab50-c4e88000e36d">
      <Execution id="ad64765e-959d-470a-a690-e1da585d3746" />
      <TestMethod codeBase="D:/DiplomProject/FaceRecognition/FaceRecognition.Test/bin/Debug/FaceRecognition.Test.DLL" adapterTypeName="Microsoft.VisualStudio.TestTools.TestTypes.Unit.UnitTestAdapter, Microsoft.VisualStudio.QualityTools.Tips.UnitTest.Adapter, Version=10.0.0.0, Culture=neutral, PublicKeyToken=b03f5f7f11d50a3a" className="FaceRecognition.Test.BackPropagationOneLayerTest, FaceRecognition.Test, Version=1.0.0.0, Culture=neutral, PublicKeyToken=null" name="ForwardPropagateTest" />
    </UnitTest>
    <UnitTest name="SeparateTestFacesTest" storage="d:\diplomproject\facerecognition\facerecognition.test\bin\debug\facerecognition.test.dll" id="7b698eec-275d-0673-5b34-6bf89b1d5745">
      <DeploymentItems>
        <DeploymentItem filename="FaceRecognition.exe" />
      </DeploymentItems>
      <Execution id="42fa6e69-c364-4242-a7d5-144d74589e14" />
      <TestMethod codeBase="D:/DiplomProject/FaceRecognition/FaceRecognition.Test/bin/Debug/FaceRecognition.Test.DLL" adapterTypeName="Microsoft.VisualStudio.TestTools.TestTypes.Unit.UnitTestAdapter, Microsoft.VisualStudio.QualityTools.Tips.UnitTest.Adapter, Version=10.0.0.0, Culture=neutral, PublicKeyToken=b03f5f7f11d50a3a" className="FaceRecognition.Test.PreprocessingPanelViewModelTest, FaceRecognition.Test, Version=1.0.0.0, Culture=neutral, PublicKeyToken=null" name="SeparateTestFacesTest" />
    </UnitTest>
    <UnitTest name="FileName_SelectedRecognitionMethodsTest" storage="d:\diplomproject\facerecognition\facerecognition.test\bin\debug\facerecognition.test.dll" id="9a90e35a-059d-19a9-1f44-e5b7e86a6e63">
      <Execution id="eebadd08-a988-4efb-9aa7-b654f14f87ab" />
      <TestMethod codeBase="D:/DiplomProject/FaceRecognition/FaceRecognition.Test/bin/Debug/FaceRecognition.Test.DLL" adapterTypeName="Microsoft.VisualStudio.TestTools.TestTypes.Unit.UnitTestAdapter, Microsoft.VisualStudio.QualityTools.Tips.UnitTest.Adapter, Version=10.0.0.0, Culture=neutral, PublicKeyToken=b03f5f7f11d50a3a" className="FaceRecognition.Test.StringsTest, FaceRecognition.Test, Version=1.0.0.0, Culture=neutral, PublicKeyToken=null" name="FileName_SelectedRecognitionMethodsTest" />
    </UnitTest>
    <UnitTest name="SelectDbTest" storage="d:\diplomproject\facerecognition\facerecognition.test\bin\debug\facerecognition.test.dll" id="b20ac886-2283-ee66-0d4e-2b25a9805654">
      <Execution id="2050f510-ff88-4374-af1b-0247eab54cb2" />
      <TestMethod codeBase="D:/DiplomProject/FaceRecognition/FaceRecognition.Test/bin/Debug/FaceRecognition.Test.DLL" adapterTypeName="Microsoft.VisualStudio.TestTools.TestTypes.Unit.UnitTestAdapter, Microsoft.VisualStudio.QualityTools.Tips.UnitTest.Adapter, Version=10.0.0.0, Culture=neutral, PublicKeyToken=b03f5f7f11d50a3a" className="FaceRecognition.Test.SelectionDataBaseViewModelTest, FaceRecognition.Test, Version=1.0.0.0, Culture=neutral, PublicKeyToken=null" name="SelectDbTest" />
    </UnitTest>
    <UnitTest name="LoadTrainTestRecognizedFacesTest" storage="d:\diplomproject\facerecognition\facerecognition.test\bin\debug\facerecognition.test.dll" id="c707881f-b332-99bf-7ef6-80455ab18c4a">
      <Execution id="18095130-50b1-449b-9788-73df65190942" />
      <TestMethod codeBase="D:/DiplomProject/FaceRecognition/FaceRecognition.Test/bin/Debug/FaceRecognition.Test.DLL" adapterTypeName="Microsoft.VisualStudio.TestTools.TestTypes.Unit.UnitTestAdapter, Microsoft.VisualStudio.QualityTools.Tips.UnitTest.Adapter, Version=10.0.0.0, Culture=neutral, PublicKeyToken=b03f5f7f11d50a3a" className="FaceRecognition.Test.RecognizePanelViewModelTest, FaceRecognition.Test, Version=1.0.0.0, Culture=neutral, PublicKeyToken=null" name="LoadTrainTestRecognizedFacesTest" />
    </UnitTest>
    <UnitTest name="BackPropagationThreeLayersConstructorTest1" storage="d:\diplomproject\facerecognition\facerecognition.test\bin\debug\facerecognition.test.dll" id="656e8dbc-766d-30b0-6a24-84f30c481a5c">
      <Execution id="ab077f63-6e1d-47f4-a33d-71a45ec6d072" />
      <TestMethod codeBase="D:/DiplomProject/FaceRecognition/FaceRecognition.Test/bin/Debug/FaceRecognition.Test.DLL" adapterTypeName="Microsoft.VisualStudio.TestTools.TestTypes.Unit.UnitTestAdapter, Microsoft.VisualStudio.QualityTools.Tips.UnitTest.Adapter, Version=10.0.0.0, Culture=neutral, PublicKeyToken=b03f5f7f11d50a3a" className="FaceRecognition.Test.BackPropagationThreeLayersTest, FaceRecognition.Test, Version=1.0.0.0, Culture=neutral, PublicKeyToken=null" name="BackPropagationThreeLayersConstructorTest1" />
    </UnitTest>
    <UnitTest name="NumberTestFaceImagesTest" storage="d:\diplomproject\facerecognition\facerecognition.test\bin\debug\facerecognition.test.dll" id="4c3c9182-7ffa-4bff-722c-d13d83333164">
      <Execution id="53a2e4f2-3bab-4349-bf88-1874524c6e6f" />
      <TestMethod codeBase="D:/DiplomProject/FaceRecognition/FaceRecognition.Test/bin/Debug/FaceRecognition.Test.DLL" adapterTypeName="Microsoft.VisualStudio.TestTools.TestTypes.Unit.UnitTestAdapter, Microsoft.VisualStudio.QualityTools.Tips.UnitTest.Adapter, Version=10.0.0.0, Culture=neutral, PublicKeyToken=b03f5f7f11d50a3a" className="FaceRecognition.Test.SelectionTrainTestImagesViewModelTest, FaceRecognition.Test, Version=1.0.0.0, Culture=neutral, PublicKeyToken=null" name="NumberTestFaceImagesTest" />
    </UnitTest>
    <UnitTest name="OnDisposeTest" storage="d:\diplomproject\facerecognition\facerecognition.test\bin\debug\facerecognition.test.dll" id="3e1c110a-17de-01ec-8a58-9df4aa0b6c65">
      <DeploymentItems>
        <DeploymentItem filename="FaceRecognition.exe" />
      </DeploymentItems>
      <Execution id="403ff4db-a32a-4311-8402-195205451585" />
      <TestMethod codeBase="D:/DiplomProject/FaceRecognition/FaceRecognition.Test/bin/Debug/FaceRecognition.Test.DLL" adapterTypeName="Microsoft.VisualStudio.TestTools.TestTypes.Unit.UnitTestAdapter, Microsoft.VisualStudio.QualityTools.Tips.UnitTest.Adapter, Version=10.0.0.0, Culture=neutral, PublicKeyToken=b03f5f7f11d50a3a" className="FaceRecognition.Test.ViewModelBaseTest, FaceRecognition.Test, Version=1.0.0.0, Culture=neutral, PublicKeyToken=null" name="OnDisposeTest" />
    </UnitTest>
    <UnitTest name="FileName_TwoLayer_NeuronNetTest" storage="d:\diplomproject\facerecognition\facerecognition.test\bin\debug\facerecognition.test.dll" id="bd67d302-f4dd-e628-7b88-e623000b116b">
      <Execution id="4cffe8c9-9a85-4e76-9123-32ce7fde612c" />
      <TestMethod codeBase="D:/DiplomProject/FaceRecognition/FaceRecognition.Test/bin/Debug/FaceRecognition.Test.DLL" adapterTypeName="Microsoft.VisualStudio.TestTools.TestTypes.Unit.UnitTestAdapter, Microsoft.VisualStudio.QualityTools.Tips.UnitTest.Adapter, Version=10.0.0.0, Culture=neutral, PublicKeyToken=b03f5f7f11d50a3a" className="FaceRecognition.Test.StringsTest, FaceRecognition.Test, Version=1.0.0.0, Culture=neutral, PublicKeyToken=null" name="FileName_TwoLayer_NeuronNetTest" />
    </UnitTest>
    <UnitTest name="ReleaseObjectTest" storage="d:\diplomproject\facerecognition\facerecognition.test\bin\debug\facerecognition.test.dll" id="f89122f4-4838-22c3-e0f2-6364d8fabf25">
      <DeploymentItems>
        <DeploymentItem filename="FaceRecognition.exe" />
      </DeploymentItems>
      <Execution id="7b65399d-0f27-4a36-926d-a46658c2b049" />
      <TestMethod codeBase="D:/DiplomProject/FaceRecognition/FaceRecognition.Test/bin/Debug/FaceRecognition.Test.DLL" adapterTypeName="Microsoft.VisualStudio.TestTools.TestTypes.Unit.UnitTestAdapter, Microsoft.VisualStudio.QualityTools.Tips.UnitTest.Adapter, Version=10.0.0.0, Culture=neutral, PublicKeyToken=b03f5f7f11d50a3a" className="FaceRecognition.Test.ExcelExporterTest, FaceRecognition.Test, Version=1.0.0.0, Culture=neutral, PublicKeyToken=null" name="ReleaseObjectTest" />
    </UnitTest>
    <UnitTest name="ForwardPropagateTest" storage="d:\diplomproject\facerecognition\facerecognition.test\bin\debug\facerecognition.test.dll" id="4dac0495-814a-5357-b6be-6dcc30927ba9">
      <Execution id="6f1a8700-3beb-4940-b739-60b0ea1e5666" />
      <TestMethod codeBase="D:/DiplomProject/FaceRecognition/FaceRecognition.Test/bin/Debug/FaceRecognition.Test.DLL" adapterTypeName="Microsoft.VisualStudio.TestTools.TestTypes.Unit.UnitTestAdapter, Microsoft.VisualStudio.QualityTools.Tips.UnitTest.Adapter, Version=10.0.0.0, Culture=neutral, PublicKeyToken=b03f5f7f11d50a3a" className="FaceRecognition.Test.IBackPropagationTest, FaceRecognition.Test, Version=1.0.0.0, Culture=neutral, PublicKeyToken=null" name="ForwardPropagateTest" />
    </UnitTest>
    <UnitTest name="TestFaceTest" storage="d:\diplomproject\facerecognition\facerecognition.test\bin\debug\facerecognition.test.dll" id="d2124c71-2bd7-2dff-fe40-141850df863a">
      <Execution id="75afc915-b9ec-4958-9dc7-e3c097feae9d" />
      <TestMethod codeBase="D:/DiplomProject/FaceRecognition/FaceRecognition.Test/bin/Debug/FaceRecognition.Test.DLL" adapterTypeName="Microsoft.VisualStudio.TestTools.TestTypes.Unit.UnitTestAdapter, Microsoft.VisualStudio.QualityTools.Tips.UnitTest.Adapter, Version=10.0.0.0, Culture=neutral, PublicKeyToken=b03f5f7f11d50a3a" className="FaceRecognition.Test.RecognizeClassViewModelTest, FaceRecognition.Test, Version=1.0.0.0, Culture=neutral, PublicKeyToken=null" name="TestFaceTest" />
    </UnitTest>
    <UnitTest name="WindowPositionTest" storage="d:\diplomproject\facerecognition\facerecognition.test\bin\debug\facerecognition.test.dll" id="1e4a691e-ad2e-1adf-70af-d2ec6c26a128">
      <Execution id="af1465e0-e079-4778-9bcc-c510efeb05f1" />
      <TestMethod codeBase="D:/DiplomProject/FaceRecognition/FaceRecognition.Test/bin/Debug/FaceRecognition.Test.DLL" adapterTypeName="Microsoft.VisualStudio.TestTools.TestTypes.Unit.UnitTestAdapter, Microsoft.VisualStudio.QualityTools.Tips.UnitTest.Adapter, Version=10.0.0.0, Culture=neutral, PublicKeyToken=b03f5f7f11d50a3a" className="FaceRecognition.Test.SettingsTest, FaceRecognition.Test, Version=1.0.0.0, Culture=neutral, PublicKeyToken=null" name="WindowPositionTest" />
    </UnitTest>
    <UnitTest name="MainWindow_ImagesPreprocessedEventTest" storage="d:\diplomproject\facerecognition\facerecognition.test\bin\debug\facerecognition.test.dll" id="b503a79c-cb51-a2d5-0dad-48bb9930acb1">
      <DeploymentItems>
        <DeploymentItem filename="FaceRecognition.exe" />
      </DeploymentItems>
      <Execution id="b59ceb30-d074-4708-8bf5-7b6bbb993b9b" />
      <TestMethod codeBase="D:/DiplomProject/FaceRecognition/FaceRecognition.Test/bin/Debug/FaceRecognition.Test.DLL" adapterTypeName="Microsoft.VisualStudio.TestTools.TestTypes.Unit.UnitTestAdapter, Microsoft.VisualStudio.QualityTools.Tips.UnitTest.Adapter, Version=10.0.0.0, Culture=neutral, PublicKeyToken=b03f5f7f11d50a3a" className="FaceRecognition.Test.PreprocessingPanelControlTest, FaceRecognition.Test, Version=1.0.0.0, Culture=neutral, PublicKeyToken=null" name="MainWindow_ImagesPreprocessedEventTest" />
    </UnitTest>
    <UnitTest name="CreateDataDirTest" storage="d:\diplomproject\facerecognition\facerecognition.test\bin\debug\facerecognition.test.dll" id="80753c0e-e8ac-dc37-92a2-c9a69472753d">
      <DeploymentItems>
        <DeploymentItem filename="FaceRecognition.exe" />
      </DeploymentItems>
      <Execution id="8e6b7656-ea7e-4f65-b742-4c4b4d216534" />
      <TestMethod codeBase="D:/DiplomProject/FaceRecognition/FaceRecognition.Test/bin/Debug/FaceRecognition.Test.DLL" adapterTypeName="Microsoft.VisualStudio.TestTools.TestTypes.Unit.UnitTestAdapter, Microsoft.VisualStudio.QualityTools.Tips.UnitTest.Adapter, Version=10.0.0.0, Culture=neutral, PublicKeyToken=b03f5f7f11d50a3a" className="FaceRecognition.Test.ViewModelBaseTest, FaceRecognition.Test, Version=1.0.0.0, Culture=neutral, PublicKeyToken=null" name="CreateDataDirTest" />
    </UnitTest>
    <UnitTest name="FTest" storage="d:\diplomproject\facerecognition\facerecognition.test\bin\debug\facerecognition.test.dll" id="88a91f14-dad9-324b-a168-24e316ef6b07">
      <Execution id="93414696-527b-48fb-bc87-854117ca3945" />
      <TestMethod codeBase="D:/DiplomProject/FaceRecognition/FaceRecognition.Test/bin/Debug/FaceRecognition.Test.DLL" adapterTypeName="Microsoft.VisualStudio.TestTools.TestTypes.Unit.UnitTestAdapter, Microsoft.VisualStudio.QualityTools.Tips.UnitTest.Adapter, Version=10.0.0.0, Culture=neutral, PublicKeyToken=b03f5f7f11d50a3a" className="FaceRecognition.Test.IBackPropagationTest, FaceRecognition.Test, Version=1.0.0.0, Culture=neutral, PublicKeyToken=null" name="FTest" />
    </UnitTest>
    <UnitTest name="PreprocessingPanelViewModel_SetNumberTrainTestFacesEventTest" storage="d:\diplomproject\facerecognition\facerecognition.test\bin\debug\facerecognition.test.dll" id="53d53476-f287-0d0c-a265-f006a5f635d7">
      <DeploymentItems>
        <DeploymentItem filename="FaceRecognition.exe" />
      </DeploymentItems>
      <Execution id="d4076171-002c-4310-abcc-3f9bb53cfe02" />
      <TestMethod codeBase="D:/DiplomProject/FaceRecognition/FaceRecognition.Test/bin/Debug/FaceRecognition.Test.DLL" adapterTypeName="Microsoft.VisualStudio.TestTools.TestTypes.Unit.UnitTestAdapter, Microsoft.VisualStudio.QualityTools.Tips.UnitTest.Adapter, Version=10.0.0.0, Culture=neutral, PublicKeyToken=b03f5f7f11d50a3a" className="FaceRecognition.Test.ResultsFaceRecognitionViewModelTest, FaceRecognition.Test, Version=1.0.0.0, Culture=neutral, PublicKeyToken=null" name="PreprocessingPanelViewModel_SetNumberTrainTestFacesEventTest" />
    </UnitTest>
    <UnitTest name="SaveRecognitionMethodTest" storage="d:\diplomproject\facerecognition\facerecognition.test\bin\debug\facerecognition.test.dll" id="ae468d71-c7bc-ff57-62cd-00934e08157f">
      <Execution id="bb5d6aa6-cea2-4757-a2c7-d5e2c6954026" />
      <TestMethod codeBase="D:/DiplomProject/FaceRecognition/FaceRecognition.Test/bin/Debug/FaceRecognition.Test.DLL" adapterTypeName="Microsoft.VisualStudio.TestTools.TestTypes.Unit.UnitTestAdapter, Microsoft.VisualStudio.QualityTools.Tips.UnitTest.Adapter, Version=10.0.0.0, Culture=neutral, PublicKeyToken=b03f5f7f11d50a3a" className="FaceRecognition.Test.SelectionRecognitionMethodViewModelTest, FaceRecognition.Test, Version=1.0.0.0, Culture=neutral, PublicKeyToken=null" name="SaveRecognitionMethodTest" />
    </UnitTest>
    <UnitTest name="TrainAndTestFaceViewModel_ControlStateChangedTest" storage="d:\diplomproject\facerecognition\facerecognition.test\bin\debug\facerecognition.test.dll" id="a10bfb72-9460-0dcb-b97b-f3ea21b62a36">
      <DeploymentItems>
        <DeploymentItem filename="FaceRecognition.exe" />
      </DeploymentItems>
      <Execution id="d4829cb0-d34a-4f29-bd98-a4958f687630" />
      <TestMethod codeBase="D:/DiplomProject/FaceRecognition/FaceRecognition.Test/bin/Debug/FaceRecognition.Test.DLL" adapterTypeName="Microsoft.VisualStudio.TestTools.TestTypes.Unit.UnitTestAdapter, Microsoft.VisualStudio.QualityTools.Tips.UnitTest.Adapter, Version=10.0.0.0, Culture=neutral, PublicKeyToken=b03f5f7f11d50a3a" className="FaceRecognition.Test.MainWindowTest, FaceRecognition.Test, Version=1.0.0.0, Culture=neutral, PublicKeyToken=null" name="TrainAndTestFaceViewModel_ControlStateChangedTest" />
    </UnitTest>
    <UnitTest name="selectOddImageBtn_ClickTest" storage="d:\diplomproject\facerecognition\facerecognition.test\bin\debug\facerecognition.test.dll" id="e31b5823-cfc6-5ee5-e387-4af0b52fda8f">
      <DeploymentItems>
        <DeploymentItem filename="FaceRecognition.exe" />
      </DeploymentItems>
      <Execution id="35b913a3-d326-4e8e-b440-c4817749cd3d" />
      <TestMethod codeBase="D:/DiplomProject/FaceRecognition/FaceRecognition.Test/bin/Debug/FaceRecognition.Test.DLL" adapterTypeName="Microsoft.VisualStudio.TestTools.TestTypes.Unit.UnitTestAdapter, Microsoft.VisualStudio.QualityTools.Tips.UnitTest.Adapter, Version=10.0.0.0, Culture=neutral, PublicKeyToken=b03f5f7f11d50a3a" className="FaceRecognition.Test.SelectionTrainTestImagesControlTest, FaceRecognition.Test, Version=1.0.0.0, Culture=neutral, PublicKeyToken=null" name="selectOddImageBtn_ClickTest" />
    </UnitTest>
    <UnitTest name="OnPropertyChangedTest" storage="d:\diplomproject\facerecognition\facerecognition.test\bin\debug\facerecognition.test.dll" id="96ae07d9-de68-6735-e02a-3056e20ffd3a">
      <Execution id="9b664724-29ab-4527-8405-4bcd8d02621c" />
      <TestMethod codeBase="D:/DiplomProject/FaceRecognition/FaceRecognition.Test/bin/Debug/FaceRecognition.Test.DLL" adapterTypeName="Microsoft.VisualStudio.TestTools.TestTypes.Unit.UnitTestAdapter, Microsoft.VisualStudio.QualityTools.Tips.UnitTest.Adapter, Version=10.0.0.0, Culture=neutral, PublicKeyToken=b03f5f7f11d50a3a" className="FaceRecognition.Test.ViewModelBaseTest, FaceRecognition.Test, Version=1.0.0.0, Culture=neutral, PublicKeyToken=null" name="OnPropertyChangedTest" />
    </UnitTest>
    <UnitTest name="SelectedMethodTest" storage="d:\diplomproject\facerecognition\facerecognition.test\bin\debug\facerecognition.test.dll" id="d67db5fd-3360-e0cf-5b7d-b0406031914d">
      <DeploymentItems>
        <DeploymentItem filename="FaceRecognition.exe" />
      </DeploymentItems>
      <Execution id="6bb6cc3f-2e46-4c3d-a42f-2fda3e58d322" />
      <TestMethod codeBase="D:/DiplomProject/FaceRecognition/FaceRecognition.Test/bin/Debug/FaceRecognition.Test.DLL" adapterTypeName="Microsoft.VisualStudio.TestTools.TestTypes.Unit.UnitTestAdapter, Microsoft.VisualStudio.QualityTools.Tips.UnitTest.Adapter, Version=10.0.0.0, Culture=neutral, PublicKeyToken=b03f5f7f11d50a3a" className="FaceRecognition.Test.RecognizeMethodEventArgsTest, FaceRecognition.Test, Version=1.0.0.0, Culture=neutral, PublicKeyToken=null" name="SelectedMethodTest" />
    </UnitTest>
    <UnitTest name="InitializeNetworkTest" storage="d:\diplomproject\facerecognition\facerecognition.test\bin\debug\facerecognition.test.dll" id="a8d5936f-018a-b2b5-d5b0-e28cafa20828">
      <Execution id="b19e78f0-2b24-4130-8c5c-f551ca04d94e" />
      <TestMethod codeBase="D:/DiplomProject/FaceRecognition/FaceRecognition.Test/bin/Debug/FaceRecognition.Test.DLL" adapterTypeName="Microsoft.VisualStudio.TestTools.TestTypes.Unit.UnitTestAdapter, Microsoft.VisualStudio.QualityTools.Tips.UnitTest.Adapter, Version=10.0.0.0, Culture=neutral, PublicKeyToken=b03f5f7f11d50a3a" className="FaceRecognition.Test.BackPropagationTwoLayersTest, FaceRecognition.Test, Version=1.0.0.0, Culture=neutral, PublicKeyToken=null" name="InitializeNetworkTest" />
    </UnitTest>
    <UnitTest name="OnPreprocessedPanelVisibledTest" storage="d:\diplomproject\facerecognition\facerecognition.test\bin\debug\facerecognition.test.dll" id="4771bf7a-9132-aed2-0b77-0c94f75f669f">
      <DeploymentItems>
        <DeploymentItem filename="FaceRecognition.exe" />
      </DeploymentItems>
      <Execution id="0e124afe-11ee-402e-b6c8-1f3f2cb324da" />
      <TestMethod codeBase="D:/DiplomProject/FaceRecognition/FaceRecognition.Test/bin/Debug/FaceRecognition.Test.DLL" adapterTypeName="Microsoft.VisualStudio.TestTools.TestTypes.Unit.UnitTestAdapter, Microsoft.VisualStudio.QualityTools.Tips.UnitTest.Adapter, Version=10.0.0.0, Culture=neutral, PublicKeyToken=b03f5f7f11d50a3a" className="FaceRecognition.Test.PreprocessingPanelControlTest, FaceRecognition.Test, Version=1.0.0.0, Culture=neutral, PublicKeyToken=null" name="OnPreprocessedPanelVisibledTest" />
    </UnitTest>
    <UnitTest name="GenerateTrainingSetTest" storage="d:\diplomproject\facerecognition\facerecognition.test\bin\debug\facerecognition.test.dll" id="fee050b1-946a-cafa-63ea-c99fdd8a2aa1">
      <DeploymentItems>
        <DeploymentItem filename="FaceRecognition.exe" />
      </DeploymentItems>
      <Execution id="f0d9bd71-ae71-4194-97c8-cb661bf73cca" />
      <TestMethod codeBase="D:/DiplomProject/FaceRecognition/FaceRecognition.Test/bin/Debug/FaceRecognition.Test.DLL" adapterTypeName="Microsoft.VisualStudio.TestTools.TestTypes.Unit.UnitTestAdapter, Microsoft.VisualStudio.QualityTools.Tips.UnitTest.Adapter, Version=10.0.0.0, Culture=neutral, PublicKeyToken=b03f5f7f11d50a3a" className="FaceRecognition.Test.NeuralNetworksViewModelTest, FaceRecognition.Test, Version=1.0.0.0, Culture=neutral, PublicKeyToken=null" name="GenerateTrainingSetTest" />
    </UnitTest>
    <UnitTest name="DropTrainImageTest" storage="d:\diplomproject\facerecognition\facerecognition.test\bin\debug\facerecognition.test.dll" id="5e351464-e6a6-1d5f-1dcc-825209ba7726">
      <DeploymentItems>
        <DeploymentItem filename="FaceRecognition.exe" />
      </DeploymentItems>
      <Execution id="32b4ff16-456e-4704-a14c-063f564762ef" />
      <TestMethod codeBase="D:/DiplomProject/FaceRecognition/FaceRecognition.Test/bin/Debug/FaceRecognition.Test.DLL" adapterTypeName="Microsoft.VisualStudio.TestTools.TestTypes.Unit.UnitTestAdapter, Microsoft.VisualStudio.QualityTools.Tips.UnitTest.Adapter, Version=10.0.0.0, Culture=neutral, PublicKeyToken=b03f5f7f11d50a3a" className="FaceRecognition.Test.SelectionTrainTestImagesControlTest, FaceRecognition.Test, Version=1.0.0.0, Culture=neutral, PublicKeyToken=null" name="DropTrainImageTest" />
    </UnitTest>
    <UnitTest name="_DefaultTest" storage="d:\diplomproject\facerecognition\facerecognition.test\bin\debug\facerecognition.test.dll" id="89889c63-3624-1133-33de-7997331a9719">
      <Execution id="075838d0-f8c9-4214-ae71-323db4bb88b4" />
      <TestMethod codeBase="D:/DiplomProject/FaceRecognition/FaceRecognition.Test/bin/Debug/FaceRecognition.Test.DLL" adapterTypeName="Microsoft.VisualStudio.TestTools.TestTypes.Unit.UnitTestAdapter, Microsoft.VisualStudio.QualityTools.Tips.UnitTest.Adapter, Version=10.0.0.0, Culture=neutral, PublicKeyToken=b03f5f7f11d50a3a" className="FaceRecognition.Test.RangeTest, FaceRecognition.Test, Version=1.0.0.0, Culture=neutral, PublicKeyToken=null" name="_DefaultTest" />
    </UnitTest>
    <UnitTest name="NameTest" storage="d:\diplomproject\facerecognition\facerecognition.test\bin\debug\facerecognition.test.dll" id="167e9a65-a391-1d73-62a9-fb46bd5803f6">
      <Execution id="3d6b4b2b-0efc-4321-860f-0b627ae10088" />
      <TestMethod codeBase="D:/DiplomProject/FaceRecognition/FaceRecognition.Test/bin/Debug/FaceRecognition.Test.DLL" adapterTypeName="Microsoft.VisualStudio.TestTools.TestTypes.Unit.UnitTestAdapter, Microsoft.VisualStudio.QualityTools.Tips.UnitTest.Adapter, Version=10.0.0.0, Culture=neutral, PublicKeyToken=b03f5f7f11d50a3a" className="FaceRecognition.Test.ResultsFaceRecognitionViewModelTest, FaceRecognition.Test, Version=1.0.0.0, Culture=neutral, PublicKeyToken=null" name="NameTest" />
    </UnitTest>
    <UnitTest name="AboutWindow_TitleTest" storage="d:\diplomproject\facerecognition\facerecognition.test\bin\debug\facerecognition.test.dll" id="36d6a853-2a02-17bb-d425-98d5cf6cd529">
      <Execution id="2b27f0b2-8b62-4620-856c-aceb19f6466f" />
      <TestMethod codeBase="D:/DiplomProject/FaceRecognition/FaceRecognition.Test/bin/Debug/FaceRecognition.Test.DLL" adapterTypeName="Microsoft.VisualStudio.TestTools.TestTypes.Unit.UnitTestAdapter, Microsoft.VisualStudio.QualityTools.Tips.UnitTest.Adapter, Version=10.0.0.0, Culture=neutral, PublicKeyToken=b03f5f7f11d50a3a" className="FaceRecognition.Test.StringsTest, FaceRecognition.Test, Version=1.0.0.0, Culture=neutral, PublicKeyToken=null" name="AboutWindow_TitleTest" />
    </UnitTest>
    <UnitTest name="delSelTrainItemsBtn_ClickTest" storage="d:\diplomproject\facerecognition\facerecognition.test\bin\debug\facerecognition.test.dll" id="c319e922-c1dc-240b-7ae1-1ab81127b20a">
      <DeploymentItems>
        <DeploymentItem filename="FaceRecognition.exe" />
      </DeploymentItems>
      <Execution id="56d7703c-c725-4f33-a34e-6c6fa1834b1d" />
      <TestMethod codeBase="D:/DiplomProject/FaceRecognition/FaceRecognition.Test/bin/Debug/FaceRecognition.Test.DLL" adapterTypeName="Microsoft.VisualStudio.TestTools.TestTypes.Unit.UnitTestAdapter, Microsoft.VisualStudio.QualityTools.Tips.UnitTest.Adapter, Version=10.0.0.0, Culture=neutral, PublicKeyToken=b03f5f7f11d50a3a" className="FaceRecognition.Test.SelectionTrainTestImagesControlTest, FaceRecognition.Test, Version=1.0.0.0, Culture=neutral, PublicKeyToken=null" name="delSelTrainItemsBtn_ClickTest" />
    </UnitTest>
    <UnitTest name="UpdateIterationTest" storage="d:\diplomproject\facerecognition\facerecognition.test\bin\debug\facerecognition.test.dll" id="cfc0b2a0-c247-10bd-fdd2-89e481912bfb">
      <DeploymentItems>
        <DeploymentItem filename="FaceRecognition.exe" />
      </DeploymentItems>
      <Execution id="ab927ad6-568d-4859-bf0f-1c78f2d7a08d" />
      <TestMethod codeBase="D:/DiplomProject/FaceRecognition/FaceRecognition.Test/bin/Debug/FaceRecognition.Test.DLL" adapterTypeName="Microsoft.VisualStudio.TestTools.TestTypes.Unit.UnitTestAdapter, Microsoft.VisualStudio.QualityTools.Tips.UnitTest.Adapter, Version=10.0.0.0, Culture=neutral, PublicKeyToken=b03f5f7f11d50a3a" className="FaceRecognition.Test.NeuralNetworksViewModelTest, FaceRecognition.Test, Version=1.0.0.0, Culture=neutral, PublicKeyToken=null" name="UpdateIterationTest" />
    </UnitTest>
    <UnitTest name="RecognizeTest" storage="d:\diplomproject\facerecognition\facerecognition.test\bin\debug\facerecognition.test.dll" id="3d1ffb52-b06a-ac0f-7f2a-3fb0c91a4e83">
      <Execution id="8f0d60bc-f917-4dbf-bf6a-b6de0cf9ee1c" />
      <TestMethod codeBase="D:/DiplomProject/FaceRecognition/FaceRecognition.Test/bin/Debug/FaceRecognition.Test.DLL" adapterTypeName="Microsoft.VisualStudio.TestTools.TestTypes.Unit.UnitTestAdapter, Microsoft.VisualStudio.QualityTools.Tips.UnitTest.Adapter, Version=10.0.0.0, Culture=neutral, PublicKeyToken=b03f5f7f11d50a3a" className="FaceRecognition.Test.IBackPropagationTest, FaceRecognition.Test, Version=1.0.0.0, Culture=neutral, PublicKeyToken=null" name="RecognizeTest" />
    </UnitTest>
    <UnitTest name="_trainTimer_ElapsedTest" storage="d:\diplomproject\facerecognition\facerecognition.test\bin\debug\facerecognition.test.dll" id="14234d76-e48c-d4f7-1632-d9d65ff64476">
      <DeploymentItems>
        <DeploymentItem filename="FaceRecognition.exe" />
      </DeploymentItems>
      <Execution id="2b498cc3-2622-4ec5-9ec2-d984203546a2" />
      <TestMethod codeBase="D:/DiplomProject/FaceRecognition/FaceRecognition.Test/bin/Debug/FaceRecognition.Test.DLL" adapterTypeName="Microsoft.VisualStudio.TestTools.TestTypes.Unit.UnitTestAdapter, Microsoft.VisualStudio.QualityTools.Tips.UnitTest.Adapter, Version=10.0.0.0, Culture=neutral, PublicKeyToken=b03f5f7f11d50a3a" className="FaceRecognition.Test.NeuralNetworksViewModelTest, FaceRecognition.Test, Version=1.0.0.0, Culture=neutral, PublicKeyToken=null" name="_trainTimer_ElapsedTest" />
    </UnitTest>
    <UnitTest name="CellsTest" storage="d:\diplomproject\facerecognition\facerecognition.test\bin\debug\facerecognition.test.dll" id="21bc34ea-a52c-1c85-61b5-ae2e2de0bcde">
      <Execution id="24200c2c-6c21-48c7-a584-43a7bbdf92d5" />
      <TestMethod codeBase="D:/DiplomProject/FaceRecognition/FaceRecognition.Test/bin/Debug/FaceRecognition.Test.DLL" adapterTypeName="Microsoft.VisualStudio.TestTools.TestTypes.Unit.UnitTestAdapter, Microsoft.VisualStudio.QualityTools.Tips.UnitTest.Adapter, Version=10.0.0.0, Culture=neutral, PublicKeyToken=b03f5f7f11d50a3a" className="FaceRecognition.Test._WorksheetTest, FaceRecognition.Test, Version=1.0.0.0, Culture=neutral, PublicKeyToken=null" name="CellsTest" />
    </UnitTest>
    <UnitTest name="TrainStatusTest" storage="d:\diplomproject\facerecognition\facerecognition.test\bin\debug\facerecognition.test.dll" id="34676fcc-ec3b-1942-a6bb-6a86e5e34dfb">
      <Execution id="d1e31078-d192-422d-9b84-218ed252fbd5" />
      <TestMethod codeBase="D:/DiplomProject/FaceRecognition/FaceRecognition.Test/bin/Debug/FaceRecognition.Test.DLL" adapterTypeName="Microsoft.VisualStudio.TestTools.TestTypes.Unit.UnitTestAdapter, Microsoft.VisualStudio.QualityTools.Tips.UnitTest.Adapter, Version=10.0.0.0, Culture=neutral, PublicKeyToken=b03f5f7f11d50a3a" className="FaceRecognition.Test.RecognizeMethodsViewModelBaseTest, FaceRecognition.Test, Version=1.0.0.0, Culture=neutral, PublicKeyToken=null" name="TrainStatusTest" />
    </UnitTest>
    <UnitTest name="NeuralNetworksViewModelConstructorTest" storage="d:\diplomproject\facerecognition\facerecognition.test\bin\debug\facerecognition.test.dll" id="12e8cee5-e5fd-f6df-4af1-a8d150dcea96">
      <Execution id="a4b62a98-1c43-4621-9390-0648a114a47f" />
      <TestMethod codeBase="D:/DiplomProject/FaceRecognition/FaceRecognition.Test/bin/Debug/FaceRecognition.Test.DLL" adapterTypeName="Microsoft.VisualStudio.TestTools.TestTypes.Unit.UnitTestAdapter, Microsoft.VisualStudio.QualityTools.Tips.UnitTest.Adapter, Version=10.0.0.0, Culture=neutral, PublicKeyToken=b03f5f7f11d50a3a" className="FaceRecognition.Test.NeuralNetworksViewModelTest, FaceRecognition.Test, Version=1.0.0.0, Culture=neutral, PublicKeyToken=null" name="NeuralNetworksViewModelConstructorTest" />
    </UnitTest>
    <UnitTest name="RecognizeClassViewModelConstructorTest" storage="d:\diplomproject\facerecognition\facerecognition.test\bin\debug\facerecognition.test.dll" id="aec67516-21df-9c41-abd4-4a6ffc3b99ac">
      <Execution id="d652f2b7-5c7a-4949-a768-bdf185497f45" />
      <TestMethod codeBase="D:/DiplomProject/FaceRecognition/FaceRecognition.Test/bin/Debug/FaceRecognition.Test.DLL" adapterTypeName="Microsoft.VisualStudio.TestTools.TestTypes.Unit.UnitTestAdapter, Microsoft.VisualStudio.QualityTools.Tips.UnitTest.Adapter, Version=10.0.0.0, Culture=neutral, PublicKeyToken=b03f5f7f11d50a3a" className="FaceRecognition.Test.RecognizeClassViewModelTest, FaceRecognition.Test, Version=1.0.0.0, Culture=neutral, PublicKeyToken=null" name="RecognizeClassViewModelConstructorTest" />
    </UnitTest>
    <UnitTest name="InitializeComponentTest" storage="d:\diplomproject\facerecognition\facerecognition.test\bin\debug\facerecognition.test.dll" id="b485b9b8-d208-51fd-8c2a-1f594054ae65">
      <Execution id="146bde3c-4ebb-4cd3-a239-da59fdb1abc5" />
      <TestMethod codeBase="D:/DiplomProject/FaceRecognition/FaceRecognition.Test/bin/Debug/FaceRecognition.Test.DLL" adapterTypeName="Microsoft.VisualStudio.TestTools.TestTypes.Unit.UnitTestAdapter, Microsoft.VisualStudio.QualityTools.Tips.UnitTest.Adapter, Version=10.0.0.0, Culture=neutral, PublicKeyToken=b03f5f7f11d50a3a" className="FaceRecognition.Test.RecognizePanelControlTest, FaceRecognition.Test, Version=1.0.0.0, Culture=neutral, PublicKeyToken=null" name="InitializeComponentTest" />
    </UnitTest>
    <UnitTest name="TrainFacesTest" storage="d:\diplomproject\facerecognition\facerecognition.test\bin\debug\facerecognition.test.dll" id="909bd9b8-5a33-7ada-50d1-0dbf0a3c3ba0">
      <Execution id="1cb60f08-9109-4e5a-b479-8f713e13a1bf" />
      <TestMethod codeBase="D:/DiplomProject/FaceRecognition/FaceRecognition.Test/bin/Debug/FaceRecognition.Test.DLL" adapterTypeName="Microsoft.VisualStudio.TestTools.TestTypes.Unit.UnitTestAdapter, Microsoft.VisualStudio.QualityTools.Tips.UnitTest.Adapter, Version=10.0.0.0, Culture=neutral, PublicKeyToken=b03f5f7f11d50a3a" className="FaceRecognition.Test.ViewModelBaseTest, FaceRecognition.Test, Version=1.0.0.0, Culture=neutral, PublicKeyToken=null" name="TrainFacesTest" />
    </UnitTest>
    <UnitTest name="GetErrorTest" storage="d:\diplomproject\facerecognition\facerecognition.test\bin\debug\facerecognition.test.dll" id="966b5aa5-558e-d661-17d2-1085377c4576">
      <Execution id="58e22a85-dc8c-4b42-bd6e-17eff9bde1f2" />
      <TestMethod codeBase="D:/DiplomProject/FaceRecognition/FaceRecognition.Test/bin/Debug/FaceRecognition.Test.DLL" adapterTypeName="Microsoft.VisualStudio.TestTools.TestTypes.Unit.UnitTestAdapter, Microsoft.VisualStudio.QualityTools.Tips.UnitTest.Adapter, Version=10.0.0.0, Culture=neutral, PublicKeyToken=b03f5f7f11d50a3a" className="FaceRecognition.Test.BackPropagationThreeLayersTest, FaceRecognition.Test, Version=1.0.0.0, Culture=neutral, PublicKeyToken=null" name="GetErrorTest" />
    </UnitTest>
    <UnitTest name="RecognizeEventArgsConstructorTest" storage="d:\diplomproject\facerecognition\facerecognition.test\bin\debug\facerecognition.test.dll" id="642b3077-c714-6a17-5a1b-f9cf17d447d6">
      <Execution id="6ea78aeb-8a4c-4137-8d87-c60c32e204a7" />
      <TestMethod codeBase="D:/DiplomProject/FaceRecognition/FaceRecognition.Test/bin/Debug/FaceRecognition.Test.DLL" adapterTypeName="Microsoft.VisualStudio.TestTools.TestTypes.Unit.UnitTestAdapter, Microsoft.VisualStudio.QualityTools.Tips.UnitTest.Adapter, Version=10.0.0.0, Culture=neutral, PublicKeyToken=b03f5f7f11d50a3a" className="FaceRecognition.Test.RecognizeEventArgsTest, FaceRecognition.Test, Version=1.0.0.0, Culture=neutral, PublicKeyToken=null" name="RecognizeEventArgsConstructorTest" />
    </UnitTest>
    <UnitTest name="RecognizeTest" storage="d:\diplomproject\facerecognition\facerecognition.test\bin\debug\facerecognition.test.dll" id="3ce87519-65b7-2af6-db7d-ec69eccf81ec">
      <Execution id="b43426dd-09e9-49a7-a192-d3697b8466de" />
      <TestMethod codeBase="D:/DiplomProject/FaceRecognition/FaceRecognition.Test/bin/Debug/FaceRecognition.Test.DLL" adapterTypeName="Microsoft.VisualStudio.TestTools.TestTypes.Unit.UnitTestAdapter, Microsoft.VisualStudio.QualityTools.Tips.UnitTest.Adapter, Version=10.0.0.0, Culture=neutral, PublicKeyToken=b03f5f7f11d50a3a" className="FaceRecognition.Test.RecognitionMethodBaseTest, FaceRecognition.Test, Version=1.0.0.0, Culture=neutral, PublicKeyToken=null" name="RecognizeTest" />
    </UnitTest>
    <UnitTest name="RecognizeTest" storage="d:\diplomproject\facerecognition\facerecognition.test\bin\debug\facerecognition.test.dll" id="b6d616da-461f-2ef0-1a75-14167ecdd8e2">
      <Execution id="ea72387e-6b13-4f95-923c-8d40c3e894f5" />
      <TestMethod codeBase="D:/DiplomProject/FaceRecognition/FaceRecognition.Test/bin/Debug/FaceRecognition.Test.DLL" adapterTypeName="Microsoft.VisualStudio.TestTools.TestTypes.Unit.UnitTestAdapter, Microsoft.VisualStudio.QualityTools.Tips.UnitTest.Adapter, Version=10.0.0.0, Culture=neutral, PublicKeyToken=b03f5f7f11d50a3a" className="FaceRecognition.Test.RecognizeMethodsViewModelBaseTest, FaceRecognition.Test, Version=1.0.0.0, Culture=neutral, PublicKeyToken=null" name="RecognizeTest" />
    </UnitTest>
    <UnitTest name="RecognizeTest" storage="d:\diplomproject\facerecognition\facerecognition.test\bin\debug\facerecognition.test.dll" id="d6ef7d7c-72fc-3c70-f9f4-ed5baebc2a72">
      <Execution id="fdae2ed1-0941-475b-9063-4c913ea445b9" />
      <TestMethod codeBase="D:/DiplomProject/FaceRecognition/FaceRecognition.Test/bin/Debug/FaceRecognition.Test.DLL" adapterTypeName="Microsoft.VisualStudio.TestTools.TestTypes.Unit.UnitTestAdapter, Microsoft.VisualStudio.QualityTools.Tips.UnitTest.Adapter, Version=10.0.0.0, Culture=neutral, PublicKeyToken=b03f5f7f11d50a3a" className="FaceRecognition.Test.BackPropagationOneLayerTest, FaceRecognition.Test, Version=1.0.0.0, Culture=neutral, PublicKeyToken=null" name="RecognizeTest" />
    </UnitTest>
    <UnitTest name="SelectionRecognitionMethodViewModel_BeginRecognitionEventTest" storage="d:\diplomproject\facerecognition\facerecognition.test\bin\debug\facerecognition.test.dll" id="2d544965-1a30-5396-b359-21420284d6d0">
      <DeploymentItems>
        <DeploymentItem filename="FaceRecognition.exe" />
      </DeploymentItems>
      <Execution id="b4990aeb-e218-42f3-abe8-a5ee10c710db" />
      <TestMethod codeBase="D:/DiplomProject/FaceRecognition/FaceRecognition.Test/bin/Debug/FaceRecognition.Test.DLL" adapterTypeName="Microsoft.VisualStudio.TestTools.TestTypes.Unit.UnitTestAdapter, Microsoft.VisualStudio.QualityTools.Tips.UnitTest.Adapter, Version=10.0.0.0, Culture=neutral, PublicKeyToken=b03f5f7f11d50a3a" className="FaceRecognition.Test.RecognizeMethodsViewModelBaseTest, FaceRecognition.Test, Version=1.0.0.0, Culture=neutral, PublicKeyToken=null" name="SelectionRecognitionMethodViewModel_BeginRecognitionEventTest" />
    </UnitTest>
    <UnitTest name="LayersTest" storage="d:\diplomproject\facerecognition\facerecognition.test\bin\debug\facerecognition.test.dll" id="94d980fc-84aa-1439-04c5-1169ac0bb330">
      <Execution id="28dd7971-716c-4747-9ac9-0091a5d01240" />
      <TestMethod codeBase="D:/DiplomProject/FaceRecognition/FaceRecognition.Test/bin/Debug/FaceRecognition.Test.DLL" adapterTypeName="Microsoft.VisualStudio.TestTools.TestTypes.Unit.UnitTestAdapter, Microsoft.VisualStudio.QualityTools.Tips.UnitTest.Adapter, Version=10.0.0.0, Culture=neutral, PublicKeyToken=b03f5f7f11d50a3a" className="FaceRecognition.Test.NeuralNetworksViewModelTest, FaceRecognition.Test, Version=1.0.0.0, Culture=neutral, PublicKeyToken=null" name="LayersTest" />
    </UnitTest>
    <UnitTest name="SaveRecognizedFacesTest" storage="d:\diplomproject\facerecognition\facerecognition.test\bin\debug\facerecognition.test.dll" id="d178e71d-2faa-d345-745d-d132b53660d6">
      <DeploymentItems>
        <DeploymentItem filename="FaceRecognition.exe" />
      </DeploymentItems>
      <Execution id="ce4e23ba-baaf-4604-8567-fe54736c67f6" />
      <TestMethod codeBase="D:/DiplomProject/FaceRecognition/FaceRecognition.Test/bin/Debug/FaceRecognition.Test.DLL" adapterTypeName="Microsoft.VisualStudio.TestTools.TestTypes.Unit.UnitTestAdapter, Microsoft.VisualStudio.QualityTools.Tips.UnitTest.Adapter, Version=10.0.0.0, Culture=neutral, PublicKeyToken=b03f5f7f11d50a3a" className="FaceRecognition.Test.ViewModelBaseTest, FaceRecognition.Test, Version=1.0.0.0, Culture=neutral, PublicKeyToken=null" name="SaveRecognizedFacesTest" />
    </UnitTest>
    <UnitTest name="InputUnitsTest" storage="d:\diplomproject\facerecognition\facerecognition.test\bin\debug\facerecognition.test.dll" id="30e8026d-a5f3-c5ca-5bd6-c2032ca8f1bd">
      <Execution id="b5768fb1-9dfa-481f-a5d4-3e025481f413" />
      <TestMethod codeBase="D:/DiplomProject/FaceRecognition/FaceRecognition.Test/bin/Debug/FaceRecognition.Test.DLL" adapterTypeName="Microsoft.VisualStudio.TestTools.TestTypes.Unit.UnitTestAdapter, Microsoft.VisualStudio.QualityTools.Tips.UnitTest.Adapter, Version=10.0.0.0, Culture=neutral, PublicKeyToken=b03f5f7f11d50a3a" className="FaceRecognition.Test.NeuralNetworksViewModelTest, FaceRecognition.Test, Version=1.0.0.0, Culture=neutral, PublicKeyToken=null" name="InputUnitsTest" />
    </UnitTest>
    <UnitTest name="SaveTrainImagesTest" storage="d:\diplomproject\facerecognition\facerecognition.test\bin\debug\facerecognition.test.dll" id="87942b6a-4280-63aa-c943-022d9920cb12">
      <DeploymentItems>
        <DeploymentItem filename="FaceRecognition.exe" />
      </DeploymentItems>
      <Execution id="b0e74d96-0f45-4def-af3d-0f1861f65e53" />
      <TestMethod codeBase="D:/DiplomProject/FaceRecognition/FaceRecognition.Test/bin/Debug/FaceRecognition.Test.DLL" adapterTypeName="Microsoft.VisualStudio.TestTools.TestTypes.Unit.UnitTestAdapter, Microsoft.VisualStudio.QualityTools.Tips.UnitTest.Adapter, Version=10.0.0.0, Culture=neutral, PublicKeyToken=b03f5f7f11d50a3a" className="FaceRecognition.Test.ViewModelBaseTest, FaceRecognition.Test, Version=1.0.0.0, Culture=neutral, PublicKeyToken=null" name="SaveTrainImagesTest" />
    </UnitTest>
    <UnitTest name="selectEvenImageBtn_ClickTest" storage="d:\diplomproject\facerecognition\facerecognition.test\bin\debug\facerecognition.test.dll" id="9de08402-80a6-ea4a-e8e2-4c72e448860b">
      <DeploymentItems>
        <DeploymentItem filename="FaceRecognition.exe" />
      </DeploymentItems>
      <Execution id="730d9f56-7853-4e14-a66f-1ebd0d2c3083" />
      <TestMethod codeBase="D:/DiplomProject/FaceRecognition/FaceRecognition.Test/bin/Debug/FaceRecognition.Test.DLL" adapterTypeName="Microsoft.VisualStudio.TestTools.TestTypes.Unit.UnitTestAdapter, Microsoft.VisualStudio.QualityTools.Tips.UnitTest.Adapter, Version=10.0.0.0, Culture=neutral, PublicKeyToken=b03f5f7f11d50a3a" className="FaceRecognition.Test.SelectionTrainTestImagesControlTest, FaceRecognition.Test, Version=1.0.0.0, Culture=neutral, PublicKeyToken=null" name="selectEvenImageBtn_ClickTest" />
    </UnitTest>
    <UnitTest name="CreateVectorsTest1" storage="d:\diplomproject\facerecognition\facerecognition.test\bin\debug\facerecognition.test.dll" id="fcdfde90-1d74-d0d6-dac4-16eab9ee15aa">
      <Execution id="ed704d6a-4e3f-46d9-b766-344363ddc5ae" />
      <TestMethod codeBase="D:/DiplomProject/FaceRecognition/FaceRecognition.Test/bin/Debug/FaceRecognition.Test.DLL" adapterTypeName="Microsoft.VisualStudio.TestTools.TestTypes.Unit.UnitTestAdapter, Microsoft.VisualStudio.QualityTools.Tips.UnitTest.Adapter, Version=10.0.0.0, Culture=neutral, PublicKeyToken=b03f5f7f11d50a3a" className="FaceRecognition.Test.ExtractFeaturesTest, FaceRecognition.Test, Version=1.0.0.0, Culture=neutral, PublicKeyToken=null" name="CreateVectorsTest1" />
    </UnitTest>
    <UnitTest name="exportExcelButton_ClickTest" storage="d:\diplomproject\facerecognition\facerecognition.test\bin\debug\facerecognition.test.dll" id="e64a9531-40b7-dc46-15af-423cd464f7be">
      <DeploymentItems>
        <DeploymentItem filename="FaceRecognition.exe" />
      </DeploymentItems>
      <Execution id="50b01e41-404f-42ed-b957-1f0be2efaaf9" />
      <TestMethod codeBase="D:/DiplomProject/FaceRecognition/FaceRecognition.Test/bin/Debug/FaceRecognition.Test.DLL" adapterTypeName="Microsoft.VisualStudio.TestTools.TestTypes.Unit.UnitTestAdapter, Microsoft.VisualStudio.QualityTools.Tips.UnitTest.Adapter, Version=10.0.0.0, Culture=neutral, PublicKeyToken=b03f5f7f11d50a3a" className="FaceRecognition.Test.ResultsFaceRecognitionControlTest, FaceRecognition.Test, Version=1.0.0.0, Culture=neutral, PublicKeyToken=null" name="exportExcelButton_ClickTest" />
    </UnitTest>
    <UnitTest name="NumberTestFacesTest" storage="d:\diplomproject\facerecognition\facerecognition.test\bin\debug\facerecognition.test.dll" id="1080c268-984b-7597-0124-ec7057c40651">
      <Execution id="e1d2018b-3658-40cf-b7ac-f8525b1e5118" />
      <TestMethod codeBase="D:/DiplomProject/FaceRecognition/FaceRecognition.Test/bin/Debug/FaceRecognition.Test.DLL" adapterTypeName="Microsoft.VisualStudio.TestTools.TestTypes.Unit.UnitTestAdapter, Microsoft.VisualStudio.QualityTools.Tips.UnitTest.Adapter, Version=10.0.0.0, Culture=neutral, PublicKeyToken=b03f5f7f11d50a3a" className="FaceRecognition.Test.ResultsFaceRecognitionViewModelTest, FaceRecognition.Test, Version=1.0.0.0, Culture=neutral, PublicKeyToken=null" name="NumberTestFacesTest" />
    </UnitTest>
    <UnitTest name="SelectionRecognitionMethodControl_ClearRecognizedFacesPanelEventTest" storage="d:\diplomproject\facerecognition\facerecognition.test\bin\debug\facerecognition.test.dll" id="e79029f0-6bfc-2baf-9208-9a7d2c8aab58">
      <DeploymentItems>
        <DeploymentItem filename="FaceRecognition.exe" />
      </DeploymentItems>
      <Execution id="39a9a8f7-271e-410f-85ad-229e53c90feb" />
      <TestMethod codeBase="D:/DiplomProject/FaceRecognition/FaceRecognition.Test/bin/Debug/FaceRecognition.Test.DLL" adapterTypeName="Microsoft.VisualStudio.TestTools.TestTypes.Unit.UnitTestAdapter, Microsoft.VisualStudio.QualityTools.Tips.UnitTest.Adapter, Version=10.0.0.0, Culture=neutral, PublicKeyToken=b03f5f7f11d50a3a" className="FaceRecognition.Test.RecognizePanelControlTest, FaceRecognition.Test, Version=1.0.0.0, Culture=neutral, PublicKeyToken=null" name="SelectionRecognitionMethodControl_ClearRecognizedFacesPanelEventTest" />
    </UnitTest>
    <UnitTest name="TestFacesTest" storage="d:\diplomproject\facerecognition\facerecognition.test\bin\debug\facerecognition.test.dll" id="39bfb0b0-dc83-2afd-1271-b195bb185d02">
      <Execution id="a1435fe8-4486-4a6a-9496-e750fe2c960c" />
      <TestMethod codeBase="D:/DiplomProject/FaceRecognition/FaceRecognition.Test/bin/Debug/FaceRecognition.Test.DLL" adapterTypeName="Microsoft.VisualStudio.TestTools.TestTypes.Unit.UnitTestAdapter, Microsoft.VisualStudio.QualityTools.Tips.UnitTest.Adapter, Version=10.0.0.0, Culture=neutral, PublicKeyToken=b03f5f7f11d50a3a" className="FaceRecognition.Test.ViewModelBaseTest, FaceRecognition.Test, Version=1.0.0.0, Culture=neutral, PublicKeyToken=null" name="TestFacesTest" />
    </UnitTest>
    <UnitTest name="EigenFaceControlConstructorTest" storage="d:\diplomproject\facerecognition\facerecognition.test\bin\debug\facerecognition.test.dll" id="9db152d5-5d8b-6bb4-cb11-1ea63d597f86">
      <Execution id="1bb97652-55f3-4ea0-87d4-729394fe76f4" />
      <TestMethod codeBase="D:/DiplomProject/FaceRecognition/FaceRecognition.Test/bin/Debug/FaceRecognition.Test.DLL" adapterTypeName="Microsoft.VisualStudio.TestTools.TestTypes.Unit.UnitTestAdapter, Microsoft.VisualStudio.QualityTools.Tips.UnitTest.Adapter, Version=10.0.0.0, Culture=neutral, PublicKeyToken=b03f5f7f11d50a3a" className="FaceRecognition.Test.EigenFaceControlTest, FaceRecognition.Test, Version=1.0.0.0, Culture=neutral, PublicKeyToken=null" name="EigenFaceControlConstructorTest" />
    </UnitTest>
    <UnitTest name="CultureTest" storage="d:\diplomproject\facerecognition\facerecognition.test\bin\debug\facerecognition.test.dll" id="1d7192cd-e5ef-905e-c1bc-ce7c7580307b">
      <Execution id="a643aef3-d6ef-4ddc-b584-8bc7932e3f83" />
      <TestMethod codeBase="D:/DiplomProject/FaceRecognition/FaceRecognition.Test/bin/Debug/FaceRecognition.Test.DLL" adapterTypeName="Microsoft.VisualStudio.TestTools.TestTypes.Unit.UnitTestAdapter, Microsoft.VisualStudio.QualityTools.Tips.UnitTest.Adapter, Version=10.0.0.0, Culture=neutral, PublicKeyToken=b03f5f7f11d50a3a" className="FaceRecognition.Test.StringsTest, FaceRecognition.Test, Version=1.0.0.0, Culture=neutral, PublicKeyToken=null" name="CultureTest" />
    </UnitTest>
    <UnitTest name="SelectionTrainTestImagesControlConstructorTest" storage="d:\diplomproject\facerecognition\facerecognition.test\bin\debug\facerecognition.test.dll" id="f9a1bf3a-c77f-a2ad-68ef-17d0e6c0c0ae">
      <Execution id="3777aed2-b169-4066-99f8-15a33eb0e7c1" />
      <TestMethod codeBase="D:/DiplomProject/FaceRecognition/FaceRecognition.Test/bin/Debug/FaceRecognition.Test.DLL" adapterTypeName="Microsoft.VisualStudio.TestTools.TestTypes.Unit.UnitTestAdapter, Microsoft.VisualStudio.QualityTools.Tips.UnitTest.Adapter, Version=10.0.0.0, Culture=neutral, PublicKeyToken=b03f5f7f11d50a3a" className="FaceRecognition.Test.SelectionTrainTestImagesControlTest, FaceRecognition.Test, Version=1.0.0.0, Culture=neutral, PublicKeyToken=null" name="SelectionTrainTestImagesControlConstructorTest" />
    </UnitTest>
    <UnitTest name="NumberTrainFacesTest" storage="d:\diplomproject\facerecognition\facerecognition.test\bin\debug\facerecognition.test.dll" id="74215cd6-2a86-dc16-d21d-8776ddf52a58">
      <DeploymentItems>
        <DeploymentItem filename="FaceRecognition.exe" />
      </DeploymentItems>
      <Execution id="54eb7031-a5e4-42fe-8dac-268e3497041f" />
      <TestMethod codeBase="D:/DiplomProject/FaceRecognition/FaceRecognition.Test/bin/Debug/FaceRecognition.Test.DLL" adapterTypeName="Microsoft.VisualStudio.TestTools.TestTypes.Unit.UnitTestAdapter, Microsoft.VisualStudio.QualityTools.Tips.UnitTest.Adapter, Version=10.0.0.0, Culture=neutral, PublicKeyToken=b03f5f7f11d50a3a" className="FaceRecognition.Test.NumberTrainTestFacesEventArgsTest, FaceRecognition.Test, Version=1.0.0.0, Culture=neutral, PublicKeyToken=null" name="NumberTrainFacesTest" />
    </UnitTest>
    <UnitTest name="LoadDataTest" storage="d:\diplomproject\facerecognition\facerecognition.test\bin\debug\facerecognition.test.dll" id="b1207c69-f87a-f1aa-7c29-280503b394c5">
      <DeploymentItems>
        <DeploymentItem filename="FaceRecognition.exe" />
      </DeploymentItems>
      <Execution id="cf8bf76d-0c4d-43ed-80df-d2845f62b5cf" />
      <TestMethod codeBase="D:/DiplomProject/FaceRecognition/FaceRecognition.Test/bin/Debug/FaceRecognition.Test.DLL" adapterTypeName="Microsoft.VisualStudio.TestTools.TestTypes.Unit.UnitTestAdapter, Microsoft.VisualStudio.QualityTools.Tips.UnitTest.Adapter, Version=10.0.0.0, Culture=neutral, PublicKeyToken=b03f5f7f11d50a3a" className="FaceRecognition.Test.SelectionDataBaseControlTest, FaceRecognition.Test, Version=1.0.0.0, Culture=neutral, PublicKeyToken=null" name="LoadDataTest" />
    </UnitTest>
    <UnitTest name="LoadDataTest" storage="d:\diplomproject\facerecognition\facerecognition.test\bin\debug\facerecognition.test.dll" id="9c1b8d28-0231-2562-5624-3f702ca5fb3d">
      <DeploymentItems>
        <DeploymentItem filename="FaceRecognition.exe" />
      </DeploymentItems>
      <Execution id="3089af1a-8794-4311-a193-64d9e8386a90" />
      <TestMethod codeBase="D:/DiplomProject/FaceRecognition/FaceRecognition.Test/bin/Debug/FaceRecognition.Test.DLL" adapterTypeName="Microsoft.VisualStudio.TestTools.TestTypes.Unit.UnitTestAdapter, Microsoft.VisualStudio.QualityTools.Tips.UnitTest.Adapter, Version=10.0.0.0, Culture=neutral, PublicKeyToken=b03f5f7f11d50a3a" className="FaceRecognition.Test.ViewModelBaseTest, FaceRecognition.Test, Version=1.0.0.0, Culture=neutral, PublicKeyToken=null" name="LoadDataTest" />
    </UnitTest>
    <UnitTest name="LoadNeuronNetTest" storage="d:\diplomproject\facerecognition\facerecognition.test\bin\debug\facerecognition.test.dll" id="f5eb6ebb-0b2f-7e6c-f71c-65b3fce1dbe3">
      <DeploymentItems>
        <DeploymentItem filename="FaceRecognition.exe" />
      </DeploymentItems>
      <Execution id="a29b8f0f-586c-4d0e-a75a-de22694a100f" />
      <TestMethod codeBase="D:/DiplomProject/FaceRecognition/FaceRecognition.Test/bin/Debug/FaceRecognition.Test.DLL" adapterTypeName="Microsoft.VisualStudio.TestTools.TestTypes.Unit.UnitTestAdapter, Microsoft.VisualStudio.QualityTools.Tips.UnitTest.Adapter, Version=10.0.0.0, Culture=neutral, PublicKeyToken=b03f5f7f11d50a3a" className="FaceRecognition.Test.NeuralNetworksViewModelTest, FaceRecognition.Test, Version=1.0.0.0, Culture=neutral, PublicKeyToken=null" name="LoadNeuronNetTest" />
    </UnitTest>
    <UnitTest name="SeparateTrainFacesTest" storage="d:\diplomproject\facerecognition\facerecognition.test\bin\debug\facerecognition.test.dll" id="b32e3b37-f167-2a0e-283a-c4d94de27e6d">
      <DeploymentItems>
        <DeploymentItem filename="FaceRecognition.exe" />
      </DeploymentItems>
      <Execution id="26f83b97-e5e1-4a0a-807e-ee0c607ec642" />
      <TestMethod codeBase="D:/DiplomProject/FaceRecognition/FaceRecognition.Test/bin/Debug/FaceRecognition.Test.DLL" adapterTypeName="Microsoft.VisualStudio.TestTools.TestTypes.Unit.UnitTestAdapter, Microsoft.VisualStudio.QualityTools.Tips.UnitTest.Adapter, Version=10.0.0.0, Culture=neutral, PublicKeyToken=b03f5f7f11d50a3a" className="FaceRecognition.Test.PreprocessingPanelViewModelTest, FaceRecognition.Test, Version=1.0.0.0, Culture=neutral, PublicKeyToken=null" name="SeparateTrainFacesTest" />
    </UnitTest>
    <UnitTest name="FaceDetectionWindow_TitleTest" storage="d:\diplomproject\facerecognition\facerecognition.test\bin\debug\facerecognition.test.dll" id="6a5eab3e-a88c-2834-1ee8-d5254f298e2f">
      <Execution id="65a53ba4-264f-48b9-810e-42e5b1a9e33d" />
      <TestMethod codeBase="D:/DiplomProject/FaceRecognition/FaceRecognition.Test/bin/Debug/FaceRecognition.Test.DLL" adapterTypeName="Microsoft.VisualStudio.TestTools.TestTypes.Unit.UnitTestAdapter, Microsoft.VisualStudio.QualityTools.Tips.UnitTest.Adapter, Version=10.0.0.0, Culture=neutral, PublicKeyToken=b03f5f7f11d50a3a" className="FaceRecognition.Test.StringsTest, FaceRecognition.Test, Version=1.0.0.0, Culture=neutral, PublicKeyToken=null" name="FaceDetectionWindow_TitleTest" />
    </UnitTest>
    <UnitTest name="SettingsSavingEventHandlerTest" storage="d:\diplomproject\facerecognition\facerecognition.test\bin\debug\facerecognition.test.dll" id="39bc01bc-f318-0cd2-a9c5-fee5e11414c2">
      <DeploymentItems>
        <DeploymentItem filename="FaceRecognition.exe" />
      </DeploymentItems>
      <Execution id="487edadc-f5e1-432f-8067-d5597c097dfe" />
      <TestMethod codeBase="D:/DiplomProject/FaceRecognition/FaceRecognition.Test/bin/Debug/FaceRecognition.Test.DLL" adapterTypeName="Microsoft.VisualStudio.TestTools.TestTypes.Unit.UnitTestAdapter, Microsoft.VisualStudio.QualityTools.Tips.UnitTest.Adapter, Version=10.0.0.0, Culture=neutral, PublicKeyToken=b03f5f7f11d50a3a" className="FaceRecognition.Test.SettingsTest, FaceRecognition.Test, Version=1.0.0.0, Culture=neutral, PublicKeyToken=null" name="SettingsSavingEventHandlerTest" />
    </UnitTest>
    <UnitTest name="NumberTestFacesTest" storage="d:\diplomproject\facerecognition\facerecognition.test\bin\debug\facerecognition.test.dll" id="af891f49-0e3f-f335-f7af-da840ebc15f7">
      <DeploymentItems>
        <DeploymentItem filename="FaceRecognition.exe" />
      </DeploymentItems>
      <Execution id="f4358986-5d4a-4530-bae7-377c6a435e46" />
      <TestMethod codeBase="D:/DiplomProject/FaceRecognition/FaceRecognition.Test/bin/Debug/FaceRecognition.Test.DLL" adapterTypeName="Microsoft.VisualStudio.TestTools.TestTypes.Unit.UnitTestAdapter, Microsoft.VisualStudio.QualityTools.Tips.UnitTest.Adapter, Version=10.0.0.0, Culture=neutral, PublicKeyToken=b03f5f7f11d50a3a" className="FaceRecognition.Test.NumberTrainTestFacesEventArgsTest, FaceRecognition.Test, Version=1.0.0.0, Culture=neutral, PublicKeyToken=null" name="NumberTestFacesTest" />
    </UnitTest>
    <UnitTest name="RecognizeMethodsViewModelBase_DrawRecongitionResultsEventTest" storage="d:\diplomproject\facerecognition\facerecognition.test\bin\debug\facerecognition.test.dll" id="af0be23b-1f2e-fafb-779c-255ade81b94f">
      <DeploymentItems>
        <DeploymentItem filename="FaceRecognition.exe" />
      </DeploymentItems>
      <Execution id="7214b04c-7bba-428e-a40c-c7a43939f40f" />
      <TestMethod codeBase="D:/DiplomProject/FaceRecognition/FaceRecognition.Test/bin/Debug/FaceRecognition.Test.DLL" adapterTypeName="Microsoft.VisualStudio.TestTools.TestTypes.Unit.UnitTestAdapter, Microsoft.VisualStudio.QualityTools.Tips.UnitTest.Adapter, Version=10.0.0.0, Culture=neutral, PublicKeyToken=b03f5f7f11d50a3a" className="FaceRecognition.Test.RecognizePanelControlTest, FaceRecognition.Test, Version=1.0.0.0, Culture=neutral, PublicKeyToken=null" name="RecognizeMethodsViewModelBase_DrawRecongitionResultsEventTest" />
    </UnitTest>
    <UnitTest name="ItemTest" storage="d:\diplomproject\facerecognition\facerecognition.test\bin\debug\facerecognition.test.dll" id="f9668630-fcdf-5b21-e038-cbf59bdf8131">
      <Execution id="a4c84a5c-86ac-44fb-bb43-ad4b1f566701" />
      <TestMethod codeBase="D:/DiplomProject/FaceRecognition/FaceRecognition.Test/bin/Debug/FaceRecognition.Test.DLL" adapterTypeName="Microsoft.VisualStudio.TestTools.TestTypes.Unit.UnitTestAdapter, Microsoft.VisualStudio.QualityTools.Tips.UnitTest.Adapter, Version=10.0.0.0, Culture=neutral, PublicKeyToken=b03f5f7f11d50a3a" className="FaceRecognition.Test.SheetsTest, FaceRecognition.Test, Version=1.0.0.0, Culture=neutral, PublicKeyToken=null" name="ItemTest" />
    </UnitTest>
    <UnitTest name="FTest" storage="d:\diplomproject\facerecognition\facerecognition.test\bin\debug\facerecognition.test.dll" id="389e30bc-157d-8d46-0eb0-6d2b628c5ca1">
      <Execution id="e9d58580-8ca8-494a-8277-ad82d465d595" />
      <TestMethod codeBase="D:/DiplomProject/FaceRecognition/FaceRecognition.Test/bin/Debug/FaceRecognition.Test.DLL" adapterTypeName="Microsoft.VisualStudio.TestTools.TestTypes.Unit.UnitTestAdapter, Microsoft.VisualStudio.QualityTools.Tips.UnitTest.Adapter, Version=10.0.0.0, Culture=neutral, PublicKeyToken=b03f5f7f11d50a3a" className="FaceRecognition.Test.BackPropagationThreeLayersTest, FaceRecognition.Test, Version=1.0.0.0, Culture=neutral, PublicKeyToken=null" name="FTest" />
    </UnitTest>
    <UnitTest name="FileName_OneLayer_NeuronNetTest" storage="d:\diplomproject\facerecognition\facerecognition.test\bin\debug\facerecognition.test.dll" id="ceeeeabf-2a11-97e9-e03e-6c2b713de5bd">
      <Execution id="805c3d2d-f52f-4e89-9db3-0d9845a72d2a" />
      <TestMethod codeBase="D:/DiplomProject/FaceRecognition/FaceRecognition.Test/bin/Debug/FaceRecognition.Test.DLL" adapterTypeName="Microsoft.VisualStudio.TestTools.TestTypes.Unit.UnitTestAdapter, Microsoft.VisualStudio.QualityTools.Tips.UnitTest.Adapter, Version=10.0.0.0, Culture=neutral, PublicKeyToken=b03f5f7f11d50a3a" className="FaceRecognition.Test.StringsTest, FaceRecognition.Test, Version=1.0.0.0, Culture=neutral, PublicKeyToken=null" name="FileName_OneLayer_NeuronNetTest" />
    </UnitTest>
    <UnitTest name="ConnectTest" storage="d:\diplomproject\facerecognition\facerecognition.test\bin\debug\facerecognition.test.dll" id="f3ba710c-b7c2-b59f-b42c-0834e453543e">
      <DeploymentItems>
        <DeploymentItem filename="FaceRecognition.exe" />
      </DeploymentItems>
      <Execution id="86d42629-b0f7-4dcc-bd47-f74c5ed6d04d" />
      <TestMethod codeBase="D:/DiplomProject/FaceRecognition/FaceRecognition.Test/bin/Debug/FaceRecognition.Test.DLL" adapterTypeName="Microsoft.VisualStudio.TestTools.TestTypes.Unit.UnitTestAdapter, Microsoft.VisualStudio.QualityTools.Tips.UnitTest.Adapter, Version=10.0.0.0, Culture=neutral, PublicKeyToken=b03f5f7f11d50a3a" className="FaceRecognition.Test.SelectionDataBaseControlTest, FaceRecognition.Test, Version=1.0.0.0, Culture=neutral, PublicKeyToken=null" name="ConnectTest" />
    </UnitTest>
    <UnitTest name="RecognitionMethodsTest" storage="d:\diplomproject\facerecognition\facerecognition.test\bin\debug\facerecognition.test.dll" id="d6689b7b-afff-bd26-ad17-ca6fc092719d">
      <Execution id="fdfce924-0f99-4966-bb1a-1fd4e474af34" />
      <TestMethod codeBase="D:/DiplomProject/FaceRecognition/FaceRecognition.Test/bin/Debug/FaceRecognition.Test.DLL" adapterTypeName="Microsoft.VisualStudio.TestTools.TestTypes.Unit.UnitTestAdapter, Microsoft.VisualStudio.QualityTools.Tips.UnitTest.Adapter, Version=10.0.0.0, Culture=neutral, PublicKeyToken=b03f5f7f11d50a3a" className="FaceRecognition.Test.ResultsFaceRecognitionViewModelTest, FaceRecognition.Test, Version=1.0.0.0, Culture=neutral, PublicKeyToken=null" name="RecognitionMethodsTest" />
    </UnitTest>
    <UnitTest name="RecognizeMethodControlBase_RecognizePanelVisibleEventTest" storage="d:\diplomproject\facerecognition\facerecognition.test\bin\debug\facerecognition.test.dll" id="346e73e2-6d4b-6bf9-dbae-89206b89a5d1">
      <DeploymentItems>
        <DeploymentItem filename="FaceRecognition.exe" />
      </DeploymentItems>
      <Execution id="c17f8471-f8b4-4c66-af44-a0ad0bf6fe03" />
      <TestMethod codeBase="D:/DiplomProject/FaceRecognition/FaceRecognition.Test/bin/Debug/FaceRecognition.Test.DLL" adapterTypeName="Microsoft.VisualStudio.TestTools.TestTypes.Unit.UnitTestAdapter, Microsoft.VisualStudio.QualityTools.Tips.UnitTest.Adapter, Version=10.0.0.0, Culture=neutral, PublicKeyToken=b03f5f7f11d50a3a" className="FaceRecognition.Test.MainWindowTest, FaceRecognition.Test, Version=1.0.0.0, Culture=neutral, PublicKeyToken=null" name="RecognizeMethodControlBase_RecognizePanelVisibleEventTest" />
    </UnitTest>
    <UnitTest name="FTest" storage="d:\diplomproject\facerecognition\facerecognition.test\bin\debug\facerecognition.test.dll" id="fde7620c-28f9-8d19-d54f-3e805397f75b">
      <Execution id="aaa8ce9e-122b-476e-b1c4-6c26ec5a5fa5" />
      <TestMethod codeBase="D:/DiplomProject/FaceRecognition/FaceRecognition.Test/bin/Debug/FaceRecognition.Test.DLL" adapterTypeName="Microsoft.VisualStudio.TestTools.TestTypes.Unit.UnitTestAdapter, Microsoft.VisualStudio.QualityTools.Tips.UnitTest.Adapter, Version=10.0.0.0, Culture=neutral, PublicKeyToken=b03f5f7f11d50a3a" className="FaceRecognition.Test.BackPropagationOneLayerTest, FaceRecognition.Test, Version=1.0.0.0, Culture=neutral, PublicKeyToken=null" name="FTest" />
    </UnitTest>
    <UnitTest name="DropTestImageTest" storage="d:\diplomproject\facerecognition\facerecognition.test\bin\debug\facerecognition.test.dll" id="78ad72bf-7f5b-5cdd-77f4-ebbcb8a73c9d">
      <DeploymentItems>
        <DeploymentItem filename="FaceRecognition.exe" />
      </DeploymentItems>
      <Execution id="3da9490d-4d0e-4546-983d-8d0bd8b55b79" />
      <TestMethod codeBase="D:/DiplomProject/FaceRecognition/FaceRecognition.Test/bin/Debug/FaceRecognition.Test.DLL" adapterTypeName="Microsoft.VisualStudio.TestTools.TestTypes.Unit.UnitTestAdapter, Microsoft.VisualStudio.QualityTools.Tips.UnitTest.Adapter, Version=10.0.0.0, Culture=neutral, PublicKeyToken=b03f5f7f11d50a3a" className="FaceRecognition.Test.SelectionTrainTestImagesControlTest, FaceRecognition.Test, Version=1.0.0.0, Culture=neutral, PublicKeyToken=null" name="DropTestImageTest" />
    </UnitTest>
    <UnitTest name="DefaultTest" storage="d:\diplomproject\facerecognition\facerecognition.test\bin\debug\facerecognition.test.dll" id="c421be64-b112-49c6-4117-fc723e9edcab">
      <Execution id="bdef18c6-e200-47e4-937a-44412c2ac78e" />
      <TestMethod codeBase="D:/DiplomProject/FaceRecognition/FaceRecognition.Test/bin/Debug/FaceRecognition.Test.DLL" adapterTypeName="Microsoft.VisualStudio.TestTools.TestTypes.Unit.UnitTestAdapter, Microsoft.VisualStudio.QualityTools.Tips.UnitTest.Adapter, Version=10.0.0.0, Culture=neutral, PublicKeyToken=b03f5f7f11d50a3a" className="FaceRecognition.Test.SettingsTest, FaceRecognition.Test, Version=1.0.0.0, Culture=neutral, PublicKeyToken=null" name="DefaultTest" />
    </UnitTest>
    <UnitTest name="WindowStateTest" storage="d:\diplomproject\facerecognition\facerecognition.test\bin\debug\facerecognition.test.dll" id="9870d761-160f-3024-39bb-55213e85ca4f">
      <Execution id="a09605b8-c9be-4ef1-9150-56b8b9844f32" />
      <TestMethod codeBase="D:/DiplomProject/FaceRecognition/FaceRecognition.Test/bin/Debug/FaceRecognition.Test.DLL" adapterTypeName="Microsoft.VisualStudio.TestTools.TestTypes.Unit.UnitTestAdapter, Microsoft.VisualStudio.QualityTools.Tips.UnitTest.Adapter, Version=10.0.0.0, Culture=neutral, PublicKeyToken=b03f5f7f11d50a3a" className="FaceRecognition.Test.SettingsTest, FaceRecognition.Test, Version=1.0.0.0, Culture=neutral, PublicKeyToken=null" name="WindowStateTest" />
    </UnitTest>
    <UnitTest name="WorkbooksTest" storage="d:\diplomproject\facerecognition\facerecognition.test\bin\debug\facerecognition.test.dll" id="41627e48-a14a-71b0-150a-979d97d42a5b">
      <Execution id="9f08808b-4c48-465f-8275-464fbebdab6c" />
      <TestMethod codeBase="D:/DiplomProject/FaceRecognition/FaceRecognition.Test/bin/Debug/FaceRecognition.Test.DLL" adapterTypeName="Microsoft.VisualStudio.TestTools.TestTypes.Unit.UnitTestAdapter, Microsoft.VisualStudio.QualityTools.Tips.UnitTest.Adapter, Version=10.0.0.0, Culture=neutral, PublicKeyToken=b03f5f7f11d50a3a" className="FaceRecognition.Test._ApplicationTest, FaceRecognition.Test, Version=1.0.0.0, Culture=neutral, PublicKeyToken=null" name="WorkbooksTest" />
    </UnitTest>
    <UnitTest name="SaveTestFacesTest" storage="d:\diplomproject\facerecognition\facerecognition.test\bin\debug\facerecognition.test.dll" id="a1aadf18-c65b-daad-9c6b-f813dbfddf65">
      <DeploymentItems>
        <DeploymentItem filename="FaceRecognition.exe" />
      </DeploymentItems>
      <Execution id="fb6086ed-bd23-4e07-b124-367e4d2f4b83" />
      <TestMethod codeBase="D:/DiplomProject/FaceRecognition/FaceRecognition.Test/bin/Debug/FaceRecognition.Test.DLL" adapterTypeName="Microsoft.VisualStudio.TestTools.TestTypes.Unit.UnitTestAdapter, Microsoft.VisualStudio.QualityTools.Tips.UnitTest.Adapter, Version=10.0.0.0, Culture=neutral, PublicKeyToken=b03f5f7f11d50a3a" className="FaceRecognition.Test.ViewModelBaseTest, FaceRecognition.Test, Version=1.0.0.0, Culture=neutral, PublicKeyToken=null" name="SaveTestFacesTest" />
    </UnitTest>
    <UnitTest name="RecognizeTest" storage="d:\diplomproject\facerecognition\facerecognition.test\bin\debug\facerecognition.test.dll" id="ccfbec14-30b8-5c13-882d-6df4539d9eb5">
      <Execution id="89b0b2bc-0d06-48e6-93f0-38010ce8f6e4" />
      <TestMethod codeBase="D:/DiplomProject/FaceRecognition/FaceRecognition.Test/bin/Debug/FaceRecognition.Test.DLL" adapterTypeName="Microsoft.VisualStudio.TestTools.TestTypes.Unit.UnitTestAdapter, Microsoft.VisualStudio.QualityTools.Tips.UnitTest.Adapter, Version=10.0.0.0, Culture=neutral, PublicKeyToken=b03f5f7f11d50a3a" className="FaceRecognition.Test.NeuralNetworkTest, FaceRecognition.Test, Version=1.0.0.0, Culture=neutral, PublicKeyToken=null" name="RecognizeTest" />
    </UnitTest>
    <UnitTest name="CurrentIterationTest" storage="d:\diplomproject\facerecognition\facerecognition.test\bin\debug\facerecognition.test.dll" id="1c10a974-1f17-9d52-684c-47f4add1445f">
      <Execution id="7d462549-5521-4c4e-82fa-d908e389146a" />
      <TestMethod codeBase="D:/DiplomProject/FaceRecognition/FaceRecognition.Test/bin/Debug/FaceRecognition.Test.DLL" adapterTypeName="Microsoft.VisualStudio.TestTools.TestTypes.Unit.UnitTestAdapter, Microsoft.VisualStudio.QualityTools.Tips.UnitTest.Adapter, Version=10.0.0.0, Culture=neutral, PublicKeyToken=b03f5f7f11d50a3a" className="FaceRecognition.Test.NeuralEventArgsTest, FaceRecognition.Test, Version=1.0.0.0, Culture=neutral, PublicKeyToken=null" name="CurrentIterationTest" />
    </UnitTest>
    <UnitTest name="SelectionDataBaseViewModelConstructorTest" storage="d:\diplomproject\facerecognition\facerecognition.test\bin\debug\facerecognition.test.dll" id="e91cd5b9-4196-582e-a0de-0441b83e6237">
      <Execution id="06c0b454-7743-41ff-a3c0-e373269c9563" />
      <TestMethod codeBase="D:/DiplomProject/FaceRecognition/FaceRecognition.Test/bin/Debug/FaceRecognition.Test.DLL" adapterTypeName="Microsoft.VisualStudio.TestTools.TestTypes.Unit.UnitTestAdapter, Microsoft.VisualStudio.QualityTools.Tips.UnitTest.Adapter, Version=10.0.0.0, Culture=neutral, PublicKeyToken=b03f5f7f11d50a3a" className="FaceRecognition.Test.SelectionDataBaseViewModelTest, FaceRecognition.Test, Version=1.0.0.0, Culture=neutral, PublicKeyToken=null" name="SelectionDataBaseViewModelConstructorTest" />
    </UnitTest>
    <UnitTest name="TrainTest" storage="d:\diplomproject\facerecognition\facerecognition.test\bin\debug\facerecognition.test.dll" id="e38e3635-352c-1b28-dbe7-36449a6b8c60">
      <Execution id="3c1b9627-bfb9-4f27-857a-04ed08265790" />
      <TestMethod codeBase="D:/DiplomProject/FaceRecognition/FaceRecognition.Test/bin/Debug/FaceRecognition.Test.DLL" adapterTypeName="Microsoft.VisualStudio.TestTools.TestTypes.Unit.UnitTestAdapter, Microsoft.VisualStudio.QualityTools.Tips.UnitTest.Adapter, Version=10.0.0.0, Culture=neutral, PublicKeyToken=b03f5f7f11d50a3a" className="FaceRecognition.Test.RecognitionMethodBaseTest, FaceRecognition.Test, Version=1.0.0.0, Culture=neutral, PublicKeyToken=null" name="TrainTest" />
    </UnitTest>
    <UnitTest name="NeuralNetworkConstructorTest1" storage="d:\diplomproject\facerecognition\facerecognition.test\bin\debug\facerecognition.test.dll" id="9090fd81-d19e-8dd6-dbfa-aa771e93daa6">
      <Execution id="857fb24b-ca74-4f51-aeb7-006a9b1741ec" />
      <TestMethod codeBase="D:/DiplomProject/FaceRecognition/FaceRecognition.Test/bin/Debug/FaceRecognition.Test.DLL" adapterTypeName="Microsoft.VisualStudio.TestTools.TestTypes.Unit.UnitTestAdapter, Microsoft.VisualStudio.QualityTools.Tips.UnitTest.Adapter, Version=10.0.0.0, Culture=neutral, PublicKeyToken=b03f5f7f11d50a3a" className="FaceRecognition.Test.NeuralNetworkTest, FaceRecognition.Test, Version=1.0.0.0, Culture=neutral, PublicKeyToken=null" name="NeuralNetworkConstructorTest1" />
    </UnitTest>
    <UnitTest name="TrainTest" storage="d:\diplomproject\facerecognition\facerecognition.test\bin\debug\facerecognition.test.dll" id="4581f53a-4107-d1fe-af4c-32760be98668">
      <Execution id="aaae0587-9f32-4a1a-b4eb-a8368046f55b" />
      <TestMethod codeBase="D:/DiplomProject/FaceRecognition/FaceRecognition.Test/bin/Debug/FaceRecognition.Test.DLL" adapterTypeName="Microsoft.VisualStudio.TestTools.TestTypes.Unit.UnitTestAdapter, Microsoft.VisualStudio.QualityTools.Tips.UnitTest.Adapter, Version=10.0.0.0, Culture=neutral, PublicKeyToken=b03f5f7f11d50a3a" className="FaceRecognition.Test.IRecognitionMethodTest, FaceRecognition.Test, Version=1.0.0.0, Culture=neutral, PublicKeyToken=null" name="TrainTest" />
    </UnitTest>
    <UnitTest name="MaximumIterationTest" storage="d:\diplomproject\facerecognition\facerecognition.test\bin\debug\facerecognition.test.dll" id="c48fa6fc-79f1-8e9b-150f-d4b167d66db2">
      <Execution id="05628069-5beb-426a-b54b-a797f0d3b1e8" />
      <TestMethod codeBase="D:/DiplomProject/FaceRecognition/FaceRecognition.Test/bin/Debug/FaceRecognition.Test.DLL" adapterTypeName="Microsoft.VisualStudio.TestTools.TestTypes.Unit.UnitTestAdapter, Microsoft.VisualStudio.QualityTools.Tips.UnitTest.Adapter, Version=10.0.0.0, Culture=neutral, PublicKeyToken=b03f5f7f11d50a3a" className="FaceRecognition.Test.NeuralNetworkTest, FaceRecognition.Test, Version=1.0.0.0, Culture=neutral, PublicKeyToken=null" name="MaximumIterationTest" />
    </UnitTest>
    <UnitTest name="SelectionRecognitionMethodControlConstructorTest" storage="d:\diplomproject\facerecognition\facerecognition.test\bin\debug\facerecognition.test.dll" id="f579899e-5153-04fd-0cb0-cc563aa22b9d">
      <Execution id="fd3be5f7-24d6-44c6-9752-9d53433d9908" />
      <TestMethod codeBase="D:/DiplomProject/FaceRecognition/FaceRecognition.Test/bin/Debug/FaceRecognition.Test.DLL" adapterTypeName="Microsoft.VisualStudio.TestTools.TestTypes.Unit.UnitTestAdapter, Microsoft.VisualStudio.QualityTools.Tips.UnitTest.Adapter, Version=10.0.0.0, Culture=neutral, PublicKeyToken=b03f5f7f11d50a3a" className="FaceRecognition.Test.SelectionRecognitionMethodControlTest, FaceRecognition.Test, Version=1.0.0.0, Culture=neutral, PublicKeyToken=null" name="SelectionRecognitionMethodControlConstructorTest" />
    </UnitTest>
    <UnitTest name="OnImagesPreprocessedTest" storage="d:\diplomproject\facerecognition\facerecognition.test\bin\debug\facerecognition.test.dll" id="6d3396ee-1665-513d-eb2e-79ac6d79b7f5">
      <DeploymentItems>
        <DeploymentItem filename="FaceRecognition.exe" />
      </DeploymentItems>
      <Execution id="f953d5b4-88b2-4d21-89d6-992f41ea1b21" />
      <TestMethod codeBase="D:/DiplomProject/FaceRecognition/FaceRecognition.Test/bin/Debug/FaceRecognition.Test.DLL" adapterTypeName="Microsoft.VisualStudio.TestTools.TestTypes.Unit.UnitTestAdapter, Microsoft.VisualStudio.QualityTools.Tips.UnitTest.Adapter, Version=10.0.0.0, Culture=neutral, PublicKeyToken=b03f5f7f11d50a3a" className="FaceRecognition.Test.MainWindowTest, FaceRecognition.Test, Version=1.0.0.0, Culture=neutral, PublicKeyToken=null" name="OnImagesPreprocessedTest" />
    </UnitTest>
    <UnitTest name="VerifyPropertyNameTest" storage="d:\diplomproject\facerecognition\facerecognition.test\bin\debug\facerecognition.test.dll" id="5c768a07-476d-d04b-9f47-63f0f790f7e9">
      <Execution id="39d20645-1592-42db-bf2e-66acb8a6a157" />
      <TestMethod codeBase="D:/DiplomProject/FaceRecognition/FaceRecognition.Test/bin/Debug/FaceRecognition.Test.DLL" adapterTypeName="Microsoft.VisualStudio.TestTools.TestTypes.Unit.UnitTestAdapter, Microsoft.VisualStudio.QualityTools.Tips.UnitTest.Adapter, Version=10.0.0.0, Culture=neutral, PublicKeyToken=b03f5f7f11d50a3a" className="FaceRecognition.Test.ViewModelBaseTest, FaceRecognition.Test, Version=1.0.0.0, Culture=neutral, PublicKeyToken=null" name="VerifyPropertyNameTest" />
    </UnitTest>
    <UnitTest name="EigenFaceMethodConstructorTest" storage="d:\diplomproject\facerecognition\facerecognition.test\bin\debug\facerecognition.test.dll" id="55b700a1-0e60-c9d2-205d-90f4fcd7d976">
      <Execution id="1b7a7bc2-b81c-4f9d-831b-0999bf21fc07" />
      <TestMethod codeBase="D:/DiplomProject/FaceRecognition/FaceRecognition.Test/bin/Debug/FaceRecognition.Test.DLL" adapterTypeName="Microsoft.VisualStudio.TestTools.TestTypes.Unit.UnitTestAdapter, Microsoft.VisualStudio.QualityTools.Tips.UnitTest.Adapter, Version=10.0.0.0, Culture=neutral, PublicKeyToken=b03f5f7f11d50a3a" className="FaceRecognition.Test.EigenFaceMethodTest, FaceRecognition.Test, Version=1.0.0.0, Culture=neutral, PublicKeyToken=null" name="EigenFaceMethodConstructorTest" />
    </UnitTest>
    <UnitTest name="GetErrorTest" storage="d:\diplomproject\facerecognition\facerecognition.test\bin\debug\facerecognition.test.dll" id="63b69c50-122b-4311-cc54-120c1d109099">
      <Execution id="84636693-1897-4b83-bca5-03617f3329fd" />
      <TestMethod codeBase="D:/DiplomProject/FaceRecognition/FaceRecognition.Test/bin/Debug/FaceRecognition.Test.DLL" adapterTypeName="Microsoft.VisualStudio.TestTools.TestTypes.Unit.UnitTestAdapter, Microsoft.VisualStudio.QualityTools.Tips.UnitTest.Adapter, Version=10.0.0.0, Culture=neutral, PublicKeyToken=b03f5f7f11d50a3a" className="FaceRecognition.Test.BackPropagationTwoLayersTest, FaceRecognition.Test, Version=1.0.0.0, Culture=neutral, PublicKeyToken=null" name="GetErrorTest" />
    </UnitTest>
    <UnitTest name="SaveTrainFacesTest" storage="d:\diplomproject\facerecognition\facerecognition.test\bin\debug\facerecognition.test.dll" id="3dc91db2-6551-bbf2-9d31-0fd64e18606b">
      <DeploymentItems>
        <DeploymentItem filename="FaceRecognition.exe" />
      </DeploymentItems>
      <Execution id="902cd746-5f6a-499b-81f2-955cf27711eb" />
      <TestMethod codeBase="D:/DiplomProject/FaceRecognition/FaceRecognition.Test/bin/Debug/FaceRecognition.Test.DLL" adapterTypeName="Microsoft.VisualStudio.TestTools.TestTypes.Unit.UnitTestAdapter, Microsoft.VisualStudio.QualityTools.Tips.UnitTest.Adapter, Version=10.0.0.0, Culture=neutral, PublicKeyToken=b03f5f7f11d50a3a" className="FaceRecognition.Test.ViewModelBaseTest, FaceRecognition.Test, Version=1.0.0.0, Culture=neutral, PublicKeyToken=null" name="SaveTrainFacesTest" />
    </UnitTest>
    <UnitTest name="ConnectTest" storage="d:\diplomproject\facerecognition\facerecognition.test\bin\debug\facerecognition.test.dll" id="c655cb34-8c2b-fc8a-959d-fb0a75603de3">
      <DeploymentItems>
        <DeploymentItem filename="FaceRecognition.exe" />
      </DeploymentItems>
      <Execution id="6e42b930-8add-4c44-98a0-ac1643e4c863" />
      <TestMethod codeBase="D:/DiplomProject/FaceRecognition/FaceRecognition.Test/bin/Debug/FaceRecognition.Test.DLL" adapterTypeName="Microsoft.VisualStudio.TestTools.TestTypes.Unit.UnitTestAdapter, Microsoft.VisualStudio.QualityTools.Tips.UnitTest.Adapter, Version=10.0.0.0, Culture=neutral, PublicKeyToken=b03f5f7f11d50a3a" className="FaceRecognition.Test.d__diplomprojects_diplomproject_facerecognition_styles_gridsplitterstyle_xamlTest, FaceRecognition.Test, Version=1.0.0.0, Culture=neutral, PublicKeyToken=null" name="ConnectTest" />
    </UnitTest>
    <UnitTest name="MainWindow_Toolbar_ImagesDbButon_TooltipTest" storage="d:\diplomproject\facerecognition\facerecognition.test\bin\debug\facerecognition.test.dll" id="950209cd-c8b3-f59a-7b7c-1dae0353ab1e">
      <Execution id="18211f0c-d5ac-4277-a6bc-6e2747cfedc2" />
      <TestMethod codeBase="D:/DiplomProject/FaceRecognition/FaceRecognition.Test/bin/Debug/FaceRecognition.Test.DLL" adapterTypeName="Microsoft.VisualStudio.TestTools.TestTypes.Unit.UnitTestAdapter, Microsoft.VisualStudio.QualityTools.Tips.UnitTest.Adapter, Version=10.0.0.0, Culture=neutral, PublicKeyToken=b03f5f7f11d50a3a" className="FaceRecognition.Test.StringsTest, FaceRecognition.Test, Version=1.0.0.0, Culture=neutral, PublicKeyToken=null" name="MainWindow_Toolbar_ImagesDbButon_TooltipTest" />
    </UnitTest>
    <UnitTest name="TimeRecognizeTest" storage="d:\diplomproject\facerecognition\facerecognition.test\bin\debug\facerecognition.test.dll" id="bae3f9b2-085f-e78f-98a6-9a17b537c0ef">
      <Execution id="93627b32-31ec-478b-8ce6-413c2e60f7a3" />
      <TestMethod codeBase="D:/DiplomProject/FaceRecognition/FaceRecognition.Test/bin/Debug/FaceRecognition.Test.DLL" adapterTypeName="Microsoft.VisualStudio.TestTools.TestTypes.Unit.UnitTestAdapter, Microsoft.VisualStudio.QualityTools.Tips.UnitTest.Adapter, Version=10.0.0.0, Culture=neutral, PublicKeyToken=b03f5f7f11d50a3a" className="FaceRecognition.Test.ResultsFaceRecognitionViewModelTest, FaceRecognition.Test, Version=1.0.0.0, Culture=neutral, PublicKeyToken=null" name="TimeRecognizeTest" />
    </UnitTest>
    <UnitTest name="InitializeComponentTest" storage="d:\diplomproject\facerecognition\facerecognition.test\bin\debug\facerecognition.test.dll" id="927a4006-b439-899f-481e-787691c7a920">
      <Execution id="d884dda9-6026-4b67-a492-5fe6c4f1147b" />
      <TestMethod codeBase="D:/DiplomProject/FaceRecognition/FaceRecognition.Test/bin/Debug/FaceRecognition.Test.DLL" adapterTypeName="Microsoft.VisualStudio.TestTools.TestTypes.Unit.UnitTestAdapter, Microsoft.VisualStudio.QualityTools.Tips.UnitTest.Adapter, Version=10.0.0.0, Culture=neutral, PublicKeyToken=b03f5f7f11d50a3a" className="FaceRecognition.Test.SelectionTrainTestImagesControlTest, FaceRecognition.Test, Version=1.0.0.0, Culture=neutral, PublicKeyToken=null" name="InitializeComponentTest" />
    </UnitTest>
    <UnitTest name="BackPropagationOneLayerConstructorTest" storage="d:\diplomproject\facerecognition\facerecognition.test\bin\debug\facerecognition.test.dll" id="fed07a28-3276-36e7-4efa-ad5413b69520">
      <Execution id="33becad2-45da-4f5e-bec1-6db701d40c73" />
      <TestMethod codeBase="D:/DiplomProject/FaceRecognition/FaceRecognition.Test/bin/Debug/FaceRecognition.Test.DLL" adapterTypeName="Microsoft.VisualStudio.TestTools.TestTypes.Unit.UnitTestAdapter, Microsoft.VisualStudio.QualityTools.Tips.UnitTest.Adapter, Version=10.0.0.0, Culture=neutral, PublicKeyToken=b03f5f7f11d50a3a" className="FaceRecognition.Test.BackPropagationOneLayerTest, FaceRecognition.Test, Version=1.0.0.0, Culture=neutral, PublicKeyToken=null" name="BackPropagationOneLayerConstructorTest" />
    </UnitTest>
    <UnitTest name="FindMinValueTest" storage="d:\diplomproject\facerecognition\facerecognition.test\bin\debug\facerecognition.test.dll" id="3afa90f3-5e90-9385-d33c-47b5cfe7a623">
      <DeploymentItems>
        <DeploymentItem filename="FaceRecognition.exe" />
      </DeploymentItems>
      <Execution id="d507de79-bec2-4085-a678-c2a0bd06c63a" />
      <TestMethod codeBase="D:/DiplomProject/FaceRecognition/FaceRecognition.Test/bin/Debug/FaceRecognition.Test.DLL" adapterTypeName="Microsoft.VisualStudio.TestTools.TestTypes.Unit.UnitTestAdapter, Microsoft.VisualStudio.QualityTools.Tips.UnitTest.Adapter, Version=10.0.0.0, Culture=neutral, PublicKeyToken=b03f5f7f11d50a3a" className="FaceRecognition.Test.ExtractFeaturesTest, FaceRecognition.Test, Version=1.0.0.0, Culture=neutral, PublicKeyToken=null" name="FindMinValueTest" />
    </UnitTest>
    <UnitTest name="LoadSelectedRecognitionMethodTest" storage="d:\diplomproject\facerecognition\facerecognition.test\bin\debug\facerecognition.test.dll" id="852ec870-1ae6-acf0-54ac-b5f8811edec9">
      <DeploymentItems>
        <DeploymentItem filename="FaceRecognition.exe" />
      </DeploymentItems>
      <Execution id="8c83be68-41cf-4869-89f4-70da4867c5ff" />
      <TestMethod codeBase="D:/DiplomProject/FaceRecognition/FaceRecognition.Test/bin/Debug/FaceRecognition.Test.DLL" adapterTypeName="Microsoft.VisualStudio.TestTools.TestTypes.Unit.UnitTestAdapter, Microsoft.VisualStudio.QualityTools.Tips.UnitTest.Adapter, Version=10.0.0.0, Culture=neutral, PublicKeyToken=b03f5f7f11d50a3a" className="FaceRecognition.Test.RecognitionMethodsRepositoryTest, FaceRecognition.Test, Version=1.0.0.0, Culture=neutral, PublicKeyToken=null" name="LoadSelectedRecognitionMethodTest" />
    </UnitTest>
    <UnitTest name="ExcelExporterConstructorTest" storage="d:\diplomproject\facerecognition\facerecognition.test\bin\debug\facerecognition.test.dll" id="e0e016ae-bc25-d672-0112-5d4f60752c01">
      <Execution id="6c23a539-c35e-4fca-9727-cce9c8ecc85c" />
      <TestMethod codeBase="D:/DiplomProject/FaceRecognition/FaceRecognition.Test/bin/Debug/FaceRecognition.Test.DLL" adapterTypeName="Microsoft.VisualStudio.TestTools.TestTypes.Unit.UnitTestAdapter, Microsoft.VisualStudio.QualityTools.Tips.UnitTest.Adapter, Version=10.0.0.0, Culture=neutral, PublicKeyToken=b03f5f7f11d50a3a" className="FaceRecognition.Test.ExcelExporterTest, FaceRecognition.Test, Version=1.0.0.0, Culture=neutral, PublicKeyToken=null" name="ExcelExporterConstructorTest" />
    </UnitTest>
    <UnitTest name="FindMaxValueTest" storage="d:\diplomproject\facerecognition\facerecognition.test\bin\debug\facerecognition.test.dll" id="b2aa3974-c0ec-1959-55c6-fda993fb5495">
      <DeploymentItems>
        <DeploymentItem filename="FaceRecognition.exe" />
      </DeploymentItems>
      <Execution id="1e24ac17-bb64-411a-ac71-b79a776d4965" />
      <TestMethod codeBase="D:/DiplomProject/FaceRecognition/FaceRecognition.Test/bin/Debug/FaceRecognition.Test.DLL" adapterTypeName="Microsoft.VisualStudio.TestTools.TestTypes.Unit.UnitTestAdapter, Microsoft.VisualStudio.QualityTools.Tips.UnitTest.Adapter, Version=10.0.0.0, Culture=neutral, PublicKeyToken=b03f5f7f11d50a3a" className="FaceRecognition.Test.ExtractFeaturesTest, FaceRecognition.Test, Version=1.0.0.0, Culture=neutral, PublicKeyToken=null" name="FindMaxValueTest" />
    </UnitTest>
    <UnitTest name="RecognizeTest" storage="d:\diplomproject\facerecognition\facerecognition.test\bin\debug\facerecognition.test.dll" id="5aed1aff-31d4-aa73-0c08-238df03454fd">
      <Execution id="5db6a953-c29f-4ea3-831b-2870f180f51b" />
      <TestMethod codeBase="D:/DiplomProject/FaceRecognition/FaceRecognition.Test/bin/Debug/FaceRecognition.Test.DLL" adapterTypeName="Microsoft.VisualStudio.TestTools.TestTypes.Unit.UnitTestAdapter, Microsoft.VisualStudio.QualityTools.Tips.UnitTest.Adapter, Version=10.0.0.0, Culture=neutral, PublicKeyToken=b03f5f7f11d50a3a" className="FaceRecognition.Test.IRecognitionMethodTest, FaceRecognition.Test, Version=1.0.0.0, Culture=neutral, PublicKeyToken=null" name="RecognizeTest" />
    </UnitTest>
    <UnitTest name="FileName_TrainFacesTest" storage="d:\diplomproject\facerecognition\facerecognition.test\bin\debug\facerecognition.test.dll" id="c4e9600b-11e9-530c-43f4-ea7e18645efe">
      <Execution id="2f61d78d-761d-4f7e-bdbd-458a31ab1528" />
      <TestMethod codeBase="D:/DiplomProject/FaceRecognition/FaceRecognition.Test/bin/Debug/FaceRecognition.Test.DLL" adapterTypeName="Microsoft.VisualStudio.TestTools.TestTypes.Unit.UnitTestAdapter, Microsoft.VisualStudio.QualityTools.Tips.UnitTest.Adapter, Version=10.0.0.0, Culture=neutral, PublicKeyToken=b03f5f7f11d50a3a" className="FaceRecognition.Test.StringsTest, FaceRecognition.Test, Version=1.0.0.0, Culture=neutral, PublicKeyToken=null" name="FileName_TrainFacesTest" />
    </UnitTest>
    <UnitTest name="neuralNetwork_IterationChangedTest" storage="d:\diplomproject\facerecognition\facerecognition.test\bin\debug\facerecognition.test.dll" id="aaaa9541-adbc-6789-0dc5-80b6bcff1d3f">
      <DeploymentItems>
        <DeploymentItem filename="FaceRecognition.exe" />
      </DeploymentItems>
      <Execution id="bc9abe2a-03cd-403a-989a-8559e177e40b" />
      <TestMethod codeBase="D:/DiplomProject/FaceRecognition/FaceRecognition.Test/bin/Debug/FaceRecognition.Test.DLL" adapterTypeName="Microsoft.VisualStudio.TestTools.TestTypes.Unit.UnitTestAdapter, Microsoft.VisualStudio.QualityTools.Tips.UnitTest.Adapter, Version=10.0.0.0, Culture=neutral, PublicKeyToken=b03f5f7f11d50a3a" className="FaceRecognition.Test.NeuralNetworksViewModelTest, FaceRecognition.Test, Version=1.0.0.0, Culture=neutral, PublicKeyToken=null" name="neuralNetwork_IterationChangedTest" />
    </UnitTest>
    <UnitTest name="RecognitionMethodModelConstructorTest" storage="d:\diplomproject\facerecognition\facerecognition.test\bin\debug\facerecognition.test.dll" id="e8d6de4f-4080-7efd-8b63-7da3d2967700">
      <Execution id="2d566e99-89ca-494a-b82b-dbfad12c7129" />
      <TestMethod codeBase="D:/DiplomProject/FaceRecognition/FaceRecognition.Test/bin/Debug/FaceRecognition.Test.DLL" adapterTypeName="Microsoft.VisualStudio.TestTools.TestTypes.Unit.UnitTestAdapter, Microsoft.VisualStudio.QualityTools.Tips.UnitTest.Adapter, Version=10.0.0.0, Culture=neutral, PublicKeyToken=b03f5f7f11d50a3a" className="FaceRecognition.Test.RecognitionMethodModelTest, FaceRecognition.Test, Version=1.0.0.0, Culture=neutral, PublicKeyToken=null" name="RecognitionMethodModelConstructorTest" />
    </UnitTest>
    <UnitTest name="InitializeComponentTest" storage="d:\diplomproject\facerecognition\facerecognition.test\bin\debug\facerecognition.test.dll" id="823ec556-c4c9-7f4f-86f4-46732f7445ca">
      <Execution id="ae177e81-ba05-4b84-bd21-d5cc725d80a5" />
      <TestMethod codeBase="D:/DiplomProject/FaceRecognition/FaceRecognition.Test/bin/Debug/FaceRecognition.Test.DLL" adapterTypeName="Microsoft.VisualStudio.TestTools.TestTypes.Unit.UnitTestAdapter, Microsoft.VisualStudio.QualityTools.Tips.UnitTest.Adapter, Version=10.0.0.0, Culture=neutral, PublicKeyToken=b03f5f7f11d50a3a" className="FaceRecognition.Test.SelectionRecognitionMethodControlTest, FaceRecognition.Test, Version=1.0.0.0, Culture=neutral, PublicKeyToken=null" name="InitializeComponentTest" />
    </UnitTest>
    <UnitTest name="SelectedIdTest" storage="d:\diplomproject\facerecognition\facerecognition.test\bin\debug\facerecognition.test.dll" id="3d46ac8f-5a73-ef48-74d1-dabab78ecc40">
      <DeploymentItems>
        <DeploymentItem filename="FaceRecognition.exe" />
      </DeploymentItems>
      <Execution id="927f6b4c-f85e-4aba-80bf-a0b15eea3297" />
      <TestMethod codeBase="D:/DiplomProject/FaceRecognition/FaceRecognition.Test/bin/Debug/FaceRecognition.Test.DLL" adapterTypeName="Microsoft.VisualStudio.TestTools.TestTypes.Unit.UnitTestAdapter, Microsoft.VisualStudio.QualityTools.Tips.UnitTest.Adapter, Version=10.0.0.0, Culture=neutral, PublicKeyToken=b03f5f7f11d50a3a" className="FaceRecognition.Test.SelectedFaceDbEventArgsTest, FaceRecognition.Test, Version=1.0.0.0, Culture=neutral, PublicKeyToken=null" name="SelectedIdTest" />
    </UnitTest>
    <UnitTest name="SelectedLayerTest" storage="d:\diplomproject\facerecognition\facerecognition.test\bin\debug\facerecognition.test.dll" id="1118be5f-14f3-877b-2906-e248d0f1ead9">
      <Execution id="a5f6ebb9-291a-4a44-9f82-e3e612a3ae0a" />
      <TestMethod codeBase="D:/DiplomProject/FaceRecognition/FaceRecognition.Test/bin/Debug/FaceRecognition.Test.DLL" adapterTypeName="Microsoft.VisualStudio.TestTools.TestTypes.Unit.UnitTestAdapter, Microsoft.VisualStudio.QualityTools.Tips.UnitTest.Adapter, Version=10.0.0.0, Culture=neutral, PublicKeyToken=b03f5f7f11d50a3a" className="FaceRecognition.Test.NeuralNetworksViewModelTest, FaceRecognition.Test, Version=1.0.0.0, Culture=neutral, PublicKeyToken=null" name="SelectedLayerTest" />
    </UnitTest>
    <UnitTest name="LoadTrainFacesTest" storage="d:\diplomproject\facerecognition\facerecognition.test\bin\debug\facerecognition.test.dll" id="aa0a3a76-894b-0d45-a0bd-bfae478cdcbe">
      <DeploymentItems>
        <DeploymentItem filename="FaceRecognition.exe" />
      </DeploymentItems>
      <Execution id="a7b61479-d09f-4336-adfc-831b5382b288" />
      <TestMethod codeBase="D:/DiplomProject/FaceRecognition/FaceRecognition.Test/bin/Debug/FaceRecognition.Test.DLL" adapterTypeName="Microsoft.VisualStudio.TestTools.TestTypes.Unit.UnitTestAdapter, Microsoft.VisualStudio.QualityTools.Tips.UnitTest.Adapter, Version=10.0.0.0, Culture=neutral, PublicKeyToken=b03f5f7f11d50a3a" className="FaceRecognition.Test.ViewModelBaseTest, FaceRecognition.Test, Version=1.0.0.0, Culture=neutral, PublicKeyToken=null" name="LoadTrainFacesTest" />
    </UnitTest>
    <UnitTest name="FileName_TestImagesTest" storage="d:\diplomproject\facerecognition\facerecognition.test\bin\debug\facerecognition.test.dll" id="74e0a8e7-076f-a0d0-5c8d-fdaa91b380e7">
      <Execution id="598fa36f-2516-4290-9605-72f9e333eb2c" />
      <TestMethod codeBase="D:/DiplomProject/FaceRecognition/FaceRecognition.Test/bin/Debug/FaceRecognition.Test.DLL" adapterTypeName="Microsoft.VisualStudio.TestTools.TestTypes.Unit.UnitTestAdapter, Microsoft.VisualStudio.QualityTools.Tips.UnitTest.Adapter, Version=10.0.0.0, Culture=neutral, PublicKeyToken=b03f5f7f11d50a3a" className="FaceRecognition.Test.StringsTest, FaceRecognition.Test, Version=1.0.0.0, Culture=neutral, PublicKeyToken=null" name="FileName_TestImagesTest" />
    </UnitTest>
    <UnitTest name="NumberTrainFaceImagesTest" storage="d:\diplomproject\facerecognition\facerecognition.test\bin\debug\facerecognition.test.dll" id="72dad35e-64ff-b1cf-fca2-34fd4b3338d7">
      <Execution id="555e63d9-76d0-43d9-8fbb-58a23d41d303" />
      <TestMethod codeBase="D:/DiplomProject/FaceRecognition/FaceRecognition.Test/bin/Debug/FaceRecognition.Test.DLL" adapterTypeName="Microsoft.VisualStudio.TestTools.TestTypes.Unit.UnitTestAdapter, Microsoft.VisualStudio.QualityTools.Tips.UnitTest.Adapter, Version=10.0.0.0, Culture=neutral, PublicKeyToken=b03f5f7f11d50a3a" className="FaceRecognition.Test.SelectionTrainTestImagesViewModelTest, FaceRecognition.Test, Version=1.0.0.0, Culture=neutral, PublicKeyToken=null" name="NumberTrainFaceImagesTest" />
    </UnitTest>
    <UnitTest name="InitializeComponentTest" storage="d:\diplomproject\facerecognition\facerecognition.test\bin\debug\facerecognition.test.dll" id="bae105bc-4913-5fe3-205f-ff0f70b27524">
      <Execution id="e3db8892-d0a3-45c8-82ed-88a93ea6742b" />
      <TestMethod codeBase="D:/DiplomProject/FaceRecognition/FaceRecognition.Test/bin/Debug/FaceRecognition.Test.DLL" adapterTypeName="Microsoft.VisualStudio.TestTools.TestTypes.Unit.UnitTestAdapter, Microsoft.VisualStudio.QualityTools.Tips.UnitTest.Adapter, Version=10.0.0.0, Culture=neutral, PublicKeyToken=b03f5f7f11d50a3a" className="FaceRecognition.Test.d__diplomprojects_diplomproject_facerecognition_styles_gridsplitterstyle_xamlTest, FaceRecognition.Test, Version=1.0.0.0, Culture=neutral, PublicKeyToken=null" name="InitializeComponentTest" />
    </UnitTest>
    <UnitTest name="LoadTestImagesTest" storage="d:\diplomproject\facerecognition\facerecognition.test\bin\debug\facerecognition.test.dll" id="0da69744-bbdf-e68c-4bf7-08bd6285f0b8">
      <DeploymentItems>
        <DeploymentItem filename="FaceRecognition.exe" />
      </DeploymentItems>
      <Execution id="8f54e2a0-e4a7-4a3b-8ea7-c2935f387289" />
      <TestMethod codeBase="D:/DiplomProject/FaceRecognition/FaceRecognition.Test/bin/Debug/FaceRecognition.Test.DLL" adapterTypeName="Microsoft.VisualStudio.TestTools.TestTypes.Unit.UnitTestAdapter, Microsoft.VisualStudio.QualityTools.Tips.UnitTest.Adapter, Version=10.0.0.0, Culture=neutral, PublicKeyToken=b03f5f7f11d50a3a" className="FaceRecognition.Test.ViewModelBaseTest, FaceRecognition.Test, Version=1.0.0.0, Culture=neutral, PublicKeyToken=null" name="LoadTestImagesTest" />
    </UnitTest>
    <UnitTest name="RecognizePanelViewModelConstructorTest" storage="d:\diplomproject\facerecognition\facerecognition.test\bin\debug\facerecognition.test.dll" id="18a549a5-4c28-e983-f948-4a97c791bf40">
      <Execution id="6d23211f-c410-4d09-982b-5d2e8969e7e0" />
      <TestMethod codeBase="D:/DiplomProject/FaceRecognition/FaceRecognition.Test/bin/Debug/FaceRecognition.Test.DLL" adapterTypeName="Microsoft.VisualStudio.TestTools.TestTypes.Unit.UnitTestAdapter, Microsoft.VisualStudio.QualityTools.Tips.UnitTest.Adapter, Version=10.0.0.0, Culture=neutral, PublicKeyToken=b03f5f7f11d50a3a" className="FaceRecognition.Test.RecognizePanelViewModelTest, FaceRecognition.Test, Version=1.0.0.0, Culture=neutral, PublicKeyToken=null" name="RecognizePanelViewModelConstructorTest" />
    </UnitTest>
    <UnitTest name="SettingChangingEventHandlerTest" storage="d:\diplomproject\facerecognition\facerecognition.test\bin\debug\facerecognition.test.dll" id="b34e0289-a8eb-94d3-2574-6c01db24ca70">
      <DeploymentItems>
        <DeploymentItem filename="FaceRecognition.exe" />
      </DeploymentItems>
      <Execution id="23898ede-6241-40ab-bace-50573ba3ce1f" />
      <TestMethod codeBase="D:/DiplomProject/FaceRecognition/FaceRecognition.Test/bin/Debug/FaceRecognition.Test.DLL" adapterTypeName="Microsoft.VisualStudio.TestTools.TestTypes.Unit.UnitTestAdapter, Microsoft.VisualStudio.QualityTools.Tips.UnitTest.Adapter, Version=10.0.0.0, Culture=neutral, PublicKeyToken=b03f5f7f11d50a3a" className="FaceRecognition.Test.SettingsTest, FaceRecognition.Test, Version=1.0.0.0, Culture=neutral, PublicKeyToken=null" name="SettingChangingEventHandlerTest" />
    </UnitTest>
    <UnitTest name="ThreadPoolTrainTest" storage="d:\diplomproject\facerecognition\facerecognition.test\bin\debug\facerecognition.test.dll" id="15e55af3-5a98-d490-6fe7-302f381128c5">
      <DeploymentItems>
        <DeploymentItem filename="FaceRecognition.exe" />
      </DeploymentItems>
      <Execution id="ed695ea4-5e1c-4e2a-9341-8bff826a9400" />
      <TestMethod codeBase="D:/DiplomProject/FaceRecognition/FaceRecognition.Test/bin/Debug/FaceRecognition.Test.DLL" adapterTypeName="Microsoft.VisualStudio.TestTools.TestTypes.Unit.UnitTestAdapter, Microsoft.VisualStudio.QualityTools.Tips.UnitTest.Adapter, Version=10.0.0.0, Culture=neutral, PublicKeyToken=b03f5f7f11d50a3a" className="FaceRecognition.Test.NeuralNetworksViewModelTest, FaceRecognition.Test, Version=1.0.0.0, Culture=neutral, PublicKeyToken=null" name="ThreadPoolTrainTest" />
    </UnitTest>
    <UnitTest name="LoadRecognizedFacesTest" storage="d:\diplomproject\facerecognition\facerecognition.test\bin\debug\facerecognition.test.dll" id="b97e975e-9da2-b3c9-58e7-dba84c4a03b3">
      <DeploymentItems>
        <DeploymentItem filename="FaceRecognition.exe" />
      </DeploymentItems>
      <Execution id="e2999776-4b80-4534-aae5-ef797986c78c" />
      <TestMethod codeBase="D:/DiplomProject/FaceRecognition/FaceRecognition.Test/bin/Debug/FaceRecognition.Test.DLL" adapterTypeName="Microsoft.VisualStudio.TestTools.TestTypes.Unit.UnitTestAdapter, Microsoft.VisualStudio.QualityTools.Tips.UnitTest.Adapter, Version=10.0.0.0, Culture=neutral, PublicKeyToken=b03f5f7f11d50a3a" className="FaceRecognition.Test.ViewModelBaseTest, FaceRecognition.Test, Version=1.0.0.0, Culture=neutral, PublicKeyToken=null" name="LoadRecognizedFacesTest" />
    </UnitTest>
    <UnitTest name="MainWindow_LoadedTest" storage="d:\diplomproject\facerecognition\facerecognition.test\bin\debug\facerecognition.test.dll" id="6b31d041-045b-f81f-bf9a-0a70fb1463c4">
      <DeploymentItems>
        <DeploymentItem filename="FaceRecognition.exe" />
      </DeploymentItems>
      <Execution id="700d58f1-f323-46bf-9364-ea9e2e68b506" />
      <TestMethod codeBase="D:/DiplomProject/FaceRecognition/FaceRecognition.Test/bin/Debug/FaceRecognition.Test.DLL" adapterTypeName="Microsoft.VisualStudio.TestTools.TestTypes.Unit.UnitTestAdapter, Microsoft.VisualStudio.QualityTools.Tips.UnitTest.Adapter, Version=10.0.0.0, Culture=neutral, PublicKeyToken=b03f5f7f11d50a3a" className="FaceRecognition.Test.MainWindowTest, FaceRecognition.Test, Version=1.0.0.0, Culture=neutral, PublicKeyToken=null" name="MainWindow_LoadedTest" />
    </UnitTest>
    <UnitTest name="RecognitionMethodTest" storage="d:\diplomproject\facerecognition\facerecognition.test\bin\debug\facerecognition.test.dll" id="5bbea3ff-32db-eb28-e267-b3f2ab2d660c">
      <Execution id="45d85fd1-8af0-489c-b465-b21ae2c9bda0" />
      <TestMethod codeBase="D:/DiplomProject/FaceRecognition/FaceRecognition.Test/bin/Debug/FaceRecognition.Test.DLL" adapterTypeName="Microsoft.VisualStudio.TestTools.TestTypes.Unit.UnitTestAdapter, Microsoft.VisualStudio.QualityTools.Tips.UnitTest.Adapter, Version=10.0.0.0, Culture=neutral, PublicKeyToken=b03f5f7f11d50a3a" className="FaceRecognition.Test.SelectionRecognitionMethodViewModelTest, FaceRecognition.Test, Version=1.0.0.0, Culture=neutral, PublicKeyToken=null" name="RecognitionMethodTest" />
    </UnitTest>
    <UnitTest name="AddTest" storage="d:\diplomproject\facerecognition\facerecognition.test\bin\debug\facerecognition.test.dll" id="45e37ca1-17b1-8305-e341-8bf8a38f97db">
      <Execution id="7fe0aa46-bab2-42bc-9892-ebbe8bd781dc" />
      <TestMethod codeBase="D:/DiplomProject/FaceRecognition/FaceRecognition.Test/bin/Debug/FaceRecognition.Test.DLL" adapterTypeName="Microsoft.VisualStudio.TestTools.TestTypes.Unit.UnitTestAdapter, Microsoft.VisualStudio.QualityTools.Tips.UnitTest.Adapter, Version=10.0.0.0, Culture=neutral, PublicKeyToken=b03f5f7f11d50a3a" className="FaceRecognition.Test.WorkbooksTest, FaceRecognition.Test, Version=1.0.0.0, Culture=neutral, PublicKeyToken=null" name="AddTest" />
    </UnitTest>
    <UnitTest name="ConnectTest" storage="d:\diplomproject\facerecognition\facerecognition.test\bin\debug\facerecognition.test.dll" id="1e9f5be8-6527-3e03-a71f-172527d98276">
      <DeploymentItems>
        <DeploymentItem filename="FaceRecognition.exe" />
      </DeploymentItems>
      <Execution id="60dc981d-2b06-4a5b-9ea6-60fcda55d0b7" />
      <TestMethod codeBase="D:/DiplomProject/FaceRecognition/FaceRecognition.Test/bin/Debug/FaceRecognition.Test.DLL" adapterTypeName="Microsoft.VisualStudio.TestTools.TestTypes.Unit.UnitTestAdapter, Microsoft.VisualStudio.QualityTools.Tips.UnitTest.Adapter, Version=10.0.0.0, Culture=neutral, PublicKeyToken=b03f5f7f11d50a3a" className="FaceRecognition.Test.SelectionRecognitionMethodControlTest, FaceRecognition.Test, Version=1.0.0.0, Culture=neutral, PublicKeyToken=null" name="ConnectTest" />
    </UnitTest>
    <UnitTest name="SelectedMethodTest" storage="d:\diplomproject\facerecognition\facerecognition.test\bin\debug\facerecognition.test.dll" id="d87d8ada-cbe2-6b59-6e32-f7aa1ad1e993">
      <Execution id="96dbccd8-a930-43b3-a824-654dbea28c56" />
      <TestMethod codeBase="D:/DiplomProject/FaceRecognition/FaceRecognition.Test/bin/Debug/FaceRecognition.Test.DLL" adapterTypeName="Microsoft.VisualStudio.TestTools.TestTypes.Unit.UnitTestAdapter, Microsoft.VisualStudio.QualityTools.Tips.UnitTest.Adapter, Version=10.0.0.0, Culture=neutral, PublicKeyToken=b03f5f7f11d50a3a" className="FaceRecognition.Test.RecognitionMethodsRepositoryTest, FaceRecognition.Test, Version=1.0.0.0, Culture=neutral, PublicKeyToken=null" name="SelectedMethodTest" />
    </UnitTest>
    <UnitTest name="BackPropagateTest" storage="d:\diplomproject\facerecognition\facerecognition.test\bin\debug\facerecognition.test.dll" id="278e3d26-4744-084c-8cf6-be14b57f20c6">
      <Execution id="abfcf7aa-f025-4cd9-9211-322bf2f7bb50" />
      <TestMethod codeBase="D:/DiplomProject/FaceRecognition/FaceRecognition.Test/bin/Debug/FaceRecognition.Test.DLL" adapterTypeName="Microsoft.VisualStudio.TestTools.TestTypes.Unit.UnitTestAdapter, Microsoft.VisualStudio.QualityTools.Tips.UnitTest.Adapter, Version=10.0.0.0, Culture=neutral, PublicKeyToken=b03f5f7f11d50a3a" className="FaceRecognition.Test.BackPropagationOneLayerTest, FaceRecognition.Test, Version=1.0.0.0, Culture=neutral, PublicKeyToken=null" name="BackPropagateTest" />
    </UnitTest>
    <UnitTest name="ImageToVectorTest" storage="d:\diplomproject\facerecognition\facerecognition.test\bin\debug\facerecognition.test.dll" id="81a7006c-b6f8-434a-be5b-f56c04908efa">
      <DeploymentItems>
        <DeploymentItem filename="FaceRecognition.exe" />
      </DeploymentItems>
      <Execution id="8bbe45ca-3b35-4bbf-821c-4698952d7b33" />
      <TestMethod codeBase="D:/DiplomProject/FaceRecognition/FaceRecognition.Test/bin/Debug/FaceRecognition.Test.DLL" adapterTypeName="Microsoft.VisualStudio.TestTools.TestTypes.Unit.UnitTestAdapter, Microsoft.VisualStudio.QualityTools.Tips.UnitTest.Adapter, Version=10.0.0.0, Culture=neutral, PublicKeyToken=b03f5f7f11d50a3a" className="FaceRecognition.Test.ExtractFeaturesTest, FaceRecognition.Test, Version=1.0.0.0, Culture=neutral, PublicKeyToken=null" name="ImageToVectorTest" />
    </UnitTest>
    <UnitTest name="FTest" storage="d:\diplomproject\facerecognition\facerecognition.test\bin\debug\facerecognition.test.dll" id="a3cba538-c0b9-72bc-37b7-d32a911587f8">
      <Execution id="ca62a36f-383f-4cd6-9109-bea75a056d24" />
      <TestMethod codeBase="D:/DiplomProject/FaceRecognition/FaceRecognition.Test/bin/Debug/FaceRecognition.Test.DLL" adapterTypeName="Microsoft.VisualStudio.TestTools.TestTypes.Unit.UnitTestAdapter, Microsoft.VisualStudio.QualityTools.Tips.UnitTest.Adapter, Version=10.0.0.0, Culture=neutral, PublicKeyToken=b03f5f7f11d50a3a" className="FaceRecognition.Test.BackPropagationTwoLayersTest, FaceRecognition.Test, Version=1.0.0.0, Culture=neutral, PublicKeyToken=null" name="FTest" />
    </UnitTest>
    <UnitTest name="RecognizeMethodsViewModelBase_DrawRecongitionResultsEventTest" storage="d:\diplomproject\facerecognition\facerecognition.test\bin\debug\facerecognition.test.dll" id="ac60f34a-7f98-3b2b-c786-cb770aef50a1">
      <DeploymentItems>
        <DeploymentItem filename="FaceRecognition.exe" />
      </DeploymentItems>
      <Execution id="3eac68bf-3efc-4383-a190-7ee298bbb5d9" />
      <TestMethod codeBase="D:/DiplomProject/FaceRecognition/FaceRecognition.Test/bin/Debug/FaceRecognition.Test.DLL" adapterTypeName="Microsoft.VisualStudio.TestTools.TestTypes.Unit.UnitTestAdapter, Microsoft.VisualStudio.QualityTools.Tips.UnitTest.Adapter, Version=10.0.0.0, Culture=neutral, PublicKeyToken=b03f5f7f11d50a3a" className="FaceRecognition.Test.ResultsFaceRecognitionViewModelTest, FaceRecognition.Test, Version=1.0.0.0, Culture=neutral, PublicKeyToken=null" name="RecognizeMethodsViewModelBase_DrawRecongitionResultsEventTest" />
    </UnitTest>
    <UnitTest name="LearningRateTest" storage="d:\diplomproject\facerecognition\facerecognition.test\bin\debug\facerecognition.test.dll" id="0a27dd84-a74f-ca6d-82ff-731a065b1268">
      <Execution id="ded2b036-aa00-4fac-899d-333f91fc2c7f" />
      <TestMethod codeBase="D:/DiplomProject/FaceRecognition/FaceRecognition.Test/bin/Debug/FaceRecognition.Test.DLL" adapterTypeName="Microsoft.VisualStudio.TestTools.TestTypes.Unit.UnitTestAdapter, Microsoft.VisualStudio.QualityTools.Tips.UnitTest.Adapter, Version=10.0.0.0, Culture=neutral, PublicKeyToken=b03f5f7f11d50a3a" className="FaceRecognition.Test.BackPropagationOneLayerTest, FaceRecognition.Test, Version=1.0.0.0, Culture=neutral, PublicKeyToken=null" name="LearningRateTest" />
    </UnitTest>
    <UnitTest name="ConstantsConstructorTest" storage="d:\diplomproject\facerecognition\facerecognition.test\bin\debug\facerecognition.test.dll" id="7cbfb59b-1fb7-f47c-b329-53c12187f4e9">
      <Execution id="5609bf7c-5097-4530-b307-9281783d9c42" />
      <TestMethod codeBase="D:/DiplomProject/FaceRecognition/FaceRecognition.Test/bin/Debug/FaceRecognition.Test.DLL" adapterTypeName="Microsoft.VisualStudio.TestTools.TestTypes.Unit.UnitTestAdapter, Microsoft.VisualStudio.QualityTools.Tips.UnitTest.Adapter, Version=10.0.0.0, Culture=neutral, PublicKeyToken=b03f5f7f11d50a3a" className="FaceRecognition.Test.ConstantsTest, FaceRecognition.Test, Version=1.0.0.0, Culture=neutral, PublicKeyToken=null" name="ConstantsConstructorTest" />
    </UnitTest>
    <UnitTest name="PreprocessingPanelViewModelConstructorTest" storage="d:\diplomproject\facerecognition\facerecognition.test\bin\debug\facerecognition.test.dll" id="ff81f0b4-8912-0d41-7477-25dfa7c753cf">
      <Execution id="9ca0a43d-2b34-440e-b1b8-9b4c6dfde25c" />
      <TestMethod codeBase="D:/DiplomProject/FaceRecognition/FaceRecognition.Test/bin/Debug/FaceRecognition.Test.DLL" adapterTypeName="Microsoft.VisualStudio.TestTools.TestTypes.Unit.UnitTestAdapter, Microsoft.VisualStudio.QualityTools.Tips.UnitTest.Adapter, Version=10.0.0.0, Culture=neutral, PublicKeyToken=b03f5f7f11d50a3a" className="FaceRecognition.Test.PreprocessingPanelViewModelTest, FaceRecognition.Test, Version=1.0.0.0, Culture=neutral, PublicKeyToken=null" name="PreprocessingPanelViewModelConstructorTest" />
    </UnitTest>
    <UnitTest name="BackPropagationOneLayerConstructorTest1" storage="d:\diplomproject\facerecognition\facerecognition.test\bin\debug\facerecognition.test.dll" id="10071740-66b2-9ddc-74ea-3a0dcff49a9e">
      <Execution id="6d52d665-df40-4faf-aca6-855571c9c2da" />
      <TestMethod codeBase="D:/DiplomProject/FaceRecognition/FaceRecognition.Test/bin/Debug/FaceRecognition.Test.DLL" adapterTypeName="Microsoft.VisualStudio.TestTools.TestTypes.Unit.UnitTestAdapter, Microsoft.VisualStudio.QualityTools.Tips.UnitTest.Adapter, Version=10.0.0.0, Culture=neutral, PublicKeyToken=b03f5f7f11d50a3a" className="FaceRecognition.Test.BackPropagationOneLayerTest, FaceRecognition.Test, Version=1.0.0.0, Culture=neutral, PublicKeyToken=null" name="BackPropagationOneLayerConstructorTest1" />
    </UnitTest>
    <UnitTest name="InitializeComponentTest" storage="d:\diplomproject\facerecognition\facerecognition.test\bin\debug\facerecognition.test.dll" id="ec8c56e9-430b-fdc7-32fe-5ea22450f32a">
      <Execution id="36dac955-2cb4-4d9d-92f3-c285e2f12ab1" />
      <TestMethod codeBase="D:/DiplomProject/FaceRecognition/FaceRecognition.Test/bin/Debug/FaceRecognition.Test.DLL" adapterTypeName="Microsoft.VisualStudio.TestTools.TestTypes.Unit.UnitTestAdapter, Microsoft.VisualStudio.QualityTools.Tips.UnitTest.Adapter, Version=10.0.0.0, Culture=neutral, PublicKeyToken=b03f5f7f11d50a3a" className="FaceRecognition.Test.d__diplomprojects_diplomproject_facerecognition_styles_borderstyle_xamlTest, FaceRecognition.Test, Version=1.0.0.0, Culture=neutral, PublicKeyToken=null" name="InitializeComponentTest" />
    </UnitTest>
    <UnitTest name="RecognitionMethodsRepositoryConstructorTest" storage="d:\diplomproject\facerecognition\facerecognition.test\bin\debug\facerecognition.test.dll" id="261ae06c-917e-829d-8a65-efa1b2fa016f">
      <Execution id="2a165f08-a03c-484d-9334-91dc754623be" />
      <TestMethod codeBase="D:/DiplomProject/FaceRecognition/FaceRecognition.Test/bin/Debug/FaceRecognition.Test.DLL" adapterTypeName="Microsoft.VisualStudio.TestTools.TestTypes.Unit.UnitTestAdapter, Microsoft.VisualStudio.QualityTools.Tips.UnitTest.Adapter, Version=10.0.0.0, Culture=neutral, PublicKeyToken=b03f5f7f11d50a3a" className="FaceRecognition.Test.RecognitionMethodsRepositoryTest, FaceRecognition.Test, Version=1.0.0.0, Culture=neutral, PublicKeyToken=null" name="RecognitionMethodsRepositoryConstructorTest" />
    </UnitTest>
    <UnitTest name="WorksheetsTest" storage="d:\diplomproject\facerecognition\facerecognition.test\bin\debug\facerecognition.test.dll" id="909bffc3-2179-1a80-a579-e48a1f9598de">
      <Execution id="c471a5ab-a295-4a0a-9066-613dde0bc920" />
      <TestMethod codeBase="D:/DiplomProject/FaceRecognition/FaceRecognition.Test/bin/Debug/FaceRecognition.Test.DLL" adapterTypeName="Microsoft.VisualStudio.TestTools.TestTypes.Unit.UnitTestAdapter, Microsoft.VisualStudio.QualityTools.Tips.UnitTest.Adapter, Version=10.0.0.0, Culture=neutral, PublicKeyToken=b03f5f7f11d50a3a" className="FaceRecognition.Test._WorkbookTest, FaceRecognition.Test, Version=1.0.0.0, Culture=neutral, PublicKeyToken=null" name="WorksheetsTest" />
    </UnitTest>
    <UnitTest name="LoadNetworkTest" storage="d:\diplomproject\facerecognition\facerecognition.test\bin\debug\facerecognition.test.dll" id="e1136307-03a4-f8b9-09d4-f33b2b0bdeb9">
      <Execution id="2dc6f548-3fb0-4161-98cb-3d7b6d33e035" />
      <TestMethod codeBase="D:/DiplomProject/FaceRecognition/FaceRecognition.Test/bin/Debug/FaceRecognition.Test.DLL" adapterTypeName="Microsoft.VisualStudio.TestTools.TestTypes.Unit.UnitTestAdapter, Microsoft.VisualStudio.QualityTools.Tips.UnitTest.Adapter, Version=10.0.0.0, Culture=neutral, PublicKeyToken=b03f5f7f11d50a3a" className="FaceRecognition.Test.NeuralNetworkTest, FaceRecognition.Test, Version=1.0.0.0, Culture=neutral, PublicKeyToken=null" name="LoadNetworkTest" />
    </UnitTest>
    <UnitTest name="InitializeComponentTest" storage="d:\diplomproject\facerecognition\facerecognition.test\bin\debug\facerecognition.test.dll" id="03223c81-998b-987d-44e8-911632c2a442">
      <Execution id="6d56d89a-ec1a-4f25-bf01-605c09ee4765" />
      <TestMethod codeBase="D:/DiplomProject/FaceRecognition/FaceRecognition.Test/bin/Debug/FaceRecognition.Test.DLL" adapterTypeName="Microsoft.VisualStudio.TestTools.TestTypes.Unit.UnitTestAdapter, Microsoft.VisualStudio.QualityTools.Tips.UnitTest.Adapter, Version=10.0.0.0, Culture=neutral, PublicKeyToken=b03f5f7f11d50a3a" className="FaceRecognition.Test.NeuralNetworksControlTest, FaceRecognition.Test, Version=1.0.0.0, Culture=neutral, PublicKeyToken=null" name="InitializeComponentTest" />
    </UnitTest>
    <UnitTest name="NameTest" storage="d:\diplomproject\facerecognition\facerecognition.test\bin\debug\facerecognition.test.dll" id="9d520f51-e764-9708-5809-aa8514087564">
      <Execution id="dcaf70e4-c916-4b2d-ae7d-58b909fc69fc" />
      <TestMethod codeBase="D:/DiplomProject/FaceRecognition/FaceRecognition.Test/bin/Debug/FaceRecognition.Test.DLL" adapterTypeName="Microsoft.VisualStudio.TestTools.TestTypes.Unit.UnitTestAdapter, Microsoft.VisualStudio.QualityTools.Tips.UnitTest.Adapter, Version=10.0.0.0, Culture=neutral, PublicKeyToken=b03f5f7f11d50a3a" className="FaceRecognition.Test.RecognitionMethodModelTest, FaceRecognition.Test, Version=1.0.0.0, Culture=neutral, PublicKeyToken=null" name="NameTest" />
    </UnitTest>
    <UnitTest name="reproduceButton_ClickTest" storage="d:\diplomproject\facerecognition\facerecognition.test\bin\debug\facerecognition.test.dll" id="6a3391ae-5779-0ce2-903e-70b0b73a1cb4">
      <DeploymentItems>
        <DeploymentItem filename="FaceRecognition.exe" />
      </DeploymentItems>
      <Execution id="5057cbc6-9646-419e-b739-218e35569b74" />
      <TestMethod codeBase="D:/DiplomProject/FaceRecognition/FaceRecognition.Test/bin/Debug/FaceRecognition.Test.DLL" adapterTypeName="Microsoft.VisualStudio.TestTools.TestTypes.Unit.UnitTestAdapter, Microsoft.VisualStudio.QualityTools.Tips.UnitTest.Adapter, Version=10.0.0.0, Culture=neutral, PublicKeyToken=b03f5f7f11d50a3a" className="FaceRecognition.Test.EigenFaceControlTest, FaceRecognition.Test, Version=1.0.0.0, Culture=neutral, PublicKeyToken=null" name="reproduceButton_ClickTest" />
    </UnitTest>
    <UnitTest name="CreateNeuralNetworkTest" storage="d:\diplomproject\facerecognition\facerecognition.test\bin\debug\facerecognition.test.dll" id="0abbe560-08b4-8a2a-2fd6-cac3b90ce9ee">
      <DeploymentItems>
        <DeploymentItem filename="FaceRecognition.exe" />
      </DeploymentItems>
      <Execution id="0d840e54-1d6d-4a58-b17c-056241d72e05" />
      <TestMethod codeBase="D:/DiplomProject/FaceRecognition/FaceRecognition.Test/bin/Debug/FaceRecognition.Test.DLL" adapterTypeName="Microsoft.VisualStudio.TestTools.TestTypes.Unit.UnitTestAdapter, Microsoft.VisualStudio.QualityTools.Tips.UnitTest.Adapter, Version=10.0.0.0, Culture=neutral, PublicKeyToken=b03f5f7f11d50a3a" className="FaceRecognition.Test.NeuralNetworksViewModelTest, FaceRecognition.Test, Version=1.0.0.0, Culture=neutral, PublicKeyToken=null" name="CreateNeuralNetworkTest" />
    </UnitTest>
    <UnitTest name="UpdateErrorTest" storage="d:\diplomproject\facerecognition\facerecognition.test\bin\debug\facerecognition.test.dll" id="ca81c971-3646-f0a5-adfa-6b435890d826">
      <DeploymentItems>
        <DeploymentItem filename="FaceRecognition.exe" />
      </DeploymentItems>
      <Execution id="d9472a06-f4f5-413b-ac98-716582c92ddb" />
      <TestMethod codeBase="D:/DiplomProject/FaceRecognition/FaceRecognition.Test/bin/Debug/FaceRecognition.Test.DLL" adapterTypeName="Microsoft.VisualStudio.TestTools.TestTypes.Unit.UnitTestAdapter, Microsoft.VisualStudio.QualityTools.Tips.UnitTest.Adapter, Version=10.0.0.0, Culture=neutral, PublicKeyToken=b03f5f7f11d50a3a" className="FaceRecognition.Test.NeuralNetworksViewModelTest, FaceRecognition.Test, Version=1.0.0.0, Culture=neutral, PublicKeyToken=null" name="UpdateErrorTest" />
    </UnitTest>
    <UnitTest name="RecognizedFacesTest" storage="d:\diplomproject\facerecognition\facerecognition.test\bin\debug\facerecognition.test.dll" id="f99080db-57ae-27ae-7429-e289b65002ef">
      <Execution id="78a8da94-7332-460e-abb8-f2190f0fd353" />
      <TestMethod codeBase="D:/DiplomProject/FaceRecognition/FaceRecognition.Test/bin/Debug/FaceRecognition.Test.DLL" adapterTypeName="Microsoft.VisualStudio.TestTools.TestTypes.Unit.UnitTestAdapter, Microsoft.VisualStudio.QualityTools.Tips.UnitTest.Adapter, Version=10.0.0.0, Culture=neutral, PublicKeyToken=b03f5f7f11d50a3a" className="FaceRecognition.Test.RecognizeClassViewModelTest, FaceRecognition.Test, Version=1.0.0.0, Culture=neutral, PublicKeyToken=null" name="RecognizedFacesTest" />
    </UnitTest>
    <UnitTest name="ExtractFeaturesConstructorTest1" storage="d:\diplomproject\facerecognition\facerecognition.test\bin\debug\facerecognition.test.dll" id="ea9499a6-db3f-430e-8fa6-b3bfc9a37a99">
      <Execution id="32b349a6-7b97-4a46-99e0-fc77c69249cf" />
      <TestMethod codeBase="D:/DiplomProject/FaceRecognition/FaceRecognition.Test/bin/Debug/FaceRecognition.Test.DLL" adapterTypeName="Microsoft.VisualStudio.TestTools.TestTypes.Unit.UnitTestAdapter, Microsoft.VisualStudio.QualityTools.Tips.UnitTest.Adapter, Version=10.0.0.0, Culture=neutral, PublicKeyToken=b03f5f7f11d50a3a" className="FaceRecognition.Test.ExtractFeaturesTest, FaceRecognition.Test, Version=1.0.0.0, Culture=neutral, PublicKeyToken=null" name="ExtractFeaturesConstructorTest1" />
    </UnitTest>
    <UnitTest name="d__diplomprojects_diplomproject_facerecognition_styles_itemcontstyle_xamlConstructorTest" storage="d:\diplomproject\facerecognition\facerecognition.test\bin\debug\facerecognition.test.dll" id="34d38ab4-5629-05c2-1edd-96c8a255e0a6">
      <Execution id="f174637b-ab25-4b93-a4db-e357ae4796f5" />
      <TestMethod codeBase="D:/DiplomProject/FaceRecognition/FaceRecognition.Test/bin/Debug/FaceRecognition.Test.DLL" adapterTypeName="Microsoft.VisualStudio.TestTools.TestTypes.Unit.UnitTestAdapter, Microsoft.VisualStudio.QualityTools.Tips.UnitTest.Adapter, Version=10.0.0.0, Culture=neutral, PublicKeyToken=b03f5f7f11d50a3a" className="FaceRecognition.Test.d__diplomprojects_diplomproject_facerecognition_styles_itemcontstyle_xamlTest, FaceRecognition.Test, Version=1.0.0.0, Culture=neutral, PublicKeyToken=null" name="d__diplomprojects_diplomproject_facerecognition_styles_itemcontstyle_xamlConstructorTest" />
    </UnitTest>
    <UnitTest name="Window_ClosedTest" storage="d:\diplomproject\facerecognition\facerecognition.test\bin\debug\facerecognition.test.dll" id="ad215591-beb8-2988-5d16-acb5d7f8a507">
      <DeploymentItems>
        <DeploymentItem filename="FaceRecognition.exe" />
      </DeploymentItems>
      <Execution id="1b59a23f-c35b-40eb-bec5-fe112ee911dd" />
      <TestMethod codeBase="D:/DiplomProject/FaceRecognition/FaceRecognition.Test/bin/Debug/FaceRecognition.Test.DLL" adapterTypeName="Microsoft.VisualStudio.TestTools.TestTypes.Unit.UnitTestAdapter, Microsoft.VisualStudio.QualityTools.Tips.UnitTest.Adapter, Version=10.0.0.0, Culture=neutral, PublicKeyToken=b03f5f7f11d50a3a" className="FaceRecognition.Test.MainWindowTest, FaceRecognition.Test, Version=1.0.0.0, Culture=neutral, PublicKeyToken=null" name="Window_ClosedTest" />
    </UnitTest>
    <UnitTest name="RecognizeTimeValueTest" storage="d:\diplomproject\facerecognition\facerecognition.test\bin\debug\facerecognition.test.dll" id="3b2015a9-c057-062b-d849-b9e89cec86b1">
      <Execution id="76bd3d09-a017-45ae-af19-11f3eaee4e3f" />
      <TestMethod codeBase="D:/DiplomProject/FaceRecognition/FaceRecognition.Test/bin/Debug/FaceRecognition.Test.DLL" adapterTypeName="Microsoft.VisualStudio.TestTools.TestTypes.Unit.UnitTestAdapter, Microsoft.VisualStudio.QualityTools.Tips.UnitTest.Adapter, Version=10.0.0.0, Culture=neutral, PublicKeyToken=b03f5f7f11d50a3a" className="FaceRecognition.Test.RecognizeMethodsViewModelBaseTest, FaceRecognition.Test, Version=1.0.0.0, Culture=neutral, PublicKeyToken=null" name="RecognizeTimeValueTest" />
    </UnitTest>
    <UnitTest name="FileName_RecognizedFacesTest" storage="d:\diplomproject\facerecognition\facerecognition.test\bin\debug\facerecognition.test.dll" id="3f872b70-05cc-c7a0-e792-e9ecf767e205">
      <Execution id="65bff062-c95c-4d64-8539-45a4374f8b0c" />
      <TestMethod codeBase="D:/DiplomProject/FaceRecognition/FaceRecognition.Test/bin/Debug/FaceRecognition.Test.DLL" adapterTypeName="Microsoft.VisualStudio.TestTools.TestTypes.Unit.UnitTestAdapter, Microsoft.VisualStudio.QualityTools.Tips.UnitTest.Adapter, Version=10.0.0.0, Culture=neutral, PublicKeyToken=b03f5f7f11d50a3a" className="FaceRecognition.Test.StringsTest, FaceRecognition.Test, Version=1.0.0.0, Culture=neutral, PublicKeyToken=null" name="FileName_RecognizedFacesTest" />
    </UnitTest>
    <UnitTest name="GetDirectFFTTest" storage="d:\diplomproject\facerecognition\facerecognition.test\bin\debug\facerecognition.test.dll" id="92042902-bf2f-132c-36ab-20eb0c8c9ea2">
      <DeploymentItems>
        <DeploymentItem filename="FaceRecognition.exe" />
      </DeploymentItems>
      <Execution id="db7c6903-790d-4b64-bcb0-52635d806c27" />
      <TestMethod codeBase="D:/DiplomProject/FaceRecognition/FaceRecognition.Test/bin/Debug/FaceRecognition.Test.DLL" adapterTypeName="Microsoft.VisualStudio.TestTools.TestTypes.Unit.UnitTestAdapter, Microsoft.VisualStudio.QualityTools.Tips.UnitTest.Adapter, Version=10.0.0.0, Culture=neutral, PublicKeyToken=b03f5f7f11d50a3a" className="FaceRecognition.Test.ExtractFeaturesTest, FaceRecognition.Test, Version=1.0.0.0, Culture=neutral, PublicKeyToken=null" name="GetDirectFFTTest" />
    </UnitTest>
    <UnitTest name="NeuralEventArgsConstructorTest1" storage="d:\diplomproject\facerecognition\facerecognition.test\bin\debug\facerecognition.test.dll" id="9e25537c-efd6-0490-fe18-3e026fa589d4">
      <Execution id="a0a783b6-c915-4e86-af83-6bbdbb1c856a" />
      <TestMethod codeBase="D:/DiplomProject/FaceRecognition/FaceRecognition.Test/bin/Debug/FaceRecognition.Test.DLL" adapterTypeName="Microsoft.VisualStudio.TestTools.TestTypes.Unit.UnitTestAdapter, Microsoft.VisualStudio.QualityTools.Tips.UnitTest.Adapter, Version=10.0.0.0, Culture=neutral, PublicKeyToken=b03f5f7f11d50a3a" className="FaceRecognition.Test.NeuralEventArgsTest, FaceRecognition.Test, Version=1.0.0.0, Culture=neutral, PublicKeyToken=null" name="NeuralEventArgsConstructorTest1" />
    </UnitTest>
    <UnitTest name="PreprocessingWaitWindow_ProgressBar_TitleTest" storage="d:\diplomproject\facerecognition\facerecognition.test\bin\debug\facerecognition.test.dll" id="312990f6-2344-ad19-4b4d-35cc62e642d8">
      <Execution id="9da06fff-74fd-4b26-8802-e01bcd3fb806" />
      <TestMethod codeBase="D:/DiplomProject/FaceRecognition/FaceRecognition.Test/bin/Debug/FaceRecognition.Test.DLL" adapterTypeName="Microsoft.VisualStudio.TestTools.TestTypes.Unit.UnitTestAdapter, Microsoft.VisualStudio.QualityTools.Tips.UnitTest.Adapter, Version=10.0.0.0, Culture=neutral, PublicKeyToken=b03f5f7f11d50a3a" className="FaceRecognition.Test.StringsTest, FaceRecognition.Test, Version=1.0.0.0, Culture=neutral, PublicKeyToken=null" name="PreprocessingWaitWindow_ProgressBar_TitleTest" />
    </UnitTest>
    <UnitTest name="NumberFaceImagesTest" storage="d:\diplomproject\facerecognition\facerecognition.test\bin\debug\facerecognition.test.dll" id="70d2b4ad-1a8f-02c1-1929-0b86264ede6d">
      <Execution id="33e742ee-a1c3-4c12-afe6-c3d1360cb2ba" />
      <TestMethod codeBase="D:/DiplomProject/FaceRecognition/FaceRecognition.Test/bin/Debug/FaceRecognition.Test.DLL" adapterTypeName="Microsoft.VisualStudio.TestTools.TestTypes.Unit.UnitTestAdapter, Microsoft.VisualStudio.QualityTools.Tips.UnitTest.Adapter, Version=10.0.0.0, Culture=neutral, PublicKeyToken=b03f5f7f11d50a3a" className="FaceRecognition.Test.SelectionDataBaseViewModelTest, FaceRecognition.Test, Version=1.0.0.0, Culture=neutral, PublicKeyToken=null" name="NumberFaceImagesTest" />
    </UnitTest>
    <UnitTest name="ConnectTest" storage="d:\diplomproject\facerecognition\facerecognition.test\bin\debug\facerecognition.test.dll" id="2bddeb7c-82de-837e-c1f3-e3ca11e56307">
      <DeploymentItems>
        <DeploymentItem filename="FaceRecognition.exe" />
      </DeploymentItems>
      <Execution id="30ed2246-4c13-49e1-9579-0664b57146d6" />
      <TestMethod codeBase="D:/DiplomProject/FaceRecognition/FaceRecognition.Test/bin/Debug/FaceRecognition.Test.DLL" adapterTypeName="Microsoft.VisualStudio.TestTools.TestTypes.Unit.UnitTestAdapter, Microsoft.VisualStudio.QualityTools.Tips.UnitTest.Adapter, Version=10.0.0.0, Culture=neutral, PublicKeyToken=b03f5f7f11d50a3a" className="FaceRecognition.Test.ResultsFaceRecognitionControlTest, FaceRecognition.Test, Version=1.0.0.0, Culture=neutral, PublicKeyToken=null" name="ConnectTest" />
    </UnitTest>
    <UnitTest name="InitializeComponentTest" storage="d:\diplomproject\facerecognition\facerecognition.test\bin\debug\facerecognition.test.dll" id="6cd86ef4-1972-bcd9-c3d9-af7e6a12c0bc">
      <Execution id="4afa43f8-3ab5-407a-ae88-53c141a26d1c" />
      <TestMethod codeBase="D:/DiplomProject/FaceRecognition/FaceRecognition.Test/bin/Debug/FaceRecognition.Test.DLL" adapterTypeName="Microsoft.VisualStudio.TestTools.TestTypes.Unit.UnitTestAdapter, Microsoft.VisualStudio.QualityTools.Tips.UnitTest.Adapter, Version=10.0.0.0, Culture=neutral, PublicKeyToken=b03f5f7f11d50a3a" className="FaceRecognition.Test.d__diplomprojects_diplomproject_facerecognition_styles_itemcontstyle_xamlTest, FaceRecognition.Test, Version=1.0.0.0, Culture=neutral, PublicKeyToken=null" name="InitializeComponentTest" />
    </UnitTest>
    <UnitTest name="RecognitionMethodsEnumConstructorTest" storage="d:\diplomproject\facerecognition\facerecognition.test\bin\debug\facerecognition.test.dll" id="a435fd6c-1d20-ac23-6828-3d0d8d857d36">
      <Execution id="6ef38a3b-53cc-4cab-9796-4e4d3dbc2e1b" />
      <TestMethod codeBase="D:/DiplomProject/FaceRecognition/FaceRecognition.Test/bin/Debug/FaceRecognition.Test.DLL" adapterTypeName="Microsoft.VisualStudio.TestTools.TestTypes.Unit.UnitTestAdapter, Microsoft.VisualStudio.QualityTools.Tips.UnitTest.Adapter, Version=10.0.0.0, Culture=neutral, PublicKeyToken=b03f5f7f11d50a3a" className="FaceRecognition.Test.RecognitionMethodsEnumTest, FaceRecognition.Test, Version=1.0.0.0, Culture=neutral, PublicKeyToken=null" name="RecognitionMethodsEnumConstructorTest" />
    </UnitTest>
    <UnitTest name="RecognitionMethodsListBox_SelectionChangedTest" storage="d:\diplomproject\facerecognition\facerecognition.test\bin\debug\facerecognition.test.dll" id="1fc33f4e-eedc-2d62-2c08-2da1bbbb39a1">
      <DeploymentItems>
        <DeploymentItem filename="FaceRecognition.exe" />
      </DeploymentItems>
      <Execution id="350eff24-dd78-4d83-95c4-89e243d30bbf" />
      <TestMethod codeBase="D:/DiplomProject/FaceRecognition/FaceRecognition.Test/bin/Debug/FaceRecognition.Test.DLL" adapterTypeName="Microsoft.VisualStudio.TestTools.TestTypes.Unit.UnitTestAdapter, Microsoft.VisualStudio.QualityTools.Tips.UnitTest.Adapter, Version=10.0.0.0, Culture=neutral, PublicKeyToken=b03f5f7f11d50a3a" className="FaceRecognition.Test.SelectionRecognitionMethodControlTest, FaceRecognition.Test, Version=1.0.0.0, Culture=neutral, PublicKeyToken=null" name="RecognitionMethodsListBox_SelectionChangedTest" />
    </UnitTest>
    <UnitTest name="NormProcessTest" storage="d:\diplomproject\facerecognition\facerecognition.test\bin\debug\facerecognition.test.dll" id="b6ae93c5-07b0-9001-a881-d46af6b85eac">
      <DeploymentItems>
        <DeploymentItem filename="FaceRecognition.exe" />
      </DeploymentItems>
      <Execution id="7bc9eccb-49e3-4fd3-9cc1-11894e7ce66f" />
      <TestMethod codeBase="D:/DiplomProject/FaceRecognition/FaceRecognition.Test/bin/Debug/FaceRecognition.Test.DLL" adapterTypeName="Microsoft.VisualStudio.TestTools.TestTypes.Unit.UnitTestAdapter, Microsoft.VisualStudio.QualityTools.Tips.UnitTest.Adapter, Version=10.0.0.0, Culture=neutral, PublicKeyToken=b03f5f7f11d50a3a" className="FaceRecognition.Test.ExtractFeaturesTest, FaceRecognition.Test, Version=1.0.0.0, Culture=neutral, PublicKeyToken=null" name="NormProcessTest" />
    </UnitTest>
    <UnitTest name="ForwardPropagateTest" storage="d:\diplomproject\facerecognition\facerecognition.test\bin\debug\facerecognition.test.dll" id="90794b21-7e33-ba2f-46c4-ba0ae7639eab">
      <Execution id="e6af5705-3052-46a6-9a86-0d6a90cd87e0" />
      <TestMethod codeBase="D:/DiplomProject/FaceRecognition/FaceRecognition.Test/bin/Debug/FaceRecognition.Test.DLL" adapterTypeName="Microsoft.VisualStudio.TestTools.TestTypes.Unit.UnitTestAdapter, Microsoft.VisualStudio.QualityTools.Tips.UnitTest.Adapter, Version=10.0.0.0, Culture=neutral, PublicKeyToken=b03f5f7f11d50a3a" className="FaceRecognition.Test.BackPropagationThreeLayersTest, FaceRecognition.Test, Version=1.0.0.0, Culture=neutral, PublicKeyToken=null" name="ForwardPropagateTest" />
    </UnitTest>
    <UnitTest name="SelectionTrainTestImagesViewModelConstructorTest" storage="d:\diplomproject\facerecognition\facerecognition.test\bin\debug\facerecognition.test.dll" id="9337e406-5ba3-2c2a-eebb-97e32ccbf115">
      <Execution id="5cb0a4d2-adc6-4c77-98ac-781aaa418c81" />
      <TestMethod codeBase="D:/DiplomProject/FaceRecognition/FaceRecognition.Test/bin/Debug/FaceRecognition.Test.DLL" adapterTypeName="Microsoft.VisualStudio.TestTools.TestTypes.Unit.UnitTestAdapter, Microsoft.VisualStudio.QualityTools.Tips.UnitTest.Adapter, Version=10.0.0.0, Culture=neutral, PublicKeyToken=b03f5f7f11d50a3a" className="FaceRecognition.Test.SelectionTrainTestImagesViewModelTest, FaceRecognition.Test, Version=1.0.0.0, Culture=neutral, PublicKeyToken=null" name="SelectionTrainTestImagesViewModelConstructorTest" />
    </UnitTest>
    <UnitTest name="NumberTrainFacesTest" storage="d:\diplomproject\facerecognition\facerecognition.test\bin\debug\facerecognition.test.dll" id="5a252f53-d360-095e-5954-fc12e659de0b">
      <Execution id="b793610f-5846-4fa0-a9f6-73f412861671" />
      <TestMethod codeBase="D:/DiplomProject/FaceRecognition/FaceRecognition.Test/bin/Debug/FaceRecognition.Test.DLL" adapterTypeName="Microsoft.VisualStudio.TestTools.TestTypes.Unit.UnitTestAdapter, Microsoft.VisualStudio.QualityTools.Tips.UnitTest.Adapter, Version=10.0.0.0, Culture=neutral, PublicKeyToken=b03f5f7f11d50a3a" className="FaceRecognition.Test.ResultsFaceRecognitionViewModelTest, FaceRecognition.Test, Version=1.0.0.0, Culture=neutral, PublicKeyToken=null" name="NumberTrainFacesTest" />
    </UnitTest>
    <UnitTest name="OnDrawResultsTableTest" storage="d:\diplomproject\facerecognition\facerecognition.test\bin\debug\facerecognition.test.dll" id="c98d53d2-8b71-9394-2e18-fba6d96aba2b">
      <DeploymentItems>
        <DeploymentItem filename="FaceRecognition.exe" />
      </DeploymentItems>
      <Execution id="3d4372f6-d4a5-4f9e-b36b-6a15eb5111f0" />
      <TestMethod codeBase="D:/DiplomProject/FaceRecognition/FaceRecognition.Test/bin/Debug/FaceRecognition.Test.DLL" adapterTypeName="Microsoft.VisualStudio.TestTools.TestTypes.Unit.UnitTestAdapter, Microsoft.VisualStudio.QualityTools.Tips.UnitTest.Adapter, Version=10.0.0.0, Culture=neutral, PublicKeyToken=b03f5f7f11d50a3a" className="FaceRecognition.Test.ResultsFaceRecognitionViewModelTest, FaceRecognition.Test, Version=1.0.0.0, Culture=neutral, PublicKeyToken=null" name="OnDrawResultsTableTest" />
    </UnitTest>
    <UnitTest name="InitializeNetworkTest" storage="d:\diplomproject\facerecognition\facerecognition.test\bin\debug\facerecognition.test.dll" id="6a390db9-3fc2-3e35-fcd9-aa89ecb0efb0">
      <Execution id="7adf8cc1-4dcc-4f55-9c16-ad14d2a47501" />
      <TestMethod codeBase="D:/DiplomProject/FaceRecognition/FaceRecognition.Test/bin/Debug/FaceRecognition.Test.DLL" adapterTypeName="Microsoft.VisualStudio.TestTools.TestTypes.Unit.UnitTestAdapter, Microsoft.VisualStudio.QualityTools.Tips.UnitTest.Adapter, Version=10.0.0.0, Culture=neutral, PublicKeyToken=b03f5f7f11d50a3a" className="FaceRecognition.Test.BackPropagationOneLayerTest, FaceRecognition.Test, Version=1.0.0.0, Culture=neutral, PublicKeyToken=null" name="InitializeNetworkTest" />
    </UnitTest>
    <UnitTest name="ThrowOnInvalidPropertyNameTest" storage="d:\diplomproject\facerecognition\facerecognition.test\bin\debug\facerecognition.test.dll" id="5ab9c9db-fb4a-9293-b7f1-b9922978176d">
      <DeploymentItems>
        <DeploymentItem filename="FaceRecognition.exe" />
      </DeploymentItems>
      <Execution id="40c16e80-e36a-4034-bd02-795070042b01" />
      <TestMethod codeBase="D:/DiplomProject/FaceRecognition/FaceRecognition.Test/bin/Debug/FaceRecognition.Test.DLL" adapterTypeName="Microsoft.VisualStudio.TestTools.TestTypes.Unit.UnitTestAdapter, Microsoft.VisualStudio.QualityTools.Tips.UnitTest.Adapter, Version=10.0.0.0, Culture=neutral, PublicKeyToken=b03f5f7f11d50a3a" className="FaceRecognition.Test.ViewModelBaseTest, FaceRecognition.Test, Version=1.0.0.0, Culture=neutral, PublicKeyToken=null" name="ThrowOnInvalidPropertyNameTest" />
    </UnitTest>
    <UnitTest name="InitializeComponentTest" storage="d:\diplomproject\facerecognition\facerecognition.test\bin\debug\facerecognition.test.dll" id="33d346d9-10c3-a82c-a9c7-748a26354f0f">
      <Execution id="d5d28b0b-b0f6-4b90-93e7-1133750a339e" />
      <TestMethod codeBase="D:/DiplomProject/FaceRecognition/FaceRecognition.Test/bin/Debug/FaceRecognition.Test.DLL" adapterTypeName="Microsoft.VisualStudio.TestTools.TestTypes.Unit.UnitTestAdapter, Microsoft.VisualStudio.QualityTools.Tips.UnitTest.Adapter, Version=10.0.0.0, Culture=neutral, PublicKeyToken=b03f5f7f11d50a3a" className="FaceRecognition.Test.EigenFaceControlTest, FaceRecognition.Test, Version=1.0.0.0, Culture=neutral, PublicKeyToken=null" name="InitializeComponentTest" />
    </UnitTest>
    <UnitTest name="OnRecognizePanelVisibleTest" storage="d:\diplomproject\facerecognition\facerecognition.test\bin\debug\facerecognition.test.dll" id="598e0ca7-1867-b6fe-ff04-bffd26b4a34e">
      <DeploymentItems>
        <DeploymentItem filename="FaceRecognition.exe" />
      </DeploymentItems>
      <Execution id="2556af5d-a9a7-4577-8fad-82a764b3b9da" />
      <TestMethod codeBase="D:/DiplomProject/FaceRecognition/FaceRecognition.Test/bin/Debug/FaceRecognition.Test.DLL" adapterTypeName="Microsoft.VisualStudio.TestTools.TestTypes.Unit.UnitTestAdapter, Microsoft.VisualStudio.QualityTools.Tips.UnitTest.Adapter, Version=10.0.0.0, Culture=neutral, PublicKeyToken=b03f5f7f11d50a3a" className="FaceRecognition.Test.RecognizeMethodControlBaseTest, FaceRecognition.Test, Version=1.0.0.0, Culture=neutral, PublicKeyToken=null" name="OnRecognizePanelVisibleTest" />
    </UnitTest>
    <UnitTest name="TrainImagesTest" storage="d:\diplomproject\facerecognition\facerecognition.test\bin\debug\facerecognition.test.dll" id="501b60ac-2c5a-4d11-2bf7-d5abfb0e11b4">
      <Execution id="88cf8fcf-9100-4ea1-913b-93615954b20e" />
      <TestMethod codeBase="D:/DiplomProject/FaceRecognition/FaceRecognition.Test/bin/Debug/FaceRecognition.Test.DLL" adapterTypeName="Microsoft.VisualStudio.TestTools.TestTypes.Unit.UnitTestAdapter, Microsoft.VisualStudio.QualityTools.Tips.UnitTest.Adapter, Version=10.0.0.0, Culture=neutral, PublicKeyToken=b03f5f7f11d50a3a" className="FaceRecognition.Test.ViewModelBaseTest, FaceRecognition.Test, Version=1.0.0.0, Culture=neutral, PublicKeyToken=null" name="TrainImagesTest" />
    </UnitTest>
    <UnitTest name="CurrentDomain_UnhandledExceptionTest" storage="d:\diplomproject\facerecognition\facerecognition.test\bin\debug\facerecognition.test.dll" id="89b0fe60-508a-34c9-b126-a3c9b8a693a1">
      <DeploymentItems>
        <DeploymentItem filename="FaceRecognition.exe" />
      </DeploymentItems>
      <Execution id="156bbca9-19df-40f0-83fd-3f65528c8b2c" />
      <TestMethod codeBase="D:/DiplomProject/FaceRecognition/FaceRecognition.Test/bin/Debug/FaceRecognition.Test.DLL" adapterTypeName="Microsoft.VisualStudio.TestTools.TestTypes.Unit.UnitTestAdapter, Microsoft.VisualStudio.QualityTools.Tips.UnitTest.Adapter, Version=10.0.0.0, Culture=neutral, PublicKeyToken=b03f5f7f11d50a3a" className="FaceRecognition.Test.AppTest, FaceRecognition.Test, Version=1.0.0.0, Culture=neutral, PublicKeyToken=null" name="CurrentDomain_UnhandledExceptionTest" />
    </UnitTest>
    <UnitTest name="CurrentTest" storage="d:\diplomproject\facerecognition\facerecognition.test\bin\debug\facerecognition.test.dll" id="c81d9203-0aff-5a90-3003-179d5196970a">
      <Execution id="6a956637-949f-4a85-b561-575e88a92997" />
      <TestMethod codeBase="D:/DiplomProject/FaceRecognition/FaceRecognition.Test/bin/Debug/FaceRecognition.Test.DLL" adapterTypeName="Microsoft.VisualStudio.TestTools.TestTypes.Unit.UnitTestAdapter, Microsoft.VisualStudio.QualityTools.Tips.UnitTest.Adapter, Version=10.0.0.0, Culture=neutral, PublicKeyToken=b03f5f7f11d50a3a" className="FaceRecognition.Test.RecognitionMethodsEnumTest, FaceRecognition.Test, Version=1.0.0.0, Culture=neutral, PublicKeyToken=null" name="CurrentTest" />
    </UnitTest>
    <UnitTest name="NeuralNetworksViewModelConstructorTest1" storage="d:\diplomproject\facerecognition\facerecognition.test\bin\debug\facerecognition.test.dll" id="a361c80b-f058-11ef-3fbe-93c35d655f82">
      <Execution id="8cfad24a-aab8-4ae2-ab01-5fc51c9857eb" />
      <TestMethod codeBase="D:/DiplomProject/FaceRecognition/FaceRecognition.Test/bin/Debug/FaceRecognition.Test.DLL" adapterTypeName="Microsoft.VisualStudio.TestTools.TestTypes.Unit.UnitTestAdapter, Microsoft.VisualStudio.QualityTools.Tips.UnitTest.Adapter, Version=10.0.0.0, Culture=neutral, PublicKeyToken=b03f5f7f11d50a3a" className="FaceRecognition.Test.NeuralNetworksViewModelTest, FaceRecognition.Test, Version=1.0.0.0, Culture=neutral, PublicKeyToken=null" name="NeuralNetworksViewModelConstructorTest1" />
    </UnitTest>
    <UnitTest name="RecognitionMethodsWindow_TitleTest" storage="d:\diplomproject\facerecognition\facerecognition.test\bin\debug\facerecognition.test.dll" id="a63adbb9-8488-80aa-a725-1bc3ed9d7121">
      <Execution id="077ffae0-7d33-44c4-adcd-6c3c06a86186" />
      <TestMethod codeBase="D:/DiplomProject/FaceRecognition/FaceRecognition.Test/bin/Debug/FaceRecognition.Test.DLL" adapterTypeName="Microsoft.VisualStudio.TestTools.TestTypes.Unit.UnitTestAdapter, Microsoft.VisualStudio.QualityTools.Tips.UnitTest.Adapter, Version=10.0.0.0, Culture=neutral, PublicKeyToken=b03f5f7f11d50a3a" className="FaceRecognition.Test.StringsTest, FaceRecognition.Test, Version=1.0.0.0, Culture=neutral, PublicKeyToken=null" name="RecognitionMethodsWindow_TitleTest" />
    </UnitTest>
    <UnitTest name="BackPropagationTwoLayersConstructorTest1" storage="d:\diplomproject\facerecognition\facerecognition.test\bin\debug\facerecognition.test.dll" id="5d36e2ff-aacb-17e2-2831-fd5c4e8cb1eb">
      <Execution id="46808e80-c652-41fc-a800-d5e31c178a30" />
      <TestMethod codeBase="D:/DiplomProject/FaceRecognition/FaceRecognition.Test/bin/Debug/FaceRecognition.Test.DLL" adapterTypeName="Microsoft.VisualStudio.TestTools.TestTypes.Unit.UnitTestAdapter, Microsoft.VisualStudio.QualityTools.Tips.UnitTest.Adapter, Version=10.0.0.0, Culture=neutral, PublicKeyToken=b03f5f7f11d50a3a" className="FaceRecognition.Test.BackPropagationTwoLayersTest, FaceRecognition.Test, Version=1.0.0.0, Culture=neutral, PublicKeyToken=null" name="BackPropagationTwoLayersConstructorTest1" />
    </UnitTest>
    <UnitTest name="LoadTestFacesTest" storage="d:\diplomproject\facerecognition\facerecognition.test\bin\debug\facerecognition.test.dll" id="dd6e7871-68a6-46f8-d319-ff2fccb6a6f5">
      <DeploymentItems>
        <DeploymentItem filename="FaceRecognition.exe" />
      </DeploymentItems>
      <Execution id="99e7af1d-0b6f-4f90-9f43-9260f7266e19" />
      <TestMethod codeBase="D:/DiplomProject/FaceRecognition/FaceRecognition.Test/bin/Debug/FaceRecognition.Test.DLL" adapterTypeName="Microsoft.VisualStudio.TestTools.TestTypes.Unit.UnitTestAdapter, Microsoft.VisualStudio.QualityTools.Tips.UnitTest.Adapter, Version=10.0.0.0, Culture=neutral, PublicKeyToken=b03f5f7f11d50a3a" className="FaceRecognition.Test.ViewModelBaseTest, FaceRecognition.Test, Version=1.0.0.0, Culture=neutral, PublicKeyToken=null" name="LoadTestFacesTest" />
    </UnitTest>
  </TestDefinitions>
  <TestLists>
    <TestList name="Results Not in a List" id="8c84fa94-04c1-424b-9868-57a2d4851a1d" />
    <TestList name="All Loaded Results" id="19431567-8539-422a-85d7-44ee4e166bda" />
  </TestLists>
  <TestEntries>
    <TestEntry testId="b96b3482-da83-0756-c8ef-468e590545d6" executionId="1ab4d489-d4a8-4c34-b78d-8da8dead4849" testListId="8c84fa94-04c1-424b-9868-57a2d4851a1d" />
    <TestEntry testId="6b31d041-045b-f81f-bf9a-0a70fb1463c4" executionId="700d58f1-f323-46bf-9364-ea9e2e68b506" testListId="8c84fa94-04c1-424b-9868-57a2d4851a1d" />
    <TestEntry testId="da471e36-2e1b-1cc1-17a9-d58049715d04" executionId="82119c3e-64e8-4ee4-8f2e-5f89a94c3dff" testListId="8c84fa94-04c1-424b-9868-57a2d4851a1d" />
    <TestEntry testId="76c87c20-b2a0-6234-9f17-dccca09c635a" executionId="24db7663-2720-4cd0-bc43-85cdf8dbfb28" testListId="8c84fa94-04c1-424b-9868-57a2d4851a1d" />
    <TestEntry testId="fc7557f7-f459-ee53-b73c-69b6c3b94147" executionId="a3e932e3-260e-4df2-a3e9-198cb78e182b" testListId="8c84fa94-04c1-424b-9868-57a2d4851a1d" />
    <TestEntry testId="e7a32c35-167d-b762-9a2c-108eb21c42db" executionId="1b5db6d1-dc6e-4592-9107-1acc308c1720" testListId="8c84fa94-04c1-424b-9868-57a2d4851a1d" />
    <TestEntry testId="ad215591-beb8-2988-5d16-acb5d7f8a507" executionId="1b59a23f-c35b-40eb-bec5-fe112ee911dd" testListId="8c84fa94-04c1-424b-9868-57a2d4851a1d" />
    <TestEntry testId="a10bfb72-9460-0dcb-b97b-f3ea21b62a36" executionId="d4829cb0-d34a-4f29-bd98-a4958f687630" testListId="8c84fa94-04c1-424b-9868-57a2d4851a1d" />
    <TestEntry testId="7774d603-8195-900e-f3a3-5f4b9738112f" executionId="7c724396-a8d8-423b-b707-96dbf3e471fd" testListId="8c84fa94-04c1-424b-9868-57a2d4851a1d" />
    <TestEntry testId="aee5175d-4b23-99fd-ce7f-98f9847c3408" executionId="d96ae1c2-57d9-4543-a192-9ab4fbaa3632" testListId="8c84fa94-04c1-424b-9868-57a2d4851a1d" />
    <TestEntry testId="346e73e2-6d4b-6bf9-dbae-89206b89a5d1" executionId="c17f8471-f8b4-4c66-af44-a0ad0bf6fe03" testListId="8c84fa94-04c1-424b-9868-57a2d4851a1d" />
    <TestEntry testId="9b4f74df-aeb6-12a2-426a-5e90ce2dda75" executionId="3a3038c6-bb8a-4427-aa55-48ae523a4800" testListId="8c84fa94-04c1-424b-9868-57a2d4851a1d" />
    <TestEntry testId="6d3396ee-1665-513d-eb2e-79ac6d79b7f5" executionId="f953d5b4-88b2-4d21-89d6-992f41ea1b21" testListId="8c84fa94-04c1-424b-9868-57a2d4851a1d" />
    <TestEntry testId="7cbfb59b-1fb7-f47c-b329-53c12187f4e9" executionId="5609bf7c-5097-4530-b307-9281783d9c42" testListId="8c84fa94-04c1-424b-9868-57a2d4851a1d" />
    <TestEntry testId="630542a1-2ea8-43de-99b4-b2ec5e69e45a" executionId="df67476c-b9ef-4e03-8d1f-9ef2293e3ec7" testListId="8c84fa94-04c1-424b-9868-57a2d4851a1d" />
    <TestEntry testId="f5e3646f-afb0-9a93-b34e-9b546bc18515" executionId="05d34020-5122-4c0a-bfce-d8edf9650c1c" testListId="8c84fa94-04c1-424b-9868-57a2d4851a1d" />
    <TestEntry testId="4b60b179-a3c0-3210-3fff-77a5f071a57c" executionId="41cfde93-3688-4a98-9c14-5ae0aec257bb" testListId="8c84fa94-04c1-424b-9868-57a2d4851a1d" />
    <TestEntry testId="41f97cd5-9aa1-3636-170e-a2e4f46210fc" executionId="5f78a814-6581-43e7-be92-ec9a33deaa38" testListId="8c84fa94-04c1-424b-9868-57a2d4851a1d" />
    <TestEntry testId="89b0fe60-508a-34c9-b126-a3c9b8a693a1" executionId="156bbca9-19df-40f0-83fd-3f65528c8b2c" testListId="8c84fa94-04c1-424b-9868-57a2d4851a1d" />
    <TestEntry testId="18705937-4336-cb1b-5527-4a2a75ad1006" executionId="c96656f0-bcc6-4d59-b7d4-aa9e59c41635" testListId="8c84fa94-04c1-424b-9868-57a2d4851a1d" />
    <TestEntry testId="262357d8-f115-b1a9-284d-74adc2b5a45c" executionId="46ff0192-5d7e-4cd2-860b-91f4dfaecf33" testListId="8c84fa94-04c1-424b-9868-57a2d4851a1d" />
    <TestEntry testId="1f1dd99b-71a3-add6-ab50-c4e88000e36d" executionId="ad64765e-959d-470a-a690-e1da585d3746" testListId="8c84fa94-04c1-424b-9868-57a2d4851a1d" />
    <TestEntry testId="fde7620c-28f9-8d19-d54f-3e805397f75b" executionId="aaa8ce9e-122b-476e-b1c4-6c26ec5a5fa5" testListId="8c84fa94-04c1-424b-9868-57a2d4851a1d" />
    <TestEntry testId="278e3d26-4744-084c-8cf6-be14b57f20c6" executionId="abfcf7aa-f025-4cd9-9211-322bf2f7bb50" testListId="8c84fa94-04c1-424b-9868-57a2d4851a1d" />
    <TestEntry testId="fed07a28-3276-36e7-4efa-ad5413b69520" executionId="33becad2-45da-4f5e-bec1-6db701d40c73" testListId="8c84fa94-04c1-424b-9868-57a2d4851a1d" />
    <TestEntry testId="10071740-66b2-9ddc-74ea-3a0dcff49a9e" executionId="6d52d665-df40-4faf-aca6-855571c9c2da" testListId="8c84fa94-04c1-424b-9868-57a2d4851a1d" />
    <TestEntry testId="dd44254a-1364-a3c8-e298-d2184cc5659a" executionId="d0d865d7-1101-4d5b-93bf-74ac5088e7dc" testListId="8c84fa94-04c1-424b-9868-57a2d4851a1d" />
    <TestEntry testId="6a390db9-3fc2-3e35-fcd9-aa89ecb0efb0" executionId="7adf8cc1-4dcc-4f55-9c16-ad14d2a47501" testListId="8c84fa94-04c1-424b-9868-57a2d4851a1d" />
    <TestEntry testId="d6ef7d7c-72fc-3c70-f9f4-ed5baebc2a72" executionId="fdae2ed1-0941-475b-9063-4c913ea445b9" testListId="8c84fa94-04c1-424b-9868-57a2d4851a1d" />
    <TestEntry testId="0a27dd84-a74f-ca6d-82ff-731a065b1268" executionId="ded2b036-aa00-4fac-899d-333f91fc2c7f" testListId="8c84fa94-04c1-424b-9868-57a2d4851a1d" />
    <TestEntry testId="f89122f4-4838-22c3-e0f2-6364d8fabf25" executionId="7b65399d-0f27-4a36-926d-a46658c2b049" testListId="8c84fa94-04c1-424b-9868-57a2d4851a1d" />
    <TestEntry testId="c92a17ca-433a-829d-cf32-09849d32a175" executionId="66b9408d-87af-4136-a4b3-9307e9bd55be" testListId="8c84fa94-04c1-424b-9868-57a2d4851a1d" />
    <TestEntry testId="e0e016ae-bc25-d672-0112-5d4f60752c01" executionId="6c23a539-c35e-4fca-9727-cce9c8ecc85c" testListId="8c84fa94-04c1-424b-9868-57a2d4851a1d" />
    <TestEntry testId="e4629367-1dfb-1fee-a6a6-f077f4b7496c" executionId="213668ed-8421-4fa3-bb82-732a0a96fe0a" testListId="8c84fa94-04c1-424b-9868-57a2d4851a1d" />
    <TestEntry testId="598e0ca7-1867-b6fe-ff04-bffd26b4a34e" executionId="2556af5d-a9a7-4577-8fad-82a764b3b9da" testListId="8c84fa94-04c1-424b-9868-57a2d4851a1d" />
    <TestEntry testId="a72ee510-93c1-aa9c-979a-ce1882ca8962" executionId="1efa96c0-d01c-4f5e-b87c-946487930ec4" testListId="8c84fa94-04c1-424b-9868-57a2d4851a1d" />
    <TestEntry testId="c5ce1c14-4504-386f-0d7e-fcf9a1dc8305" executionId="633841a2-da9c-4e9f-9f5f-426c82dfb6e9" testListId="8c84fa94-04c1-424b-9868-57a2d4851a1d" />
    <TestEntry testId="0483acf2-1c5b-6fb7-d0b0-11adea2af3b4" executionId="cc12a781-ef30-4a89-853e-acabaef8b2ab" testListId="8c84fa94-04c1-424b-9868-57a2d4851a1d" />
    <TestEntry testId="0a4325ed-706c-c75d-64c1-e8b24976d0b7" executionId="0d5b8bfd-8d5e-4add-a06d-cca648e7c1ad" testListId="8c84fa94-04c1-424b-9868-57a2d4851a1d" />
    <TestEntry testId="03223c81-998b-987d-44e8-911632c2a442" executionId="6d56d89a-ec1a-4f25-bf01-605c09ee4765" testListId="8c84fa94-04c1-424b-9868-57a2d4851a1d" />
    <TestEntry testId="a78f4eb1-57a8-9091-58d0-190e15a620fa" executionId="d9b90c8e-1715-4d70-9b5f-4a3d65b5ff55" testListId="8c84fa94-04c1-424b-9868-57a2d4851a1d" />
    <TestEntry testId="e5d80706-19e9-5acb-5bd3-96bf565de76a" executionId="32ce7d40-b077-43a5-a381-b19452d6d751" testListId="8c84fa94-04c1-424b-9868-57a2d4851a1d" />
    <TestEntry testId="26bf3e8c-14ce-b71b-465e-6ba862c4eecc" executionId="b49c1e35-5dd1-450c-8a4b-c96c489b6a28" testListId="8c84fa94-04c1-424b-9868-57a2d4851a1d" />
    <TestEntry testId="6a3391ae-5779-0ce2-903e-70b0b73a1cb4" executionId="5057cbc6-9646-419e-b739-218e35569b74" testListId="8c84fa94-04c1-424b-9868-57a2d4851a1d" />
    <TestEntry testId="5aa709b1-9fb4-52b5-ff6d-8343d5a7b06c" executionId="7af416cc-9453-4df1-9ac7-e1b9d25ca629" testListId="8c84fa94-04c1-424b-9868-57a2d4851a1d" />
    <TestEntry testId="33d346d9-10c3-a82c-a9c7-748a26354f0f" executionId="d5d28b0b-b0f6-4b90-93e7-1133750a339e" testListId="8c84fa94-04c1-424b-9868-57a2d4851a1d" />
    <TestEntry testId="9db152d5-5d8b-6bb4-cb11-1ea63d597f86" executionId="1bb97652-55f3-4ea0-87d4-729394fe76f4" testListId="8c84fa94-04c1-424b-9868-57a2d4851a1d" />
    <TestEntry testId="e31b5823-cfc6-5ee5-e387-4af0b52fda8f" executionId="35b913a3-d326-4e8e-b440-c4817749cd3d" testListId="8c84fa94-04c1-424b-9868-57a2d4851a1d" />
    <TestEntry testId="9de08402-80a6-ea4a-e8e2-4c72e448860b" executionId="730d9f56-7853-4e14-a66f-1ebd0d2c3083" testListId="8c84fa94-04c1-424b-9868-57a2d4851a1d" />
    <TestEntry testId="c319e922-c1dc-240b-7ae1-1ab81127b20a" executionId="56d7703c-c725-4f33-a34e-6c6fa1834b1d" testListId="8c84fa94-04c1-424b-9868-57a2d4851a1d" />
    <TestEntry testId="24817f9b-fdad-efa5-f15c-3503499b627a" executionId="aadba249-4b24-405b-91ef-eb13be3d2131" testListId="8c84fa94-04c1-424b-9868-57a2d4851a1d" />
    <TestEntry testId="7a70082a-f4a5-92e1-fade-11eb838295a1" executionId="5f7d7734-a650-48ed-bacb-b0effed1408e" testListId="8c84fa94-04c1-424b-9868-57a2d4851a1d" />
    <TestEntry testId="6ca4cf67-b687-208e-7d16-0458b5376126" executionId="70164022-f214-485d-8509-258efcdfcb98" testListId="8c84fa94-04c1-424b-9868-57a2d4851a1d" />
    <TestEntry testId="7ed933c2-5fd8-e60c-2061-cfb8096d2ac7" executionId="fbf1907a-626a-4357-a132-40bb7dc7025e" testListId="8c84fa94-04c1-424b-9868-57a2d4851a1d" />
    <TestEntry testId="927a4006-b439-899f-481e-787691c7a920" executionId="d884dda9-6026-4b67-a492-5fe6c4f1147b" testListId="8c84fa94-04c1-424b-9868-57a2d4851a1d" />
    <TestEntry testId="5e351464-e6a6-1d5f-1dcc-825209ba7726" executionId="32b4ff16-456e-4704-a14c-063f564762ef" testListId="8c84fa94-04c1-424b-9868-57a2d4851a1d" />
    <TestEntry testId="78ad72bf-7f5b-5cdd-77f4-ebbcb8a73c9d" executionId="3da9490d-4d0e-4546-983d-8d0bd8b55b79" testListId="8c84fa94-04c1-424b-9868-57a2d4851a1d" />
    <TestEntry testId="f9a1bf3a-c77f-a2ad-68ef-17d0e6c0c0ae" executionId="3777aed2-b169-4066-99f8-15a33eb0e7c1" testListId="8c84fa94-04c1-424b-9868-57a2d4851a1d" />
    <TestEntry testId="1e9f5be8-6527-3e03-a71f-172527d98276" executionId="60dc981d-2b06-4a5b-9ea6-60fcda55d0b7" testListId="8c84fa94-04c1-424b-9868-57a2d4851a1d" />
    <TestEntry testId="1fc33f4e-eedc-2d62-2c08-2da1bbbb39a1" executionId="350eff24-dd78-4d83-95c4-89e243d30bbf" testListId="8c84fa94-04c1-424b-9868-57a2d4851a1d" />
    <TestEntry testId="5d074bed-73c1-a345-2808-beeda94b18b6" executionId="459dc6d9-cf96-4b8d-96b6-8d515beb378b" testListId="8c84fa94-04c1-424b-9868-57a2d4851a1d" />
    <TestEntry testId="823ec556-c4c9-7f4f-86f4-46732f7445ca" executionId="ae177e81-ba05-4b84-bd21-d5cc725d80a5" testListId="8c84fa94-04c1-424b-9868-57a2d4851a1d" />
    <TestEntry testId="00f40929-2ad1-8fa1-f715-227f47318de8" executionId="ee91c603-c68f-4244-b6f8-60b96d99860d" testListId="8c84fa94-04c1-424b-9868-57a2d4851a1d" />
    <TestEntry testId="f579899e-5153-04fd-0cb0-cc563aa22b9d" executionId="fd3be5f7-24d6-44c6-9752-9d53433d9908" testListId="8c84fa94-04c1-424b-9868-57a2d4851a1d" />
    <TestEntry testId="f3ba710c-b7c2-b59f-b42c-0834e453543e" executionId="86d42629-b0f7-4dcc-bd47-f74c5ed6d04d" testListId="8c84fa94-04c1-424b-9868-57a2d4851a1d" />
    <TestEntry testId="b1207c69-f87a-f1aa-7c29-280503b394c5" executionId="cf8bf76d-0c4d-43ed-80df-d2845f62b5cf" testListId="8c84fa94-04c1-424b-9868-57a2d4851a1d" />
    <TestEntry testId="72607838-811d-b0e5-0d24-ce32cf4d3766" executionId="cf1b45a6-53a7-47df-9d65-b37ad24796a5" testListId="8c84fa94-04c1-424b-9868-57a2d4851a1d" />
    <TestEntry testId="779e9403-cc15-9105-c3eb-4da2e3c196a4" executionId="ea4ba619-60a0-4569-8b24-e1988bf04278" testListId="8c84fa94-04c1-424b-9868-57a2d4851a1d" />
    <TestEntry testId="1cfb770f-c59e-4c8b-a7a8-68a86e45ecf4" executionId="3e391b41-8777-42fb-930a-4ad1703602ff" testListId="8c84fa94-04c1-424b-9868-57a2d4851a1d" />
    <TestEntry testId="ec49b5b9-c5ef-3410-cf17-cb4916fd21fe" executionId="358972f9-6751-496a-855c-afb0254636a0" testListId="8c84fa94-04c1-424b-9868-57a2d4851a1d" />
    <TestEntry testId="e64a9531-40b7-dc46-15af-423cd464f7be" executionId="50b01e41-404f-42ed-b957-1f0be2efaaf9" testListId="8c84fa94-04c1-424b-9868-57a2d4851a1d" />
    <TestEntry testId="2bddeb7c-82de-837e-c1f3-e3ca11e56307" executionId="30ed2246-4c13-49e1-9579-0664b57146d6" testListId="8c84fa94-04c1-424b-9868-57a2d4851a1d" />
    <TestEntry testId="1adaa149-b410-90fc-fe0f-4de5113b980e" executionId="85fda8ff-4f24-43b3-92cc-683b1a10458b" testListId="8c84fa94-04c1-424b-9868-57a2d4851a1d" />
    <TestEntry testId="f8f85a08-724a-3e9a-0c67-8ba860c6d8be" executionId="76d56980-3f0a-4f57-8c1e-89a46f208d6c" testListId="8c84fa94-04c1-424b-9868-57a2d4851a1d" />
    <TestEntry testId="0803b8a8-cc9b-999d-1939-7ab4b634d7dc" executionId="8983df95-27a4-4d96-92ab-e28016528dd6" testListId="8c84fa94-04c1-424b-9868-57a2d4851a1d" />
    <TestEntry testId="e79029f0-6bfc-2baf-9208-9a7d2c8aab58" executionId="39a9a8f7-271e-410f-85ad-229e53c90feb" testListId="8c84fa94-04c1-424b-9868-57a2d4851a1d" />
    <TestEntry testId="af0be23b-1f2e-fafb-779c-255ade81b94f" executionId="7214b04c-7bba-428e-a40c-c7a43939f40f" testListId="8c84fa94-04c1-424b-9868-57a2d4851a1d" />
    <TestEntry testId="b485b9b8-d208-51fd-8c2a-1f594054ae65" executionId="146bde3c-4ebb-4cd3-a239-da59fdb1abc5" testListId="8c84fa94-04c1-424b-9868-57a2d4851a1d" />
    <TestEntry testId="d5ff86e7-0087-d6d5-37ae-815a2ec5cb44" executionId="66565792-f049-4899-b3bd-9f7109b0740b" testListId="8c84fa94-04c1-424b-9868-57a2d4851a1d" />
    <TestEntry testId="76bc4f7f-65b0-1c4b-44f1-e5401f13ac18" executionId="e89e4906-3aee-4edd-b2dc-ddb94db4bb4f" testListId="8c84fa94-04c1-424b-9868-57a2d4851a1d" />
    <TestEntry testId="6b2bd8ee-2d3c-e14d-3452-eafe7133423e" executionId="4ff2bf12-51af-49b5-a824-712b8af565f7" testListId="8c84fa94-04c1-424b-9868-57a2d4851a1d" />
    <TestEntry testId="8024e596-115d-b243-ffb7-515548d31303" executionId="180cadb4-f7da-476c-b656-aa2fb001c898" testListId="8c84fa94-04c1-424b-9868-57a2d4851a1d" />
    <TestEntry testId="5925dbbf-3ffa-8d3f-a748-03279ae2bb28" executionId="c0692a54-80b7-444e-ab4b-e9c6ba00a7f3" testListId="8c84fa94-04c1-424b-9868-57a2d4851a1d" />
    <TestEntry testId="123ec68c-feae-e096-c0c2-223c4e9f8000" executionId="60f1c9fe-4762-4a4f-add0-676a26cd275e" testListId="8c84fa94-04c1-424b-9868-57a2d4851a1d" />
    <TestEntry testId="31dc6186-4dfe-c6f7-9ae7-74e21ec6011f" executionId="ce4fca9c-14d9-41da-b5c9-7e788ea9efb5" testListId="8c84fa94-04c1-424b-9868-57a2d4851a1d" />
    <TestEntry testId="26774664-c044-2f3e-fb2a-6afc1e8884a7" executionId="e7ad5400-9c03-4944-bd07-efd255857cd0" testListId="8c84fa94-04c1-424b-9868-57a2d4851a1d" />
    <TestEntry testId="4771bf7a-9132-aed2-0b77-0c94f75f669f" executionId="0e124afe-11ee-402e-b6c8-1f3f2cb324da" testListId="8c84fa94-04c1-424b-9868-57a2d4851a1d" />
    <TestEntry testId="4432d5dc-b42b-77da-d1ff-a0ade87d04a3" executionId="efc4ce9e-b5fd-48be-af06-657a497682b8" testListId="8c84fa94-04c1-424b-9868-57a2d4851a1d" />
    <TestEntry testId="3a4ad283-8445-bdaf-13ff-4ff25c9b6987" executionId="8b021bcc-0220-46c1-8319-56a22e545141" testListId="8c84fa94-04c1-424b-9868-57a2d4851a1d" />
    <TestEntry testId="b503a79c-cb51-a2d5-0dad-48bb9930acb1" executionId="b59ceb30-d074-4708-8bf5-7b6bbb993b9b" testListId="8c84fa94-04c1-424b-9868-57a2d4851a1d" />
    <TestEntry testId="d8f32642-8d1c-71ed-4f65-f249e674add2" executionId="1125dc67-f203-41f2-99d4-5921fb5f488e" testListId="8c84fa94-04c1-424b-9868-57a2d4851a1d" />
    <TestEntry testId="dc1ef0bd-6a60-0316-e952-c36a1c041e99" executionId="a44ade4f-82be-409c-be83-39e4b6ec0525" testListId="8c84fa94-04c1-424b-9868-57a2d4851a1d" />
    <TestEntry testId="f622453e-2870-60f0-5d43-8a5270335475" executionId="189d3b4f-cb4e-45e7-a478-4a0a7f65141e" testListId="8c84fa94-04c1-424b-9868-57a2d4851a1d" />
    <TestEntry testId="656e8dbc-766d-30b0-6a24-84f30c481a5c" executionId="ab077f63-6e1d-47f4-a33d-71a45ec6d072" testListId="8c84fa94-04c1-424b-9868-57a2d4851a1d" />
    <TestEntry testId="4d9eec50-d39b-7fc1-d0fb-cc6c9fc4769b" executionId="d06f9bae-2c1d-4bfe-99be-5c04d2666a70" testListId="8c84fa94-04c1-424b-9868-57a2d4851a1d" />
    <TestEntry testId="389e30bc-157d-8d46-0eb0-6d2b628c5ca1" executionId="e9d58580-8ca8-494a-8277-ad82d465d595" testListId="8c84fa94-04c1-424b-9868-57a2d4851a1d" />
    <TestEntry testId="90794b21-7e33-ba2f-46c4-ba0ae7639eab" executionId="e6af5705-3052-46a6-9a86-0d6a90cd87e0" testListId="8c84fa94-04c1-424b-9868-57a2d4851a1d" />
    <TestEntry testId="966b5aa5-558e-d661-17d2-1085377c4576" executionId="58e22a85-dc8c-4b42-bd6e-17eff9bde1f2" testListId="8c84fa94-04c1-424b-9868-57a2d4851a1d" />
    <TestEntry testId="5356c367-14b5-ee7a-b270-1c8302ed8516" executionId="1aa767be-de26-476b-b2ab-f0a6e724225c" testListId="8c84fa94-04c1-424b-9868-57a2d4851a1d" />
    <TestEntry testId="bc0d7e7c-27f5-f0cb-fc63-3705b952ed0c" executionId="1bbba0c9-8a9a-4f01-b9ff-7299a04ef0cc" testListId="8c84fa94-04c1-424b-9868-57a2d4851a1d" />
    <TestEntry testId="e5feb357-aa9b-b37d-53e8-8d2d6099a782" executionId="37db5c96-122e-4f08-b70f-7848fdcdd854" testListId="8c84fa94-04c1-424b-9868-57a2d4851a1d" />
    <TestEntry testId="f5aeb9f1-851e-37ae-2e0e-fccbcbd6445d" executionId="bbaa0503-1431-4e8c-b69d-c01e782670c3" testListId="8c84fa94-04c1-424b-9868-57a2d4851a1d" />
    <TestEntry testId="5d36e2ff-aacb-17e2-2831-fd5c4e8cb1eb" executionId="46808e80-c652-41fc-a800-d5e31c178a30" testListId="8c84fa94-04c1-424b-9868-57a2d4851a1d" />
    <TestEntry testId="45959b81-8870-8a9a-1dc5-8bd1bf5c1ea6" executionId="855a8620-fba6-4e29-98c6-e5e31b2fe37a" testListId="8c84fa94-04c1-424b-9868-57a2d4851a1d" />
    <TestEntry testId="a3cba538-c0b9-72bc-37b7-d32a911587f8" executionId="ca62a36f-383f-4cd6-9109-bea75a056d24" testListId="8c84fa94-04c1-424b-9868-57a2d4851a1d" />
    <TestEntry testId="90f0d72a-a210-d387-6c42-4f934db1c549" executionId="48545490-0353-4475-aaa3-b6f8836b29bc" testListId="8c84fa94-04c1-424b-9868-57a2d4851a1d" />
    <TestEntry testId="63b69c50-122b-4311-cc54-120c1d109099" executionId="84636693-1897-4b83-bca5-03617f3329fd" testListId="8c84fa94-04c1-424b-9868-57a2d4851a1d" />
    <TestEntry testId="a8d5936f-018a-b2b5-d5b0-e28cafa20828" executionId="b19e78f0-2b24-4130-8c5c-f551ca04d94e" testListId="8c84fa94-04c1-424b-9868-57a2d4851a1d" />
    <TestEntry testId="87a434e0-4516-40cc-cf5a-bdb51285650e" executionId="8ee8d922-fdd5-4e00-bc39-44c16c2bcecb" testListId="8c84fa94-04c1-424b-9868-57a2d4851a1d" />
    <TestEntry testId="7dabda3f-cdc5-4f6f-af53-889ef5d47a49" executionId="c0093367-096d-4abd-bfa1-ba1367666365" testListId="8c84fa94-04c1-424b-9868-57a2d4851a1d" />
    <TestEntry testId="37f5fc19-6608-18ab-be13-9627bdbc233e" executionId="a8e852bb-de6d-4a51-9114-67ba3b58d89d" testListId="8c84fa94-04c1-424b-9868-57a2d4851a1d" />
    <TestEntry testId="88a91f14-dad9-324b-a168-24e316ef6b07" executionId="93414696-527b-48fb-bc87-854117ca3945" testListId="8c84fa94-04c1-424b-9868-57a2d4851a1d" />
    <TestEntry testId="4dac0495-814a-5357-b6be-6dcc30927ba9" executionId="6f1a8700-3beb-4940-b739-60b0ea1e5666" testListId="8c84fa94-04c1-424b-9868-57a2d4851a1d" />
    <TestEntry testId="9c022819-a9c6-6413-f419-f17a9d21ca3f" executionId="22a42ba8-ae0a-4951-80d2-3919ecea11b8" testListId="8c84fa94-04c1-424b-9868-57a2d4851a1d" />
    <TestEntry testId="61d6b9fb-c99e-446e-c5fe-7c57740f2833" executionId="d889e32e-88ee-4c23-8830-792e2923b1a9" testListId="8c84fa94-04c1-424b-9868-57a2d4851a1d" />
    <TestEntry testId="3d1ffb52-b06a-ac0f-7f2a-3fb0c91a4e83" executionId="8f0d60bc-f917-4dbf-bf6a-b6de0cf9ee1c" testListId="8c84fa94-04c1-424b-9868-57a2d4851a1d" />
    <TestEntry testId="1fa598b3-6190-bf32-4618-45d3b9e96234" executionId="2c198997-4ceb-4237-82c5-d94df46fb42d" testListId="8c84fa94-04c1-424b-9868-57a2d4851a1d" />
    <TestEntry testId="9090fd81-d19e-8dd6-dbfa-aa771e93daa6" executionId="857fb24b-ca74-4f51-aeb7-006a9b1741ec" testListId="8c84fa94-04c1-424b-9868-57a2d4851a1d" />
    <TestEntry testId="e1136307-03a4-f8b9-09d4-f33b2b0bdeb9" executionId="2dc6f548-3fb0-4161-98cb-3d7b6d33e035" testListId="8c84fa94-04c1-424b-9868-57a2d4851a1d" />
    <TestEntry testId="ccfbec14-30b8-5c13-882d-6df4539d9eb5" executionId="89b0b2bc-0d06-48e6-93f0-38010ce8f6e4" testListId="8c84fa94-04c1-424b-9868-57a2d4851a1d" />
    <TestEntry testId="e4adef9f-c727-d96f-8382-d8b04ec008d1" executionId="7e52f132-29b7-4d2c-9d74-8d7fdb43429c" testListId="8c84fa94-04c1-424b-9868-57a2d4851a1d" />
    <TestEntry testId="66b8266b-dacb-24a9-cb14-316eeb8fc5b7" executionId="af0feb4f-ad23-44d7-8332-05f59b97fc22" testListId="8c84fa94-04c1-424b-9868-57a2d4851a1d" />
    <TestEntry testId="b9a1250e-11b6-188d-6781-c2395b012be1" executionId="491a3fc2-11af-4e61-a6b2-3e4e05c61bf8" testListId="8c84fa94-04c1-424b-9868-57a2d4851a1d" />
    <TestEntry testId="c48fa6fc-79f1-8e9b-150f-d4b167d66db2" executionId="05628069-5beb-426a-b54b-a797f0d3b1e8" testListId="8c84fa94-04c1-424b-9868-57a2d4851a1d" />
    <TestEntry testId="e48e64f6-d1ee-3416-7322-5cbd707467c3" executionId="bf7cee65-adf6-46e7-88c5-d81416d70d81" testListId="8c84fa94-04c1-424b-9868-57a2d4851a1d" />
    <TestEntry testId="b34e0289-a8eb-94d3-2574-6c01db24ca70" executionId="23898ede-6241-40ab-bace-50573ba3ce1f" testListId="8c84fa94-04c1-424b-9868-57a2d4851a1d" />
    <TestEntry testId="39bc01bc-f318-0cd2-a9c5-fee5e11414c2" executionId="487edadc-f5e1-432f-8067-d5597c097dfe" testListId="8c84fa94-04c1-424b-9868-57a2d4851a1d" />
    <TestEntry testId="c421be64-b112-49c6-4117-fc723e9edcab" executionId="bdef18c6-e200-47e4-937a-44412c2ac78e" testListId="8c84fa94-04c1-424b-9868-57a2d4851a1d" />
    <TestEntry testId="1e4a691e-ad2e-1adf-70af-d2ec6c26a128" executionId="af1465e0-e079-4778-9bcc-c510efeb05f1" testListId="8c84fa94-04c1-424b-9868-57a2d4851a1d" />
    <TestEntry testId="9870d761-160f-3024-39bb-55213e85ca4f" executionId="a09605b8-c9be-4ef1-9150-56b8b9844f32" testListId="8c84fa94-04c1-424b-9868-57a2d4851a1d" />
    <TestEntry testId="f960e6e6-a5ba-84ac-c727-791bb6f4b9c4" executionId="8e416ef8-296a-4a40-abc9-cebf76c3f089" testListId="8c84fa94-04c1-424b-9868-57a2d4851a1d" />
    <TestEntry testId="36d6a853-2a02-17bb-d425-98d5cf6cd529" executionId="2b27f0b2-8b62-4620-856c-aceb19f6466f" testListId="8c84fa94-04c1-424b-9868-57a2d4851a1d" />
    <TestEntry testId="1d7192cd-e5ef-905e-c1bc-ce7c7580307b" executionId="a643aef3-d6ef-4ddc-b584-8bc7932e3f83" testListId="8c84fa94-04c1-424b-9868-57a2d4851a1d" />
    <TestEntry testId="d63868b2-223e-6cba-3e2c-64460849e731" executionId="c5c01c9e-59f5-415d-892d-ed8b8cfe2de6" testListId="8c84fa94-04c1-424b-9868-57a2d4851a1d" />
    <TestEntry testId="6a5eab3e-a88c-2834-1ee8-d5254f298e2f" executionId="65a53ba4-264f-48b9-810e-42e5b1a9e33d" testListId="8c84fa94-04c1-424b-9868-57a2d4851a1d" />
    <TestEntry testId="24854c00-9673-66b7-0369-8cacf35ade09" executionId="1bf5aac2-17f2-41c0-a735-0704a8719ece" testListId="8c84fa94-04c1-424b-9868-57a2d4851a1d" />
    <TestEntry testId="ceeeeabf-2a11-97e9-e03e-6c2b713de5bd" executionId="805c3d2d-f52f-4e89-9db3-0d9845a72d2a" testListId="8c84fa94-04c1-424b-9868-57a2d4851a1d" />
    <TestEntry testId="3f872b70-05cc-c7a0-e792-e9ecf767e205" executionId="65bff062-c95c-4d64-8539-45a4374f8b0c" testListId="8c84fa94-04c1-424b-9868-57a2d4851a1d" />
    <TestEntry testId="9a90e35a-059d-19a9-1f44-e5b7e86a6e63" executionId="eebadd08-a988-4efb-9aa7-b654f14f87ab" testListId="8c84fa94-04c1-424b-9868-57a2d4851a1d" />
    <TestEntry testId="4d36d163-7ae7-fb56-8157-c97bb392e554" executionId="dd48cc2e-21a1-4cab-97a5-15f357d9394c" testListId="8c84fa94-04c1-424b-9868-57a2d4851a1d" />
    <TestEntry testId="74e0a8e7-076f-a0d0-5c8d-fdaa91b380e7" executionId="598fa36f-2516-4290-9605-72f9e333eb2c" testListId="8c84fa94-04c1-424b-9868-57a2d4851a1d" />
    <TestEntry testId="dd3e221e-b757-2fe9-42de-7ff8db666706" executionId="ef127d3e-c797-48ea-bd92-614c77c211df" testListId="8c84fa94-04c1-424b-9868-57a2d4851a1d" />
    <TestEntry testId="c4e9600b-11e9-530c-43f4-ea7e18645efe" executionId="2f61d78d-761d-4f7e-bdbd-458a31ab1528" testListId="8c84fa94-04c1-424b-9868-57a2d4851a1d" />
    <TestEntry testId="b0596e03-20c0-37c9-959b-753b5eed9055" executionId="234b9a50-b105-4732-932f-4e9ac5c44968" testListId="8c84fa94-04c1-424b-9868-57a2d4851a1d" />
    <TestEntry testId="bd67d302-f4dd-e628-7b88-e623000b116b" executionId="4cffe8c9-9a85-4e76-9123-32ce7fde612c" testListId="8c84fa94-04c1-424b-9868-57a2d4851a1d" />
    <TestEntry testId="6432ad9d-13a4-7258-e7e2-5a519e08aca6" executionId="fdca0156-38f5-430d-9789-e90ccdf603d7" testListId="8c84fa94-04c1-424b-9868-57a2d4851a1d" />
    <TestEntry testId="950209cd-c8b3-f59a-7b7c-1dae0353ab1e" executionId="18211f0c-d5ac-4277-a6bc-6e2747cfedc2" testListId="8c84fa94-04c1-424b-9868-57a2d4851a1d" />
    <TestEntry testId="312990f6-2344-ad19-4b4d-35cc62e642d8" executionId="9da06fff-74fd-4b26-8802-e01bcd3fb806" testListId="8c84fa94-04c1-424b-9868-57a2d4851a1d" />
    <TestEntry testId="9b27d0f8-43bd-ce6f-2cca-7df85196f185" executionId="120e709a-feec-494c-9c51-17b61473e5cd" testListId="8c84fa94-04c1-424b-9868-57a2d4851a1d" />
    <TestEntry testId="a63adbb9-8488-80aa-a725-1bc3ed9d7121" executionId="077ffae0-7d33-44c4-adcd-6c3c06a86186" testListId="8c84fa94-04c1-424b-9868-57a2d4851a1d" />
    <TestEntry testId="6d626e41-3a84-4da1-9118-6c99eb1d314f" executionId="6241d474-2122-4ae6-8a3a-cb4e315cb731" testListId="8c84fa94-04c1-424b-9868-57a2d4851a1d" />
    <TestEntry testId="783e2bb1-6d95-8a8a-0525-ea50b895ae26" executionId="1e7f8087-6d81-49f7-afce-b0ee6b599ea9" testListId="8c84fa94-04c1-424b-9868-57a2d4851a1d" />
    <TestEntry testId="55b700a1-0e60-c9d2-205d-90f4fcd7d976" executionId="1b7a7bc2-b81c-4f9d-831b-0999bf21fc07" testListId="8c84fa94-04c1-424b-9868-57a2d4851a1d" />
    <TestEntry testId="35e2eaf4-9d2f-ff70-0132-f976c1442687" executionId="da92e7a6-55c5-4888-97f9-76f56d93328a" testListId="8c84fa94-04c1-424b-9868-57a2d4851a1d" />
    <TestEntry testId="4858df60-7b87-48f3-b3d9-67330c7cb638" executionId="d4fa9488-fb13-4e42-aea5-7521c34144a2" testListId="8c84fa94-04c1-424b-9868-57a2d4851a1d" />
    <TestEntry testId="5aed1aff-31d4-aa73-0c08-238df03454fd" executionId="5db6a953-c29f-4ea3-831b-2870f180f51b" testListId="8c84fa94-04c1-424b-9868-57a2d4851a1d" />
    <TestEntry testId="4581f53a-4107-d1fe-af4c-32760be98668" executionId="aaae0587-9f32-4a1a-b4eb-a8368046f55b" testListId="8c84fa94-04c1-424b-9868-57a2d4851a1d" />
    <TestEntry testId="3ce87519-65b7-2af6-db7d-ec69eccf81ec" executionId="b43426dd-09e9-49a7-a192-d3697b8466de" testListId="8c84fa94-04c1-424b-9868-57a2d4851a1d" />
    <TestEntry testId="e38e3635-352c-1b28-dbe7-36449a6b8c60" executionId="3c1b9627-bfb9-4f27-857a-04ed08265790" testListId="8c84fa94-04c1-424b-9868-57a2d4851a1d" />
    <TestEntry testId="261ae06c-917e-829d-8a65-efa1b2fa016f" executionId="2a165f08-a03c-484d-9334-91dc754623be" testListId="8c84fa94-04c1-424b-9868-57a2d4851a1d" />
    <TestEntry testId="852ec870-1ae6-acf0-54ac-b5f8811edec9" executionId="8c83be68-41cf-4869-89f4-70da4867c5ff" testListId="8c84fa94-04c1-424b-9868-57a2d4851a1d" />
    <TestEntry testId="d87d8ada-cbe2-6b59-6e32-f7aa1ad1e993" executionId="96dbccd8-a930-43b3-a824-654dbea28c56" testListId="8c84fa94-04c1-424b-9868-57a2d4851a1d" />
    <TestEntry testId="e8d6de4f-4080-7efd-8b63-7da3d2967700" executionId="2d566e99-89ca-494a-b82b-dbfad12c7129" testListId="8c84fa94-04c1-424b-9868-57a2d4851a1d" />
    <TestEntry testId="9d520f51-e764-9708-5809-aa8514087564" executionId="dcaf70e4-c916-4b2d-ae7d-58b909fc69fc" testListId="8c84fa94-04c1-424b-9868-57a2d4851a1d" />
    <TestEntry testId="716921b3-0071-b64e-ba7e-d75e3b320ab6" executionId="0a992354-0e61-47b4-a5dd-32fcf57690e3" testListId="8c84fa94-04c1-424b-9868-57a2d4851a1d" />
    <TestEntry testId="fc851396-fc4e-7db5-f5fb-8b09883e8b9d" executionId="4bce16ab-fa4a-4857-98db-be41a8037a0e" testListId="8c84fa94-04c1-424b-9868-57a2d4851a1d" />
    <TestEntry testId="a435fd6c-1d20-ac23-6828-3d0d8d857d36" executionId="6ef38a3b-53cc-4cab-9796-4e4d3dbc2e1b" testListId="8c84fa94-04c1-424b-9868-57a2d4851a1d" />
    <TestEntry testId="d4430895-41f4-e212-84ed-cf0f12edc645" executionId="c0f54e04-92cb-44c3-aa12-0d454d1d2944" testListId="8c84fa94-04c1-424b-9868-57a2d4851a1d" />
    <TestEntry testId="d0665e38-1f3a-ab11-ec00-aec5b87f160c" executionId="8056602b-a1a4-4663-9800-c8d4692b3473" testListId="8c84fa94-04c1-424b-9868-57a2d4851a1d" />
    <TestEntry testId="c81d9203-0aff-5a90-3003-179d5196970a" executionId="6a956637-949f-4a85-b561-575e88a92997" testListId="8c84fa94-04c1-424b-9868-57a2d4851a1d" />
    <TestEntry testId="c9cbb013-813c-9d2d-e95e-a0629b7499c4" executionId="04e8f566-991f-414f-b8de-68695acc265b" testListId="8c84fa94-04c1-424b-9868-57a2d4851a1d" />
    <TestEntry testId="ea9499a6-db3f-430e-8fa6-b3bfc9a37a99" executionId="32b349a6-7b97-4a46-99e0-fc77c69249cf" testListId="8c84fa94-04c1-424b-9868-57a2d4851a1d" />
    <TestEntry testId="ef6ca1e1-b080-fed2-38a8-ee0b06ced901" executionId="4d289a44-4829-464c-a44f-cfe7ed32b59e" testListId="8c84fa94-04c1-424b-9868-57a2d4851a1d" />
    <TestEntry testId="fcdfde90-1d74-d0d6-dac4-16eab9ee15aa" executionId="ed704d6a-4e3f-46d9-b766-344363ddc5ae" testListId="8c84fa94-04c1-424b-9868-57a2d4851a1d" />
    <TestEntry testId="c230e028-082a-df6b-3607-998c022b657f" executionId="2e8541ee-bdb5-439f-bbec-41c28f9e0e94" testListId="8c84fa94-04c1-424b-9868-57a2d4851a1d" />
    <TestEntry testId="b2aa3974-c0ec-1959-55c6-fda993fb5495" executionId="1e24ac17-bb64-411a-ac71-b79a776d4965" testListId="8c84fa94-04c1-424b-9868-57a2d4851a1d" />
    <TestEntry testId="3afa90f3-5e90-9385-d33c-47b5cfe7a623" executionId="d507de79-bec2-4085-a678-c2a0bd06c63a" testListId="8c84fa94-04c1-424b-9868-57a2d4851a1d" />
    <TestEntry testId="92042902-bf2f-132c-36ab-20eb0c8c9ea2" executionId="db7c6903-790d-4b64-bcb0-52635d806c27" testListId="8c84fa94-04c1-424b-9868-57a2d4851a1d" />
    <TestEntry testId="7899c727-bd95-ad4c-f15c-c97bd3baeca2" executionId="22828776-9366-486a-a7a1-bb0dd6eac3bc" testListId="8c84fa94-04c1-424b-9868-57a2d4851a1d" />
    <TestEntry testId="81a7006c-b6f8-434a-be5b-f56c04908efa" executionId="8bbe45ca-3b35-4bbf-821c-4698952d7b33" testListId="8c84fa94-04c1-424b-9868-57a2d4851a1d" />
    <TestEntry testId="b6ae93c5-07b0-9001-a881-d46af6b85eac" executionId="7bc9eccb-49e3-4fd3-9cc1-11894e7ce66f" testListId="8c84fa94-04c1-424b-9868-57a2d4851a1d" />
    <TestEntry testId="6705170e-4797-38f4-57ce-eb29eb992254" executionId="7608bfb4-f646-4876-a1e6-f9ed6ea48466" testListId="8c84fa94-04c1-424b-9868-57a2d4851a1d" />
    <TestEntry testId="b4cc9f46-247c-8ac0-23a3-b77cb346b3ee" executionId="e7fb7a34-0d61-42c1-a116-95ca68f3dad1" testListId="8c84fa94-04c1-424b-9868-57a2d4851a1d" />
    <TestEntry testId="901d3ce9-23a3-ae6e-5b1f-55980f7d1d1f" executionId="5204bd05-669c-40fb-a9b0-cca9b44a13df" testListId="8c84fa94-04c1-424b-9868-57a2d4851a1d" />
    <TestEntry testId="74004022-b31d-48a4-dd75-d5a7783be70d" executionId="2de5cd8e-4374-4000-9bee-dae534a261f0" testListId="8c84fa94-04c1-424b-9868-57a2d4851a1d" />
    <TestEntry testId="9e25537c-efd6-0490-fe18-3e026fa589d4" executionId="a0a783b6-c915-4e86-af83-6bbdbb1c856a" testListId="8c84fa94-04c1-424b-9868-57a2d4851a1d" />
    <TestEntry testId="c1246919-46c7-649b-3e07-0657834af7e0" executionId="662aa48b-fcbd-428a-afdc-84624bc9c99b" testListId="8c84fa94-04c1-424b-9868-57a2d4851a1d" />
    <TestEntry testId="1c10a974-1f17-9d52-684c-47f4add1445f" executionId="7d462549-5521-4c4e-82fa-d908e389146a" testListId="8c84fa94-04c1-424b-9868-57a2d4851a1d" />
    <TestEntry testId="c70a6a18-2f3c-341f-b526-9d9db92be705" executionId="f22dcd61-f2e0-440e-8f79-e8456994696e" testListId="8c84fa94-04c1-424b-9868-57a2d4851a1d" />
    <TestEntry testId="a0699bc4-df7a-33ba-8d23-da6f08467d19" executionId="8fd926ee-c131-454f-9881-1d12ea6895fe" testListId="8c84fa94-04c1-424b-9868-57a2d4851a1d" />
    <TestEntry testId="ec8c56e9-430b-fdc7-32fe-5ea22450f32a" executionId="36dac955-2cb4-4d9d-92f3-c285e2f12ab1" testListId="8c84fa94-04c1-424b-9868-57a2d4851a1d" />
    <TestEntry testId="1d386777-e29c-800b-a1eb-9f487c166017" executionId="5345c894-60d9-430d-b311-5424762dd24d" testListId="8c84fa94-04c1-424b-9868-57a2d4851a1d" />
    <TestEntry testId="99be4da3-07b7-6f50-42db-93732663f811" executionId="5d0dbb45-7d26-4ca9-8478-72bc2ac3e8e6" testListId="8c84fa94-04c1-424b-9868-57a2d4851a1d" />
    <TestEntry testId="bae105bc-4913-5fe3-205f-ff0f70b27524" executionId="e3db8892-d0a3-45c8-82ed-88a93ea6742b" testListId="8c84fa94-04c1-424b-9868-57a2d4851a1d" />
    <TestEntry testId="c655cb34-8c2b-fc8a-959d-fb0a75603de3" executionId="6e42b930-8add-4c44-98a0-ac1643e4c863" testListId="8c84fa94-04c1-424b-9868-57a2d4851a1d" />
    <TestEntry testId="34d38ab4-5629-05c2-1edd-96c8a255e0a6" executionId="f174637b-ab25-4b93-a4db-e357ae4796f5" testListId="8c84fa94-04c1-424b-9868-57a2d4851a1d" />
    <TestEntry testId="6cd86ef4-1972-bcd9-c3d9-af7e6a12c0bc" executionId="4afa43f8-3ab5-407a-ae88-53c141a26d1c" testListId="8c84fa94-04c1-424b-9868-57a2d4851a1d" />
    <TestEntry testId="800ca0ac-7cd9-ebd3-3fbe-4f07a61b2717" executionId="3c455efe-ea32-45e8-bfe0-0566bbd46d4e" testListId="8c84fa94-04c1-424b-9868-57a2d4851a1d" />
    <TestEntry testId="8471b924-2d6a-97af-46a9-613a91c7cc93" executionId="e6323d9d-87e2-478d-ab93-87c1d7f1fbd9" testListId="8c84fa94-04c1-424b-9868-57a2d4851a1d" />
    <TestEntry testId="d10238f7-c20a-de9c-9f13-24cb13bcc44b" executionId="f9d48f02-230f-4e81-9556-77f9d69cde69" testListId="8c84fa94-04c1-424b-9868-57a2d4851a1d" />
    <TestEntry testId="7da69b08-6f10-f3ca-8d3a-eadae9a1fcca" executionId="8f99d72d-76ac-40ff-adda-be5ac31971e7" testListId="8c84fa94-04c1-424b-9868-57a2d4851a1d" />
    <TestEntry testId="ff81f0b4-8912-0d41-7477-25dfa7c753cf" executionId="9ca0a43d-2b34-440e-b1b8-9b4c6dfde25c" testListId="8c84fa94-04c1-424b-9868-57a2d4851a1d" />
    <TestEntry testId="b7858c5b-5a56-df45-8bbf-0b114655e47c" executionId="5e3c5ef0-083c-4416-8e64-abf7630cc3da" testListId="8c84fa94-04c1-424b-9868-57a2d4851a1d" />
    <TestEntry testId="b27b9f1b-53d7-58e2-8129-3acf93ec3a88" executionId="b8abaf86-0f27-4642-a9fe-2708ac7fea3b" testListId="8c84fa94-04c1-424b-9868-57a2d4851a1d" />
    <TestEntry testId="1d7bc1f9-29e1-0efa-2d52-f5f0fdec48dc" executionId="4e76a93c-f296-4c3c-9869-949ac8eed828" testListId="8c84fa94-04c1-424b-9868-57a2d4851a1d" />
    <TestEntry testId="7b698eec-275d-0673-5b34-6bf89b1d5745" executionId="42fa6e69-c364-4242-a7d5-144d74589e14" testListId="8c84fa94-04c1-424b-9868-57a2d4851a1d" />
    <TestEntry testId="b32e3b37-f167-2a0e-283a-c4d94de27e6d" executionId="26f83b97-e5e1-4a0a-807e-ee0c607ec642" testListId="8c84fa94-04c1-424b-9868-57a2d4851a1d" />
    <TestEntry testId="aec67516-21df-9c41-abd4-4a6ffc3b99ac" executionId="d652f2b7-5c7a-4949-a768-bdf185497f45" testListId="8c84fa94-04c1-424b-9868-57a2d4851a1d" />
    <TestEntry testId="f029c661-3f5c-e7c9-5806-2bae9f6ba670" executionId="ebafba01-87b3-4010-bb86-ccba1cbee7b8" testListId="8c84fa94-04c1-424b-9868-57a2d4851a1d" />
    <TestEntry testId="f99080db-57ae-27ae-7429-e289b65002ef" executionId="78a8da94-7332-460e-abb8-f2190f0fd353" testListId="8c84fa94-04c1-424b-9868-57a2d4851a1d" />
    <TestEntry testId="d2124c71-2bd7-2dff-fe40-141850df863a" executionId="75afc915-b9ec-4958-9dc7-e3c097feae9d" testListId="8c84fa94-04c1-424b-9868-57a2d4851a1d" />
    <TestEntry testId="18a549a5-4c28-e983-f948-4a97c791bf40" executionId="6d23211f-c410-4d09-982b-5d2e8969e7e0" testListId="8c84fa94-04c1-424b-9868-57a2d4851a1d" />
    <TestEntry testId="c707881f-b332-99bf-7ef6-80455ab18c4a" executionId="18095130-50b1-449b-9788-73df65190942" testListId="8c84fa94-04c1-424b-9868-57a2d4851a1d" />
    <TestEntry testId="e93fbf7c-7f52-03ac-a028-fa544add16f0" executionId="9f3c5372-b964-4111-be85-94bae170fae4" testListId="8c84fa94-04c1-424b-9868-57a2d4851a1d" />
    <TestEntry testId="c98d53d2-8b71-9394-2e18-fba6d96aba2b" executionId="3d4372f6-d4a5-4f9e-b36b-6a15eb5111f0" testListId="8c84fa94-04c1-424b-9868-57a2d4851a1d" />
    <TestEntry testId="53d53476-f287-0d0c-a265-f006a5f635d7" executionId="d4076171-002c-4310-abcc-3f9bb53cfe02" testListId="8c84fa94-04c1-424b-9868-57a2d4851a1d" />
    <TestEntry testId="ac60f34a-7f98-3b2b-c786-cb770aef50a1" executionId="3eac68bf-3efc-4383-a190-7ee298bbb5d9" testListId="8c84fa94-04c1-424b-9868-57a2d4851a1d" />
    <TestEntry testId="167e9a65-a391-1d73-62a9-fb46bd5803f6" executionId="3d6b4b2b-0efc-4321-860f-0b627ae10088" testListId="8c84fa94-04c1-424b-9868-57a2d4851a1d" />
    <TestEntry testId="1080c268-984b-7597-0124-ec7057c40651" executionId="e1d2018b-3658-40cf-b7ac-f8525b1e5118" testListId="8c84fa94-04c1-424b-9868-57a2d4851a1d" />
    <TestEntry testId="5a252f53-d360-095e-5954-fc12e659de0b" executionId="b793610f-5846-4fa0-a9f6-73f412861671" testListId="8c84fa94-04c1-424b-9868-57a2d4851a1d" />
    <TestEntry testId="d6689b7b-afff-bd26-ad17-ca6fc092719d" executionId="fdfce924-0f99-4966-bb1a-1fd4e474af34" testListId="8c84fa94-04c1-424b-9868-57a2d4851a1d" />
    <TestEntry testId="7c245237-70b3-beba-07b7-dea5c650739a" executionId="4adb5570-6148-4f4c-a8cc-ee6cb954a01e" testListId="8c84fa94-04c1-424b-9868-57a2d4851a1d" />
    <TestEntry testId="bae3f9b2-085f-e78f-98a6-9a17b537c0ef" executionId="93627b32-31ec-478b-8ce6-413c2e60f7a3" testListId="8c84fa94-04c1-424b-9868-57a2d4851a1d" />
    <TestEntry testId="e91cd5b9-4196-582e-a0de-0441b83e6237" executionId="06c0b454-7743-41ff-a3c0-e373269c9563" testListId="8c84fa94-04c1-424b-9868-57a2d4851a1d" />
    <TestEntry testId="16f796df-118c-77da-898d-de772bc70cfa" executionId="0435be29-df32-4521-9cc0-edc20d3ac43e" testListId="8c84fa94-04c1-424b-9868-57a2d4851a1d" />
    <TestEntry testId="b20ac886-2283-ee66-0d4e-2b25a9805654" executionId="2050f510-ff88-4374-af1b-0247eab54cb2" testListId="8c84fa94-04c1-424b-9868-57a2d4851a1d" />
    <TestEntry testId="bef89028-c1c4-18cc-0df3-48b046c3bb00" executionId="b9d64113-626d-408b-b833-f2a6bb9764d1" testListId="8c84fa94-04c1-424b-9868-57a2d4851a1d" />
    <TestEntry testId="70d2b4ad-1a8f-02c1-1929-0b86264ede6d" executionId="33e742ee-a1c3-4c12-afe6-c3d1360cb2ba" testListId="8c84fa94-04c1-424b-9868-57a2d4851a1d" />
    <TestEntry testId="8f61e02f-8ae1-1e26-2181-a8dafb9a76b0" executionId="df58cd2e-c79c-4aa2-b353-e235dc2871ee" testListId="8c84fa94-04c1-424b-9868-57a2d4851a1d" />
    <TestEntry testId="8fb6a08e-6c6f-b08f-c15a-517759cb4702" executionId="ad7759f3-fc8f-4386-9e85-c071e25525fd" testListId="8c84fa94-04c1-424b-9868-57a2d4851a1d" />
    <TestEntry testId="cf9e3c89-6559-adba-b001-a1cabca90de9" executionId="c57dd8cc-0a4c-41ab-989a-04581fc9a6fe" testListId="8c84fa94-04c1-424b-9868-57a2d4851a1d" />
    <TestEntry testId="ae468d71-c7bc-ff57-62cd-00934e08157f" executionId="bb5d6aa6-cea2-4757-a2c7-d5e2c6954026" testListId="8c84fa94-04c1-424b-9868-57a2d4851a1d" />
    <TestEntry testId="5bbea3ff-32db-eb28-e267-b3f2ab2d660c" executionId="45d85fd1-8af0-489c-b465-b21ae2c9bda0" testListId="8c84fa94-04c1-424b-9868-57a2d4851a1d" />
    <TestEntry testId="2fe000f4-9be8-ed4a-f3d2-717ab76175fb" executionId="b2b5f148-b14e-4857-b981-015e53a94035" testListId="8c84fa94-04c1-424b-9868-57a2d4851a1d" />
    <TestEntry testId="e97ffc14-3141-9a07-3cee-4b6ca23dc240" executionId="bced0452-c336-4750-a8a0-96a7c9a50394" testListId="8c84fa94-04c1-424b-9868-57a2d4851a1d" />
    <TestEntry testId="9337e406-5ba3-2c2a-eebb-97e32ccbf115" executionId="5cb0a4d2-adc6-4c77-98ac-781aaa418c81" testListId="8c84fa94-04c1-424b-9868-57a2d4851a1d" />
    <TestEntry testId="88e4779f-cada-e84e-1475-8f7b9d9ef12f" executionId="6a2abae9-f576-4f5d-a21c-865700221505" testListId="8c84fa94-04c1-424b-9868-57a2d4851a1d" />
    <TestEntry testId="eeaf1f9c-6b91-354c-52cf-9b11e1eb1d6f" executionId="01d4fd28-5be4-45ec-84a6-631572bb59b7" testListId="8c84fa94-04c1-424b-9868-57a2d4851a1d" />
    <TestEntry testId="d20f3e9b-b31b-6c94-1756-6dd2f5916de4" executionId="ad965ce2-54dd-488f-84bb-8282eb6796f4" testListId="8c84fa94-04c1-424b-9868-57a2d4851a1d" />
    <TestEntry testId="a4ad7ff8-56ff-4eb0-294e-7aded942a979" executionId="b95b4bd1-2ead-431a-80f2-720fcca94485" testListId="8c84fa94-04c1-424b-9868-57a2d4851a1d" />
    <TestEntry testId="accd779d-c852-029a-a1d0-a3ab205a6a51" executionId="f1e51a2d-2b23-4ab8-aea0-743766cf9d08" testListId="8c84fa94-04c1-424b-9868-57a2d4851a1d" />
    <TestEntry testId="4c3c9182-7ffa-4bff-722c-d13d83333164" executionId="53a2e4f2-3bab-4349-bf88-1874524c6e6f" testListId="8c84fa94-04c1-424b-9868-57a2d4851a1d" />
    <TestEntry testId="72dad35e-64ff-b1cf-fca2-34fd4b3338d7" executionId="555e63d9-76d0-43d9-8fbb-58a23d41d303" testListId="8c84fa94-04c1-424b-9868-57a2d4851a1d" />
    <TestEntry testId="80753c0e-e8ac-dc37-92a2-c9a69472753d" executionId="8e6b7656-ea7e-4f65-b742-4c4b4d216534" testListId="8c84fa94-04c1-424b-9868-57a2d4851a1d" />
    <TestEntry testId="169e6142-b050-8286-dfd6-53cdd6a8213a" executionId="49d3d4bd-8663-4889-861b-f37b9cbadeaf" testListId="8c84fa94-04c1-424b-9868-57a2d4851a1d" />
    <TestEntry testId="6e556f74-a31f-a59b-681c-0c70ac64cd6d" executionId="255af8f9-8b75-4c22-bcc4-5331427ee258" testListId="8c84fa94-04c1-424b-9868-57a2d4851a1d" />
    <TestEntry testId="9c1b8d28-0231-2562-5624-3f702ca5fb3d" executionId="3089af1a-8794-4311-a193-64d9e8386a90" testListId="8c84fa94-04c1-424b-9868-57a2d4851a1d" />
    <TestEntry testId="b97e975e-9da2-b3c9-58e7-dba84c4a03b3" executionId="e2999776-4b80-4534-aae5-ef797986c78c" testListId="8c84fa94-04c1-424b-9868-57a2d4851a1d" />
    <TestEntry testId="dd6e7871-68a6-46f8-d319-ff2fccb6a6f5" executionId="99e7af1d-0b6f-4f90-9f43-9260f7266e19" testListId="8c84fa94-04c1-424b-9868-57a2d4851a1d" />
    <TestEntry testId="0da69744-bbdf-e68c-4bf7-08bd6285f0b8" executionId="8f54e2a0-e4a7-4a3b-8ea7-c2935f387289" testListId="8c84fa94-04c1-424b-9868-57a2d4851a1d" />
    <TestEntry testId="aa0a3a76-894b-0d45-a0bd-bfae478cdcbe" executionId="a7b61479-d09f-4336-adfc-831b5382b288" testListId="8c84fa94-04c1-424b-9868-57a2d4851a1d" />
    <TestEntry testId="4284c783-2d24-d20f-a075-d9abca06faad" executionId="d5453bbf-eb87-4bcb-b002-6b696516b6bc" testListId="8c84fa94-04c1-424b-9868-57a2d4851a1d" />
    <TestEntry testId="3e1c110a-17de-01ec-8a58-9df4aa0b6c65" executionId="403ff4db-a32a-4311-8402-195205451585" testListId="8c84fa94-04c1-424b-9868-57a2d4851a1d" />
    <TestEntry testId="96ae07d9-de68-6735-e02a-3056e20ffd3a" executionId="9b664724-29ab-4527-8405-4bcd8d02621c" testListId="8c84fa94-04c1-424b-9868-57a2d4851a1d" />
    <TestEntry testId="11b3c6f9-9fbf-ed29-4b9f-f995854167f1" executionId="0c483894-531d-452e-8f3b-fdb425fc4fa0" testListId="8c84fa94-04c1-424b-9868-57a2d4851a1d" />
    <TestEntry testId="d178e71d-2faa-d345-745d-d132b53660d6" executionId="ce4e23ba-baaf-4604-8567-fe54736c67f6" testListId="8c84fa94-04c1-424b-9868-57a2d4851a1d" />
    <TestEntry testId="a1aadf18-c65b-daad-9c6b-f813dbfddf65" executionId="fb6086ed-bd23-4e07-b124-367e4d2f4b83" testListId="8c84fa94-04c1-424b-9868-57a2d4851a1d" />
    <TestEntry testId="e7c74730-69fe-3fdc-22e1-4631a6ec658e" executionId="805054f2-c9e9-46ff-974c-68ee11207b92" testListId="8c84fa94-04c1-424b-9868-57a2d4851a1d" />
    <TestEntry testId="3dc91db2-6551-bbf2-9d31-0fd64e18606b" executionId="902cd746-5f6a-499b-81f2-955cf27711eb" testListId="8c84fa94-04c1-424b-9868-57a2d4851a1d" />
    <TestEntry testId="87942b6a-4280-63aa-c943-022d9920cb12" executionId="b0e74d96-0f45-4def-af3d-0f1861f65e53" testListId="8c84fa94-04c1-424b-9868-57a2d4851a1d" />
    <TestEntry testId="5c768a07-476d-d04b-9f47-63f0f790f7e9" executionId="39d20645-1592-42db-bf2e-66acb8a6a157" testListId="8c84fa94-04c1-424b-9868-57a2d4851a1d" />
    <TestEntry testId="f9732964-747f-1b9a-14e2-c05955f3e4d4" executionId="137b198e-93fd-4445-98cb-10912e9def51" testListId="8c84fa94-04c1-424b-9868-57a2d4851a1d" />
    <TestEntry testId="0fa8a271-0ce5-1871-706c-01c7f9c0ab84" executionId="efdc6d73-5d05-4cf5-ab11-0a729ad7afe7" testListId="8c84fa94-04c1-424b-9868-57a2d4851a1d" />
    <TestEntry testId="9c7ea621-3afa-ed95-4a8b-58370581afeb" executionId="24953806-1f6b-4ad6-a752-63b2e9e4178d" testListId="8c84fa94-04c1-424b-9868-57a2d4851a1d" />
    <TestEntry testId="39bfb0b0-dc83-2afd-1271-b195bb185d02" executionId="a1435fe8-4486-4a6a-9496-e750fe2c960c" testListId="8c84fa94-04c1-424b-9868-57a2d4851a1d" />
    <TestEntry testId="e5e5d85d-2854-556c-17c2-4e207eb6ae57" executionId="8aa9d94f-7c7e-4672-845f-a7b21f1818b9" testListId="8c84fa94-04c1-424b-9868-57a2d4851a1d" />
    <TestEntry testId="5ab9c9db-fb4a-9293-b7f1-b9922978176d" executionId="40c16e80-e36a-4034-bd02-795070042b01" testListId="8c84fa94-04c1-424b-9868-57a2d4851a1d" />
    <TestEntry testId="909bd9b8-5a33-7ada-50d1-0dbf0a3c3ba0" executionId="1cb60f08-9109-4e5a-b479-8f713e13a1bf" testListId="8c84fa94-04c1-424b-9868-57a2d4851a1d" />
    <TestEntry testId="501b60ac-2c5a-4d11-2bf7-d5abfb0e11b4" executionId="88cf8fcf-9100-4ea1-913b-93615954b20e" testListId="8c84fa94-04c1-424b-9868-57a2d4851a1d" />
    <TestEntry testId="32608e40-f011-7837-78c5-46c5f185ef4b" executionId="b943d05d-c16c-4f79-8650-595eb10f9e0b" testListId="8c84fa94-04c1-424b-9868-57a2d4851a1d" />
    <TestEntry testId="530a5031-dd25-2b02-70a5-caea9d021d91" executionId="2a39027b-433a-4e9e-99be-6fe43eeadc08" testListId="8c84fa94-04c1-424b-9868-57a2d4851a1d" />
    <TestEntry testId="67d6dd01-0770-343e-c73f-78163774e2ed" executionId="bd45fe03-a731-4ee1-b296-d93f91caf296" testListId="8c84fa94-04c1-424b-9868-57a2d4851a1d" />
    <TestEntry testId="af891f49-0e3f-f335-f7af-da840ebc15f7" executionId="f4358986-5d4a-4530-bae7-377c6a435e46" testListId="8c84fa94-04c1-424b-9868-57a2d4851a1d" />
    <TestEntry testId="74215cd6-2a86-dc16-d21d-8776ddf52a58" executionId="54eb7031-a5e4-42fe-8dac-268e3497041f" testListId="8c84fa94-04c1-424b-9868-57a2d4851a1d" />
    <TestEntry testId="642b3077-c714-6a17-5a1b-f9cf17d447d6" executionId="6ea78aeb-8a4c-4137-8d87-c60c32e204a7" testListId="8c84fa94-04c1-424b-9868-57a2d4851a1d" />
    <TestEntry testId="80556684-6f58-a294-60f0-75e02ef713fc" executionId="a20927bf-bcfb-455a-8c9c-fe946dd4a304" testListId="8c84fa94-04c1-424b-9868-57a2d4851a1d" />
    <TestEntry testId="e499537d-fef3-5ca1-473a-e65ee85bb6d2" executionId="f53e0136-9c1a-48cb-9ea1-8d5922808359" testListId="8c84fa94-04c1-424b-9868-57a2d4851a1d" />
    <TestEntry testId="5a72f6e9-0ed5-2c0d-a4e7-ebd4733802a5" executionId="a7d24206-5689-4716-8162-55716fb50b0a" testListId="8c84fa94-04c1-424b-9868-57a2d4851a1d" />
    <TestEntry testId="b4faa6c0-0141-777a-592f-40dd48ba28fc" executionId="4d791469-65d9-440d-8598-1b60b63103a2" testListId="8c84fa94-04c1-424b-9868-57a2d4851a1d" />
    <TestEntry testId="d67db5fd-3360-e0cf-5b7d-b0406031914d" executionId="6bb6cc3f-2e46-4c3d-a42f-2fda3e58d322" testListId="8c84fa94-04c1-424b-9868-57a2d4851a1d" />
    <TestEntry testId="437672c3-2fb9-6d88-8813-87e0e0b9ca42" executionId="a099e635-ac67-4576-9fe0-87d2212f3168" testListId="8c84fa94-04c1-424b-9868-57a2d4851a1d" />
    <TestEntry testId="3d46ac8f-5a73-ef48-74d1-dabab78ecc40" executionId="927f6b4c-f85e-4aba-80bf-a0b15eea3297" testListId="8c84fa94-04c1-424b-9868-57a2d4851a1d" />
    <TestEntry testId="8a1333c1-c909-f5dc-e05e-cbdcf0394349" executionId="f018caa2-984c-4bf2-9ba4-92d9a455f24f" testListId="8c84fa94-04c1-424b-9868-57a2d4851a1d" />
    <TestEntry testId="d4f17dbd-3843-af90-3a4e-885b62104069" executionId="7a14cb51-2469-42c4-a4c1-97b3d237a363" testListId="8c84fa94-04c1-424b-9868-57a2d4851a1d" />
    <TestEntry testId="8cb7a19a-dddd-f69e-0b9b-77ee896e50f2" executionId="8870f2e7-489a-4d0b-a803-62c651aa9eb5" testListId="8c84fa94-04c1-424b-9868-57a2d4851a1d" />
    <TestEntry testId="14a15fd5-9db2-70bd-ef8a-2036894a25bd" executionId="c6d124b4-a24a-4425-ad8b-d351e52cab3e" testListId="8c84fa94-04c1-424b-9868-57a2d4851a1d" />
    <TestEntry testId="22d326d5-8c9f-87d3-ec90-14275a3b357e" executionId="05450fad-678c-44e8-8fe7-7a3780427d8b" testListId="8c84fa94-04c1-424b-9868-57a2d4851a1d" />
    <TestEntry testId="e022bf89-195f-88bc-f963-d94f95599188" executionId="31de4bfc-ba47-4fcf-a314-cba784ad28b0" testListId="8c84fa94-04c1-424b-9868-57a2d4851a1d" />
    <TestEntry testId="adb37387-d729-75e9-90d3-3a0def61a885" executionId="dff810a5-5063-44f4-a275-5c77cf5da790" testListId="8c84fa94-04c1-424b-9868-57a2d4851a1d" />
    <TestEntry testId="18d3781a-ec4e-a3cb-1253-8c635d00c540" executionId="391f06e5-68a3-47c8-8a72-a893ca3a9525" testListId="8c84fa94-04c1-424b-9868-57a2d4851a1d" />
    <TestEntry testId="12e8cee5-e5fd-f6df-4af1-a8d150dcea96" executionId="a4b62a98-1c43-4621-9390-0648a114a47f" testListId="8c84fa94-04c1-424b-9868-57a2d4851a1d" />
    <TestEntry testId="a361c80b-f058-11ef-3fbe-93c35d655f82" executionId="8cfad24a-aab8-4ae2-ab01-5fc51c9857eb" testListId="8c84fa94-04c1-424b-9868-57a2d4851a1d" />
    <TestEntry testId="0abbe560-08b4-8a2a-2fd6-cac3b90ce9ee" executionId="0d840e54-1d6d-4a58-b17c-056241d72e05" testListId="8c84fa94-04c1-424b-9868-57a2d4851a1d" />
    <TestEntry testId="fee050b1-946a-cafa-63ea-c99fdd8a2aa1" executionId="f0d9bd71-ae71-4194-97c8-cb661bf73cca" testListId="8c84fa94-04c1-424b-9868-57a2d4851a1d" />
    <TestEntry testId="f5eb6ebb-0b2f-7e6c-f71c-65b3fce1dbe3" executionId="a29b8f0f-586c-4d0e-a75a-de22694a100f" testListId="8c84fa94-04c1-424b-9868-57a2d4851a1d" />
    <TestEntry testId="c69593a5-7b7c-9120-cf84-8655c5ebd97a" executionId="96836e95-ad55-4433-8853-e5fee64bf6d7" testListId="8c84fa94-04c1-424b-9868-57a2d4851a1d" />
    <TestEntry testId="06135590-d200-5cfc-fb41-6d54e898c99f" executionId="8094f25b-6cce-4e78-b1b5-491ce58ff940" testListId="8c84fa94-04c1-424b-9868-57a2d4851a1d" />
    <TestEntry testId="15e55af3-5a98-d490-6fe7-302f381128c5" executionId="ed695ea4-5e1c-4e2a-9341-8bff826a9400" testListId="8c84fa94-04c1-424b-9868-57a2d4851a1d" />
    <TestEntry testId="1021e00f-d653-162a-8b11-cdf3fc4551c2" executionId="7de2d65c-124a-48e5-a078-7f96cd8a7a68" testListId="8c84fa94-04c1-424b-9868-57a2d4851a1d" />
    <TestEntry testId="ca81c971-3646-f0a5-adfa-6b435890d826" executionId="d9472a06-f4f5-413b-ac98-716582c92ddb" testListId="8c84fa94-04c1-424b-9868-57a2d4851a1d" />
    <TestEntry testId="cfc0b2a0-c247-10bd-fdd2-89e481912bfb" executionId="ab927ad6-568d-4859-bf0f-1c78f2d7a08d" testListId="8c84fa94-04c1-424b-9868-57a2d4851a1d" />
    <TestEntry testId="e8c288ca-a2f9-a78f-a86a-e90660d7f4fb" executionId="549b9939-5f88-4dc4-a97e-888a6b88313d" testListId="8c84fa94-04c1-424b-9868-57a2d4851a1d" />
    <TestEntry testId="14234d76-e48c-d4f7-1632-d9d65ff64476" executionId="2b498cc3-2622-4ec5-9ec2-d984203546a2" testListId="8c84fa94-04c1-424b-9868-57a2d4851a1d" />
    <TestEntry testId="aaaa9541-adbc-6789-0dc5-80b6bcff1d3f" executionId="bc9abe2a-03cd-403a-989a-8559e177e40b" testListId="8c84fa94-04c1-424b-9868-57a2d4851a1d" />
    <TestEntry testId="d1abd4cc-bd40-7531-afba-b796ccac0821" executionId="a0be8bf8-ea0b-450c-9fe9-117876c659f8" testListId="8c84fa94-04c1-424b-9868-57a2d4851a1d" />
    <TestEntry testId="71573228-a18e-34a5-16e6-4dac70dea85e" executionId="455d1dac-6ad8-4e45-9cae-05db0644d30f" testListId="8c84fa94-04c1-424b-9868-57a2d4851a1d" />
    <TestEntry testId="30e8026d-a5f3-c5ca-5bd6-c2032ca8f1bd" executionId="b5768fb1-9dfa-481f-a5d4-3e025481f413" testListId="8c84fa94-04c1-424b-9868-57a2d4851a1d" />
    <TestEntry testId="0e0d7f5d-0a98-23c2-b597-7c9b9a7019dc" executionId="9937a81e-6fca-4a9f-88a4-45e6b5a8d344" testListId="8c84fa94-04c1-424b-9868-57a2d4851a1d" />
    <TestEntry testId="94d980fc-84aa-1439-04c5-1169ac0bb330" executionId="28dd7971-716c-4747-9ac9-0091a5d01240" testListId="8c84fa94-04c1-424b-9868-57a2d4851a1d" />
    <TestEntry testId="4e5e823b-9691-ad11-8463-18f91d9d7cb8" executionId="b671f3b1-9e88-484c-8738-e94d8124c8c0" testListId="8c84fa94-04c1-424b-9868-57a2d4851a1d" />
    <TestEntry testId="5e58d1e8-7357-b861-90ce-ff86c1866f40" executionId="81f460d6-deb8-4a9f-a467-2f66615f538f" testListId="8c84fa94-04c1-424b-9868-57a2d4851a1d" />
    <TestEntry testId="1118be5f-14f3-877b-2906-e248d0f1ead9" executionId="a5f6ebb9-291a-4a44-9f82-e3e612a3ae0a" testListId="8c84fa94-04c1-424b-9868-57a2d4851a1d" />
    <TestEntry testId="1c9cf890-7f4e-e759-dbdc-472b8ba9f628" executionId="642374ca-ee93-47e9-ab96-48d1af2904eb" testListId="8c84fa94-04c1-424b-9868-57a2d4851a1d" />
    <TestEntry testId="f1bc5729-3503-1ab7-34dc-5bef87c78d97" executionId="bfcc867a-fb9a-46b7-8509-1983748f5295" testListId="8c84fa94-04c1-424b-9868-57a2d4851a1d" />
    <TestEntry testId="b6d616da-461f-2ef0-1a75-14167ecdd8e2" executionId="ea72387e-6b13-4f95-923c-8d40c3e894f5" testListId="8c84fa94-04c1-424b-9868-57a2d4851a1d" />
    <TestEntry testId="2d544965-1a30-5396-b359-21420284d6d0" executionId="b4990aeb-e218-42f3-abe8-a5ee10c710db" testListId="8c84fa94-04c1-424b-9868-57a2d4851a1d" />
    <TestEntry testId="39a0325e-51a6-18e5-0a52-7b4d0ce82414" executionId="f3ef3e45-d896-4f1f-b16b-5cfe53e89d17" testListId="8c84fa94-04c1-424b-9868-57a2d4851a1d" />
    <TestEntry testId="34c1fa68-4517-6166-4ebb-b0833f732e6f" executionId="5376f482-9849-4321-8d42-bc81c171040c" testListId="8c84fa94-04c1-424b-9868-57a2d4851a1d" />
    <TestEntry testId="3b2015a9-c057-062b-d849-b9e89cec86b1" executionId="76bd3d09-a017-45ae-af19-11f3eaee4e3f" testListId="8c84fa94-04c1-424b-9868-57a2d4851a1d" />
    <TestEntry testId="34676fcc-ec3b-1942-a6bb-6a86e5e34dfb" executionId="d1e31078-d192-422d-9b84-218ed252fbd5" testListId="8c84fa94-04c1-424b-9868-57a2d4851a1d" />
    <TestEntry testId="459deba6-e660-af85-067f-ab5ed09080d5" executionId="33c40fd2-2126-47f6-8576-630c55c34cf3" testListId="8c84fa94-04c1-424b-9868-57a2d4851a1d" />
    <TestEntry testId="89889c63-3624-1133-33de-7997331a9719" executionId="075838d0-f8c9-4214-ae71-323db4bb88b4" testListId="8c84fa94-04c1-424b-9868-57a2d4851a1d" />
    <TestEntry testId="f9668630-fcdf-5b21-e038-cbf59bdf8131" executionId="a4c84a5c-86ac-44fb-bb43-ad4b1f566701" testListId="8c84fa94-04c1-424b-9868-57a2d4851a1d" />
    <TestEntry testId="45e37ca1-17b1-8305-e341-8bf8a38f97db" executionId="7fe0aa46-bab2-42bc-9892-ebbe8bd781dc" testListId="8c84fa94-04c1-424b-9868-57a2d4851a1d" />
    <TestEntry testId="6537942d-a9e0-06b3-1278-f079404dcd6a" executionId="a6e023ab-0c08-4547-a13a-f65ec158ddf3" testListId="8c84fa94-04c1-424b-9868-57a2d4851a1d" />
    <TestEntry testId="41627e48-a14a-71b0-150a-979d97d42a5b" executionId="9f08808b-4c48-465f-8275-464fbebdab6c" testListId="8c84fa94-04c1-424b-9868-57a2d4851a1d" />
    <TestEntry testId="4ae91caf-d8f8-b134-ef42-3030fca54c5a" executionId="14e3cac2-0365-43a2-8e37-37bb9dac1706" testListId="8c84fa94-04c1-424b-9868-57a2d4851a1d" />
    <TestEntry testId="3d572331-a586-0b4d-2c20-72e89cadaa26" executionId="f03ceb5d-fde8-4273-908a-042cb0439c83" testListId="8c84fa94-04c1-424b-9868-57a2d4851a1d" />
    <TestEntry testId="909bffc3-2179-1a80-a579-e48a1f9598de" executionId="c471a5ab-a295-4a0a-9066-613dde0bc920" testListId="8c84fa94-04c1-424b-9868-57a2d4851a1d" />
    <TestEntry testId="21bc34ea-a52c-1c85-61b5-ae2e2de0bcde" executionId="24200c2c-6c21-48c7-a584-43a7bbdf92d5" testListId="8c84fa94-04c1-424b-9868-57a2d4851a1d" />
  </TestEntries>
  <Results>
    <UnitTestResult executionId="1ab4d489-d4a8-4c34-b78d-8da8dead4849" testId="b96b3482-da83-0756-c8ef-468e590545d6" testName="OnDataSavedTest" computerName="MICROSOF-4C612A" duration="00:00:01.5673749" startTime="2011-05-29T01:26:44.2187500+03:00" endTime="2011-05-29T01:26:47.6093750+03:00" testType="13cdc9d9-ddb5-4fa4-a97d-d965ccfc6d4b" outcome="Failed" testListId="8c84fa94-04c1-424b-9868-57a2d4851a1d" relativeResultsDirectory="1ab4d489-d4a8-4c34-b78d-8da8dead4849">
      <Output>
        <ErrorInfo>
          <Message>Test method FaceRecognition.Test.MainWindowTest.OnDataSavedTest threw exception: 
System.Windows.Markup.XamlParseException: 'Provide value on 'System.Windows.Baml2006.TypeConverterMarkupExtension' threw an exception.' Line number '7' and line position '9'. ---&gt; System.IO.IOException: Assembly.GetEntryAssembly() returns null. Set the Application.ResourceAssembly property or use the pack://application:,,,/assemblyname;component/ syntax to specify the assembly to load the resource from.</Message>
          <StackTrace>    at MS.Internal.AppModel.ResourceContainer.GetResourceManagerWrapper(Uri uri, String&amp; partName, Boolean&amp; isContentFile)
   at MS.Internal.AppModel.ResourceContainer.GetPartCore(Uri uri)
   at System.IO.Packaging.Package.GetPartHelper(Uri partUri)
   at System.IO.Packaging.Package.GetPart(Uri partUri)
   at System.IO.Packaging.PackWebResponse.CachedResponse.GetResponseStream()
   at System.IO.Packaging.PackWebResponse.GetResponseStream()
   at System.IO.Packaging.PackWebResponse.get_ContentType()
   at System.Windows.Media.Imaging.BitmapDecoder.SetupDecoderFromUriOrStream(Uri uri, Stream stream, BitmapCacheOption cacheOption, Guid&amp; clsId, Boolean&amp; isOriginalWritable, Stream&amp; uriStream, UnmanagedMemoryStream&amp; unmanagedMemoryStream, SafeFileHandle&amp; safeFilehandle)
   at System.Windows.Media.Imaging.BitmapDecoder.CreateFromUriOrStream(Uri baseUri, Uri uri, Stream stream, BitmapCreateOptions createOptions, BitmapCacheOption cacheOption, RequestCachePolicy uriCachePolicy, Boolean insertInDecoderCache)
   at System.Windows.Media.Imaging.BitmapFrame.CreateFromUriOrStream(Uri baseUri, Uri uri, Stream stream, BitmapCreateOptions createOptions, BitmapCacheOption cacheOption, RequestCachePolicy uriCachePolicy)
   at System.Windows.Media.ImageSourceConverter.ConvertFrom(ITypeDescriptorContext context, CultureInfo culture, Object value)
   at System.Windows.Baml2006.TypeConverterMarkupExtension.ProvideValue(IServiceProvider serviceProvider)
   at MS.Internal.Xaml.Runtime.ClrObjectRuntime.CallProvideValue(MarkupExtension me, IServiceProvider serviceProvider)
 --- End of inner exception stack trace ---
   at FaceRecognition.MainWindow_Accessor..ctor()
   at FaceRecognition.Test.MainWindowTest.OnDataSavedTest() in D:\DiplomProject\FaceRecognition\FaceRecognition.Test\MainWindowTest.cs:line 77
</StackTrace>
        </ErrorInfo>
      </Output>
    </UnitTestResult>
    <UnitTestResult executionId="700d58f1-f323-46bf-9364-ea9e2e68b506" testId="6b31d041-045b-f81f-bf9a-0a70fb1463c4" testName="MainWindow_LoadedTest" computerName="MICROSOF-4C612A" duration="00:00:00.0212080" startTime="2011-05-29T01:26:47.6250000+03:00" endTime="2011-05-29T01:26:47.6562500+03:00" testType="13cdc9d9-ddb5-4fa4-a97d-d965ccfc6d4b" outcome="Failed" testListId="8c84fa94-04c1-424b-9868-57a2d4851a1d" relativeResultsDirectory="700d58f1-f323-46bf-9364-ea9e2e68b506">
      <Output>
        <ErrorInfo>
          <Message>Test method FaceRecognition.Test.MainWindowTest.MainWindow_LoadedTest threw exception: 
System.Windows.Markup.XamlParseException: 'Provide value on 'System.Windows.Baml2006.TypeConverterMarkupExtension' threw an exception.' Line number '7' and line position '9'. ---&gt; System.IO.IOException: Assembly.GetEntryAssembly() returns null. Set the Application.ResourceAssembly property or use the pack://application:,,,/assemblyname;component/ syntax to specify the assembly to load the resource from.</Message>
          <StackTrace>    at MS.Internal.AppModel.ResourceContainer.GetResourceManagerWrapper(Uri uri, String&amp; partName, Boolean&amp; isContentFile)
   at MS.Internal.AppModel.ResourceContainer.GetPartCore(Uri uri)
   at System.IO.Packaging.Package.GetPartHelper(Uri partUri)
   at System.IO.Packaging.Package.GetPart(Uri partUri)
   at System.IO.Packaging.PackWebResponse.CachedResponse.GetResponseStream()
   at System.IO.Packaging.PackWebResponse.GetResponseStream()
   at System.IO.Packaging.PackWebResponse.get_ContentType()
   at System.Windows.Media.Imaging.BitmapDecoder.SetupDecoderFromUriOrStream(Uri uri, Stream stream, BitmapCacheOption cacheOption, Guid&amp; clsId, Boolean&amp; isOriginalWritable, Stream&amp; uriStream, UnmanagedMemoryStream&amp; unmanagedMemoryStream, SafeFileHandle&amp; safeFilehandle)
   at System.Windows.Media.Imaging.BitmapDecoder.CreateFromUriOrStream(Uri baseUri, Uri uri, Stream stream, BitmapCreateOptions createOptions, BitmapCacheOption cacheOption, RequestCachePolicy uriCachePolicy, Boolean insertInDecoderCache)
   at System.Windows.Media.Imaging.BitmapFrame.CreateFromUriOrStream(Uri baseUri, Uri uri, Stream stream, BitmapCreateOptions createOptions, BitmapCacheOption cacheOption, RequestCachePolicy uriCachePolicy)
   at System.Windows.Media.ImageSourceConverter.ConvertFrom(ITypeDescriptorContext context, CultureInfo culture, Object value)
   at System.Windows.Baml2006.TypeConverterMarkupExtension.ProvideValue(IServiceProvider serviceProvider)
   at MS.Internal.Xaml.Runtime.ClrObjectRuntime.CallProvideValue(MarkupExtension me, IServiceProvider serviceProvider)
 --- End of inner exception stack trace ---
   at FaceRecognition.MainWindow_Accessor..ctor()
   at FaceRecognition.Test.MainWindowTest.MainWindow_LoadedTest() in D:\DiplomProject\FaceRecognition\FaceRecognition.Test\MainWindowTest.cs:line 89
</StackTrace>
        </ErrorInfo>
      </Output>
    </UnitTestResult>
    <UnitTestResult executionId="82119c3e-64e8-4ee4-8f2e-5f89a94c3dff" testId="da471e36-2e1b-1cc1-17a9-d58049715d04" testName="InitializeComponentTest" computerName="MICROSOF-4C612A" duration="00:00:00.1402898" startTime="2011-05-29T01:26:47.7187500+03:00" endTime="2011-05-29T01:26:47.8593750+03:00" testType="13cdc9d9-ddb5-4fa4-a97d-d965ccfc6d4b" outcome="Failed" testListId="8c84fa94-04c1-424b-9868-57a2d4851a1d" relativeResultsDirectory="82119c3e-64e8-4ee4-8f2e-5f89a94c3dff">
      <Output>
        <ErrorInfo>
          <Message>Test method FaceRecognition.Test.MainWindowTest.InitializeComponentTest threw exception: 
System.Windows.Markup.XamlParseException: 'Provide value on 'System.Windows.Baml2006.TypeConverterMarkupExtension' threw an exception.' Line number '7' and line position '9'. ---&gt; System.IO.IOException: Assembly.GetEntryAssembly() returns null. Set the Application.ResourceAssembly property or use the pack://application:,,,/assemblyname;component/ syntax to specify the assembly to load the resource from.</Message>
          <StackTrace>    at MS.Internal.AppModel.ResourceContainer.GetResourceManagerWrapper(Uri uri, String&amp; partName, Boolean&amp; isContentFile)
   at MS.Internal.AppModel.ResourceContainer.GetPartCore(Uri uri)
   at System.IO.Packaging.Package.GetPartHelper(Uri partUri)
   at System.IO.Packaging.Package.GetPart(Uri partUri)
   at System.IO.Packaging.PackWebResponse.CachedResponse.GetResponseStream()
   at System.IO.Packaging.PackWebResponse.GetResponseStream()
   at System.IO.Packaging.PackWebResponse.get_ContentType()
   at System.Windows.Media.Imaging.BitmapDecoder.SetupDecoderFromUriOrStream(Uri uri, Stream stream, BitmapCacheOption cacheOption, Guid&amp; clsId, Boolean&amp; isOriginalWritable, Stream&amp; uriStream, UnmanagedMemoryStream&amp; unmanagedMemoryStream, SafeFileHandle&amp; safeFilehandle)
   at System.Windows.Media.Imaging.BitmapDecoder.CreateFromUriOrStream(Uri baseUri, Uri uri, Stream stream, BitmapCreateOptions createOptions, BitmapCacheOption cacheOption, RequestCachePolicy uriCachePolicy, Boolean insertInDecoderCache)
   at System.Windows.Media.Imaging.BitmapFrame.CreateFromUriOrStream(Uri baseUri, Uri uri, Stream stream, BitmapCreateOptions createOptions, BitmapCacheOption cacheOption, RequestCachePolicy uriCachePolicy)
   at System.Windows.Media.ImageSourceConverter.ConvertFrom(ITypeDescriptorContext context, CultureInfo culture, Object value)
   at System.Windows.Baml2006.TypeConverterMarkupExtension.ProvideValue(IServiceProvider serviceProvider)
   at MS.Internal.Xaml.Runtime.ClrObjectRuntime.CallProvideValue(MarkupExtension me, IServiceProvider serviceProvider)
 --- End of inner exception stack trace ---
    at System.Windows.Markup.XamlReader.RewrapException(Exception e, IXamlLineInfo lineInfo, Uri baseUri)
   at System.Windows.Markup.WpfXamlLoader.Load(XamlReader xamlReader, IXamlObjectWriterFactory writerFactory, Boolean skipJournaledProperties, Object rootObject, XamlObjectWriterSettings settings, Uri baseUri)
   at System.Windows.Markup.WpfXamlLoader.LoadBaml(XamlReader xamlReader, Boolean skipJournaledProperties, Object rootObject, XamlAccessLevel accessLevel, Uri baseUri)
   at System.Windows.Markup.XamlReader.LoadBaml(Stream stream, ParserContext parserContext, Object parent, Boolean closeStream)
   at System.Windows.Application.LoadComponent(Object component, Uri resourceLocator)
   at FaceRecognition.MainWindow.InitializeComponent() in d:\DiplomProject\FaceRecognition\MainWindow.xaml:line 1
   at FaceRecognition.MainWindow..ctor() in D:\DiplomProject\FaceRecognition\MainWindow.xaml.cs:line 26
   at FaceRecognition.Test.MainWindowTest.InitializeComponentTest() in D:\DiplomProject\FaceRecognition\FaceRecognition.Test\MainWindowTest.cs:line 102
</StackTrace>
        </ErrorInfo>
      </Output>
    </UnitTestResult>
    <UnitTestResult executionId="24db7663-2720-4cd0-bc43-85cdf8dbfb28" testId="76c87c20-b2a0-6234-9f17-dccca09c635a" testName="GoPreprocBtn_ClickTest" computerName="MICROSOF-4C612A" duration="00:00:00.0053219" startTime="2011-05-29T01:26:47.8750000+03:00" endTime="2011-05-29T01:26:47.8906250+03:00" testType="13cdc9d9-ddb5-4fa4-a97d-d965ccfc6d4b" outcome="Failed" testListId="8c84fa94-04c1-424b-9868-57a2d4851a1d" relativeResultsDirectory="24db7663-2720-4cd0-bc43-85cdf8dbfb28">
      <Output>
        <ErrorInfo>
          <Message>Test method FaceRecognition.Test.MainWindowTest.GoPreprocBtn_ClickTest threw exception: 
System.Windows.Markup.XamlParseException: 'Provide value on 'System.Windows.Baml2006.TypeConverterMarkupExtension' threw an exception.' Line number '7' and line position '9'. ---&gt; System.IO.IOException: Assembly.GetEntryAssembly() returns null. Set the Application.ResourceAssembly property or use the pack://application:,,,/assemblyname;component/ syntax to specify the assembly to load the resource from.</Message>
          <StackTrace>    at MS.Internal.AppModel.ResourceContainer.GetResourceManagerWrapper(Uri uri, String&amp; partName, Boolean&amp; isContentFile)
   at MS.Internal.AppModel.ResourceContainer.GetPartCore(Uri uri)
   at System.IO.Packaging.Package.GetPartHelper(Uri partUri)
   at System.IO.Packaging.Package.GetPart(Uri partUri)
   at System.IO.Packaging.PackWebResponse.CachedResponse.GetResponseStream()
   at System.IO.Packaging.PackWebResponse.GetResponseStream()
   at System.IO.Packaging.PackWebResponse.get_ContentType()
   at System.Windows.Media.Imaging.BitmapDecoder.SetupDecoderFromUriOrStream(Uri uri, Stream stream, BitmapCacheOption cacheOption, Guid&amp; clsId, Boolean&amp; isOriginalWritable, Stream&amp; uriStream, UnmanagedMemoryStream&amp; unmanagedMemoryStream, SafeFileHandle&amp; safeFilehandle)
   at System.Windows.Media.Imaging.BitmapDecoder.CreateFromUriOrStream(Uri baseUri, Uri uri, Stream stream, BitmapCreateOptions createOptions, BitmapCacheOption cacheOption, RequestCachePolicy uriCachePolicy, Boolean insertInDecoderCache)
   at System.Windows.Media.Imaging.BitmapFrame.CreateFromUriOrStream(Uri baseUri, Uri uri, Stream stream, BitmapCreateOptions createOptions, BitmapCacheOption cacheOption, RequestCachePolicy uriCachePolicy)
   at System.Windows.Media.ImageSourceConverter.ConvertFrom(ITypeDescriptorContext context, CultureInfo culture, Object value)
   at System.Windows.Baml2006.TypeConverterMarkupExtension.ProvideValue(IServiceProvider serviceProvider)
   at MS.Internal.Xaml.Runtime.ClrObjectRuntime.CallProvideValue(MarkupExtension me, IServiceProvider serviceProvider)
 --- End of inner exception stack trace ---
   at FaceRecognition.MainWindow_Accessor..ctor()
   at FaceRecognition.Test.MainWindowTest.GoPreprocBtn_ClickTest() in D:\DiplomProject\FaceRecognition\FaceRecognition.Test\MainWindowTest.cs:line 114
</StackTrace>
        </ErrorInfo>
      </Output>
    </UnitTestResult>
    <UnitTestResult executionId="a3e932e3-260e-4df2-a3e9-198cb78e182b" testId="fc7557f7-f459-ee53-b73c-69b6c3b94147" testName="MainWindowConstructorTest" computerName="MICROSOF-4C612A" duration="00:00:00.0042455" startTime="2011-05-29T01:26:47.8906250+03:00" endTime="2011-05-29T01:26:47.9062500+03:00" testType="13cdc9d9-ddb5-4fa4-a97d-d965ccfc6d4b" outcome="Failed" testListId="8c84fa94-04c1-424b-9868-57a2d4851a1d" relativeResultsDirectory="a3e932e3-260e-4df2-a3e9-198cb78e182b">
      <Output>
        <ErrorInfo>
          <Message>Test method FaceRecognition.Test.MainWindowTest.MainWindowConstructorTest threw exception: 
System.Windows.Markup.XamlParseException: 'Provide value on 'System.Windows.Baml2006.TypeConverterMarkupExtension' threw an exception.' Line number '7' and line position '9'. ---&gt; System.IO.IOException: Assembly.GetEntryAssembly() returns null. Set the Application.ResourceAssembly property or use the pack://application:,,,/assemblyname;component/ syntax to specify the assembly to load the resource from.</Message>
          <StackTrace>    at MS.Internal.AppModel.ResourceContainer.GetResourceManagerWrapper(Uri uri, String&amp; partName, Boolean&amp; isContentFile)
   at MS.Internal.AppModel.ResourceContainer.GetPartCore(Uri uri)
   at System.IO.Packaging.Package.GetPartHelper(Uri partUri)
   at System.IO.Packaging.Package.GetPart(Uri partUri)
   at System.IO.Packaging.PackWebResponse.CachedResponse.GetResponseStream()
   at System.IO.Packaging.PackWebResponse.GetResponseStream()
   at System.IO.Packaging.PackWebResponse.get_ContentType()
   at System.Windows.Media.Imaging.BitmapDecoder.SetupDecoderFromUriOrStream(Uri uri, Stream stream, BitmapCacheOption cacheOption, Guid&amp; clsId, Boolean&amp; isOriginalWritable, Stream&amp; uriStream, UnmanagedMemoryStream&amp; unmanagedMemoryStream, SafeFileHandle&amp; safeFilehandle)
   at System.Windows.Media.Imaging.BitmapDecoder.CreateFromUriOrStream(Uri baseUri, Uri uri, Stream stream, BitmapCreateOptions createOptions, BitmapCacheOption cacheOption, RequestCachePolicy uriCachePolicy, Boolean insertInDecoderCache)
   at System.Windows.Media.Imaging.BitmapFrame.CreateFromUriOrStream(Uri baseUri, Uri uri, Stream stream, BitmapCreateOptions createOptions, BitmapCacheOption cacheOption, RequestCachePolicy uriCachePolicy)
   at System.Windows.Media.ImageSourceConverter.ConvertFrom(ITypeDescriptorContext context, CultureInfo culture, Object value)
   at System.Windows.Baml2006.TypeConverterMarkupExtension.ProvideValue(IServiceProvider serviceProvider)
   at MS.Internal.Xaml.Runtime.ClrObjectRuntime.CallProvideValue(MarkupExtension me, IServiceProvider serviceProvider)
 --- End of inner exception stack trace ---
    at System.Windows.Markup.XamlReader.RewrapException(Exception e, IXamlLineInfo lineInfo, Uri baseUri)
   at System.Windows.Markup.WpfXamlLoader.Load(XamlReader xamlReader, IXamlObjectWriterFactory writerFactory, Boolean skipJournaledProperties, Object rootObject, XamlObjectWriterSettings settings, Uri baseUri)
   at System.Windows.Markup.WpfXamlLoader.LoadBaml(XamlReader xamlReader, Boolean skipJournaledProperties, Object rootObject, XamlAccessLevel accessLevel, Uri baseUri)
   at System.Windows.Markup.XamlReader.LoadBaml(Stream stream, ParserContext parserContext, Object parent, Boolean closeStream)
   at System.Windows.Application.LoadComponent(Object component, Uri resourceLocator)
   at FaceRecognition.MainWindow.InitializeComponent() in d:\DiplomProject\FaceRecognition\MainWindow.xaml:line 1
   at FaceRecognition.MainWindow..ctor() in D:\DiplomProject\FaceRecognition\MainWindow.xaml.cs:line 26
   at FaceRecognition.Test.MainWindowTest.MainWindowConstructorTest() in D:\DiplomProject\FaceRecognition\FaceRecognition.Test\MainWindowTest.cs:line 127
</StackTrace>
        </ErrorInfo>
      </Output>
    </UnitTestResult>
    <UnitTestResult executionId="1b5db6d1-dc6e-4592-9107-1acc308c1720" testId="e7a32c35-167d-b762-9a2c-108eb21c42db" testName="_CreateDelegateTest" computerName="MICROSOF-4C612A" duration="00:00:00.0172027" startTime="2011-05-29T01:26:47.9218750+03:00" endTime="2011-05-29T01:26:47.9531250+03:00" testType="13cdc9d9-ddb5-4fa4-a97d-d965ccfc6d4b" outcome="Failed" testListId="8c84fa94-04c1-424b-9868-57a2d4851a1d" relativeResultsDirectory="1b5db6d1-dc6e-4592-9107-1acc308c1720">
      <Output>
        <ErrorInfo>
          <Message>Test method FaceRecognition.Test.MainWindowTest._CreateDelegateTest threw exception: 
System.Windows.Markup.XamlParseException: 'Provide value on 'System.Windows.Baml2006.TypeConverterMarkupExtension' threw an exception.' Line number '7' and line position '9'. ---&gt; System.IO.IOException: Assembly.GetEntryAssembly() returns null. Set the Application.ResourceAssembly property or use the pack://application:,,,/assemblyname;component/ syntax to specify the assembly to load the resource from.</Message>
          <StackTrace>    at MS.Internal.AppModel.ResourceContainer.GetResourceManagerWrapper(Uri uri, String&amp; partName, Boolean&amp; isContentFile)
   at MS.Internal.AppModel.ResourceContainer.GetPartCore(Uri uri)
   at System.IO.Packaging.Package.GetPartHelper(Uri partUri)
   at System.IO.Packaging.Package.GetPart(Uri partUri)
   at System.IO.Packaging.PackWebResponse.CachedResponse.GetResponseStream()
   at System.IO.Packaging.PackWebResponse.GetResponseStream()
   at System.IO.Packaging.PackWebResponse.get_ContentType()
   at System.Windows.Media.Imaging.BitmapDecoder.SetupDecoderFromUriOrStream(Uri uri, Stream stream, BitmapCacheOption cacheOption, Guid&amp; clsId, Boolean&amp; isOriginalWritable, Stream&amp; uriStream, UnmanagedMemoryStream&amp; unmanagedMemoryStream, SafeFileHandle&amp; safeFilehandle)
   at System.Windows.Media.Imaging.BitmapDecoder.CreateFromUriOrStream(Uri baseUri, Uri uri, Stream stream, BitmapCreateOptions createOptions, BitmapCacheOption cacheOption, RequestCachePolicy uriCachePolicy, Boolean insertInDecoderCache)
   at System.Windows.Media.Imaging.BitmapFrame.CreateFromUriOrStream(Uri baseUri, Uri uri, Stream stream, BitmapCreateOptions createOptions, BitmapCacheOption cacheOption, RequestCachePolicy uriCachePolicy)
   at System.Windows.Media.ImageSourceConverter.ConvertFrom(ITypeDescriptorContext context, CultureInfo culture, Object value)
   at System.Windows.Baml2006.TypeConverterMarkupExtension.ProvideValue(IServiceProvider serviceProvider)
   at MS.Internal.Xaml.Runtime.ClrObjectRuntime.CallProvideValue(MarkupExtension me, IServiceProvider serviceProvider)
 --- End of inner exception stack trace ---
    at System.Windows.Markup.XamlReader.RewrapException(Exception e, IXamlLineInfo lineInfo, Uri baseUri)
   at System.Windows.Markup.WpfXamlLoader.Load(XamlReader xamlReader, IXamlObjectWriterFactory writerFactory, Boolean skipJournaledProperties, Object rootObject, XamlObjectWriterSettings settings, Uri baseUri)
   at System.Windows.Markup.WpfXamlLoader.LoadBaml(XamlReader xamlReader, Boolean skipJournaledProperties, Object rootObject, XamlAccessLevel accessLevel, Uri baseUri)
   at System.Windows.Markup.XamlReader.LoadBaml(Stream stream, ParserContext parserContext, Object parent, Boolean closeStream)
   at System.Windows.Application.LoadComponent(Object component, Uri resourceLocator)
   at FaceRecognition.MainWindow.InitializeComponent() in d:\DiplomProject\FaceRecognition\MainWindow.xaml:line 1
   at FaceRecognition.MainWindow..ctor() in D:\DiplomProject\FaceRecognition\MainWindow.xaml.cs:line 26
   at FaceRecognition.Test.MainWindowTest._CreateDelegateTest() in D:\DiplomProject\FaceRecognition\FaceRecognition.Test\MainWindowTest.cs:line 137
</StackTrace>
        </ErrorInfo>
      </Output>
    </UnitTestResult>
    <UnitTestResult executionId="1b59a23f-c35b-40eb-bec5-fe112ee911dd" testId="ad215591-beb8-2988-5d16-acb5d7f8a507" testName="Window_ClosedTest" computerName="MICROSOF-4C612A" duration="00:00:00.0074160" startTime="2011-05-29T01:26:47.9531250+03:00" endTime="2011-05-29T01:26:47.9687500+03:00" testType="13cdc9d9-ddb5-4fa4-a97d-d965ccfc6d4b" outcome="Failed" testListId="8c84fa94-04c1-424b-9868-57a2d4851a1d" relativeResultsDirectory="1b59a23f-c35b-40eb-bec5-fe112ee911dd">
      <Output>
        <ErrorInfo>
          <Message>Test method FaceRecognition.Test.MainWindowTest.Window_ClosedTest threw exception: 
System.Windows.Markup.XamlParseException: 'Provide value on 'System.Windows.Baml2006.TypeConverterMarkupExtension' threw an exception.' Line number '7' and line position '9'. ---&gt; System.IO.IOException: Assembly.GetEntryAssembly() returns null. Set the Application.ResourceAssembly property or use the pack://application:,,,/assemblyname;component/ syntax to specify the assembly to load the resource from.</Message>
          <StackTrace>    at MS.Internal.AppModel.ResourceContainer.GetResourceManagerWrapper(Uri uri, String&amp; partName, Boolean&amp; isContentFile)
   at MS.Internal.AppModel.ResourceContainer.GetPartCore(Uri uri)
   at System.IO.Packaging.Package.GetPartHelper(Uri partUri)
   at System.IO.Packaging.Package.GetPart(Uri partUri)
   at System.IO.Packaging.PackWebResponse.CachedResponse.GetResponseStream()
   at System.IO.Packaging.PackWebResponse.GetResponseStream()
   at System.IO.Packaging.PackWebResponse.get_ContentType()
   at System.Windows.Media.Imaging.BitmapDecoder.SetupDecoderFromUriOrStream(Uri uri, Stream stream, BitmapCacheOption cacheOption, Guid&amp; clsId, Boolean&amp; isOriginalWritable, Stream&amp; uriStream, UnmanagedMemoryStream&amp; unmanagedMemoryStream, SafeFileHandle&amp; safeFilehandle)
   at System.Windows.Media.Imaging.BitmapDecoder.CreateFromUriOrStream(Uri baseUri, Uri uri, Stream stream, BitmapCreateOptions createOptions, BitmapCacheOption cacheOption, RequestCachePolicy uriCachePolicy, Boolean insertInDecoderCache)
   at System.Windows.Media.Imaging.BitmapFrame.CreateFromUriOrStream(Uri baseUri, Uri uri, Stream stream, BitmapCreateOptions createOptions, BitmapCacheOption cacheOption, RequestCachePolicy uriCachePolicy)
   at System.Windows.Media.ImageSourceConverter.ConvertFrom(ITypeDescriptorContext context, CultureInfo culture, Object value)
   at System.Windows.Baml2006.TypeConverterMarkupExtension.ProvideValue(IServiceProvider serviceProvider)
   at MS.Internal.Xaml.Runtime.ClrObjectRuntime.CallProvideValue(MarkupExtension me, IServiceProvider serviceProvider)
 --- End of inner exception stack trace ---
   at FaceRecognition.MainWindow_Accessor..ctor()
   at FaceRecognition.Test.MainWindowTest.Window_ClosedTest() in D:\DiplomProject\FaceRecognition\FaceRecognition.Test\MainWindowTest.cs:line 154
</StackTrace>
        </ErrorInfo>
      </Output>
    </UnitTestResult>
    <UnitTestResult executionId="d4829cb0-d34a-4f29-bd98-a4958f687630" testId="a10bfb72-9460-0dcb-b97b-f3ea21b62a36" testName="TrainAndTestFaceViewModel_ControlStateChangedTest" computerName="MICROSOF-4C612A" duration="00:00:00.0197276" startTime="2011-05-29T01:26:47.9687500+03:00" endTime="2011-05-29T01:26:48.0000000+03:00" testType="13cdc9d9-ddb5-4fa4-a97d-d965ccfc6d4b" outcome="Failed" testListId="8c84fa94-04c1-424b-9868-57a2d4851a1d" relativeResultsDirectory="d4829cb0-d34a-4f29-bd98-a4958f687630">
      <Output>
        <ErrorInfo>
          <Message>Test method FaceRecognition.Test.MainWindowTest.TrainAndTestFaceViewModel_ControlStateChangedTest threw exception: 
System.Windows.Markup.XamlParseException: 'Provide value on 'System.Windows.Baml2006.TypeConverterMarkupExtension' threw an exception.' Line number '7' and line position '9'. ---&gt; System.IO.IOException: Assembly.GetEntryAssembly() returns null. Set the Application.ResourceAssembly property or use the pack://application:,,,/assemblyname;component/ syntax to specify the assembly to load the resource from.</Message>
          <StackTrace>    at MS.Internal.AppModel.ResourceContainer.GetResourceManagerWrapper(Uri uri, String&amp; partName, Boolean&amp; isContentFile)
   at MS.Internal.AppModel.ResourceContainer.GetPartCore(Uri uri)
   at System.IO.Packaging.Package.GetPartHelper(Uri partUri)
   at System.IO.Packaging.Package.GetPart(Uri partUri)
   at System.IO.Packaging.PackWebResponse.CachedResponse.GetResponseStream()
   at System.IO.Packaging.PackWebResponse.GetResponseStream()
   at System.IO.Packaging.PackWebResponse.get_ContentType()
   at System.Windows.Media.Imaging.BitmapDecoder.SetupDecoderFromUriOrStream(Uri uri, Stream stream, BitmapCacheOption cacheOption, Guid&amp; clsId, Boolean&amp; isOriginalWritable, Stream&amp; uriStream, UnmanagedMemoryStream&amp; unmanagedMemoryStream, SafeFileHandle&amp; safeFilehandle)
   at System.Windows.Media.Imaging.BitmapDecoder.CreateFromUriOrStream(Uri baseUri, Uri uri, Stream stream, BitmapCreateOptions createOptions, BitmapCacheOption cacheOption, RequestCachePolicy uriCachePolicy, Boolean insertInDecoderCache)
   at System.Windows.Media.Imaging.BitmapFrame.CreateFromUriOrStream(Uri baseUri, Uri uri, Stream stream, BitmapCreateOptions createOptions, BitmapCacheOption cacheOption, RequestCachePolicy uriCachePolicy)
   at System.Windows.Media.ImageSourceConverter.ConvertFrom(ITypeDescriptorContext context, CultureInfo culture, Object value)
   at System.Windows.Baml2006.TypeConverterMarkupExtension.ProvideValue(IServiceProvider serviceProvider)
   at MS.Internal.Xaml.Runtime.ClrObjectRuntime.CallProvideValue(MarkupExtension me, IServiceProvider serviceProvider)
 --- End of inner exception stack trace ---
   at FaceRecognition.MainWindow_Accessor..ctor()
   at FaceRecognition.Test.MainWindowTest.TrainAndTestFaceViewModel_ControlStateChangedTest() in D:\DiplomProject\FaceRecognition\FaceRecognition.Test\MainWindowTest.cs:line 168
</StackTrace>
        </ErrorInfo>
      </Output>
    </UnitTestResult>
    <UnitTestResult executionId="7c724396-a8d8-423b-b707-96dbf3e471fd" testId="7774d603-8195-900e-f3a3-5f4b9738112f" testName="ConnectTest" computerName="MICROSOF-4C612A" duration="00:00:00.0228883" startTime="2011-05-29T01:26:48.0156250+03:00" endTime="2011-05-29T01:26:48.0468750+03:00" testType="13cdc9d9-ddb5-4fa4-a97d-d965ccfc6d4b" outcome="Failed" testListId="8c84fa94-04c1-424b-9868-57a2d4851a1d" relativeResultsDirectory="7c724396-a8d8-423b-b707-96dbf3e471fd">
      <Output>
        <ErrorInfo>
          <Message>Test method FaceRecognition.Test.MainWindowTest.ConnectTest threw exception: 
System.Windows.Markup.XamlParseException: 'Provide value on 'System.Windows.Baml2006.TypeConverterMarkupExtension' threw an exception.' Line number '7' and line position '9'. ---&gt; System.IO.IOException: Assembly.GetEntryAssembly() returns null. Set the Application.ResourceAssembly property or use the pack://application:,,,/assemblyname;component/ syntax to specify the assembly to load the resource from.</Message>
          <StackTrace>    at MS.Internal.AppModel.ResourceContainer.GetResourceManagerWrapper(Uri uri, String&amp; partName, Boolean&amp; isContentFile)
   at MS.Internal.AppModel.ResourceContainer.GetPartCore(Uri uri)
   at System.IO.Packaging.Package.GetPartHelper(Uri partUri)
   at System.IO.Packaging.Package.GetPart(Uri partUri)
   at System.IO.Packaging.PackWebResponse.CachedResponse.GetResponseStream()
   at System.IO.Packaging.PackWebResponse.GetResponseStream()
   at System.IO.Packaging.PackWebResponse.get_ContentType()
   at System.Windows.Media.Imaging.BitmapDecoder.SetupDecoderFromUriOrStream(Uri uri, Stream stream, BitmapCacheOption cacheOption, Guid&amp; clsId, Boolean&amp; isOriginalWritable, Stream&amp; uriStream, UnmanagedMemoryStream&amp; unmanagedMemoryStream, SafeFileHandle&amp; safeFilehandle)
   at System.Windows.Media.Imaging.BitmapDecoder.CreateFromUriOrStream(Uri baseUri, Uri uri, Stream stream, BitmapCreateOptions createOptions, BitmapCacheOption cacheOption, RequestCachePolicy uriCachePolicy, Boolean insertInDecoderCache)
   at System.Windows.Media.Imaging.BitmapFrame.CreateFromUriOrStream(Uri baseUri, Uri uri, Stream stream, BitmapCreateOptions createOptions, BitmapCacheOption cacheOption, RequestCachePolicy uriCachePolicy)
   at System.Windows.Media.ImageSourceConverter.ConvertFrom(ITypeDescriptorContext context, CultureInfo culture, Object value)
   at System.Windows.Baml2006.TypeConverterMarkupExtension.ProvideValue(IServiceProvider serviceProvider)
   at MS.Internal.Xaml.Runtime.ClrObjectRuntime.CallProvideValue(MarkupExtension me, IServiceProvider serviceProvider)
 --- End of inner exception stack trace ---
    at System.Windows.Markup.XamlReader.RewrapException(Exception e, IXamlLineInfo lineInfo, Uri baseUri)
   at System.Windows.Markup.WpfXamlLoader.Load(XamlReader xamlReader, IXamlObjectWriterFactory writerFactory, Boolean skipJournaledProperties, Object rootObject, XamlObjectWriterSettings settings, Uri baseUri)
   at System.Windows.Markup.WpfXamlLoader.LoadBaml(XamlReader xamlReader, Boolean skipJournaledProperties, Object rootObject, XamlAccessLevel accessLevel, Uri baseUri)
   at System.Windows.Markup.XamlReader.LoadBaml(Stream stream, ParserContext parserContext, Object parent, Boolean closeStream)
   at System.Windows.Application.LoadComponent(Object component, Uri resourceLocator)
   at FaceRecognition.MainWindow.InitializeComponent() in d:\DiplomProject\FaceRecognition\MainWindow.xaml:line 1
   at FaceRecognition.MainWindow..ctor() in D:\DiplomProject\FaceRecognition\MainWindow.xaml.cs:line 26
   at FaceRecognition.Test.MainWindowTest.ConnectTest() in D:\DiplomProject\FaceRecognition\FaceRecognition.Test\MainWindowTest.cs:line 182
</StackTrace>
        </ErrorInfo>
      </Output>
    </UnitTestResult>
    <UnitTestResult executionId="d96ae1c2-57d9-4543-a192-9ab4fbaa3632" testId="aee5175d-4b23-99fd-ce7f-98f9847c3408" testName="RecognizeMethodsViewModelBase_DrawRecongitionResultsEventTest" computerName="MICROSOF-4C612A" duration="00:00:00.0091771" startTime="2011-05-29T01:26:48.0625000+03:00" endTime="2011-05-29T01:26:48.0781250+03:00" testType="13cdc9d9-ddb5-4fa4-a97d-d965ccfc6d4b" outcome="Failed" testListId="8c84fa94-04c1-424b-9868-57a2d4851a1d" relativeResultsDirectory="d96ae1c2-57d9-4543-a192-9ab4fbaa3632">
      <Output>
        <ErrorInfo>
          <Message>Test method FaceRecognition.Test.MainWindowTest.RecognizeMethodsViewModelBase_DrawRecongitionResultsEventTest threw exception: 
System.Windows.Markup.XamlParseException: 'Provide value on 'System.Windows.Baml2006.TypeConverterMarkupExtension' threw an exception.' Line number '7' and line position '9'. ---&gt; System.IO.IOException: Assembly.GetEntryAssembly() returns null. Set the Application.ResourceAssembly property or use the pack://application:,,,/assemblyname;component/ syntax to specify the assembly to load the resource from.</Message>
          <StackTrace>    at MS.Internal.AppModel.ResourceContainer.GetResourceManagerWrapper(Uri uri, String&amp; partName, Boolean&amp; isContentFile)
   at MS.Internal.AppModel.ResourceContainer.GetPartCore(Uri uri)
   at System.IO.Packaging.Package.GetPartHelper(Uri partUri)
   at System.IO.Packaging.Package.GetPart(Uri partUri)
   at System.IO.Packaging.PackWebResponse.CachedResponse.GetResponseStream()
   at System.IO.Packaging.PackWebResponse.GetResponseStream()
   at System.IO.Packaging.PackWebResponse.get_ContentType()
   at System.Windows.Media.Imaging.BitmapDecoder.SetupDecoderFromUriOrStream(Uri uri, Stream stream, BitmapCacheOption cacheOption, Guid&amp; clsId, Boolean&amp; isOriginalWritable, Stream&amp; uriStream, UnmanagedMemoryStream&amp; unmanagedMemoryStream, SafeFileHandle&amp; safeFilehandle)
   at System.Windows.Media.Imaging.BitmapDecoder.CreateFromUriOrStream(Uri baseUri, Uri uri, Stream stream, BitmapCreateOptions createOptions, BitmapCacheOption cacheOption, RequestCachePolicy uriCachePolicy, Boolean insertInDecoderCache)
   at System.Windows.Media.Imaging.BitmapFrame.CreateFromUriOrStream(Uri baseUri, Uri uri, Stream stream, BitmapCreateOptions createOptions, BitmapCacheOption cacheOption, RequestCachePolicy uriCachePolicy)
   at System.Windows.Media.ImageSourceConverter.ConvertFrom(ITypeDescriptorContext context, CultureInfo culture, Object value)
   at System.Windows.Baml2006.TypeConverterMarkupExtension.ProvideValue(IServiceProvider serviceProvider)
   at MS.Internal.Xaml.Runtime.ClrObjectRuntime.CallProvideValue(MarkupExtension me, IServiceProvider serviceProvider)
 --- End of inner exception stack trace ---
   at FaceRecognition.MainWindow_Accessor..ctor()
   at FaceRecognition.Test.MainWindowTest.RecognizeMethodsViewModelBase_DrawRecongitionResultsEventTest() in D:\DiplomProject\FaceRecognition\FaceRecognition.Test\MainWindowTest.cs:line 196
</StackTrace>
        </ErrorInfo>
      </Output>
    </UnitTestResult>
    <UnitTestResult executionId="c17f8471-f8b4-4c66-af44-a0ad0bf6fe03" testId="346e73e2-6d4b-6bf9-dbae-89206b89a5d1" testName="RecognizeMethodControlBase_RecognizePanelVisibleEventTest" computerName="MICROSOF-4C612A" duration="00:00:00.0085214" startTime="2011-05-29T01:26:48.0781250+03:00" endTime="2011-05-29T01:26:48.0937500+03:00" testType="13cdc9d9-ddb5-4fa4-a97d-d965ccfc6d4b" outcome="Failed" testListId="8c84fa94-04c1-424b-9868-57a2d4851a1d" relativeResultsDirectory="c17f8471-f8b4-4c66-af44-a0ad0bf6fe03">
      <Output>
        <ErrorInfo>
          <Message>Test method FaceRecognition.Test.MainWindowTest.RecognizeMethodControlBase_RecognizePanelVisibleEventTest threw exception: 
System.Windows.Markup.XamlParseException: 'Provide value on 'System.Windows.Baml2006.TypeConverterMarkupExtension' threw an exception.' Line number '7' and line position '9'. ---&gt; System.IO.IOException: Assembly.GetEntryAssembly() returns null. Set the Application.ResourceAssembly property or use the pack://application:,,,/assemblyname;component/ syntax to specify the assembly to load the resource from.</Message>
          <StackTrace>    at MS.Internal.AppModel.ResourceContainer.GetResourceManagerWrapper(Uri uri, String&amp; partName, Boolean&amp; isContentFile)
   at MS.Internal.AppModel.ResourceContainer.GetPartCore(Uri uri)
   at System.IO.Packaging.Package.GetPartHelper(Uri partUri)
   at System.IO.Packaging.Package.GetPart(Uri partUri)
   at System.IO.Packaging.PackWebResponse.CachedResponse.GetResponseStream()
   at System.IO.Packaging.PackWebResponse.GetResponseStream()
   at System.IO.Packaging.PackWebResponse.get_ContentType()
   at System.Windows.Media.Imaging.BitmapDecoder.SetupDecoderFromUriOrStream(Uri uri, Stream stream, BitmapCacheOption cacheOption, Guid&amp; clsId, Boolean&amp; isOriginalWritable, Stream&amp; uriStream, UnmanagedMemoryStream&amp; unmanagedMemoryStream, SafeFileHandle&amp; safeFilehandle)
   at System.Windows.Media.Imaging.BitmapDecoder.CreateFromUriOrStream(Uri baseUri, Uri uri, Stream stream, BitmapCreateOptions createOptions, BitmapCacheOption cacheOption, RequestCachePolicy uriCachePolicy, Boolean insertInDecoderCache)
   at System.Windows.Media.Imaging.BitmapFrame.CreateFromUriOrStream(Uri baseUri, Uri uri, Stream stream, BitmapCreateOptions createOptions, BitmapCacheOption cacheOption, RequestCachePolicy uriCachePolicy)
   at System.Windows.Media.ImageSourceConverter.ConvertFrom(ITypeDescriptorContext context, CultureInfo culture, Object value)
   at System.Windows.Baml2006.TypeConverterMarkupExtension.ProvideValue(IServiceProvider serviceProvider)
   at MS.Internal.Xaml.Runtime.ClrObjectRuntime.CallProvideValue(MarkupExtension me, IServiceProvider serviceProvider)
 --- End of inner exception stack trace ---
   at FaceRecognition.MainWindow_Accessor..ctor()
   at FaceRecognition.Test.MainWindowTest.RecognizeMethodControlBase_RecognizePanelVisibleEventTest() in D:\DiplomProject\FaceRecognition\FaceRecognition.Test\MainWindowTest.cs:line 210
</StackTrace>
        </ErrorInfo>
      </Output>
    </UnitTestResult>
    <UnitTestResult executionId="3a3038c6-bb8a-4427-aa55-48ae523a4800" testId="9b4f74df-aeb6-12a2-426a-5e90ce2dda75" testName="PreprocessingPanelControl_PreprocessingPanelVisibleEventTest" computerName="MICROSOF-4C612A" duration="00:00:00.0058661" startTime="2011-05-29T01:26:48.1093750+03:00" endTime="2011-05-29T01:26:48.1250000+03:00" testType="13cdc9d9-ddb5-4fa4-a97d-d965ccfc6d4b" outcome="Failed" testListId="8c84fa94-04c1-424b-9868-57a2d4851a1d" relativeResultsDirectory="3a3038c6-bb8a-4427-aa55-48ae523a4800">
      <Output>
        <ErrorInfo>
          <Message>Test method FaceRecognition.Test.MainWindowTest.PreprocessingPanelControl_PreprocessingPanelVisibleEventTest threw exception: 
System.Windows.Markup.XamlParseException: 'Provide value on 'System.Windows.Baml2006.TypeConverterMarkupExtension' threw an exception.' Line number '7' and line position '9'. ---&gt; System.IO.IOException: Assembly.GetEntryAssembly() returns null. Set the Application.ResourceAssembly property or use the pack://application:,,,/assemblyname;component/ syntax to specify the assembly to load the resource from.</Message>
          <StackTrace>    at MS.Internal.AppModel.ResourceContainer.GetResourceManagerWrapper(Uri uri, String&amp; partName, Boolean&amp; isContentFile)
   at MS.Internal.AppModel.ResourceContainer.GetPartCore(Uri uri)
   at System.IO.Packaging.Package.GetPartHelper(Uri partUri)
   at System.IO.Packaging.Package.GetPart(Uri partUri)
   at System.IO.Packaging.PackWebResponse.CachedResponse.GetResponseStream()
   at System.IO.Packaging.PackWebResponse.GetResponseStream()
   at System.IO.Packaging.PackWebResponse.get_ContentType()
   at System.Windows.Media.Imaging.BitmapDecoder.SetupDecoderFromUriOrStream(Uri uri, Stream stream, BitmapCacheOption cacheOption, Guid&amp; clsId, Boolean&amp; isOriginalWritable, Stream&amp; uriStream, UnmanagedMemoryStream&amp; unmanagedMemoryStream, SafeFileHandle&amp; safeFilehandle)
   at System.Windows.Media.Imaging.BitmapDecoder.CreateFromUriOrStream(Uri baseUri, Uri uri, Stream stream, BitmapCreateOptions createOptions, BitmapCacheOption cacheOption, RequestCachePolicy uriCachePolicy, Boolean insertInDecoderCache)
   at System.Windows.Media.Imaging.BitmapFrame.CreateFromUriOrStream(Uri baseUri, Uri uri, Stream stream, BitmapCreateOptions createOptions, BitmapCacheOption cacheOption, RequestCachePolicy uriCachePolicy)
   at System.Windows.Media.ImageSourceConverter.ConvertFrom(ITypeDescriptorContext context, CultureInfo culture, Object value)
   at System.Windows.Baml2006.TypeConverterMarkupExtension.ProvideValue(IServiceProvider serviceProvider)
   at MS.Internal.Xaml.Runtime.ClrObjectRuntime.CallProvideValue(MarkupExtension me, IServiceProvider serviceProvider)
 --- End of inner exception stack trace ---
   at FaceRecognition.MainWindow_Accessor..ctor()
   at FaceRecognition.Test.MainWindowTest.PreprocessingPanelControl_PreprocessingPanelVisibleEventTest() in D:\DiplomProject\FaceRecognition\FaceRecognition.Test\MainWindowTest.cs:line 224
</StackTrace>
        </ErrorInfo>
      </Output>
    </UnitTestResult>
    <UnitTestResult executionId="f953d5b4-88b2-4d21-89d6-992f41ea1b21" testId="6d3396ee-1665-513d-eb2e-79ac6d79b7f5" testName="OnImagesPreprocessedTest" computerName="MICROSOF-4C612A" duration="00:00:00.0076272" startTime="2011-05-29T01:26:48.1406250+03:00" endTime="2011-05-29T01:26:48.1562500+03:00" testType="13cdc9d9-ddb5-4fa4-a97d-d965ccfc6d4b" outcome="Failed" testListId="8c84fa94-04c1-424b-9868-57a2d4851a1d" relativeResultsDirectory="f953d5b4-88b2-4d21-89d6-992f41ea1b21">
      <Output>
        <ErrorInfo>
          <Message>Test method FaceRecognition.Test.MainWindowTest.OnImagesPreprocessedTest threw exception: 
System.Windows.Markup.XamlParseException: 'Provide value on 'System.Windows.Baml2006.TypeConverterMarkupExtension' threw an exception.' Line number '7' and line position '9'. ---&gt; System.IO.IOException: Assembly.GetEntryAssembly() returns null. Set the Application.ResourceAssembly property or use the pack://application:,,,/assemblyname;component/ syntax to specify the assembly to load the resource from.</Message>
          <StackTrace>    at MS.Internal.AppModel.ResourceContainer.GetResourceManagerWrapper(Uri uri, String&amp; partName, Boolean&amp; isContentFile)
   at MS.Internal.AppModel.ResourceContainer.GetPartCore(Uri uri)
   at System.IO.Packaging.Package.GetPartHelper(Uri partUri)
   at System.IO.Packaging.Package.GetPart(Uri partUri)
   at System.IO.Packaging.PackWebResponse.CachedResponse.GetResponseStream()
   at System.IO.Packaging.PackWebResponse.GetResponseStream()
   at System.IO.Packaging.PackWebResponse.get_ContentType()
   at System.Windows.Media.Imaging.BitmapDecoder.SetupDecoderFromUriOrStream(Uri uri, Stream stream, BitmapCacheOption cacheOption, Guid&amp; clsId, Boolean&amp; isOriginalWritable, Stream&amp; uriStream, UnmanagedMemoryStream&amp; unmanagedMemoryStream, SafeFileHandle&amp; safeFilehandle)
   at System.Windows.Media.Imaging.BitmapDecoder.CreateFromUriOrStream(Uri baseUri, Uri uri, Stream stream, BitmapCreateOptions createOptions, BitmapCacheOption cacheOption, RequestCachePolicy uriCachePolicy, Boolean insertInDecoderCache)
   at System.Windows.Media.Imaging.BitmapFrame.CreateFromUriOrStream(Uri baseUri, Uri uri, Stream stream, BitmapCreateOptions createOptions, BitmapCacheOption cacheOption, RequestCachePolicy uriCachePolicy)
   at System.Windows.Media.ImageSourceConverter.ConvertFrom(ITypeDescriptorContext context, CultureInfo culture, Object value)
   at System.Windows.Baml2006.TypeConverterMarkupExtension.ProvideValue(IServiceProvider serviceProvider)
   at MS.Internal.Xaml.Runtime.ClrObjectRuntime.CallProvideValue(MarkupExtension me, IServiceProvider serviceProvider)
 --- End of inner exception stack trace ---
   at FaceRecognition.MainWindow_Accessor..ctor()
   at FaceRecognition.Test.MainWindowTest.OnImagesPreprocessedTest() in D:\DiplomProject\FaceRecognition\FaceRecognition.Test\MainWindowTest.cs:line 238
</StackTrace>
        </ErrorInfo>
      </Output>
    </UnitTestResult>
    <UnitTestResult executionId="5609bf7c-5097-4530-b307-9281783d9c42" testId="7cbfb59b-1fb7-f47c-b329-53c12187f4e9" testName="ConstantsConstructorTest" computerName="MICROSOF-4C612A" duration="00:00:00.0159333" startTime="2011-05-29T01:26:48.1562500+03:00" endTime="2011-05-29T01:26:48.1875000+03:00" testType="13cdc9d9-ddb5-4fa4-a97d-d965ccfc6d4b" outcome="Inconclusive" testListId="8c84fa94-04c1-424b-9868-57a2d4851a1d" relativeResultsDirectory="5609bf7c-5097-4530-b307-9281783d9c42">
      <Output>
        <ErrorInfo>
          <Message>Assert.Inconclusive failed. TODO: Implement code to verify target</Message>
          <StackTrace>   at FaceRecognition.Test.ConstantsTest.ConstantsConstructorTest() in D:\DiplomProject\FaceRecognition\FaceRecognition.Test\ConstantsTest.cs:line 74
</StackTrace>
        </ErrorInfo>
      </Output>
    </UnitTestResult>
    <UnitTestResult executionId="df67476c-b9ef-4e03-8d1f-9ef2293e3ec7" testId="630542a1-2ea8-43de-99b4-b2ec5e69e45a" testName="MainTest" computerName="MICROSOF-4C612A" duration="00:00:00.1229854" startTime="2011-05-29T01:26:48.2187500+03:00" endTime="2011-05-29T01:26:48.3437500+03:00" testType="13cdc9d9-ddb5-4fa4-a97d-d965ccfc6d4b" outcome="Failed" testListId="8c84fa94-04c1-424b-9868-57a2d4851a1d" relativeResultsDirectory="df67476c-b9ef-4e03-8d1f-9ef2293e3ec7">
      <Output>
        <ErrorInfo>
          <Message>Test method FaceRecognition.Test.AppTest.MainTest threw exception: 
System.Windows.Markup.XamlParseException: 'Set property 'System.Windows.ResourceDictionary.Source' threw an exception.' Line number '10' and line position '18'. ---&gt; System.IO.IOException: Assembly.GetEntryAssembly() returns null. Set the Application.ResourceAssembly property or use the pack://application:,,,/assemblyname;component/ syntax to specify the assembly to load the resource from.</Message>
          <StackTrace>    at MS.Internal.AppModel.ResourceContainer.GetResourceManagerWrapper(Uri uri, String&amp; partName, Boolean&amp; isContentFile)
   at MS.Internal.AppModel.ResourceContainer.GetPartCore(Uri uri)
   at System.IO.Packaging.Package.GetPartHelper(Uri partUri)
   at System.IO.Packaging.Package.GetPart(Uri partUri)
   at System.IO.Packaging.PackWebResponse.CachedResponse.GetResponseStream()
   at System.IO.Packaging.PackWebResponse.GetResponseStream()
   at System.IO.Packaging.PackWebResponse.get_ContentType()
   at MS.Internal.WpfWebRequestHelper.GetContentType(WebResponse response)
   at MS.Internal.WpfWebRequestHelper.GetResponseStream(WebRequest request, ContentType&amp; contentType)
   at System.Windows.ResourceDictionary.set_Source(Uri value)
   at System.Windows.Baml2006.WpfSharedBamlSchemaContext.&lt;Create_BamlProperty_ResourceDictionary_Source&gt;b__1c4(Object target, Object value)
   at System.Windows.Baml2006.WpfKnownMemberInvoker.SetValue(Object instance, Object value)
   at MS.Internal.Xaml.Runtime.ClrObjectRuntime.SetValue(XamlMember member, Object obj, Object value)
   at MS.Internal.Xaml.Runtime.ClrObjectRuntime.SetValue(Object inst, XamlMember property, Object value)
 --- End of inner exception stack trace ---
    at System.Windows.Markup.XamlReader.RewrapException(Exception e, IXamlLineInfo lineInfo, Uri baseUri)
   at System.Windows.Markup.WpfXamlLoader.Load(XamlReader xamlReader, IXamlObjectWriterFactory writerFactory, Boolean skipJournaledProperties, Object rootObject, XamlObjectWriterSettings settings, Uri baseUri)
   at System.Windows.Markup.WpfXamlLoader.LoadBaml(XamlReader xamlReader, Boolean skipJournaledProperties, Object rootObject, XamlAccessLevel accessLevel, Uri baseUri)
   at System.Windows.Markup.XamlReader.LoadBaml(Stream stream, ParserContext parserContext, Object parent, Boolean closeStream)
   at System.Windows.Application.LoadComponent(Object component, Uri resourceLocator)
   at FaceRecognition.App.InitializeComponent() in d:\DiplomProject\FaceRecognition\App.xaml:line 1
   at FaceRecognition.App.Main() in D:\DiplomProject\FaceRecognition\obj\x86\Debug\App.g.cs:line 0
   at FaceRecognition.Test.AppTest.MainTest() in D:\DiplomProject\FaceRecognition\FaceRecognition.Test\AppTest.cs:line 74
</StackTrace>
        </ErrorInfo>
      </Output>
    </UnitTestResult>
    <UnitTestResult executionId="05d34020-5122-4c0a-bfce-d8edf9650c1c" testId="f5e3646f-afb0-9a93-b34e-9b546bc18515" testName="InitializeComponentTest" computerName="MICROSOF-4C612A" duration="00:00:00.0354952" startTime="2011-05-29T01:26:48.3593750+03:00" endTime="2011-05-29T01:26:48.4062500+03:00" testType="13cdc9d9-ddb5-4fa4-a97d-d965ccfc6d4b" outcome="Failed" testListId="8c84fa94-04c1-424b-9868-57a2d4851a1d" relativeResultsDirectory="05d34020-5122-4c0a-bfce-d8edf9650c1c">
      <Output>
        <ErrorInfo>
          <Message>Test method FaceRecognition.Test.AppTest.InitializeComponentTest threw exception: 
System.InvalidOperationException: Cannot create more than one System.Windows.Application instance in the same AppDomain.</Message>
          <StackTrace>    at System.Windows.Application..ctor()
   at FaceRecognition.App..ctor()
   at FaceRecognition.Test.AppTest.InitializeComponentTest() in D:\DiplomProject\FaceRecognition\FaceRecognition.Test\AppTest.cs:line 84
</StackTrace>
        </ErrorInfo>
      </Output>
    </UnitTestResult>
    <UnitTestResult executionId="41cfde93-3688-4a98-9c14-5ae0aec257bb" testId="4b60b179-a3c0-3210-3fff-77a5f071a57c" testName="HandleExceptionTest" computerName="MICROSOF-4C612A" duration="00:00:01.0015731" startTime="2011-05-29T01:26:48.4218750+03:00" endTime="2011-05-29T01:26:49.4218750+03:00" testType="13cdc9d9-ddb5-4fa4-a97d-d965ccfc6d4b" outcome="Failed" testListId="8c84fa94-04c1-424b-9868-57a2d4851a1d" relativeResultsDirectory="41cfde93-3688-4a98-9c14-5ae0aec257bb">
      <Output>
        <ErrorInfo>
          <Message>Test method FaceRecognition.Test.AppTest.HandleExceptionTest threw exception: 
Microsoft.Practices.ServiceLocation.ActivationException: Activation error occured while trying to get instance of type ExceptionManager, key "" ---&gt; Microsoft.Practices.Unity.ResolutionFailedException: Resolution of the dependency failed, type = "Microsoft.Practices.EnterpriseLibrary.ExceptionHandling.ExceptionManager", name = "(none)".
Exception occurred while: while resolving.
Exception is: InvalidOperationException - The type ExceptionManager cannot be constructed. You must configure the container to supply this value.
-----------------------------------------------
At the time of the exception, the container was:

  Resolving Microsoft.Practices.EnterpriseLibrary.ExceptionHandling.ExceptionManager,(none)
 ---&gt; System.InvalidOperationException: The type ExceptionManager cannot be constructed. You must configure the container to supply this value.</Message>
          <StackTrace>    at Microsoft.Practices.ObjectBuilder2.DynamicMethodConstructorStrategy.GuardTypeIsNonPrimitive(IBuilderContext context, SelectedConstructor selectedConstructor) in e:\Builds\Unity\UnityTemp\Compile\Unity\Unity\Src\ObjectBuilder\Strategies\BuildPlan\DynamicMethod\Creation\DynamicMethodConstructorStrategy.cs:line 289
   at Microsoft.Practices.ObjectBuilder2.DynamicMethodConstructorStrategy.PreBuildUp(IBuilderContext context) in e:\Builds\Unity\UnityTemp\Compile\Unity\Unity\Src\ObjectBuilder\Strategies\BuildPlan\DynamicMethod\Creation\DynamicMethodConstructorStrategy.cs:line 71
   at Microsoft.Practices.ObjectBuilder2.StrategyChain.ExecuteBuildUp(IBuilderContext context) in e:\Builds\Unity\UnityTemp\Compile\Unity\Unity\Src\ObjectBuilder\Strategies\StrategyChain.cs:line 110
   at Microsoft.Practices.ObjectBuilder2.DynamicMethodBuildPlanCreatorPolicy.CreatePlan(IBuilderContext context, NamedTypeBuildKey buildKey) in e:\Builds\Unity\UnityTemp\Compile\Unity\Unity\Src\ObjectBuilder\Strategies\BuildPlan\DynamicMethod\DynamicMethodBuildPlanCreatorPolicy.cs:line 48
   at Microsoft.Practices.ObjectBuilder2.BuildPlanStrategy.PreBuildUp(IBuilderContext context) in e:\Builds\Unity\UnityTemp\Compile\Unity\Unity\Src\ObjectBuilder\Strategies\BuildPlan\BuildPlanStrategy.cs:line 37
   at Microsoft.Practices.ObjectBuilder2.StrategyChain.ExecuteBuildUp(IBuilderContext context) in e:\Builds\Unity\UnityTemp\Compile\Unity\Unity\Src\ObjectBuilder\Strategies\StrategyChain.cs:line 110
   at Microsoft.Practices.Unity.UnityContainer.DoBuildUp(Type t, Object existing, String name, IEnumerable`1 resolverOverrides) in e:\Builds\Unity\UnityTemp\Compile\Unity\Unity\Src\UnityContainer.cs:line 511
 --- End of inner exception stack trace ---
    at Microsoft.Practices.Unity.UnityContainer.DoBuildUp(Type t, Object existing, String name, IEnumerable`1 resolverOverrides) in e:\Builds\Unity\UnityTemp\Compile\Unity\Unity\Src\UnityContainer.cs:line 515
   at Microsoft.Practices.Unity.UnityContainer.Resolve(Type t, String name, ResolverOverride[] resolverOverrides) in e:\Builds\Unity\UnityTemp\Compile\Unity\Unity\Src\UnityContainer.cs:line 173
   at Microsoft.Practices.Unity.UnityServiceLocator.DoGetInstance(Type serviceType, String key) in e:\Builds\Unity\UnityTemp\Compile\Unity\Unity\Src\UnityServiceLocator.cs:line 64
   at Microsoft.Practices.ServiceLocation.ServiceLocatorImplBase.GetInstance(Type serviceType, String key) in c:\Home\Chris\Projects\CommonServiceLocator\main\Microsoft.Practices.ServiceLocation\ServiceLocatorImplBase.cs:line 49
 --- End of inner exception stack trace ---
   at FaceRecognition.App_Accessor.HandleException(Exception ex, String policy)
   at FaceRecognition.Test.AppTest.HandleExceptionTest() in D:\DiplomProject\FaceRecognition\FaceRecognition.Test\AppTest.cs:line 98
</StackTrace>
        </ErrorInfo>
      </Output>
    </UnitTestResult>
    <UnitTestResult executionId="5f78a814-6581-43e7-be92-ec9a33deaa38" testId="41f97cd5-9aa1-3636-170e-a2e4f46210fc" testName="Current_DispatcherUnhandledExceptionTest" computerName="MICROSOF-4C612A" duration="00:00:00.0398061" startTime="2011-05-29T01:26:49.4375000+03:00" endTime="2011-05-29T01:26:49.4843750+03:00" testType="13cdc9d9-ddb5-4fa4-a97d-d965ccfc6d4b" outcome="Failed" testListId="8c84fa94-04c1-424b-9868-57a2d4851a1d" relativeResultsDirectory="5f78a814-6581-43e7-be92-ec9a33deaa38">
      <Output>
        <ErrorInfo>
          <Message>Test method FaceRecognition.Test.AppTest.Current_DispatcherUnhandledExceptionTest threw exception: 
System.NullReferenceException: Object reference not set to an instance of an object.</Message>
          <StackTrace>   at FaceRecognition.App_Accessor.Current_DispatcherUnhandledException(Object sender, DispatcherUnhandledExceptionEventArgs e)
   at FaceRecognition.Test.AppTest.Current_DispatcherUnhandledExceptionTest() in D:\DiplomProject\FaceRecognition\FaceRecognition.Test\AppTest.cs:line 111
</StackTrace>
        </ErrorInfo>
      </Output>
    </UnitTestResult>
    <UnitTestResult executionId="156bbca9-19df-40f0-83fd-3f65528c8b2c" testId="89b0fe60-508a-34c9-b126-a3c9b8a693a1" testName="CurrentDomain_UnhandledExceptionTest" computerName="MICROSOF-4C612A" duration="00:00:00.0068480" startTime="2011-05-29T01:26:49.5000000+03:00" endTime="2011-05-29T01:26:49.5156250+03:00" testType="13cdc9d9-ddb5-4fa4-a97d-d965ccfc6d4b" outcome="Failed" testListId="8c84fa94-04c1-424b-9868-57a2d4851a1d" relativeResultsDirectory="156bbca9-19df-40f0-83fd-3f65528c8b2c">
      <Output>
        <ErrorInfo>
          <Message>Test method FaceRecognition.Test.AppTest.CurrentDomain_UnhandledExceptionTest threw exception: 
System.NullReferenceException: Object reference not set to an instance of an object.</Message>
          <StackTrace>   at FaceRecognition.App_Accessor.CurrentDomain_UnhandledException(Object sender, UnhandledExceptionEventArgs e)
   at FaceRecognition.Test.AppTest.CurrentDomain_UnhandledExceptionTest() in D:\DiplomProject\FaceRecognition\FaceRecognition.Test\AppTest.cs:line 124
</StackTrace>
        </ErrorInfo>
      </Output>
    </UnitTestResult>
    <UnitTestResult executionId="c96656f0-bcc6-4d59-b7d4-aa9e59c41635" testId="18705937-4336-cb1b-5527-4a2a75ad1006" testName="Application_DispatcherUnhandledExceptionTest" computerName="MICROSOF-4C612A" duration="00:00:00.0064773" startTime="2011-05-29T01:26:49.5312500+03:00" endTime="2011-05-29T01:26:49.5312500+03:00" testType="13cdc9d9-ddb5-4fa4-a97d-d965ccfc6d4b" outcome="Failed" testListId="8c84fa94-04c1-424b-9868-57a2d4851a1d" relativeResultsDirectory="c96656f0-bcc6-4d59-b7d4-aa9e59c41635">
      <Output>
        <ErrorInfo>
          <Message>Test method FaceRecognition.Test.AppTest.Application_DispatcherUnhandledExceptionTest threw exception: 
System.InvalidOperationException: Cannot create more than one System.Windows.Application instance in the same AppDomain.</Message>
          <StackTrace>   at FaceRecognition.App_Accessor..ctor()
   at FaceRecognition.Test.AppTest.Application_DispatcherUnhandledExceptionTest() in D:\DiplomProject\FaceRecognition\FaceRecognition.Test\AppTest.cs:line 135
</StackTrace>
        </ErrorInfo>
      </Output>
    </UnitTestResult>
    <UnitTestResult executionId="46ff0192-5d7e-4cd2-860b-91f4dfaecf33" testId="262357d8-f115-b1a9-284d-74adc2b5a45c" testName="AppConstructorTest" computerName="MICROSOF-4C612A" duration="00:00:00.0042348" startTime="2011-05-29T01:26:49.5468750+03:00" endTime="2011-05-29T01:26:49.5625000+03:00" testType="13cdc9d9-ddb5-4fa4-a97d-d965ccfc6d4b" outcome="Failed" testListId="8c84fa94-04c1-424b-9868-57a2d4851a1d" relativeResultsDirectory="46ff0192-5d7e-4cd2-860b-91f4dfaecf33">
      <Output>
        <ErrorInfo>
          <Message>Test method FaceRecognition.Test.AppTest.AppConstructorTest threw exception: 
System.InvalidOperationException: Cannot create more than one System.Windows.Application instance in the same AppDomain.</Message>
          <StackTrace>    at System.Windows.Application..ctor()
   at FaceRecognition.App..ctor()
   at FaceRecognition.Test.AppTest.AppConstructorTest() in D:\DiplomProject\FaceRecognition\FaceRecognition.Test\AppTest.cs:line 148
</StackTrace>
        </ErrorInfo>
      </Output>
    </UnitTestResult>
    <UnitTestResult executionId="ad64765e-959d-470a-a690-e1da585d3746" testId="1f1dd99b-71a3-add6-ab50-c4e88000e36d" testName="ForwardPropagateTest" computerName="MICROSOF-4C612A" duration="00:00:00.0028503" startTime="2011-05-29T01:26:49.5781250+03:00" endTime="2011-05-29T01:26:49.5781250+03:00" testType="13cdc9d9-ddb5-4fa4-a97d-d965ccfc6d4b" outcome="Inconclusive" testListId="8c84fa94-04c1-424b-9868-57a2d4851a1d" relativeResultsDirectory="ad64765e-959d-470a-a690-e1da585d3746">
      <Output>
        <ErrorInfo>
          <Message>Assert.Inconclusive failed. A method that does not return a value cannot be verified.</Message>
          <StackTrace>   at FaceRecognition.Test.BackPropagationOneLayerTest.ForwardPropagateTest() in D:\DiplomProject\FaceRecognition\FaceRecognition.Test\BackPropagationOneLayerTest.cs:line 79
</StackTrace>
        </ErrorInfo>
      </Output>
    </UnitTestResult>
    <UnitTestResult executionId="aaa8ce9e-122b-476e-b1c4-6c26ec5a5fa5" testId="fde7620c-28f9-8d19-d54f-3e805397f75b" testName="FTest" computerName="MICROSOF-4C612A" duration="00:00:00.0072632" startTime="2011-05-29T01:26:49.5937500+03:00" endTime="2011-05-29T01:26:49.6093750+03:00" testType="13cdc9d9-ddb5-4fa4-a97d-d965ccfc6d4b" outcome="Failed" testListId="8c84fa94-04c1-424b-9868-57a2d4851a1d" relativeResultsDirectory="aaa8ce9e-122b-476e-b1c4-6c26ec5a5fa5">
      <Output>
        <ErrorInfo>
          <Message>Assert.AreEqual failed. Expected:&lt;0&gt;. Actual:&lt;0,5&gt;. </Message>
          <StackTrace>   at FaceRecognition.Test.BackPropagationOneLayerTest.FTest() in D:\DiplomProject\FaceRecognition\FaceRecognition.Test\BackPropagationOneLayerTest.cs:line 93
</StackTrace>
        </ErrorInfo>
      </Output>
    </UnitTestResult>
    <UnitTestResult executionId="abfcf7aa-f025-4cd9-9211-322bf2f7bb50" testId="278e3d26-4744-084c-8cf6-be14b57f20c6" testName="BackPropagateTest" computerName="MICROSOF-4C612A" duration="00:00:00.0015501" startTime="2011-05-29T01:26:49.6250000+03:00" endTime="2011-05-29T01:26:49.6406250+03:00" testType="13cdc9d9-ddb5-4fa4-a97d-d965ccfc6d4b" outcome="Inconclusive" testListId="8c84fa94-04c1-424b-9868-57a2d4851a1d" relativeResultsDirectory="abfcf7aa-f025-4cd9-9211-322bf2f7bb50">
      <Output>
        <ErrorInfo>
          <Message>Assert.Inconclusive failed. A method that does not return a value cannot be verified.</Message>
          <StackTrace>   at FaceRecognition.Test.BackPropagationOneLayerTest.BackPropagateTest() in D:\DiplomProject\FaceRecognition\FaceRecognition.Test\BackPropagationOneLayerTest.cs:line 105
</StackTrace>
        </ErrorInfo>
      </Output>
    </UnitTestResult>
    <UnitTestResult executionId="33becad2-45da-4f5e-bec1-6db701d40c73" testId="fed07a28-3276-36e7-4efa-ad5413b69520" testName="BackPropagationOneLayerConstructorTest" computerName="MICROSOF-4C612A" duration="00:00:00.0014188" startTime="2011-05-29T01:26:49.6406250+03:00" endTime="2011-05-29T01:26:49.6562500+03:00" testType="13cdc9d9-ddb5-4fa4-a97d-d965ccfc6d4b" outcome="Inconclusive" testListId="8c84fa94-04c1-424b-9868-57a2d4851a1d" relativeResultsDirectory="33becad2-45da-4f5e-bec1-6db701d40c73">
      <Output>
        <ErrorInfo>
          <Message>Assert.Inconclusive failed. TODO: Implement code to verify target</Message>
          <StackTrace>   at FaceRecognition.Test.BackPropagationOneLayerTest.BackPropagationOneLayerConstructorTest() in D:\DiplomProject\FaceRecognition\FaceRecognition.Test\BackPropagationOneLayerTest.cs:line 117
</StackTrace>
        </ErrorInfo>
      </Output>
    </UnitTestResult>
    <UnitTestResult executionId="6d52d665-df40-4faf-aca6-855571c9c2da" testId="10071740-66b2-9ddc-74ea-3a0dcff49a9e" testName="BackPropagationOneLayerConstructorTest1" computerName="MICROSOF-4C612A" duration="00:00:00.0011833" startTime="2011-05-29T01:26:49.6562500+03:00" endTime="2011-05-29T01:26:49.7031250+03:00" testType="13cdc9d9-ddb5-4fa4-a97d-d965ccfc6d4b" outcome="Inconclusive" testListId="8c84fa94-04c1-424b-9868-57a2d4851a1d" relativeResultsDirectory="6d52d665-df40-4faf-aca6-855571c9c2da">
      <Output>
        <ErrorInfo>
          <Message>Assert.Inconclusive failed. TODO: Implement code to verify target</Message>
          <StackTrace>   at FaceRecognition.Test.BackPropagationOneLayerTest.BackPropagationOneLayerConstructorTest1() in D:\DiplomProject\FaceRecognition\FaceRecognition.Test\BackPropagationOneLayerTest.cs:line 127
</StackTrace>
        </ErrorInfo>
      </Output>
    </UnitTestResult>
    <UnitTestResult executionId="d0d865d7-1101-4d5b-93bf-74ac5088e7dc" testId="dd44254a-1364-a3c8-e298-d2184cc5659a" testName="GetErrorTest" computerName="MICROSOF-4C612A" duration="00:00:00.0018206" startTime="2011-05-29T01:26:49.7031250+03:00" endTime="2011-05-29T01:26:49.7187500+03:00" testType="13cdc9d9-ddb5-4fa4-a97d-d965ccfc6d4b" outcome="Inconclusive" testListId="8c84fa94-04c1-424b-9868-57a2d4851a1d" relativeResultsDirectory="d0d865d7-1101-4d5b-93bf-74ac5088e7dc">
      <Output>
        <ErrorInfo>
          <Message>Assert.Inconclusive failed. Verify the correctness of this test method.</Message>
          <StackTrace>   at FaceRecognition.Test.BackPropagationOneLayerTest.GetErrorTest() in D:\DiplomProject\FaceRecognition\FaceRecognition.Test\BackPropagationOneLayerTest.cs:line 141
</StackTrace>
        </ErrorInfo>
      </Output>
    </UnitTestResult>
    <UnitTestResult executionId="7adf8cc1-4dcc-4f55-9c16-ad14d2a47501" testId="6a390db9-3fc2-3e35-fcd9-aa89ecb0efb0" testName="InitializeNetworkTest" computerName="MICROSOF-4C612A" duration="00:00:00.0375936" startTime="2011-05-29T01:26:49.7343750+03:00" endTime="2011-05-29T01:26:49.7812500+03:00" testType="13cdc9d9-ddb5-4fa4-a97d-d965ccfc6d4b" outcome="Failed" testListId="8c84fa94-04c1-424b-9868-57a2d4851a1d" relativeResultsDirectory="7adf8cc1-4dcc-4f55-9c16-ad14d2a47501">
      <Output>
        <ErrorInfo>
          <Message>Test method FaceRecognition.Test.BackPropagationOneLayerTest.InitializeNetworkTest threw exception: 
System.NullReferenceException: Object reference not set to an instance of an object.</Message>
          <StackTrace>    at FaceRecognition.NeuralNetworks.BackPropagation.BackPropagationOneLayer.InitializeNetwork(List`1 trainingSet) in D:\DiplomProject\FaceRecognition\RecognitionMethods\NeuralNetworks\BackPropagation\BackPropagationOneLayer.cs:line 112
   at FaceRecognition.Test.BackPropagationOneLayerTest.InitializeNetworkTest() in D:\DiplomProject\FaceRecognition\FaceRecognition.Test\BackPropagationOneLayerTest.cs:line 152
</StackTrace>
        </ErrorInfo>
      </Output>
    </UnitTestResult>
    <UnitTestResult executionId="fdae2ed1-0941-475b-9063-4c913ea445b9" testId="d6ef7d7c-72fc-3c70-f9f4-ed5baebc2a72" testName="RecognizeTest" computerName="MICROSOF-4C612A" duration="00:00:00.0044687" startTime="2011-05-29T01:26:49.7812500+03:00" endTime="2011-05-29T01:26:49.7968750+03:00" testType="13cdc9d9-ddb5-4fa4-a97d-d965ccfc6d4b" outcome="Inconclusive" testListId="8c84fa94-04c1-424b-9868-57a2d4851a1d" relativeResultsDirectory="fdae2ed1-0941-475b-9063-4c913ea445b9">
      <Output>
        <ErrorInfo>
          <Message>Assert.Inconclusive failed. A method that does not return a value cannot be verified.</Message>
          <StackTrace>   at FaceRecognition.Test.BackPropagationOneLayerTest.RecognizeTest() in D:\DiplomProject\FaceRecognition\FaceRecognition.Test\BackPropagationOneLayerTest.cs:line 177
</StackTrace>
        </ErrorInfo>
      </Output>
    </UnitTestResult>
    <UnitTestResult executionId="ded2b036-aa00-4fac-899d-333f91fc2c7f" testId="0a27dd84-a74f-ca6d-82ff-731a065b1268" testName="LearningRateTest" computerName="MICROSOF-4C612A" duration="00:00:00.0015395" startTime="2011-05-29T01:26:49.8125000+03:00" endTime="2011-05-29T01:26:49.8281250+03:00" testType="13cdc9d9-ddb5-4fa4-a97d-d965ccfc6d4b" outcome="Inconclusive" testListId="8c84fa94-04c1-424b-9868-57a2d4851a1d" relativeResultsDirectory="ded2b036-aa00-4fac-899d-333f91fc2c7f">
      <Output>
        <ErrorInfo>
          <Message>Assert.Inconclusive failed. Verify the correctness of this test method.</Message>
          <StackTrace>   at FaceRecognition.Test.BackPropagationOneLayerTest.LearningRateTest() in D:\DiplomProject\FaceRecognition\FaceRecognition.Test\BackPropagationOneLayerTest.cs:line 192
</StackTrace>
        </ErrorInfo>
      </Output>
    </UnitTestResult>
    <UnitTestResult executionId="7b65399d-0f27-4a36-926d-a46658c2b049" testId="f89122f4-4838-22c3-e0f2-6364d8fabf25" testName="ReleaseObjectTest" computerName="MICROSOF-4C612A" duration="00:00:00.1526462" startTime="2011-05-29T01:26:49.8281250+03:00" endTime="2011-05-29T01:26:50.0000000+03:00" testType="13cdc9d9-ddb5-4fa4-a97d-d965ccfc6d4b" outcome="Failed" testListId="8c84fa94-04c1-424b-9868-57a2d4851a1d" relativeResultsDirectory="7b65399d-0f27-4a36-926d-a46658c2b049">
      <Output>
        <ErrorInfo>
          <Message>Test method FaceRecognition.Test.ExcelExporterTest.ReleaseObjectTest threw exception: 
Microsoft.Practices.ServiceLocation.ActivationException: Activation error occured while trying to get instance of type ExceptionPolicyImpl, key "ReleaseData Policy" ---&gt; Microsoft.Practices.Unity.ResolutionFailedException: Resolution of the dependency failed, type = "Microsoft.Practices.EnterpriseLibrary.ExceptionHandling.ExceptionPolicyImpl", name = "ReleaseData Policy".
Exception occurred while: while resolving.
Exception is: InvalidOperationException - The type ExceptionPolicyImpl has multiple constructors of length 2. Unable to disambiguate.
-----------------------------------------------
At the time of the exception, the container was:

  Resolving Microsoft.Practices.EnterpriseLibrary.ExceptionHandling.ExceptionPolicyImpl,ReleaseData Policy
 ---&gt; System.InvalidOperationException: The type ExceptionPolicyImpl has multiple constructors of length 2. Unable to disambiguate.</Message>
          <StackTrace>    at Microsoft.Practices.ObjectBuilder2.ConstructorSelectorPolicyBase`1.FindLongestConstructor(Type typeToConstruct) in e:\Builds\Unity\UnityTemp\Compile\Unity\Unity\Src\ObjectBuilder\Strategies\BuildPlan\Creation\ConstructorSelectorPolicyBase.cs:line 113
   at Microsoft.Practices.ObjectBuilder2.ConstructorSelectorPolicyBase`1.SelectConstructor(IBuilderContext context, IPolicyList resolverPolicyDestination) in e:\Builds\Unity\UnityTemp\Compile\Unity\Unity\Src\ObjectBuilder\Strategies\BuildPlan\Creation\ConstructorSelectorPolicyBase.cs:line 38
   at Microsoft.Practices.ObjectBuilder2.DynamicMethodConstructorStrategy.PreBuildUp(IBuilderContext context) in e:\Builds\Unity\UnityTemp\Compile\Unity\Unity\Src\ObjectBuilder\Strategies\BuildPlan\DynamicMethod\Creation\DynamicMethodConstructorStrategy.cs:line 69
   at Microsoft.Practices.ObjectBuilder2.StrategyChain.ExecuteBuildUp(IBuilderContext context) in e:\Builds\Unity\UnityTemp\Compile\Unity\Unity\Src\ObjectBuilder\Strategies\StrategyChain.cs:line 110
   at Microsoft.Practices.ObjectBuilder2.DynamicMethodBuildPlanCreatorPolicy.CreatePlan(IBuilderContext context, NamedTypeBuildKey buildKey) in e:\Builds\Unity\UnityTemp\Compile\Unity\Unity\Src\ObjectBuilder\Strategies\BuildPlan\DynamicMethod\DynamicMethodBuildPlanCreatorPolicy.cs:line 48
   at Microsoft.Practices.ObjectBuilder2.BuildPlanStrategy.PreBuildUp(IBuilderContext context) in e:\Builds\Unity\UnityTemp\Compile\Unity\Unity\Src\ObjectBuilder\Strategies\BuildPlan\BuildPlanStrategy.cs:line 37
   at Microsoft.Practices.ObjectBuilder2.StrategyChain.ExecuteBuildUp(IBuilderContext context) in e:\Builds\Unity\UnityTemp\Compile\Unity\Unity\Src\ObjectBuilder\Strategies\StrategyChain.cs:line 110
   at Microsoft.Practices.Unity.UnityContainer.DoBuildUp(Type t, Object existing, String name, IEnumerable`1 resolverOverrides) in e:\Builds\Unity\UnityTemp\Compile\Unity\Unity\Src\UnityContainer.cs:line 511
 --- End of inner exception stack trace ---
    at Microsoft.Practices.Unity.UnityContainer.DoBuildUp(Type t, Object existing, String name, IEnumerable`1 resolverOverrides) in e:\Builds\Unity\UnityTemp\Compile\Unity\Unity\Src\UnityContainer.cs:line 515
   at Microsoft.Practices.Unity.UnityContainer.Resolve(Type t, String name, ResolverOverride[] resolverOverrides) in e:\Builds\Unity\UnityTemp\Compile\Unity\Unity\Src\UnityContainer.cs:line 173
   at Microsoft.Practices.Unity.UnityServiceLocator.DoGetInstance(Type serviceType, String key) in e:\Builds\Unity\UnityTemp\Compile\Unity\Unity\Src\UnityServiceLocator.cs:line 64
   at Microsoft.Practices.ServiceLocation.ServiceLocatorImplBase.GetInstance(Type serviceType, String key) in c:\Home\Chris\Projects\CommonServiceLocator\main\Microsoft.Practices.ServiceLocation\ServiceLocatorImplBase.cs:line 49
 --- End of inner exception stack trace ---
   at FaceRecognition.Export.ExcelExporter_Accessor.ReleaseObject(Object obj)
   at FaceRecognition.Test.ExcelExporterTest.ReleaseObjectTest() in D:\DiplomProject\FaceRecognition\FaceRecognition.Test\ExcelExporterTest.cs:line 78
</StackTrace>
        </ErrorInfo>
      </Output>
    </UnitTestResult>
    <UnitTestResult executionId="66b9408d-87af-4136-a4b3-9307e9bd55be" testId="c92a17ca-433a-829d-cf32-09849d32a175" testName="ExportDetailsTest" computerName="MICROSOF-4C612A" duration="00:00:00.1949582" startTime="2011-05-29T01:26:50.0000000+03:00" endTime="2011-05-29T01:26:50.2031250+03:00" testType="13cdc9d9-ddb5-4fa4-a97d-d965ccfc6d4b" outcome="Failed" testListId="8c84fa94-04c1-424b-9868-57a2d4851a1d" relativeResultsDirectory="66b9408d-87af-4136-a4b3-9307e9bd55be">
      <Output>
        <ErrorInfo>
          <Message>Test method FaceRecognition.Test.ExcelExporterTest.ExportDetailsTest threw exception: 
Microsoft.Practices.ServiceLocation.ActivationException: Activation error occured while trying to get instance of type ExceptionPolicyImpl, key "IO Policy" ---&gt; Microsoft.Practices.Unity.ResolutionFailedException: Resolution of the dependency failed, type = "Microsoft.Practices.EnterpriseLibrary.ExceptionHandling.ExceptionPolicyImpl", name = "IO Policy".
Exception occurred while: while resolving.
Exception is: InvalidOperationException - The type ExceptionPolicyImpl has multiple constructors of length 2. Unable to disambiguate.
-----------------------------------------------
At the time of the exception, the container was:

  Resolving Microsoft.Practices.EnterpriseLibrary.ExceptionHandling.ExceptionPolicyImpl,IO Policy
 ---&gt; System.InvalidOperationException: The type ExceptionPolicyImpl has multiple constructors of length 2. Unable to disambiguate.</Message>
          <StackTrace>    at Microsoft.Practices.ObjectBuilder2.ConstructorSelectorPolicyBase`1.FindLongestConstructor(Type typeToConstruct) in e:\Builds\Unity\UnityTemp\Compile\Unity\Unity\Src\ObjectBuilder\Strategies\BuildPlan\Creation\ConstructorSelectorPolicyBase.cs:line 113
   at Microsoft.Practices.ObjectBuilder2.ConstructorSelectorPolicyBase`1.SelectConstructor(IBuilderContext context, IPolicyList resolverPolicyDestination) in e:\Builds\Unity\UnityTemp\Compile\Unity\Unity\Src\ObjectBuilder\Strategies\BuildPlan\Creation\ConstructorSelectorPolicyBase.cs:line 38
   at Microsoft.Practices.ObjectBuilder2.DynamicMethodConstructorStrategy.PreBuildUp(IBuilderContext context) in e:\Builds\Unity\UnityTemp\Compile\Unity\Unity\Src\ObjectBuilder\Strategies\BuildPlan\DynamicMethod\Creation\DynamicMethodConstructorStrategy.cs:line 69
   at Microsoft.Practices.ObjectBuilder2.StrategyChain.ExecuteBuildUp(IBuilderContext context) in e:\Builds\Unity\UnityTemp\Compile\Unity\Unity\Src\ObjectBuilder\Strategies\StrategyChain.cs:line 110
   at Microsoft.Practices.ObjectBuilder2.DynamicMethodBuildPlanCreatorPolicy.CreatePlan(IBuilderContext context, NamedTypeBuildKey buildKey) in e:\Builds\Unity\UnityTemp\Compile\Unity\Unity\Src\ObjectBuilder\Strategies\BuildPlan\DynamicMethod\DynamicMethodBuildPlanCreatorPolicy.cs:line 48
   at Microsoft.Practices.ObjectBuilder2.BuildPlanStrategy.PreBuildUp(IBuilderContext context) in e:\Builds\Unity\UnityTemp\Compile\Unity\Unity\Src\ObjectBuilder\Strategies\BuildPlan\BuildPlanStrategy.cs:line 37
   at Microsoft.Practices.ObjectBuilder2.StrategyChain.ExecuteBuildUp(IBuilderContext context) in e:\Builds\Unity\UnityTemp\Compile\Unity\Unity\Src\ObjectBuilder\Strategies\StrategyChain.cs:line 110
   at Microsoft.Practices.Unity.UnityContainer.DoBuildUp(Type t, Object existing, String name, IEnumerable`1 resolverOverrides) in e:\Builds\Unity\UnityTemp\Compile\Unity\Unity\Src\UnityContainer.cs:line 511
 --- End of inner exception stack trace ---
    at Microsoft.Practices.Unity.UnityContainer.DoBuildUp(Type t, Object existing, String name, IEnumerable`1 resolverOverrides) in e:\Builds\Unity\UnityTemp\Compile\Unity\Unity\Src\UnityContainer.cs:line 515
   at Microsoft.Practices.Unity.UnityContainer.Resolve(Type t, String name, ResolverOverride[] resolverOverrides) in e:\Builds\Unity\UnityTemp\Compile\Unity\Unity\Src\UnityContainer.cs:line 173
   at Microsoft.Practices.Unity.UnityServiceLocator.DoGetInstance(Type serviceType, String key) in e:\Builds\Unity\UnityTemp\Compile\Unity\Unity\Src\UnityServiceLocator.cs:line 64
   at Microsoft.Practices.ServiceLocation.ServiceLocatorImplBase.GetInstance(Type serviceType, String key) in c:\Home\Chris\Projects\CommonServiceLocator\main\Microsoft.Practices.ServiceLocation\ServiceLocatorImplBase.cs:line 49
 --- End of inner exception stack trace ---
    at Microsoft.Practices.ServiceLocation.ServiceLocatorImplBase.GetInstance(Type serviceType, String key) in c:\Home\Chris\Projects\CommonServiceLocator\main\Microsoft.Practices.ServiceLocation\ServiceLocatorImplBase.cs:line 53
   at Microsoft.Practices.ServiceLocation.ServiceLocatorImplBase.GetInstance[TService](String key) in c:\Home\Chris\Projects\CommonServiceLocator\main\Microsoft.Practices.ServiceLocation\ServiceLocatorImplBase.cs:line 103
   at Microsoft.Practices.EnterpriseLibrary.ExceptionHandling.ExceptionPolicy.GetExceptionPolicy(Exception exception, String policyName) in e:\Builds\EntLib\Latest\Source\Blocks\ExceptionHandling\Src\ExceptionHandling\ExceptionPolicy.cs:line 131
   at Microsoft.Practices.EnterpriseLibrary.ExceptionHandling.ExceptionPolicy.HandleException(Exception exceptionToHandle, String policyName) in e:\Builds\EntLib\Latest\Source\Blocks\ExceptionHandling\Src\ExceptionHandling\ExceptionPolicy.cs:line 55
   at FaceRecognition.Export.ExcelExporter.ExportDetails(ObservableCollection`1 methods, String fileName) in D:\DiplomProject\FaceRecognition\Export\ExcelExporter.cs:line 76
   at FaceRecognition.Test.ExcelExporterTest.ExportDetailsTest() in D:\DiplomProject\FaceRecognition\FaceRecognition.Test\ExcelExporterTest.cs:line 91
</StackTrace>
        </ErrorInfo>
      </Output>
    </UnitTestResult>
    <UnitTestResult executionId="6c23a539-c35e-4fca-9727-cce9c8ecc85c" testId="e0e016ae-bc25-d672-0112-5d4f60752c01" testName="ExcelExporterConstructorTest" computerName="MICROSOF-4C612A" duration="00:00:00.0012074" startTime="2011-05-29T01:26:50.2187500+03:00" endTime="2011-05-29T01:26:50.2187500+03:00" testType="13cdc9d9-ddb5-4fa4-a97d-d965ccfc6d4b" outcome="Inconclusive" testListId="8c84fa94-04c1-424b-9868-57a2d4851a1d" relativeResultsDirectory="6c23a539-c35e-4fca-9727-cce9c8ecc85c">
      <Output>
        <ErrorInfo>
          <Message>Assert.Inconclusive failed. TODO: Implement code to verify target</Message>
          <StackTrace>   at FaceRecognition.Test.ExcelExporterTest.ExcelExporterConstructorTest() in D:\DiplomProject\FaceRecognition\FaceRecognition.Test\ExcelExporterTest.cs:line 102
</StackTrace>
        </ErrorInfo>
      </Output>
    </UnitTestResult>
    <UnitTestResult executionId="213668ed-8421-4fa3-bb82-732a0a96fe0a" testId="e4629367-1dfb-1fee-a6a6-f077f4b7496c" testName="OnSavedDataTest" computerName="MICROSOF-4C612A" duration="00:00:00.0629560" startTime="2011-05-29T01:26:50.2343750+03:00" endTime="2011-05-29T01:26:50.3125000+03:00" testType="13cdc9d9-ddb5-4fa4-a97d-d965ccfc6d4b" outcome="Inconclusive" testListId="8c84fa94-04c1-424b-9868-57a2d4851a1d" relativeResultsDirectory="213668ed-8421-4fa3-bb82-732a0a96fe0a">
      <Output>
        <ErrorInfo>
          <Message>Assert.Inconclusive failed. A method that does not return a value cannot be verified.</Message>
          <StackTrace>   at FaceRecognition.Test.RecognizeMethodControlBaseTest.OnSavedDataTest() in D:\DiplomProject\FaceRecognition\FaceRecognition.Test\RecognizeMethodControlBaseTest.cs:line 76
</StackTrace>
        </ErrorInfo>
      </Output>
    </UnitTestResult>
    <UnitTestResult executionId="2556af5d-a9a7-4577-8fad-82a764b3b9da" testId="598e0ca7-1867-b6fe-ff04-bffd26b4a34e" testName="OnRecognizePanelVisibleTest" computerName="MICROSOF-4C612A" duration="00:00:00.0262184" startTime="2011-05-29T01:26:50.3125000+03:00" endTime="2011-05-29T01:26:50.3593750+03:00" testType="13cdc9d9-ddb5-4fa4-a97d-d965ccfc6d4b" outcome="Inconclusive" testListId="8c84fa94-04c1-424b-9868-57a2d4851a1d" relativeResultsDirectory="2556af5d-a9a7-4577-8fad-82a764b3b9da">
      <Output>
        <ErrorInfo>
          <Message>Assert.Inconclusive failed. A method that does not return a value cannot be verified.</Message>
          <StackTrace>   at FaceRecognition.Test.RecognizeMethodControlBaseTest.OnRecognizePanelVisibleTest() in D:\DiplomProject\FaceRecognition\FaceRecognition.Test\RecognizeMethodControlBaseTest.cs:line 88
</StackTrace>
        </ErrorInfo>
      </Output>
    </UnitTestResult>
    <UnitTestResult executionId="1efa96c0-d01c-4f5e-b87c-946487930ec4" testId="a72ee510-93c1-aa9c-979a-ce1882ca8962" testName="RecognizeMethodControlBaseConstructorTest" computerName="MICROSOF-4C612A" duration="00:00:00.0017586" startTime="2011-05-29T01:26:50.3593750+03:00" endTime="2011-05-29T01:26:50.3750000+03:00" testType="13cdc9d9-ddb5-4fa4-a97d-d965ccfc6d4b" outcome="Inconclusive" testListId="8c84fa94-04c1-424b-9868-57a2d4851a1d" relativeResultsDirectory="1efa96c0-d01c-4f5e-b87c-946487930ec4">
      <Output>
        <ErrorInfo>
          <Message>Assert.Inconclusive failed. TODO: Implement code to verify target</Message>
          <StackTrace>   at FaceRecognition.Test.RecognizeMethodControlBaseTest.RecognizeMethodControlBaseConstructorTest() in D:\DiplomProject\FaceRecognition\FaceRecognition.Test\RecognizeMethodControlBaseTest.cs:line 98
</StackTrace>
        </ErrorInfo>
      </Output>
    </UnitTestResult>
    <UnitTestResult executionId="633841a2-da9c-4e9f-9f5f-426c82dfb6e9" testId="c5ce1c14-4504-386f-0d7e-fcf9a1dc8305" testName="TrainButton_ClickTest" computerName="MICROSOF-4C612A" duration="00:00:01.7602337" startTime="2011-05-29T01:26:50.3906250+03:00" endTime="2011-05-29T01:26:52.1562500+03:00" testType="13cdc9d9-ddb5-4fa4-a97d-d965ccfc6d4b" outcome="Failed" testListId="8c84fa94-04c1-424b-9868-57a2d4851a1d" relativeResultsDirectory="633841a2-da9c-4e9f-9f5f-426c82dfb6e9">
      <Output>
        <ErrorInfo>
          <Message>Test method FaceRecognition.Test.NeuralNetworksControlTest.TrainButton_ClickTest threw exception: 
Microsoft.Practices.ServiceLocation.ActivationException: Activation error occured while trying to get instance of type ExceptionPolicyImpl, key "IO Policy" ---&gt; Microsoft.Practices.Unity.ResolutionFailedException: Resolution of the dependency failed, type = "Microsoft.Practices.EnterpriseLibrary.ExceptionHandling.ExceptionPolicyImpl", name = "IO Policy".
Exception occurred while: while resolving.
Exception is: InvalidOperationException - The type ExceptionPolicyImpl has multiple constructors of length 2. Unable to disambiguate.
-----------------------------------------------
At the time of the exception, the container was:

  Resolving Microsoft.Practices.EnterpriseLibrary.ExceptionHandling.ExceptionPolicyImpl,IO Policy
 ---&gt; System.InvalidOperationException: The type ExceptionPolicyImpl has multiple constructors of length 2. Unable to disambiguate.</Message>
          <StackTrace>    at Microsoft.Practices.ObjectBuilder2.ConstructorSelectorPolicyBase`1.FindLongestConstructor(Type typeToConstruct) in e:\Builds\Unity\UnityTemp\Compile\Unity\Unity\Src\ObjectBuilder\Strategies\BuildPlan\Creation\ConstructorSelectorPolicyBase.cs:line 113
   at Microsoft.Practices.ObjectBuilder2.ConstructorSelectorPolicyBase`1.SelectConstructor(IBuilderContext context, IPolicyList resolverPolicyDestination) in e:\Builds\Unity\UnityTemp\Compile\Unity\Unity\Src\ObjectBuilder\Strategies\BuildPlan\Creation\ConstructorSelectorPolicyBase.cs:line 38
   at Microsoft.Practices.ObjectBuilder2.DynamicMethodConstructorStrategy.PreBuildUp(IBuilderContext context) in e:\Builds\Unity\UnityTemp\Compile\Unity\Unity\Src\ObjectBuilder\Strategies\BuildPlan\DynamicMethod\Creation\DynamicMethodConstructorStrategy.cs:line 69
   at Microsoft.Practices.ObjectBuilder2.StrategyChain.ExecuteBuildUp(IBuilderContext context) in e:\Builds\Unity\UnityTemp\Compile\Unity\Unity\Src\ObjectBuilder\Strategies\StrategyChain.cs:line 110
   at Microsoft.Practices.ObjectBuilder2.DynamicMethodBuildPlanCreatorPolicy.CreatePlan(IBuilderContext context, NamedTypeBuildKey buildKey) in e:\Builds\Unity\UnityTemp\Compile\Unity\Unity\Src\ObjectBuilder\Strategies\BuildPlan\DynamicMethod\DynamicMethodBuildPlanCreatorPolicy.cs:line 48
   at Microsoft.Practices.ObjectBuilder2.BuildPlanStrategy.PreBuildUp(IBuilderContext context) in e:\Builds\Unity\UnityTemp\Compile\Unity\Unity\Src\ObjectBuilder\Strategies\BuildPlan\BuildPlanStrategy.cs:line 37
   at Microsoft.Practices.ObjectBuilder2.StrategyChain.ExecuteBuildUp(IBuilderContext context) in e:\Builds\Unity\UnityTemp\Compile\Unity\Unity\Src\ObjectBuilder\Strategies\StrategyChain.cs:line 110
   at Microsoft.Practices.Unity.UnityContainer.DoBuildUp(Type t, Object existing, String name, IEnumerable`1 resolverOverrides) in e:\Builds\Unity\UnityTemp\Compile\Unity\Unity\Src\UnityContainer.cs:line 511
 --- End of inner exception stack trace ---
    at Microsoft.Practices.Unity.UnityContainer.DoBuildUp(Type t, Object existing, String name, IEnumerable`1 resolverOverrides) in e:\Builds\Unity\UnityTemp\Compile\Unity\Unity\Src\UnityContainer.cs:line 515
   at Microsoft.Practices.Unity.UnityContainer.Resolve(Type t, String name, ResolverOverride[] resolverOverrides) in e:\Builds\Unity\UnityTemp\Compile\Unity\Unity\Src\UnityContainer.cs:line 173
   at Microsoft.Practices.Unity.UnityServiceLocator.DoGetInstance(Type serviceType, String key) in e:\Builds\Unity\UnityTemp\Compile\Unity\Unity\Src\UnityServiceLocator.cs:line 64
   at Microsoft.Practices.ServiceLocation.ServiceLocatorImplBase.GetInstance(Type serviceType, String key) in c:\Home\Chris\Projects\CommonServiceLocator\main\Microsoft.Practices.ServiceLocation\ServiceLocatorImplBase.cs:line 49
 --- End of inner exception stack trace ---
   at FaceRecognition.Controls.RecognizeMehodsControls.NeuralNetworksControl_Accessor..ctor()
   at FaceRecognition.Test.NeuralNetworksControlTest.TrainButton_ClickTest() in D:\DiplomProject\FaceRecognition\FaceRecognition.Test\NeuralNetworksControlTest.cs:line 76
</StackTrace>
        </ErrorInfo>
      </Output>
    </UnitTestResult>
    <UnitTestResult executionId="cc12a781-ef30-4a89-853e-acabaef8b2ab" testId="0483acf2-1c5b-6fb7-d0b0-11adea2af3b4" testName="ConnectTest" computerName="MICROSOF-4C612A" duration="00:00:00.0079820" startTime="2011-05-29T01:26:52.1718750+03:00" endTime="2011-05-29T01:26:52.1875000+03:00" testType="13cdc9d9-ddb5-4fa4-a97d-d965ccfc6d4b" outcome="Failed" testListId="8c84fa94-04c1-424b-9868-57a2d4851a1d" relativeResultsDirectory="cc12a781-ef30-4a89-853e-acabaef8b2ab">
      <Output>
        <ErrorInfo>
          <Message>Test method FaceRecognition.Test.NeuralNetworksControlTest.ConnectTest threw exception: 
Microsoft.Practices.ServiceLocation.ActivationException: Activation error occured while trying to get instance of type ExceptionPolicyImpl, key "IO Policy" ---&gt; Microsoft.Practices.Unity.ResolutionFailedException: Resolution of the dependency failed, type = "Microsoft.Practices.EnterpriseLibrary.ExceptionHandling.ExceptionPolicyImpl", name = "IO Policy".
Exception occurred while: while resolving.
Exception is: InvalidOperationException - The type ExceptionPolicyImpl has multiple constructors of length 2. Unable to disambiguate.
-----------------------------------------------
At the time of the exception, the container was:

  Resolving Microsoft.Practices.EnterpriseLibrary.ExceptionHandling.ExceptionPolicyImpl,IO Policy
 ---&gt; System.InvalidOperationException: The type ExceptionPolicyImpl has multiple constructors of length 2. Unable to disambiguate.</Message>
          <StackTrace>    at Microsoft.Practices.ObjectBuilder2.ConstructorSelectorPolicyBase`1.FindLongestConstructor(Type typeToConstruct) in e:\Builds\Unity\UnityTemp\Compile\Unity\Unity\Src\ObjectBuilder\Strategies\BuildPlan\Creation\ConstructorSelectorPolicyBase.cs:line 113
   at Microsoft.Practices.ObjectBuilder2.ConstructorSelectorPolicyBase`1.SelectConstructor(IBuilderContext context, IPolicyList resolverPolicyDestination) in e:\Builds\Unity\UnityTemp\Compile\Unity\Unity\Src\ObjectBuilder\Strategies\BuildPlan\Creation\ConstructorSelectorPolicyBase.cs:line 38
   at Microsoft.Practices.ObjectBuilder2.DynamicMethodConstructorStrategy.PreBuildUp(IBuilderContext context) in e:\Builds\Unity\UnityTemp\Compile\Unity\Unity\Src\ObjectBuilder\Strategies\BuildPlan\DynamicMethod\Creation\DynamicMethodConstructorStrategy.cs:line 69
   at Microsoft.Practices.ObjectBuilder2.StrategyChain.ExecuteBuildUp(IBuilderContext context) in e:\Builds\Unity\UnityTemp\Compile\Unity\Unity\Src\ObjectBuilder\Strategies\StrategyChain.cs:line 110
   at Microsoft.Practices.ObjectBuilder2.DynamicMethodBuildPlanCreatorPolicy.CreatePlan(IBuilderContext context, NamedTypeBuildKey buildKey) in e:\Builds\Unity\UnityTemp\Compile\Unity\Unity\Src\ObjectBuilder\Strategies\BuildPlan\DynamicMethod\DynamicMethodBuildPlanCreatorPolicy.cs:line 48
   at Microsoft.Practices.ObjectBuilder2.BuildPlanStrategy.PreBuildUp(IBuilderContext context) in e:\Builds\Unity\UnityTemp\Compile\Unity\Unity\Src\ObjectBuilder\Strategies\BuildPlan\BuildPlanStrategy.cs:line 37
   at Microsoft.Practices.ObjectBuilder2.StrategyChain.ExecuteBuildUp(IBuilderContext context) in e:\Builds\Unity\UnityTemp\Compile\Unity\Unity\Src\ObjectBuilder\Strategies\StrategyChain.cs:line 110
   at Microsoft.Practices.Unity.UnityContainer.DoBuildUp(Type t, Object existing, String name, IEnumerable`1 resolverOverrides) in e:\Builds\Unity\UnityTemp\Compile\Unity\Unity\Src\UnityContainer.cs:line 511
 --- End of inner exception stack trace ---
    at Microsoft.Practices.Unity.UnityContainer.DoBuildUp(Type t, Object existing, String name, IEnumerable`1 resolverOverrides) in e:\Builds\Unity\UnityTemp\Compile\Unity\Unity\Src\UnityContainer.cs:line 515
   at Microsoft.Practices.Unity.UnityContainer.Resolve(Type t, String name, ResolverOverride[] resolverOverrides) in e:\Builds\Unity\UnityTemp\Compile\Unity\Unity\Src\UnityContainer.cs:line 173
   at Microsoft.Practices.Unity.UnityServiceLocator.DoGetInstance(Type serviceType, String key) in e:\Builds\Unity\UnityTemp\Compile\Unity\Unity\Src\UnityServiceLocator.cs:line 64
   at Microsoft.Practices.ServiceLocation.ServiceLocatorImplBase.GetInstance(Type serviceType, String key) in c:\Home\Chris\Projects\CommonServiceLocator\main\Microsoft.Practices.ServiceLocation\ServiceLocatorImplBase.cs:line 49
 --- End of inner exception stack trace ---
    at Microsoft.Practices.ServiceLocation.ServiceLocatorImplBase.GetInstance(Type serviceType, String key) in c:\Home\Chris\Projects\CommonServiceLocator\main\Microsoft.Practices.ServiceLocation\ServiceLocatorImplBase.cs:line 53
   at Microsoft.Practices.ServiceLocation.ServiceLocatorImplBase.GetInstance[TService](String key) in c:\Home\Chris\Projects\CommonServiceLocator\main\Microsoft.Practices.ServiceLocation\ServiceLocatorImplBase.cs:line 103
   at Microsoft.Practices.EnterpriseLibrary.ExceptionHandling.ExceptionPolicy.GetExceptionPolicy(Exception exception, String policyName) in e:\Builds\EntLib\Latest\Source\Blocks\ExceptionHandling\Src\ExceptionHandling\ExceptionPolicy.cs:line 131
   at Microsoft.Practices.EnterpriseLibrary.ExceptionHandling.ExceptionPolicy.HandleException(Exception exceptionToHandle, String policyName) in e:\Builds\EntLib\Latest\Source\Blocks\ExceptionHandling\Src\ExceptionHandling\ExceptionPolicy.cs:line 55
   at FaceRecognition.ViewModel.ViewModelBase.LoadData(String shortFileName, ObservableCollection`1&amp; images) in D:\DiplomProject\FaceRecognition\ViewModel\ViewModelBase.cs:line 343
   at FaceRecognition.ViewModel.ViewModelBase.LoadTrainFaces() in D:\DiplomProject\FaceRecognition\ViewModel\ViewModelBase.cs:line 149
   at FaceRecognition.ViewModel.RecognitionMethodsViewModel.NeuralNetworksViewModel..ctor() in D:\DiplomProject\FaceRecognition\ViewModel\RecognitionMethodsViewModel\NeuralNetworksViewModel.cs:line 46
   at FaceRecognition.Controls.RecognizeMehodsControls.NeuralNetworksControl..ctor() in D:\DiplomProject\FaceRecognition\Controls\RecognizeMehodsControls\NeuralNetworksControl.xaml.cs:line 22
   at FaceRecognition.Test.NeuralNetworksControlTest.ConnectTest() in D:\DiplomProject\FaceRecognition\FaceRecognition.Test\NeuralNetworksControlTest.cs:line 90
</StackTrace>
        </ErrorInfo>
      </Output>
    </UnitTestResult>
    <UnitTestResult executionId="0d5b8bfd-8d5e-4add-a06d-cca648e7c1ad" testId="0a4325ed-706c-c75d-64c1-e8b24976d0b7" testName="RecognizeButton_ClickTest" computerName="MICROSOF-4C612A" duration="00:00:00.0081420" startTime="2011-05-29T01:26:52.2031250+03:00" endTime="2011-05-29T01:26:52.2187500+03:00" testType="13cdc9d9-ddb5-4fa4-a97d-d965ccfc6d4b" outcome="Failed" testListId="8c84fa94-04c1-424b-9868-57a2d4851a1d" relativeResultsDirectory="0d5b8bfd-8d5e-4add-a06d-cca648e7c1ad">
      <Output>
        <ErrorInfo>
          <Message>Test method FaceRecognition.Test.NeuralNetworksControlTest.RecognizeButton_ClickTest threw exception: 
Microsoft.Practices.ServiceLocation.ActivationException: Activation error occured while trying to get instance of type ExceptionPolicyImpl, key "IO Policy" ---&gt; Microsoft.Practices.Unity.ResolutionFailedException: Resolution of the dependency failed, type = "Microsoft.Practices.EnterpriseLibrary.ExceptionHandling.ExceptionPolicyImpl", name = "IO Policy".
Exception occurred while: while resolving.
Exception is: InvalidOperationException - The type ExceptionPolicyImpl has multiple constructors of length 2. Unable to disambiguate.
-----------------------------------------------
At the time of the exception, the container was:

  Resolving Microsoft.Practices.EnterpriseLibrary.ExceptionHandling.ExceptionPolicyImpl,IO Policy
 ---&gt; System.InvalidOperationException: The type ExceptionPolicyImpl has multiple constructors of length 2. Unable to disambiguate.</Message>
          <StackTrace>    at Microsoft.Practices.ObjectBuilder2.ConstructorSelectorPolicyBase`1.FindLongestConstructor(Type typeToConstruct) in e:\Builds\Unity\UnityTemp\Compile\Unity\Unity\Src\ObjectBuilder\Strategies\BuildPlan\Creation\ConstructorSelectorPolicyBase.cs:line 113
   at Microsoft.Practices.ObjectBuilder2.ConstructorSelectorPolicyBase`1.SelectConstructor(IBuilderContext context, IPolicyList resolverPolicyDestination) in e:\Builds\Unity\UnityTemp\Compile\Unity\Unity\Src\ObjectBuilder\Strategies\BuildPlan\Creation\ConstructorSelectorPolicyBase.cs:line 38
   at Microsoft.Practices.ObjectBuilder2.DynamicMethodConstructorStrategy.PreBuildUp(IBuilderContext context) in e:\Builds\Unity\UnityTemp\Compile\Unity\Unity\Src\ObjectBuilder\Strategies\BuildPlan\DynamicMethod\Creation\DynamicMethodConstructorStrategy.cs:line 69
   at Microsoft.Practices.ObjectBuilder2.StrategyChain.ExecuteBuildUp(IBuilderContext context) in e:\Builds\Unity\UnityTemp\Compile\Unity\Unity\Src\ObjectBuilder\Strategies\StrategyChain.cs:line 110
   at Microsoft.Practices.ObjectBuilder2.DynamicMethodBuildPlanCreatorPolicy.CreatePlan(IBuilderContext context, NamedTypeBuildKey buildKey) in e:\Builds\Unity\UnityTemp\Compile\Unity\Unity\Src\ObjectBuilder\Strategies\BuildPlan\DynamicMethod\DynamicMethodBuildPlanCreatorPolicy.cs:line 48
   at Microsoft.Practices.ObjectBuilder2.BuildPlanStrategy.PreBuildUp(IBuilderContext context) in e:\Builds\Unity\UnityTemp\Compile\Unity\Unity\Src\ObjectBuilder\Strategies\BuildPlan\BuildPlanStrategy.cs:line 37
   at Microsoft.Practices.ObjectBuilder2.StrategyChain.ExecuteBuildUp(IBuilderContext context) in e:\Builds\Unity\UnityTemp\Compile\Unity\Unity\Src\ObjectBuilder\Strategies\StrategyChain.cs:line 110
   at Microsoft.Practices.Unity.UnityContainer.DoBuildUp(Type t, Object existing, String name, IEnumerable`1 resolverOverrides) in e:\Builds\Unity\UnityTemp\Compile\Unity\Unity\Src\UnityContainer.cs:line 511
 --- End of inner exception stack trace ---
    at Microsoft.Practices.Unity.UnityContainer.DoBuildUp(Type t, Object existing, String name, IEnumerable`1 resolverOverrides) in e:\Builds\Unity\UnityTemp\Compile\Unity\Unity\Src\UnityContainer.cs:line 515
   at Microsoft.Practices.Unity.UnityContainer.Resolve(Type t, String name, ResolverOverride[] resolverOverrides) in e:\Builds\Unity\UnityTemp\Compile\Unity\Unity\Src\UnityContainer.cs:line 173
   at Microsoft.Practices.Unity.UnityServiceLocator.DoGetInstance(Type serviceType, String key) in e:\Builds\Unity\UnityTemp\Compile\Unity\Unity\Src\UnityServiceLocator.cs:line 64
   at Microsoft.Practices.ServiceLocation.ServiceLocatorImplBase.GetInstance(Type serviceType, String key) in c:\Home\Chris\Projects\CommonServiceLocator\main\Microsoft.Practices.ServiceLocation\ServiceLocatorImplBase.cs:line 49
 --- End of inner exception stack trace ---
   at FaceRecognition.Controls.RecognizeMehodsControls.NeuralNetworksControl_Accessor..ctor()
   at FaceRecognition.Test.NeuralNetworksControlTest.RecognizeButton_ClickTest() in D:\DiplomProject\FaceRecognition\FaceRecognition.Test\NeuralNetworksControlTest.cs:line 104
</StackTrace>
        </ErrorInfo>
      </Output>
    </UnitTestResult>
    <UnitTestResult executionId="6d56d89a-ec1a-4f25-bf01-605c09ee4765" testId="03223c81-998b-987d-44e8-911632c2a442" testName="InitializeComponentTest" computerName="MICROSOF-4C612A" duration="00:00:00.0112299" startTime="2011-05-29T01:26:52.2343750+03:00" endTime="2011-05-29T01:26:52.2500000+03:00" testType="13cdc9d9-ddb5-4fa4-a97d-d965ccfc6d4b" outcome="Failed" testListId="8c84fa94-04c1-424b-9868-57a2d4851a1d" relativeResultsDirectory="6d56d89a-ec1a-4f25-bf01-605c09ee4765">
      <Output>
        <ErrorInfo>
          <Message>Test method FaceRecognition.Test.NeuralNetworksControlTest.InitializeComponentTest threw exception: 
Microsoft.Practices.ServiceLocation.ActivationException: Activation error occured while trying to get instance of type ExceptionPolicyImpl, key "IO Policy" ---&gt; Microsoft.Practices.Unity.ResolutionFailedException: Resolution of the dependency failed, type = "Microsoft.Practices.EnterpriseLibrary.ExceptionHandling.ExceptionPolicyImpl", name = "IO Policy".
Exception occurred while: while resolving.
Exception is: InvalidOperationException - The type ExceptionPolicyImpl has multiple constructors of length 2. Unable to disambiguate.
-----------------------------------------------
At the time of the exception, the container was:

  Resolving Microsoft.Practices.EnterpriseLibrary.ExceptionHandling.ExceptionPolicyImpl,IO Policy
 ---&gt; System.InvalidOperationException: The type ExceptionPolicyImpl has multiple constructors of length 2. Unable to disambiguate.</Message>
          <StackTrace>    at Microsoft.Practices.ObjectBuilder2.ConstructorSelectorPolicyBase`1.FindLongestConstructor(Type typeToConstruct) in e:\Builds\Unity\UnityTemp\Compile\Unity\Unity\Src\ObjectBuilder\Strategies\BuildPlan\Creation\ConstructorSelectorPolicyBase.cs:line 113
   at Microsoft.Practices.ObjectBuilder2.ConstructorSelectorPolicyBase`1.SelectConstructor(IBuilderContext context, IPolicyList resolverPolicyDestination) in e:\Builds\Unity\UnityTemp\Compile\Unity\Unity\Src\ObjectBuilder\Strategies\BuildPlan\Creation\ConstructorSelectorPolicyBase.cs:line 38
   at Microsoft.Practices.ObjectBuilder2.DynamicMethodConstructorStrategy.PreBuildUp(IBuilderContext context) in e:\Builds\Unity\UnityTemp\Compile\Unity\Unity\Src\ObjectBuilder\Strategies\BuildPlan\DynamicMethod\Creation\DynamicMethodConstructorStrategy.cs:line 69
   at Microsoft.Practices.ObjectBuilder2.StrategyChain.ExecuteBuildUp(IBuilderContext context) in e:\Builds\Unity\UnityTemp\Compile\Unity\Unity\Src\ObjectBuilder\Strategies\StrategyChain.cs:line 110
   at Microsoft.Practices.ObjectBuilder2.DynamicMethodBuildPlanCreatorPolicy.CreatePlan(IBuilderContext context, NamedTypeBuildKey buildKey) in e:\Builds\Unity\UnityTemp\Compile\Unity\Unity\Src\ObjectBuilder\Strategies\BuildPlan\DynamicMethod\DynamicMethodBuildPlanCreatorPolicy.cs:line 48
   at Microsoft.Practices.ObjectBuilder2.BuildPlanStrategy.PreBuildUp(IBuilderContext context) in e:\Builds\Unity\UnityTemp\Compile\Unity\Unity\Src\ObjectBuilder\Strategies\BuildPlan\BuildPlanStrategy.cs:line 37
   at Microsoft.Practices.ObjectBuilder2.StrategyChain.ExecuteBuildUp(IBuilderContext context) in e:\Builds\Unity\UnityTemp\Compile\Unity\Unity\Src\ObjectBuilder\Strategies\StrategyChain.cs:line 110
   at Microsoft.Practices.Unity.UnityContainer.DoBuildUp(Type t, Object existing, String name, IEnumerable`1 resolverOverrides) in e:\Builds\Unity\UnityTemp\Compile\Unity\Unity\Src\UnityContainer.cs:line 511
 --- End of inner exception stack trace ---
    at Microsoft.Practices.Unity.UnityContainer.DoBuildUp(Type t, Object existing, String name, IEnumerable`1 resolverOverrides) in e:\Builds\Unity\UnityTemp\Compile\Unity\Unity\Src\UnityContainer.cs:line 515
   at Microsoft.Practices.Unity.UnityContainer.Resolve(Type t, String name, ResolverOverride[] resolverOverrides) in e:\Builds\Unity\UnityTemp\Compile\Unity\Unity\Src\UnityContainer.cs:line 173
   at Microsoft.Practices.Unity.UnityServiceLocator.DoGetInstance(Type serviceType, String key) in e:\Builds\Unity\UnityTemp\Compile\Unity\Unity\Src\UnityServiceLocator.cs:line 64
   at Microsoft.Practices.ServiceLocation.ServiceLocatorImplBase.GetInstance(Type serviceType, String key) in c:\Home\Chris\Projects\CommonServiceLocator\main\Microsoft.Practices.ServiceLocation\ServiceLocatorImplBase.cs:line 49
 --- End of inner exception stack trace ---
    at Microsoft.Practices.ServiceLocation.ServiceLocatorImplBase.GetInstance(Type serviceType, String key) in c:\Home\Chris\Projects\CommonServiceLocator\main\Microsoft.Practices.ServiceLocation\ServiceLocatorImplBase.cs:line 53
   at Microsoft.Practices.ServiceLocation.ServiceLocatorImplBase.GetInstance[TService](String key) in c:\Home\Chris\Projects\CommonServiceLocator\main\Microsoft.Practices.ServiceLocation\ServiceLocatorImplBase.cs:line 103
   at Microsoft.Practices.EnterpriseLibrary.ExceptionHandling.ExceptionPolicy.GetExceptionPolicy(Exception exception, String policyName) in e:\Builds\EntLib\Latest\Source\Blocks\ExceptionHandling\Src\ExceptionHandling\ExceptionPolicy.cs:line 131
   at Microsoft.Practices.EnterpriseLibrary.ExceptionHandling.ExceptionPolicy.HandleException(Exception exceptionToHandle, String policyName) in e:\Builds\EntLib\Latest\Source\Blocks\ExceptionHandling\Src\ExceptionHandling\ExceptionPolicy.cs:line 55
   at FaceRecognition.ViewModel.ViewModelBase.LoadData(String shortFileName, ObservableCollection`1&amp; images) in D:\DiplomProject\FaceRecognition\ViewModel\ViewModelBase.cs:line 343
   at FaceRecognition.ViewModel.ViewModelBase.LoadTrainFaces() in D:\DiplomProject\FaceRecognition\ViewModel\ViewModelBase.cs:line 149
   at FaceRecognition.ViewModel.RecognitionMethodsViewModel.NeuralNetworksViewModel..ctor() in D:\DiplomProject\FaceRecognition\ViewModel\RecognitionMethodsViewModel\NeuralNetworksViewModel.cs:line 46
   at FaceRecognition.Controls.RecognizeMehodsControls.NeuralNetworksControl..ctor() in D:\DiplomProject\FaceRecognition\Controls\RecognizeMehodsControls\NeuralNetworksControl.xaml.cs:line 22
   at FaceRecognition.Test.NeuralNetworksControlTest.InitializeComponentTest() in D:\DiplomProject\FaceRecognition\FaceRecognition.Test\NeuralNetworksControlTest.cs:line 117
</StackTrace>
        </ErrorInfo>
      </Output>
    </UnitTestResult>
    <UnitTestResult executionId="d9b90c8e-1715-4d70-9b5f-4a3d65b5ff55" testId="a78f4eb1-57a8-9091-58d0-190e15a620fa" testName="NeuralNetworksControlConstructorTest" computerName="MICROSOF-4C612A" duration="00:00:00.0067896" startTime="2011-05-29T01:26:52.2656250+03:00" endTime="2011-05-29T01:26:52.2812500+03:00" testType="13cdc9d9-ddb5-4fa4-a97d-d965ccfc6d4b" outcome="Failed" testListId="8c84fa94-04c1-424b-9868-57a2d4851a1d" relativeResultsDirectory="d9b90c8e-1715-4d70-9b5f-4a3d65b5ff55">
      <Output>
        <ErrorInfo>
          <Message>Test method FaceRecognition.Test.NeuralNetworksControlTest.NeuralNetworksControlConstructorTest threw exception: 
Microsoft.Practices.ServiceLocation.ActivationException: Activation error occured while trying to get instance of type ExceptionPolicyImpl, key "IO Policy" ---&gt; Microsoft.Practices.Unity.ResolutionFailedException: Resolution of the dependency failed, type = "Microsoft.Practices.EnterpriseLibrary.ExceptionHandling.ExceptionPolicyImpl", name = "IO Policy".
Exception occurred while: while resolving.
Exception is: InvalidOperationException - The type ExceptionPolicyImpl has multiple constructors of length 2. Unable to disambiguate.
-----------------------------------------------
At the time of the exception, the container was:

  Resolving Microsoft.Practices.EnterpriseLibrary.ExceptionHandling.ExceptionPolicyImpl,IO Policy
 ---&gt; System.InvalidOperationException: The type ExceptionPolicyImpl has multiple constructors of length 2. Unable to disambiguate.</Message>
          <StackTrace>    at Microsoft.Practices.ObjectBuilder2.ConstructorSelectorPolicyBase`1.FindLongestConstructor(Type typeToConstruct) in e:\Builds\Unity\UnityTemp\Compile\Unity\Unity\Src\ObjectBuilder\Strategies\BuildPlan\Creation\ConstructorSelectorPolicyBase.cs:line 113
   at Microsoft.Practices.ObjectBuilder2.ConstructorSelectorPolicyBase`1.SelectConstructor(IBuilderContext context, IPolicyList resolverPolicyDestination) in e:\Builds\Unity\UnityTemp\Compile\Unity\Unity\Src\ObjectBuilder\Strategies\BuildPlan\Creation\ConstructorSelectorPolicyBase.cs:line 38
   at Microsoft.Practices.ObjectBuilder2.DynamicMethodConstructorStrategy.PreBuildUp(IBuilderContext context) in e:\Builds\Unity\UnityTemp\Compile\Unity\Unity\Src\ObjectBuilder\Strategies\BuildPlan\DynamicMethod\Creation\DynamicMethodConstructorStrategy.cs:line 69
   at Microsoft.Practices.ObjectBuilder2.StrategyChain.ExecuteBuildUp(IBuilderContext context) in e:\Builds\Unity\UnityTemp\Compile\Unity\Unity\Src\ObjectBuilder\Strategies\StrategyChain.cs:line 110
   at Microsoft.Practices.ObjectBuilder2.DynamicMethodBuildPlanCreatorPolicy.CreatePlan(IBuilderContext context, NamedTypeBuildKey buildKey) in e:\Builds\Unity\UnityTemp\Compile\Unity\Unity\Src\ObjectBuilder\Strategies\BuildPlan\DynamicMethod\DynamicMethodBuildPlanCreatorPolicy.cs:line 48
   at Microsoft.Practices.ObjectBuilder2.BuildPlanStrategy.PreBuildUp(IBuilderContext context) in e:\Builds\Unity\UnityTemp\Compile\Unity\Unity\Src\ObjectBuilder\Strategies\BuildPlan\BuildPlanStrategy.cs:line 37
   at Microsoft.Practices.ObjectBuilder2.StrategyChain.ExecuteBuildUp(IBuilderContext context) in e:\Builds\Unity\UnityTemp\Compile\Unity\Unity\Src\ObjectBuilder\Strategies\StrategyChain.cs:line 110
   at Microsoft.Practices.Unity.UnityContainer.DoBuildUp(Type t, Object existing, String name, IEnumerable`1 resolverOverrides) in e:\Builds\Unity\UnityTemp\Compile\Unity\Unity\Src\UnityContainer.cs:line 511
 --- End of inner exception stack trace ---
    at Microsoft.Practices.Unity.UnityContainer.DoBuildUp(Type t, Object existing, String name, IEnumerable`1 resolverOverrides) in e:\Builds\Unity\UnityTemp\Compile\Unity\Unity\Src\UnityContainer.cs:line 515
   at Microsoft.Practices.Unity.UnityContainer.Resolve(Type t, String name, ResolverOverride[] resolverOverrides) in e:\Builds\Unity\UnityTemp\Compile\Unity\Unity\Src\UnityContainer.cs:line 173
   at Microsoft.Practices.Unity.UnityServiceLocator.DoGetInstance(Type serviceType, String key) in e:\Builds\Unity\UnityTemp\Compile\Unity\Unity\Src\UnityServiceLocator.cs:line 64
   at Microsoft.Practices.ServiceLocation.ServiceLocatorImplBase.GetInstance(Type serviceType, String key) in c:\Home\Chris\Projects\CommonServiceLocator\main\Microsoft.Practices.ServiceLocation\ServiceLocatorImplBase.cs:line 49
 --- End of inner exception stack trace ---
    at Microsoft.Practices.ServiceLocation.ServiceLocatorImplBase.GetInstance(Type serviceType, String key) in c:\Home\Chris\Projects\CommonServiceLocator\main\Microsoft.Practices.ServiceLocation\ServiceLocatorImplBase.cs:line 53
   at Microsoft.Practices.ServiceLocation.ServiceLocatorImplBase.GetInstance[TService](String key) in c:\Home\Chris\Projects\CommonServiceLocator\main\Microsoft.Practices.ServiceLocation\ServiceLocatorImplBase.cs:line 103
   at Microsoft.Practices.EnterpriseLibrary.ExceptionHandling.ExceptionPolicy.GetExceptionPolicy(Exception exception, String policyName) in e:\Builds\EntLib\Latest\Source\Blocks\ExceptionHandling\Src\ExceptionHandling\ExceptionPolicy.cs:line 131
   at Microsoft.Practices.EnterpriseLibrary.ExceptionHandling.ExceptionPolicy.HandleException(Exception exceptionToHandle, String policyName) in e:\Builds\EntLib\Latest\Source\Blocks\ExceptionHandling\Src\ExceptionHandling\ExceptionPolicy.cs:line 55
   at FaceRecognition.ViewModel.ViewModelBase.LoadData(String shortFileName, ObservableCollection`1&amp; images) in D:\DiplomProject\FaceRecognition\ViewModel\ViewModelBase.cs:line 343
   at FaceRecognition.ViewModel.ViewModelBase.LoadTrainFaces() in D:\DiplomProject\FaceRecognition\ViewModel\ViewModelBase.cs:line 149
   at FaceRecognition.ViewModel.RecognitionMethodsViewModel.NeuralNetworksViewModel..ctor() in D:\DiplomProject\FaceRecognition\ViewModel\RecognitionMethodsViewModel\NeuralNetworksViewModel.cs:line 46
   at FaceRecognition.Controls.RecognizeMehodsControls.NeuralNetworksControl..ctor() in D:\DiplomProject\FaceRecognition\Controls\RecognizeMehodsControls\NeuralNetworksControl.xaml.cs:line 22
   at FaceRecognition.Test.NeuralNetworksControlTest.NeuralNetworksControlConstructorTest() in D:\DiplomProject\FaceRecognition\FaceRecognition.Test\NeuralNetworksControlTest.cs:line 128
</StackTrace>
        </ErrorInfo>
      </Output>
    </UnitTestResult>
    <UnitTestResult executionId="32ce7d40-b077-43a5-a381-b19452d6d751" testId="e5d80706-19e9-5acb-5bd3-96bf565de76a" testName="NeuralNetworksControlConstructorTest1" computerName="MICROSOF-4C612A" duration="00:00:00.0105574" startTime="2011-05-29T01:26:52.2812500+03:00" endTime="2011-05-29T01:26:52.3125000+03:00" testType="13cdc9d9-ddb5-4fa4-a97d-d965ccfc6d4b" outcome="Failed" testListId="8c84fa94-04c1-424b-9868-57a2d4851a1d" relativeResultsDirectory="32ce7d40-b077-43a5-a381-b19452d6d751">
      <Output>
        <ErrorInfo>
          <Message>Test method FaceRecognition.Test.NeuralNetworksControlTest.NeuralNetworksControlConstructorTest1 threw exception: 
Microsoft.Practices.ServiceLocation.ActivationException: Activation error occured while trying to get instance of type ExceptionPolicyImpl, key "IO Policy" ---&gt; Microsoft.Practices.Unity.ResolutionFailedException: Resolution of the dependency failed, type = "Microsoft.Practices.EnterpriseLibrary.ExceptionHandling.ExceptionPolicyImpl", name = "IO Policy".
Exception occurred while: while resolving.
Exception is: InvalidOperationException - The type ExceptionPolicyImpl has multiple constructors of length 2. Unable to disambiguate.
-----------------------------------------------
At the time of the exception, the container was:

  Resolving Microsoft.Practices.EnterpriseLibrary.ExceptionHandling.ExceptionPolicyImpl,IO Policy
 ---&gt; System.InvalidOperationException: The type ExceptionPolicyImpl has multiple constructors of length 2. Unable to disambiguate.</Message>
          <StackTrace>    at Microsoft.Practices.ObjectBuilder2.ConstructorSelectorPolicyBase`1.FindLongestConstructor(Type typeToConstruct) in e:\Builds\Unity\UnityTemp\Compile\Unity\Unity\Src\ObjectBuilder\Strategies\BuildPlan\Creation\ConstructorSelectorPolicyBase.cs:line 113
   at Microsoft.Practices.ObjectBuilder2.ConstructorSelectorPolicyBase`1.SelectConstructor(IBuilderContext context, IPolicyList resolverPolicyDestination) in e:\Builds\Unity\UnityTemp\Compile\Unity\Unity\Src\ObjectBuilder\Strategies\BuildPlan\Creation\ConstructorSelectorPolicyBase.cs:line 38
   at Microsoft.Practices.ObjectBuilder2.DynamicMethodConstructorStrategy.PreBuildUp(IBuilderContext context) in e:\Builds\Unity\UnityTemp\Compile\Unity\Unity\Src\ObjectBuilder\Strategies\BuildPlan\DynamicMethod\Creation\DynamicMethodConstructorStrategy.cs:line 69
   at Microsoft.Practices.ObjectBuilder2.StrategyChain.ExecuteBuildUp(IBuilderContext context) in e:\Builds\Unity\UnityTemp\Compile\Unity\Unity\Src\ObjectBuilder\Strategies\StrategyChain.cs:line 110
   at Microsoft.Practices.ObjectBuilder2.DynamicMethodBuildPlanCreatorPolicy.CreatePlan(IBuilderContext context, NamedTypeBuildKey buildKey) in e:\Builds\Unity\UnityTemp\Compile\Unity\Unity\Src\ObjectBuilder\Strategies\BuildPlan\DynamicMethod\DynamicMethodBuildPlanCreatorPolicy.cs:line 48
   at Microsoft.Practices.ObjectBuilder2.BuildPlanStrategy.PreBuildUp(IBuilderContext context) in e:\Builds\Unity\UnityTemp\Compile\Unity\Unity\Src\ObjectBuilder\Strategies\BuildPlan\BuildPlanStrategy.cs:line 37
   at Microsoft.Practices.ObjectBuilder2.StrategyChain.ExecuteBuildUp(IBuilderContext context) in e:\Builds\Unity\UnityTemp\Compile\Unity\Unity\Src\ObjectBuilder\Strategies\StrategyChain.cs:line 110
   at Microsoft.Practices.Unity.UnityContainer.DoBuildUp(Type t, Object existing, String name, IEnumerable`1 resolverOverrides) in e:\Builds\Unity\UnityTemp\Compile\Unity\Unity\Src\UnityContainer.cs:line 511
 --- End of inner exception stack trace ---
    at Microsoft.Practices.Unity.UnityContainer.DoBuildUp(Type t, Object existing, String name, IEnumerable`1 resolverOverrides) in e:\Builds\Unity\UnityTemp\Compile\Unity\Unity\Src\UnityContainer.cs:line 515
   at Microsoft.Practices.Unity.UnityContainer.Resolve(Type t, String name, ResolverOverride[] resolverOverrides) in e:\Builds\Unity\UnityTemp\Compile\Unity\Unity\Src\UnityContainer.cs:line 173
   at Microsoft.Practices.Unity.UnityServiceLocator.DoGetInstance(Type serviceType, String key) in e:\Builds\Unity\UnityTemp\Compile\Unity\Unity\Src\UnityServiceLocator.cs:line 64
   at Microsoft.Practices.ServiceLocation.ServiceLocatorImplBase.GetInstance(Type serviceType, String key) in c:\Home\Chris\Projects\CommonServiceLocator\main\Microsoft.Practices.ServiceLocation\ServiceLocatorImplBase.cs:line 49
 --- End of inner exception stack trace ---
    at Microsoft.Practices.ServiceLocation.ServiceLocatorImplBase.GetInstance(Type serviceType, String key) in c:\Home\Chris\Projects\CommonServiceLocator\main\Microsoft.Practices.ServiceLocation\ServiceLocatorImplBase.cs:line 53
   at Microsoft.Practices.ServiceLocation.ServiceLocatorImplBase.GetInstance[TService](String key) in c:\Home\Chris\Projects\CommonServiceLocator\main\Microsoft.Practices.ServiceLocation\ServiceLocatorImplBase.cs:line 103
   at Microsoft.Practices.EnterpriseLibrary.ExceptionHandling.ExceptionPolicy.GetExceptionPolicy(Exception exception, String policyName) in e:\Builds\EntLib\Latest\Source\Blocks\ExceptionHandling\Src\ExceptionHandling\ExceptionPolicy.cs:line 131
   at Microsoft.Practices.EnterpriseLibrary.ExceptionHandling.ExceptionPolicy.HandleException(Exception exceptionToHandle, String policyName) in e:\Builds\EntLib\Latest\Source\Blocks\ExceptionHandling\Src\ExceptionHandling\ExceptionPolicy.cs:line 55
   at FaceRecognition.ViewModel.ViewModelBase.LoadData(String shortFileName, ObservableCollection`1&amp; images) in D:\DiplomProject\FaceRecognition\ViewModel\ViewModelBase.cs:line 343
   at FaceRecognition.ViewModel.ViewModelBase.LoadTrainFaces() in D:\DiplomProject\FaceRecognition\ViewModel\ViewModelBase.cs:line 149
   at FaceRecognition.ViewModel.RecognitionMethodsViewModel.NeuralNetworksViewModel..ctor(Int32 selectedMethod) in D:\DiplomProject\FaceRecognition\ViewModel\RecognitionMethodsViewModel\NeuralNetworksViewModel.cs:line 76
   at FaceRecognition.Controls.RecognizeMehodsControls.NeuralNetworksControl..ctor(Int32 selectedMethod) in D:\DiplomProject\FaceRecognition\Controls\RecognizeMehodsControls\NeuralNetworksControl.xaml.cs:line 30
   at FaceRecognition.Test.NeuralNetworksControlTest.NeuralNetworksControlConstructorTest1() in D:\DiplomProject\FaceRecognition\FaceRecognition.Test\NeuralNetworksControlTest.cs:line 139
</StackTrace>
        </ErrorInfo>
      </Output>
    </UnitTestResult>
    <UnitTestResult executionId="b49c1e35-5dd1-450c-8a4b-c96c489b6a28" testId="26bf3e8c-14ce-b71b-465e-6ba862c4eecc" testName="trainButton_ClickTest" computerName="MICROSOF-4C612A" duration="00:00:00.4605166" startTime="2011-05-29T01:26:52.3125000+03:00" endTime="2011-05-29T01:26:52.7968750+03:00" testType="13cdc9d9-ddb5-4fa4-a97d-d965ccfc6d4b" outcome="Failed" testListId="8c84fa94-04c1-424b-9868-57a2d4851a1d" relativeResultsDirectory="b49c1e35-5dd1-450c-8a4b-c96c489b6a28">
      <Output>
        <ErrorInfo>
          <Message>Test method FaceRecognition.Test.EigenFaceControlTest.trainButton_ClickTest threw exception: 
System.Windows.Markup.XamlParseException: 'Provide value on 'System.Windows.StaticResourceExtension' threw an exception.' Line number '9' and line position '10'. ---&gt; System.Exception: Cannot find resource named 'BorderStyle'. Resource names are case sensitive.</Message>
          <StackTrace>    at System.Windows.StaticResourceExtension.ProvideValueInternal(IServiceProvider serviceProvider, Boolean allowDeferredReference)
   at System.Windows.StaticResourceExtension.ProvideValue(IServiceProvider serviceProvider)
   at MS.Internal.Xaml.Runtime.ClrObjectRuntime.CallProvideValue(MarkupExtension me, IServiceProvider serviceProvider)
 --- End of inner exception stack trace ---
   at FaceRecognition.Controls.RecognizeMehodsControls.EigenFaceControl_Accessor..ctor()
   at FaceRecognition.Test.EigenFaceControlTest.trainButton_ClickTest() in D:\DiplomProject\FaceRecognition\FaceRecognition.Test\EigenFaceControlTest.cs:line 76
</StackTrace>
        </ErrorInfo>
      </Output>
    </UnitTestResult>
    <UnitTestResult executionId="5057cbc6-9646-419e-b739-218e35569b74" testId="6a3391ae-5779-0ce2-903e-70b0b73a1cb4" testName="reproduceButton_ClickTest" computerName="MICROSOF-4C612A" duration="00:00:00.0061485" startTime="2011-05-29T01:26:52.7968750+03:00" endTime="2011-05-29T01:26:52.8125000+03:00" testType="13cdc9d9-ddb5-4fa4-a97d-d965ccfc6d4b" outcome="Failed" testListId="8c84fa94-04c1-424b-9868-57a2d4851a1d" relativeResultsDirectory="5057cbc6-9646-419e-b739-218e35569b74">
      <Output>
        <ErrorInfo>
          <Message>Test method FaceRecognition.Test.EigenFaceControlTest.reproduceButton_ClickTest threw exception: 
System.Windows.Markup.XamlParseException: 'Provide value on 'System.Windows.StaticResourceExtension' threw an exception.' Line number '9' and line position '10'. ---&gt; System.Exception: Cannot find resource named 'BorderStyle'. Resource names are case sensitive.</Message>
          <StackTrace>    at System.Windows.StaticResourceExtension.ProvideValueInternal(IServiceProvider serviceProvider, Boolean allowDeferredReference)
   at System.Windows.StaticResourceExtension.ProvideValue(IServiceProvider serviceProvider)
   at MS.Internal.Xaml.Runtime.ClrObjectRuntime.CallProvideValue(MarkupExtension me, IServiceProvider serviceProvider)
 --- End of inner exception stack trace ---
   at FaceRecognition.Controls.RecognizeMehodsControls.EigenFaceControl_Accessor..ctor()
   at FaceRecognition.Test.EigenFaceControlTest.reproduceButton_ClickTest() in D:\DiplomProject\FaceRecognition\FaceRecognition.Test\EigenFaceControlTest.cs:line 90
</StackTrace>
        </ErrorInfo>
      </Output>
    </UnitTestResult>
    <UnitTestResult executionId="7af416cc-9453-4df1-9ac7-e1b9d25ca629" testId="5aa709b1-9fb4-52b5-ff6d-8343d5a7b06c" testName="ConnectTest" computerName="MICROSOF-4C612A" duration="00:00:00.0062021" startTime="2011-05-29T01:26:52.8125000+03:00" endTime="2011-05-29T01:26:52.8437500+03:00" testType="13cdc9d9-ddb5-4fa4-a97d-d965ccfc6d4b" outcome="Failed" testListId="8c84fa94-04c1-424b-9868-57a2d4851a1d" relativeResultsDirectory="7af416cc-9453-4df1-9ac7-e1b9d25ca629">
      <Output>
        <ErrorInfo>
          <Message>Test method FaceRecognition.Test.EigenFaceControlTest.ConnectTest threw exception: 
System.Windows.Markup.XamlParseException: 'Provide value on 'System.Windows.StaticResourceExtension' threw an exception.' Line number '9' and line position '10'. ---&gt; System.Exception: Cannot find resource named 'BorderStyle'. Resource names are case sensitive.</Message>
          <StackTrace>    at System.Windows.StaticResourceExtension.ProvideValueInternal(IServiceProvider serviceProvider, Boolean allowDeferredReference)
   at System.Windows.StaticResourceExtension.ProvideValue(IServiceProvider serviceProvider)
   at MS.Internal.Xaml.Runtime.ClrObjectRuntime.CallProvideValue(MarkupExtension me, IServiceProvider serviceProvider)
 --- End of inner exception stack trace ---
    at System.Windows.Markup.XamlReader.RewrapException(Exception e, IXamlLineInfo lineInfo, Uri baseUri)
   at System.Windows.Markup.WpfXamlLoader.Load(XamlReader xamlReader, IXamlObjectWriterFactory writerFactory, Boolean skipJournaledProperties, Object rootObject, XamlObjectWriterSettings settings, Uri baseUri)
   at System.Windows.Markup.WpfXamlLoader.LoadBaml(XamlReader xamlReader, Boolean skipJournaledProperties, Object rootObject, XamlAccessLevel accessLevel, Uri baseUri)
   at System.Windows.Markup.XamlReader.LoadBaml(Stream stream, ParserContext parserContext, Object parent, Boolean closeStream)
   at System.Windows.Application.LoadComponent(Object component, Uri resourceLocator)
   at FaceRecognition.Controls.RecognizeMehodsControls.EigenFaceControl.InitializeComponent() in d:\DiplomProject\FaceRecognition\Controls\RecognizeMehodsControls\EigenFaceControl.xaml:line 1
   at FaceRecognition.Controls.RecognizeMehodsControls.EigenFaceControl..ctor() in D:\DiplomProject\FaceRecognition\Controls\RecognizeMehodsControls\EigenFaceControl.xaml.cs:line 21
   at FaceRecognition.Test.EigenFaceControlTest.ConnectTest() in D:\DiplomProject\FaceRecognition\FaceRecognition.Test\EigenFaceControlTest.cs:line 104
</StackTrace>
        </ErrorInfo>
      </Output>
    </UnitTestResult>
    <UnitTestResult executionId="d5d28b0b-b0f6-4b90-93e7-1133750a339e" testId="33d346d9-10c3-a82c-a9c7-748a26354f0f" testName="InitializeComponentTest" computerName="MICROSOF-4C612A" duration="00:00:00.0051878" startTime="2011-05-29T01:26:52.8593750+03:00" endTime="2011-05-29T01:26:52.8750000+03:00" testType="13cdc9d9-ddb5-4fa4-a97d-d965ccfc6d4b" outcome="Failed" testListId="8c84fa94-04c1-424b-9868-57a2d4851a1d" relativeResultsDirectory="d5d28b0b-b0f6-4b90-93e7-1133750a339e">
      <Output>
        <ErrorInfo>
          <Message>Test method FaceRecognition.Test.EigenFaceControlTest.InitializeComponentTest threw exception: 
System.Windows.Markup.XamlParseException: 'Provide value on 'System.Windows.StaticResourceExtension' threw an exception.' Line number '9' and line position '10'. ---&gt; System.Exception: Cannot find resource named 'BorderStyle'. Resource names are case sensitive.</Message>
          <StackTrace>    at System.Windows.StaticResourceExtension.ProvideValueInternal(IServiceProvider serviceProvider, Boolean allowDeferredReference)
   at System.Windows.StaticResourceExtension.ProvideValue(IServiceProvider serviceProvider)
   at MS.Internal.Xaml.Runtime.ClrObjectRuntime.CallProvideValue(MarkupExtension me, IServiceProvider serviceProvider)
 --- End of inner exception stack trace ---
    at System.Windows.Markup.XamlReader.RewrapException(Exception e, IXamlLineInfo lineInfo, Uri baseUri)
   at System.Windows.Markup.WpfXamlLoader.Load(XamlReader xamlReader, IXamlObjectWriterFactory writerFactory, Boolean skipJournaledProperties, Object rootObject, XamlObjectWriterSettings settings, Uri baseUri)
   at System.Windows.Markup.WpfXamlLoader.LoadBaml(XamlReader xamlReader, Boolean skipJournaledProperties, Object rootObject, XamlAccessLevel accessLevel, Uri baseUri)
   at System.Windows.Markup.XamlReader.LoadBaml(Stream stream, ParserContext parserContext, Object parent, Boolean closeStream)
   at System.Windows.Application.LoadComponent(Object component, Uri resourceLocator)
   at FaceRecognition.Controls.RecognizeMehodsControls.EigenFaceControl.InitializeComponent() in d:\DiplomProject\FaceRecognition\Controls\RecognizeMehodsControls\EigenFaceControl.xaml:line 1
   at FaceRecognition.Controls.RecognizeMehodsControls.EigenFaceControl..ctor() in D:\DiplomProject\FaceRecognition\Controls\RecognizeMehodsControls\EigenFaceControl.xaml.cs:line 21
   at FaceRecognition.Test.EigenFaceControlTest.InitializeComponentTest() in D:\DiplomProject\FaceRecognition\FaceRecognition.Test\EigenFaceControlTest.cs:line 117
</StackTrace>
        </ErrorInfo>
      </Output>
    </UnitTestResult>
    <UnitTestResult executionId="1bb97652-55f3-4ea0-87d4-729394fe76f4" testId="9db152d5-5d8b-6bb4-cb11-1ea63d597f86" testName="EigenFaceControlConstructorTest" computerName="MICROSOF-4C612A" duration="00:00:00.0046173" startTime="2011-05-29T01:26:52.8750000+03:00" endTime="2011-05-29T01:26:52.8906250+03:00" testType="13cdc9d9-ddb5-4fa4-a97d-d965ccfc6d4b" outcome="Failed" testListId="8c84fa94-04c1-424b-9868-57a2d4851a1d" relativeResultsDirectory="1bb97652-55f3-4ea0-87d4-729394fe76f4">
      <Output>
        <ErrorInfo>
          <Message>Test method FaceRecognition.Test.EigenFaceControlTest.EigenFaceControlConstructorTest threw exception: 
System.Windows.Markup.XamlParseException: 'Provide value on 'System.Windows.StaticResourceExtension' threw an exception.' Line number '9' and line position '10'. ---&gt; System.Exception: Cannot find resource named 'BorderStyle'. Resource names are case sensitive.</Message>
          <StackTrace>    at System.Windows.StaticResourceExtension.ProvideValueInternal(IServiceProvider serviceProvider, Boolean allowDeferredReference)
   at System.Windows.StaticResourceExtension.ProvideValue(IServiceProvider serviceProvider)
   at MS.Internal.Xaml.Runtime.ClrObjectRuntime.CallProvideValue(MarkupExtension me, IServiceProvider serviceProvider)
 --- End of inner exception stack trace ---
    at System.Windows.Markup.XamlReader.RewrapException(Exception e, IXamlLineInfo lineInfo, Uri baseUri)
   at System.Windows.Markup.WpfXamlLoader.Load(XamlReader xamlReader, IXamlObjectWriterFactory writerFactory, Boolean skipJournaledProperties, Object rootObject, XamlObjectWriterSettings settings, Uri baseUri)
   at System.Windows.Markup.WpfXamlLoader.LoadBaml(XamlReader xamlReader, Boolean skipJournaledProperties, Object rootObject, XamlAccessLevel accessLevel, Uri baseUri)
   at System.Windows.Markup.XamlReader.LoadBaml(Stream stream, ParserContext parserContext, Object parent, Boolean closeStream)
   at System.Windows.Application.LoadComponent(Object component, Uri resourceLocator)
   at FaceRecognition.Controls.RecognizeMehodsControls.EigenFaceControl.InitializeComponent() in d:\DiplomProject\FaceRecognition\Controls\RecognizeMehodsControls\EigenFaceControl.xaml:line 1
   at FaceRecognition.Controls.RecognizeMehodsControls.EigenFaceControl..ctor() in D:\DiplomProject\FaceRecognition\Controls\RecognizeMehodsControls\EigenFaceControl.xaml.cs:line 21
   at FaceRecognition.Test.EigenFaceControlTest.EigenFaceControlConstructorTest() in D:\DiplomProject\FaceRecognition\FaceRecognition.Test\EigenFaceControlTest.cs:line 128
</StackTrace>
        </ErrorInfo>
      </Output>
    </UnitTestResult>
    <UnitTestResult executionId="35b913a3-d326-4e8e-b440-c4817749cd3d" testId="e31b5823-cfc6-5ee5-e387-4af0b52fda8f" testName="selectOddImageBtn_ClickTest" computerName="MICROSOF-4C612A" duration="00:00:00.1292756" startTime="2011-05-29T01:26:52.8906250+03:00" endTime="2011-05-29T01:26:53.0312500+03:00" testType="13cdc9d9-ddb5-4fa4-a97d-d965ccfc6d4b" outcome="Failed" testListId="8c84fa94-04c1-424b-9868-57a2d4851a1d" relativeResultsDirectory="35b913a3-d326-4e8e-b440-c4817749cd3d">
      <Output>
        <ErrorInfo>
          <Message>Test method FaceRecognition.Test.SelectionTrainTestImagesControlTest.selectOddImageBtn_ClickTest threw exception: 
System.Windows.Markup.XamlParseException: 'Provide value on 'System.Windows.StaticResourceExtension' threw an exception.' Line number '12' and line position '10'. ---&gt; System.Exception: Cannot find resource named 'BorderStyle'. Resource names are case sensitive.</Message>
          <StackTrace>    at System.Windows.StaticResourceExtension.ProvideValueInternal(IServiceProvider serviceProvider, Boolean allowDeferredReference)
   at System.Windows.StaticResourceExtension.ProvideValue(IServiceProvider serviceProvider)
   at MS.Internal.Xaml.Runtime.ClrObjectRuntime.CallProvideValue(MarkupExtension me, IServiceProvider serviceProvider)
 --- End of inner exception stack trace ---
   at FaceRecognition.Controls.SelectionTrainTestImagesControl_Accessor..ctor()
   at FaceRecognition.Test.SelectionTrainTestImagesControlTest.selectOddImageBtn_ClickTest() in D:\DiplomProject\FaceRecognition\FaceRecognition.Test\SelectionTrainTestImagesControlTest.cs:line 77
</StackTrace>
        </ErrorInfo>
      </Output>
    </UnitTestResult>
    <UnitTestResult executionId="730d9f56-7853-4e14-a66f-1ebd0d2c3083" testId="9de08402-80a6-ea4a-e8e2-4c72e448860b" testName="selectEvenImageBtn_ClickTest" computerName="MICROSOF-4C612A" duration="00:00:00.0069262" startTime="2011-05-29T01:26:53.0625000+03:00" endTime="2011-05-29T01:26:53.0781250+03:00" testType="13cdc9d9-ddb5-4fa4-a97d-d965ccfc6d4b" outcome="Failed" testListId="8c84fa94-04c1-424b-9868-57a2d4851a1d" relativeResultsDirectory="730d9f56-7853-4e14-a66f-1ebd0d2c3083">
      <Output>
        <ErrorInfo>
          <Message>Test method FaceRecognition.Test.SelectionTrainTestImagesControlTest.selectEvenImageBtn_ClickTest threw exception: 
System.Windows.Markup.XamlParseException: 'Provide value on 'System.Windows.StaticResourceExtension' threw an exception.' Line number '12' and line position '10'. ---&gt; System.Exception: Cannot find resource named 'BorderStyle'. Resource names are case sensitive.</Message>
          <StackTrace>    at System.Windows.StaticResourceExtension.ProvideValueInternal(IServiceProvider serviceProvider, Boolean allowDeferredReference)
   at System.Windows.StaticResourceExtension.ProvideValue(IServiceProvider serviceProvider)
   at MS.Internal.Xaml.Runtime.ClrObjectRuntime.CallProvideValue(MarkupExtension me, IServiceProvider serviceProvider)
 --- End of inner exception stack trace ---
   at FaceRecognition.Controls.SelectionTrainTestImagesControl_Accessor..ctor()
   at FaceRecognition.Test.SelectionTrainTestImagesControlTest.selectEvenImageBtn_ClickTest() in D:\DiplomProject\FaceRecognition\FaceRecognition.Test\SelectionTrainTestImagesControlTest.cs:line 91
</StackTrace>
        </ErrorInfo>
      </Output>
    </UnitTestResult>
    <UnitTestResult executionId="56d7703c-c725-4f33-a34e-6c6fa1834b1d" testId="c319e922-c1dc-240b-7ae1-1ab81127b20a" testName="delSelTrainItemsBtn_ClickTest" computerName="MICROSOF-4C612A" duration="00:00:00.0082108" startTime="2011-05-29T01:26:53.0937500+03:00" endTime="2011-05-29T01:26:53.1093750+03:00" testType="13cdc9d9-ddb5-4fa4-a97d-d965ccfc6d4b" outcome="Failed" testListId="8c84fa94-04c1-424b-9868-57a2d4851a1d" relativeResultsDirectory="56d7703c-c725-4f33-a34e-6c6fa1834b1d">
      <Output>
        <ErrorInfo>
          <Message>Test method FaceRecognition.Test.SelectionTrainTestImagesControlTest.delSelTrainItemsBtn_ClickTest threw exception: 
System.Windows.Markup.XamlParseException: 'Provide value on 'System.Windows.StaticResourceExtension' threw an exception.' Line number '12' and line position '10'. ---&gt; System.Exception: Cannot find resource named 'BorderStyle'. Resource names are case sensitive.</Message>
          <StackTrace>    at System.Windows.StaticResourceExtension.ProvideValueInternal(IServiceProvider serviceProvider, Boolean allowDeferredReference)
   at System.Windows.StaticResourceExtension.ProvideValue(IServiceProvider serviceProvider)
   at MS.Internal.Xaml.Runtime.ClrObjectRuntime.CallProvideValue(MarkupExtension me, IServiceProvider serviceProvider)
 --- End of inner exception stack trace ---
   at FaceRecognition.Controls.SelectionTrainTestImagesControl_Accessor..ctor()
   at FaceRecognition.Test.SelectionTrainTestImagesControlTest.delSelTrainItemsBtn_ClickTest() in D:\DiplomProject\FaceRecognition\FaceRecognition.Test\SelectionTrainTestImagesControlTest.cs:line 105
</StackTrace>
        </ErrorInfo>
      </Output>
    </UnitTestResult>
    <UnitTestResult executionId="aadba249-4b24-405b-91ef-eb13be3d2131" testId="24817f9b-fdad-efa5-f15c-3503499b627a" testName="delSelTestItemsBtn_ClickTest" computerName="MICROSOF-4C612A" duration="00:00:00.0062264" startTime="2011-05-29T01:26:53.1250000+03:00" endTime="2011-05-29T01:26:53.1250000+03:00" testType="13cdc9d9-ddb5-4fa4-a97d-d965ccfc6d4b" outcome="Failed" testListId="8c84fa94-04c1-424b-9868-57a2d4851a1d" relativeResultsDirectory="aadba249-4b24-405b-91ef-eb13be3d2131">
      <Output>
        <ErrorInfo>
          <Message>Test method FaceRecognition.Test.SelectionTrainTestImagesControlTest.delSelTestItemsBtn_ClickTest threw exception: 
System.Windows.Markup.XamlParseException: 'Provide value on 'System.Windows.StaticResourceExtension' threw an exception.' Line number '12' and line position '10'. ---&gt; System.Exception: Cannot find resource named 'BorderStyle'. Resource names are case sensitive.</Message>
          <StackTrace>    at System.Windows.StaticResourceExtension.ProvideValueInternal(IServiceProvider serviceProvider, Boolean allowDeferredReference)
   at System.Windows.StaticResourceExtension.ProvideValue(IServiceProvider serviceProvider)
   at MS.Internal.Xaml.Runtime.ClrObjectRuntime.CallProvideValue(MarkupExtension me, IServiceProvider serviceProvider)
 --- End of inner exception stack trace ---
   at FaceRecognition.Controls.SelectionTrainTestImagesControl_Accessor..ctor()
   at FaceRecognition.Test.SelectionTrainTestImagesControlTest.delSelTestItemsBtn_ClickTest() in D:\DiplomProject\FaceRecognition\FaceRecognition.Test\SelectionTrainTestImagesControlTest.cs:line 119
</StackTrace>
        </ErrorInfo>
      </Output>
    </UnitTestResult>
    <UnitTestResult executionId="5f7d7734-a650-48ed-bacb-b0effed1408e" testId="7a70082a-f4a5-92e1-fade-11eb838295a1" testName="TrainImageListView_SelectionChangedTest" computerName="MICROSOF-4C612A" duration="00:00:00.0090575" startTime="2011-05-29T01:26:53.1406250+03:00" endTime="2011-05-29T01:26:53.1562500+03:00" testType="13cdc9d9-ddb5-4fa4-a97d-d965ccfc6d4b" outcome="Failed" testListId="8c84fa94-04c1-424b-9868-57a2d4851a1d" relativeResultsDirectory="5f7d7734-a650-48ed-bacb-b0effed1408e">
      <Output>
        <ErrorInfo>
          <Message>Test method FaceRecognition.Test.SelectionTrainTestImagesControlTest.TrainImageListView_SelectionChangedTest threw exception: 
System.Windows.Markup.XamlParseException: 'Provide value on 'System.Windows.StaticResourceExtension' threw an exception.' Line number '12' and line position '10'. ---&gt; System.Exception: Cannot find resource named 'BorderStyle'. Resource names are case sensitive.</Message>
          <StackTrace>    at System.Windows.StaticResourceExtension.ProvideValueInternal(IServiceProvider serviceProvider, Boolean allowDeferredReference)
   at System.Windows.StaticResourceExtension.ProvideValue(IServiceProvider serviceProvider)
   at MS.Internal.Xaml.Runtime.ClrObjectRuntime.CallProvideValue(MarkupExtension me, IServiceProvider serviceProvider)
 --- End of inner exception stack trace ---
   at FaceRecognition.Controls.SelectionTrainTestImagesControl_Accessor..ctor()
   at FaceRecognition.Test.SelectionTrainTestImagesControlTest.TrainImageListView_SelectionChangedTest() in D:\DiplomProject\FaceRecognition\FaceRecognition.Test\SelectionTrainTestImagesControlTest.cs:line 133
</StackTrace>
        </ErrorInfo>
      </Output>
    </UnitTestResult>
    <UnitTestResult executionId="70164022-f214-485d-8509-258efcdfcb98" testId="6ca4cf67-b687-208e-7d16-0458b5376126" testName="TestImageListView_SelectionChangedTest" computerName="MICROSOF-4C612A" duration="00:00:00.0107136" startTime="2011-05-29T01:26:53.1718750+03:00" endTime="2011-05-29T01:26:53.1875000+03:00" testType="13cdc9d9-ddb5-4fa4-a97d-d965ccfc6d4b" outcome="Failed" testListId="8c84fa94-04c1-424b-9868-57a2d4851a1d" relativeResultsDirectory="70164022-f214-485d-8509-258efcdfcb98">
      <Output>
        <ErrorInfo>
          <Message>Test method FaceRecognition.Test.SelectionTrainTestImagesControlTest.TestImageListView_SelectionChangedTest threw exception: 
System.Windows.Markup.XamlParseException: 'Provide value on 'System.Windows.StaticResourceExtension' threw an exception.' Line number '12' and line position '10'. ---&gt; System.Exception: Cannot find resource named 'BorderStyle'. Resource names are case sensitive.</Message>
          <StackTrace>    at System.Windows.StaticResourceExtension.ProvideValueInternal(IServiceProvider serviceProvider, Boolean allowDeferredReference)
   at System.Windows.StaticResourceExtension.ProvideValue(IServiceProvider serviceProvider)
   at MS.Internal.Xaml.Runtime.ClrObjectRuntime.CallProvideValue(MarkupExtension me, IServiceProvider serviceProvider)
 --- End of inner exception stack trace ---
   at FaceRecognition.Controls.SelectionTrainTestImagesControl_Accessor..ctor()
   at FaceRecognition.Test.SelectionTrainTestImagesControlTest.TestImageListView_SelectionChangedTest() in D:\DiplomProject\FaceRecognition\FaceRecognition.Test\SelectionTrainTestImagesControlTest.cs:line 147
</StackTrace>
        </ErrorInfo>
      </Output>
    </UnitTestResult>
    <UnitTestResult executionId="fbf1907a-626a-4357-a132-40bb7dc7025e" testId="7ed933c2-5fd8-e60c-2061-cfb8096d2ac7" testName="ConnectTest" computerName="MICROSOF-4C612A" duration="00:00:00.0087424" startTime="2011-05-29T01:26:53.2031250+03:00" endTime="2011-05-29T01:26:53.2187500+03:00" testType="13cdc9d9-ddb5-4fa4-a97d-d965ccfc6d4b" outcome="Failed" testListId="8c84fa94-04c1-424b-9868-57a2d4851a1d" relativeResultsDirectory="fbf1907a-626a-4357-a132-40bb7dc7025e">
      <Output>
        <ErrorInfo>
          <Message>Test method FaceRecognition.Test.SelectionTrainTestImagesControlTest.ConnectTest threw exception: 
System.Windows.Markup.XamlParseException: 'Provide value on 'System.Windows.StaticResourceExtension' threw an exception.' Line number '12' and line position '10'. ---&gt; System.Exception: Cannot find resource named 'BorderStyle'. Resource names are case sensitive.</Message>
          <StackTrace>    at System.Windows.StaticResourceExtension.ProvideValueInternal(IServiceProvider serviceProvider, Boolean allowDeferredReference)
   at System.Windows.StaticResourceExtension.ProvideValue(IServiceProvider serviceProvider)
   at MS.Internal.Xaml.Runtime.ClrObjectRuntime.CallProvideValue(MarkupExtension me, IServiceProvider serviceProvider)
 --- End of inner exception stack trace ---
    at System.Windows.Markup.XamlReader.RewrapException(Exception e, IXamlLineInfo lineInfo, Uri baseUri)
   at System.Windows.Markup.WpfXamlLoader.Load(XamlReader xamlReader, IXamlObjectWriterFactory writerFactory, Boolean skipJournaledProperties, Object rootObject, XamlObjectWriterSettings settings, Uri baseUri)
   at System.Windows.Markup.WpfXamlLoader.LoadBaml(XamlReader xamlReader, Boolean skipJournaledProperties, Object rootObject, XamlAccessLevel accessLevel, Uri baseUri)
   at System.Windows.Markup.XamlReader.LoadBaml(Stream stream, ParserContext parserContext, Object parent, Boolean closeStream)
   at System.Windows.Application.LoadComponent(Object component, Uri resourceLocator)
   at FaceRecognition.Controls.SelectionTrainTestImagesControl.InitializeComponent() in d:\DiplomProject\FaceRecognition\Controls\SelectionTrainTestImagesControl.xaml:line 1
   at FaceRecognition.Controls.SelectionTrainTestImagesControl..ctor() in D:\DiplomProject\FaceRecognition\Controls\SelectionTrainTestImagesControl.xaml.cs:line 37
   at FaceRecognition.Test.SelectionTrainTestImagesControlTest.ConnectTest() in D:\DiplomProject\FaceRecognition\FaceRecognition.Test\SelectionTrainTestImagesControlTest.cs:line 161
</StackTrace>
        </ErrorInfo>
      </Output>
    </UnitTestResult>
    <UnitTestResult executionId="d884dda9-6026-4b67-a492-5fe6c4f1147b" testId="927a4006-b439-899f-481e-787691c7a920" testName="InitializeComponentTest" computerName="MICROSOF-4C612A" duration="00:00:00.0110346" startTime="2011-05-29T01:26:53.2343750+03:00" endTime="2011-05-29T01:26:53.2500000+03:00" testType="13cdc9d9-ddb5-4fa4-a97d-d965ccfc6d4b" outcome="Failed" testListId="8c84fa94-04c1-424b-9868-57a2d4851a1d" relativeResultsDirectory="d884dda9-6026-4b67-a492-5fe6c4f1147b">
      <Output>
        <ErrorInfo>
          <Message>Test method FaceRecognition.Test.SelectionTrainTestImagesControlTest.InitializeComponentTest threw exception: 
System.Windows.Markup.XamlParseException: 'Provide value on 'System.Windows.StaticResourceExtension' threw an exception.' Line number '12' and line position '10'. ---&gt; System.Exception: Cannot find resource named 'BorderStyle'. Resource names are case sensitive.</Message>
          <StackTrace>    at System.Windows.StaticResourceExtension.ProvideValueInternal(IServiceProvider serviceProvider, Boolean allowDeferredReference)
   at System.Windows.StaticResourceExtension.ProvideValue(IServiceProvider serviceProvider)
   at MS.Internal.Xaml.Runtime.ClrObjectRuntime.CallProvideValue(MarkupExtension me, IServiceProvider serviceProvider)
 --- End of inner exception stack trace ---
    at System.Windows.Markup.XamlReader.RewrapException(Exception e, IXamlLineInfo lineInfo, Uri baseUri)
   at System.Windows.Markup.WpfXamlLoader.Load(XamlReader xamlReader, IXamlObjectWriterFactory writerFactory, Boolean skipJournaledProperties, Object rootObject, XamlObjectWriterSettings settings, Uri baseUri)
   at System.Windows.Markup.WpfXamlLoader.LoadBaml(XamlReader xamlReader, Boolean skipJournaledProperties, Object rootObject, XamlAccessLevel accessLevel, Uri baseUri)
   at System.Windows.Markup.XamlReader.LoadBaml(Stream stream, ParserContext parserContext, Object parent, Boolean closeStream)
   at System.Windows.Application.LoadComponent(Object component, Uri resourceLocator)
   at FaceRecognition.Controls.SelectionTrainTestImagesControl.InitializeComponent() in d:\DiplomProject\FaceRecognition\Controls\SelectionTrainTestImagesControl.xaml:line 1
   at FaceRecognition.Controls.SelectionTrainTestImagesControl..ctor() in D:\DiplomProject\FaceRecognition\Controls\SelectionTrainTestImagesControl.xaml.cs:line 37
   at FaceRecognition.Test.SelectionTrainTestImagesControlTest.InitializeComponentTest() in D:\DiplomProject\FaceRecognition\FaceRecognition.Test\SelectionTrainTestImagesControlTest.cs:line 174
</StackTrace>
        </ErrorInfo>
      </Output>
    </UnitTestResult>
    <UnitTestResult executionId="32b4ff16-456e-4704-a14c-063f564762ef" testId="5e351464-e6a6-1d5f-1dcc-825209ba7726" testName="DropTrainImageTest" computerName="MICROSOF-4C612A" duration="00:00:00.0069120" startTime="2011-05-29T01:26:53.2500000+03:00" endTime="2011-05-29T01:26:53.2812500+03:00" testType="13cdc9d9-ddb5-4fa4-a97d-d965ccfc6d4b" outcome="Failed" testListId="8c84fa94-04c1-424b-9868-57a2d4851a1d" relativeResultsDirectory="32b4ff16-456e-4704-a14c-063f564762ef">
      <Output>
        <ErrorInfo>
          <Message>Test method FaceRecognition.Test.SelectionTrainTestImagesControlTest.DropTrainImageTest threw exception: 
System.Windows.Markup.XamlParseException: 'Provide value on 'System.Windows.StaticResourceExtension' threw an exception.' Line number '12' and line position '10'. ---&gt; System.Exception: Cannot find resource named 'BorderStyle'. Resource names are case sensitive.</Message>
          <StackTrace>    at System.Windows.StaticResourceExtension.ProvideValueInternal(IServiceProvider serviceProvider, Boolean allowDeferredReference)
   at System.Windows.StaticResourceExtension.ProvideValue(IServiceProvider serviceProvider)
   at MS.Internal.Xaml.Runtime.ClrObjectRuntime.CallProvideValue(MarkupExtension me, IServiceProvider serviceProvider)
 --- End of inner exception stack trace ---
   at FaceRecognition.Controls.SelectionTrainTestImagesControl_Accessor..ctor()
   at FaceRecognition.Test.SelectionTrainTestImagesControlTest.DropTrainImageTest() in D:\DiplomProject\FaceRecognition\FaceRecognition.Test\SelectionTrainTestImagesControlTest.cs:line 186
</StackTrace>
        </ErrorInfo>
      </Output>
    </UnitTestResult>
    <UnitTestResult executionId="3da9490d-4d0e-4546-983d-8d0bd8b55b79" testId="78ad72bf-7f5b-5cdd-77f4-ebbcb8a73c9d" testName="DropTestImageTest" computerName="MICROSOF-4C612A" duration="00:00:00.0062926" startTime="2011-05-29T01:26:53.2812500+03:00" endTime="2011-05-29T01:26:53.3125000+03:00" testType="13cdc9d9-ddb5-4fa4-a97d-d965ccfc6d4b" outcome="Failed" testListId="8c84fa94-04c1-424b-9868-57a2d4851a1d" relativeResultsDirectory="3da9490d-4d0e-4546-983d-8d0bd8b55b79">
      <Output>
        <ErrorInfo>
          <Message>Test method FaceRecognition.Test.SelectionTrainTestImagesControlTest.DropTestImageTest threw exception: 
System.Windows.Markup.XamlParseException: 'Provide value on 'System.Windows.StaticResourceExtension' threw an exception.' Line number '12' and line position '10'. ---&gt; System.Exception: Cannot find resource named 'BorderStyle'. Resource names are case sensitive.</Message>
          <StackTrace>    at System.Windows.StaticResourceExtension.ProvideValueInternal(IServiceProvider serviceProvider, Boolean allowDeferredReference)
   at System.Windows.StaticResourceExtension.ProvideValue(IServiceProvider serviceProvider)
   at MS.Internal.Xaml.Runtime.ClrObjectRuntime.CallProvideValue(MarkupExtension me, IServiceProvider serviceProvider)
 --- End of inner exception stack trace ---
   at FaceRecognition.Controls.SelectionTrainTestImagesControl_Accessor..ctor()
   at FaceRecognition.Test.SelectionTrainTestImagesControlTest.DropTestImageTest() in D:\DiplomProject\FaceRecognition\FaceRecognition.Test\SelectionTrainTestImagesControlTest.cs:line 200
</StackTrace>
        </ErrorInfo>
      </Output>
    </UnitTestResult>
    <UnitTestResult executionId="3777aed2-b169-4066-99f8-15a33eb0e7c1" testId="f9a1bf3a-c77f-a2ad-68ef-17d0e6c0c0ae" testName="SelectionTrainTestImagesControlConstructorTest" computerName="MICROSOF-4C612A" duration="00:00:00.0057155" startTime="2011-05-29T01:26:53.3125000+03:00" endTime="2011-05-29T01:26:53.3437500+03:00" testType="13cdc9d9-ddb5-4fa4-a97d-d965ccfc6d4b" outcome="Failed" testListId="8c84fa94-04c1-424b-9868-57a2d4851a1d" relativeResultsDirectory="3777aed2-b169-4066-99f8-15a33eb0e7c1">
      <Output>
        <ErrorInfo>
          <Message>Test method FaceRecognition.Test.SelectionTrainTestImagesControlTest.SelectionTrainTestImagesControlConstructorTest threw exception: 
System.Windows.Markup.XamlParseException: 'Provide value on 'System.Windows.StaticResourceExtension' threw an exception.' Line number '12' and line position '10'. ---&gt; System.Exception: Cannot find resource named 'BorderStyle'. Resource names are case sensitive.</Message>
          <StackTrace>    at System.Windows.StaticResourceExtension.ProvideValueInternal(IServiceProvider serviceProvider, Boolean allowDeferredReference)
   at System.Windows.StaticResourceExtension.ProvideValue(IServiceProvider serviceProvider)
   at MS.Internal.Xaml.Runtime.ClrObjectRuntime.CallProvideValue(MarkupExtension me, IServiceProvider serviceProvider)
 --- End of inner exception stack trace ---
    at System.Windows.Markup.XamlReader.RewrapException(Exception e, IXamlLineInfo lineInfo, Uri baseUri)
   at System.Windows.Markup.WpfXamlLoader.Load(XamlReader xamlReader, IXamlObjectWriterFactory writerFactory, Boolean skipJournaledProperties, Object rootObject, XamlObjectWriterSettings settings, Uri baseUri)
   at System.Windows.Markup.WpfXamlLoader.LoadBaml(XamlReader xamlReader, Boolean skipJournaledProperties, Object rootObject, XamlAccessLevel accessLevel, Uri baseUri)
   at System.Windows.Markup.XamlReader.LoadBaml(Stream stream, ParserContext parserContext, Object parent, Boolean closeStream)
   at System.Windows.Application.LoadComponent(Object component, Uri resourceLocator)
   at FaceRecognition.Controls.SelectionTrainTestImagesControl.InitializeComponent() in d:\DiplomProject\FaceRecognition\Controls\SelectionTrainTestImagesControl.xaml:line 1
   at FaceRecognition.Controls.SelectionTrainTestImagesControl..ctor() in D:\DiplomProject\FaceRecognition\Controls\SelectionTrainTestImagesControl.xaml.cs:line 37
   at FaceRecognition.Test.SelectionTrainTestImagesControlTest.SelectionTrainTestImagesControlConstructorTest() in D:\DiplomProject\FaceRecognition\FaceRecognition.Test\SelectionTrainTestImagesControlTest.cs:line 213
</StackTrace>
        </ErrorInfo>
      </Output>
    </UnitTestResult>
    <UnitTestResult executionId="60dc981d-2b06-4a5b-9ea6-60fcda55d0b7" testId="1e9f5be8-6527-3e03-a71f-172527d98276" testName="ConnectTest" computerName="MICROSOF-4C612A" duration="00:00:00.0819294" startTime="2011-05-29T01:26:53.3437500+03:00" endTime="2011-05-29T01:26:53.4375000+03:00" testType="13cdc9d9-ddb5-4fa4-a97d-d965ccfc6d4b" outcome="Failed" testListId="8c84fa94-04c1-424b-9868-57a2d4851a1d" relativeResultsDirectory="60dc981d-2b06-4a5b-9ea6-60fcda55d0b7">
      <Output>
        <ErrorInfo>
          <Message>Test method FaceRecognition.Test.SelectionRecognitionMethodControlTest.ConnectTest threw exception: 
System.Windows.Markup.XamlParseException: 'Provide value on 'System.Windows.StaticResourceExtension' threw an exception.' Line number '6' and line position '10'. ---&gt; System.Exception: Cannot find resource named 'BorderStyle'. Resource names are case sensitive.</Message>
          <StackTrace>    at System.Windows.StaticResourceExtension.ProvideValueInternal(IServiceProvider serviceProvider, Boolean allowDeferredReference)
   at System.Windows.StaticResourceExtension.ProvideValue(IServiceProvider serviceProvider)
   at MS.Internal.Xaml.Runtime.ClrObjectRuntime.CallProvideValue(MarkupExtension me, IServiceProvider serviceProvider)
 --- End of inner exception stack trace ---
    at System.Windows.Markup.XamlReader.RewrapException(Exception e, IXamlLineInfo lineInfo, Uri baseUri)
   at System.Windows.Markup.WpfXamlLoader.Load(XamlReader xamlReader, IXamlObjectWriterFactory writerFactory, Boolean skipJournaledProperties, Object rootObject, XamlObjectWriterSettings settings, Uri baseUri)
   at System.Windows.Markup.WpfXamlLoader.LoadBaml(XamlReader xamlReader, Boolean skipJournaledProperties, Object rootObject, XamlAccessLevel accessLevel, Uri baseUri)
   at System.Windows.Markup.XamlReader.LoadBaml(Stream stream, ParserContext parserContext, Object parent, Boolean closeStream)
   at System.Windows.Application.LoadComponent(Object component, Uri resourceLocator)
   at FaceRecognition.Controls.SelectionRecognitionMethodControl.InitializeComponent() in d:\DiplomProject\FaceRecognition\Controls\SelectionRecognitionMethodControl.xaml:line 1
   at FaceRecognition.Controls.SelectionRecognitionMethodControl..ctor() in D:\DiplomProject\FaceRecognition\Controls\SelectionRecognitionMethodControl.xaml.cs:line 33
   at FaceRecognition.Test.SelectionRecognitionMethodControlTest.ConnectTest() in D:\DiplomProject\FaceRecognition\FaceRecognition.Test\SelectionRecognitionMethodControlTest.cs:line 76
</StackTrace>
        </ErrorInfo>
      </Output>
    </UnitTestResult>
    <UnitTestResult executionId="350eff24-dd78-4d83-95c4-89e243d30bbf" testId="1fc33f4e-eedc-2d62-2c08-2da1bbbb39a1" testName="RecognitionMethodsListBox_SelectionChangedTest" computerName="MICROSOF-4C612A" duration="00:00:00.0109038" startTime="2011-05-29T01:26:53.4531250+03:00" endTime="2011-05-29T01:26:53.4687500+03:00" testType="13cdc9d9-ddb5-4fa4-a97d-d965ccfc6d4b" outcome="Failed" testListId="8c84fa94-04c1-424b-9868-57a2d4851a1d" relativeResultsDirectory="350eff24-dd78-4d83-95c4-89e243d30bbf">
      <Output>
        <ErrorInfo>
          <Message>Test method FaceRecognition.Test.SelectionRecognitionMethodControlTest.RecognitionMethodsListBox_SelectionChangedTest threw exception: 
System.Windows.Markup.XamlParseException: 'Provide value on 'System.Windows.StaticResourceExtension' threw an exception.' Line number '6' and line position '10'. ---&gt; System.Exception: Cannot find resource named 'BorderStyle'. Resource names are case sensitive.</Message>
          <StackTrace>    at System.Windows.StaticResourceExtension.ProvideValueInternal(IServiceProvider serviceProvider, Boolean allowDeferredReference)
   at System.Windows.StaticResourceExtension.ProvideValue(IServiceProvider serviceProvider)
   at MS.Internal.Xaml.Runtime.ClrObjectRuntime.CallProvideValue(MarkupExtension me, IServiceProvider serviceProvider)
 --- End of inner exception stack trace ---
   at FaceRecognition.Controls.SelectionRecognitionMethodControl_Accessor..ctor()
   at FaceRecognition.Test.SelectionRecognitionMethodControlTest.RecognitionMethodsListBox_SelectionChangedTest() in D:\DiplomProject\FaceRecognition\FaceRecognition.Test\SelectionRecognitionMethodControlTest.cs:line 90
</StackTrace>
        </ErrorInfo>
      </Output>
    </UnitTestResult>
    <UnitTestResult executionId="459dc6d9-cf96-4b8d-96b6-8d515beb378b" testId="5d074bed-73c1-a345-2808-beeda94b18b6" testName="OnClearRecognizedFacesPanelTest" computerName="MICROSOF-4C612A" duration="00:00:00.0060409" startTime="2011-05-29T01:26:53.4843750+03:00" endTime="2011-05-29T01:26:53.5000000+03:00" testType="13cdc9d9-ddb5-4fa4-a97d-d965ccfc6d4b" outcome="Failed" testListId="8c84fa94-04c1-424b-9868-57a2d4851a1d" relativeResultsDirectory="459dc6d9-cf96-4b8d-96b6-8d515beb378b">
      <Output>
        <ErrorInfo>
          <Message>Test method FaceRecognition.Test.SelectionRecognitionMethodControlTest.OnClearRecognizedFacesPanelTest threw exception: 
System.Windows.Markup.XamlParseException: 'Provide value on 'System.Windows.StaticResourceExtension' threw an exception.' Line number '6' and line position '10'. ---&gt; System.Exception: Cannot find resource named 'BorderStyle'. Resource names are case sensitive.</Message>
          <StackTrace>    at System.Windows.StaticResourceExtension.ProvideValueInternal(IServiceProvider serviceProvider, Boolean allowDeferredReference)
   at System.Windows.StaticResourceExtension.ProvideValue(IServiceProvider serviceProvider)
   at MS.Internal.Xaml.Runtime.ClrObjectRuntime.CallProvideValue(MarkupExtension me, IServiceProvider serviceProvider)
 --- End of inner exception stack trace ---
   at FaceRecognition.Controls.SelectionRecognitionMethodControl_Accessor..ctor()
   at FaceRecognition.Test.SelectionRecognitionMethodControlTest.OnClearRecognizedFacesPanelTest() in D:\DiplomProject\FaceRecognition\FaceRecognition.Test\SelectionRecognitionMethodControlTest.cs:line 104
</StackTrace>
        </ErrorInfo>
      </Output>
    </UnitTestResult>
    <UnitTestResult executionId="ae177e81-ba05-4b84-bd21-d5cc725d80a5" testId="823ec556-c4c9-7f4f-86f4-46732f7445ca" testName="InitializeComponentTest" computerName="MICROSOF-4C612A" duration="00:00:00.0067477" startTime="2011-05-29T01:26:53.5156250+03:00" endTime="2011-05-29T01:26:53.5312500+03:00" testType="13cdc9d9-ddb5-4fa4-a97d-d965ccfc6d4b" outcome="Failed" testListId="8c84fa94-04c1-424b-9868-57a2d4851a1d" relativeResultsDirectory="ae177e81-ba05-4b84-bd21-d5cc725d80a5">
      <Output>
        <ErrorInfo>
          <Message>Test method FaceRecognition.Test.SelectionRecognitionMethodControlTest.InitializeComponentTest threw exception: 
System.Windows.Markup.XamlParseException: 'Provide value on 'System.Windows.StaticResourceExtension' threw an exception.' Line number '6' and line position '10'. ---&gt; System.Exception: Cannot find resource named 'BorderStyle'. Resource names are case sensitive.</Message>
          <StackTrace>    at System.Windows.StaticResourceExtension.ProvideValueInternal(IServiceProvider serviceProvider, Boolean allowDeferredReference)
   at System.Windows.StaticResourceExtension.ProvideValue(IServiceProvider serviceProvider)
   at MS.Internal.Xaml.Runtime.ClrObjectRuntime.CallProvideValue(MarkupExtension me, IServiceProvider serviceProvider)
 --- End of inner exception stack trace ---
    at System.Windows.Markup.XamlReader.RewrapException(Exception e, IXamlLineInfo lineInfo, Uri baseUri)
   at System.Windows.Markup.WpfXamlLoader.Load(XamlReader xamlReader, IXamlObjectWriterFactory writerFactory, Boolean skipJournaledProperties, Object rootObject, XamlObjectWriterSettings settings, Uri baseUri)
   at System.Windows.Markup.WpfXamlLoader.LoadBaml(XamlReader xamlReader, Boolean skipJournaledProperties, Object rootObject, XamlAccessLevel accessLevel, Uri baseUri)
   at System.Windows.Markup.XamlReader.LoadBaml(Stream stream, ParserContext parserContext, Object parent, Boolean closeStream)
   at System.Windows.Application.LoadComponent(Object component, Uri resourceLocator)
   at FaceRecognition.Controls.SelectionRecognitionMethodControl.InitializeComponent() in d:\DiplomProject\FaceRecognition\Controls\SelectionRecognitionMethodControl.xaml:line 1
   at FaceRecognition.Controls.SelectionRecognitionMethodControl..ctor() in D:\DiplomProject\FaceRecognition\Controls\SelectionRecognitionMethodControl.xaml.cs:line 33
   at FaceRecognition.Test.SelectionRecognitionMethodControlTest.InitializeComponentTest() in D:\DiplomProject\FaceRecognition\FaceRecognition.Test\SelectionRecognitionMethodControlTest.cs:line 115
</StackTrace>
        </ErrorInfo>
      </Output>
    </UnitTestResult>
    <UnitTestResult executionId="ee91c603-c68f-4244-b6f8-60b96d99860d" testId="00f40929-2ad1-8fa1-f715-227f47318de8" testName="CreateControlTest" computerName="MICROSOF-4C612A" duration="00:00:00.0093964" startTime="2011-05-29T01:26:53.5468750+03:00" endTime="2011-05-29T01:26:53.5625000+03:00" testType="13cdc9d9-ddb5-4fa4-a97d-d965ccfc6d4b" outcome="Failed" testListId="8c84fa94-04c1-424b-9868-57a2d4851a1d" relativeResultsDirectory="ee91c603-c68f-4244-b6f8-60b96d99860d">
      <Output>
        <ErrorInfo>
          <Message>Test method FaceRecognition.Test.SelectionRecognitionMethodControlTest.CreateControlTest threw exception: 
System.Windows.Markup.XamlParseException: 'Provide value on 'System.Windows.StaticResourceExtension' threw an exception.' Line number '6' and line position '10'. ---&gt; System.Exception: Cannot find resource named 'BorderStyle'. Resource names are case sensitive.</Message>
          <StackTrace>    at System.Windows.StaticResourceExtension.ProvideValueInternal(IServiceProvider serviceProvider, Boolean allowDeferredReference)
   at System.Windows.StaticResourceExtension.ProvideValue(IServiceProvider serviceProvider)
   at MS.Internal.Xaml.Runtime.ClrObjectRuntime.CallProvideValue(MarkupExtension me, IServiceProvider serviceProvider)
 --- End of inner exception stack trace ---
   at FaceRecognition.Controls.SelectionRecognitionMethodControl_Accessor..ctor()
   at FaceRecognition.Test.SelectionRecognitionMethodControlTest.CreateControlTest() in D:\DiplomProject\FaceRecognition\FaceRecognition.Test\SelectionRecognitionMethodControlTest.cs:line 127
</StackTrace>
        </ErrorInfo>
      </Output>
    </UnitTestResult>
    <UnitTestResult executionId="fd3be5f7-24d6-44c6-9752-9d53433d9908" testId="f579899e-5153-04fd-0cb0-cc563aa22b9d" testName="SelectionRecognitionMethodControlConstructorTest" computerName="MICROSOF-4C612A" duration="00:00:00.0045394" startTime="2011-05-29T01:26:53.5937500+03:00" endTime="2011-05-29T01:26:53.6093750+03:00" testType="13cdc9d9-ddb5-4fa4-a97d-d965ccfc6d4b" outcome="Failed" testListId="8c84fa94-04c1-424b-9868-57a2d4851a1d" relativeResultsDirectory="fd3be5f7-24d6-44c6-9752-9d53433d9908">
      <Output>
        <ErrorInfo>
          <Message>Test method FaceRecognition.Test.SelectionRecognitionMethodControlTest.SelectionRecognitionMethodControlConstructorTest threw exception: 
System.Windows.Markup.XamlParseException: 'Provide value on 'System.Windows.StaticResourceExtension' threw an exception.' Line number '6' and line position '10'. ---&gt; System.Exception: Cannot find resource named 'BorderStyle'. Resource names are case sensitive.</Message>
          <StackTrace>    at System.Windows.StaticResourceExtension.ProvideValueInternal(IServiceProvider serviceProvider, Boolean allowDeferredReference)
   at System.Windows.StaticResourceExtension.ProvideValue(IServiceProvider serviceProvider)
   at MS.Internal.Xaml.Runtime.ClrObjectRuntime.CallProvideValue(MarkupExtension me, IServiceProvider serviceProvider)
 --- End of inner exception stack trace ---
    at System.Windows.Markup.XamlReader.RewrapException(Exception e, IXamlLineInfo lineInfo, Uri baseUri)
   at System.Windows.Markup.WpfXamlLoader.Load(XamlReader xamlReader, IXamlObjectWriterFactory writerFactory, Boolean skipJournaledProperties, Object rootObject, XamlObjectWriterSettings settings, Uri baseUri)
   at System.Windows.Markup.WpfXamlLoader.LoadBaml(XamlReader xamlReader, Boolean skipJournaledProperties, Object rootObject, XamlAccessLevel accessLevel, Uri baseUri)
   at System.Windows.Markup.XamlReader.LoadBaml(Stream stream, ParserContext parserContext, Object parent, Boolean closeStream)
   at System.Windows.Application.LoadComponent(Object component, Uri resourceLocator)
   at FaceRecognition.Controls.SelectionRecognitionMethodControl.InitializeComponent() in d:\DiplomProject\FaceRecognition\Controls\SelectionRecognitionMethodControl.xaml:line 1
   at FaceRecognition.Controls.SelectionRecognitionMethodControl..ctor() in D:\DiplomProject\FaceRecognition\Controls\SelectionRecognitionMethodControl.xaml.cs:line 33
   at FaceRecognition.Test.SelectionRecognitionMethodControlTest.SelectionRecognitionMethodControlConstructorTest() in D:\DiplomProject\FaceRecognition\FaceRecognition.Test\SelectionRecognitionMethodControlTest.cs:line 139
</StackTrace>
        </ErrorInfo>
      </Output>
    </UnitTestResult>
    <UnitTestResult executionId="86d42629-b0f7-4dcc-bd47-f74c5ed6d04d" testId="f3ba710c-b7c2-b59f-b42c-0834e453543e" testName="ConnectTest" computerName="MICROSOF-4C612A" duration="00:00:00.0444095" startTime="2011-05-29T01:26:53.6093750+03:00" endTime="2011-05-29T01:26:53.6718750+03:00" testType="13cdc9d9-ddb5-4fa4-a97d-d965ccfc6d4b" outcome="Failed" testListId="8c84fa94-04c1-424b-9868-57a2d4851a1d" relativeResultsDirectory="86d42629-b0f7-4dcc-bd47-f74c5ed6d04d">
      <Output>
        <ErrorInfo>
          <Message>Test method FaceRecognition.Test.SelectionDataBaseControlTest.ConnectTest threw exception: 
System.Windows.Markup.XamlParseException: 'Provide value on 'System.Windows.StaticResourceExtension' threw an exception.' Line number '19' and line position '17'. ---&gt; System.Exception: Cannot find resource named 'BorderStyle'. Resource names are case sensitive.</Message>
          <StackTrace>    at System.Windows.StaticResourceExtension.ProvideValueInternal(IServiceProvider serviceProvider, Boolean allowDeferredReference)
   at System.Windows.StaticResourceExtension.ProvideValue(IServiceProvider serviceProvider)
   at MS.Internal.Xaml.Runtime.ClrObjectRuntime.CallProvideValue(MarkupExtension me, IServiceProvider serviceProvider)
 --- End of inner exception stack trace ---
    at System.Windows.Markup.XamlReader.RewrapException(Exception e, IXamlLineInfo lineInfo, Uri baseUri)
   at System.Windows.Markup.WpfXamlLoader.Load(XamlReader xamlReader, IXamlObjectWriterFactory writerFactory, Boolean skipJournaledProperties, Object rootObject, XamlObjectWriterSettings settings, Uri baseUri)
   at System.Windows.Markup.WpfXamlLoader.LoadBaml(XamlReader xamlReader, Boolean skipJournaledProperties, Object rootObject, XamlAccessLevel accessLevel, Uri baseUri)
   at System.Windows.Markup.XamlReader.LoadBaml(Stream stream, ParserContext parserContext, Object parent, Boolean closeStream)
   at System.Windows.Application.LoadComponent(Object component, Uri resourceLocator)
   at FaceRecognition.Controls.SelectionDataBaseControl.InitializeComponent() in d:\DiplomProject\FaceRecognition\Controls\SelectionDataBaseControl.xaml:line 1
   at FaceRecognition.Controls.SelectionDataBaseControl..ctor() in D:\DiplomProject\FaceRecognition\Controls\SelectionDataBaseControl.xaml.cs:line 30
   at FaceRecognition.Test.SelectionDataBaseControlTest.ConnectTest() in D:\DiplomProject\FaceRecognition\FaceRecognition.Test\SelectionDataBaseControlTest.cs:line 76
</StackTrace>
        </ErrorInfo>
      </Output>
    </UnitTestResult>
    <UnitTestResult executionId="cf8bf76d-0c4d-43ed-80df-d2845f62b5cf" testId="b1207c69-f87a-f1aa-7c29-280503b394c5" testName="LoadDataTest" computerName="MICROSOF-4C612A" duration="00:00:00.0105552" startTime="2011-05-29T01:26:53.6875000+03:00" endTime="2011-05-29T01:26:53.7031250+03:00" testType="13cdc9d9-ddb5-4fa4-a97d-d965ccfc6d4b" outcome="Failed" testListId="8c84fa94-04c1-424b-9868-57a2d4851a1d" relativeResultsDirectory="cf8bf76d-0c4d-43ed-80df-d2845f62b5cf">
      <Output>
        <DebugTrace>SelectionRecognitionMethodViewModel () (115000) Finalized
SelectionRecognitionMethodViewModel () (1495009) Finalized
SelectionDataBaseViewModel () (19435124) Finalized
SelectionDataBaseViewModel () (51330024) Finalized
SelectionRecognitionMethodViewModel () (63310539) Finalized
</DebugTrace>
        <ErrorInfo>
          <Message>Test method FaceRecognition.Test.SelectionDataBaseControlTest.LoadDataTest threw exception: 
System.Windows.Markup.XamlParseException: 'Provide value on 'System.Windows.StaticResourceExtension' threw an exception.' Line number '19' and line position '17'. ---&gt; System.Exception: Cannot find resource named 'BorderStyle'. Resource names are case sensitive.</Message>
          <StackTrace>    at System.Windows.StaticResourceExtension.ProvideValueInternal(IServiceProvider serviceProvider, Boolean allowDeferredReference)
   at System.Windows.StaticResourceExtension.ProvideValue(IServiceProvider serviceProvider)
   at MS.Internal.Xaml.Runtime.ClrObjectRuntime.CallProvideValue(MarkupExtension me, IServiceProvider serviceProvider)
 --- End of inner exception stack trace ---
   at FaceRecognition.Controls.SelectionDataBaseControl_Accessor..ctor()
   at FaceRecognition.Test.SelectionDataBaseControlTest.LoadDataTest() in D:\DiplomProject\FaceRecognition\FaceRecognition.Test\SelectionDataBaseControlTest.cs:line 90
</StackTrace>
        </ErrorInfo>
      </Output>
    </UnitTestResult>
    <UnitTestResult executionId="cf1b45a6-53a7-47df-9d65-b37ad24796a5" testId="72607838-811d-b0e5-0d24-ce32cf4d3766" testName="InitializeComponentTest" computerName="MICROSOF-4C612A" duration="00:00:00.0079141" startTime="2011-05-29T01:26:53.7187500+03:00" endTime="2011-05-29T01:26:53.7343750+03:00" testType="13cdc9d9-ddb5-4fa4-a97d-d965ccfc6d4b" outcome="Failed" testListId="8c84fa94-04c1-424b-9868-57a2d4851a1d" relativeResultsDirectory="cf1b45a6-53a7-47df-9d65-b37ad24796a5">
      <Output>
        <ErrorInfo>
          <Message>Test method FaceRecognition.Test.SelectionDataBaseControlTest.InitializeComponentTest threw exception: 
System.Windows.Markup.XamlParseException: 'Provide value on 'System.Windows.StaticResourceExtension' threw an exception.' Line number '19' and line position '17'. ---&gt; System.Exception: Cannot find resource named 'BorderStyle'. Resource names are case sensitive.</Message>
          <StackTrace>    at System.Windows.StaticResourceExtension.ProvideValueInternal(IServiceProvider serviceProvider, Boolean allowDeferredReference)
   at System.Windows.StaticResourceExtension.ProvideValue(IServiceProvider serviceProvider)
   at MS.Internal.Xaml.Runtime.ClrObjectRuntime.CallProvideValue(MarkupExtension me, IServiceProvider serviceProvider)
 --- End of inner exception stack trace ---
    at System.Windows.Markup.XamlReader.RewrapException(Exception e, IXamlLineInfo lineInfo, Uri baseUri)
   at System.Windows.Markup.WpfXamlLoader.Load(XamlReader xamlReader, IXamlObjectWriterFactory writerFactory, Boolean skipJournaledProperties, Object rootObject, XamlObjectWriterSettings settings, Uri baseUri)
   at System.Windows.Markup.WpfXamlLoader.LoadBaml(XamlReader xamlReader, Boolean skipJournaledProperties, Object rootObject, XamlAccessLevel accessLevel, Uri baseUri)
   at System.Windows.Markup.XamlReader.LoadBaml(Stream stream, ParserContext parserContext, Object parent, Boolean closeStream)
   at System.Windows.Application.LoadComponent(Object component, Uri resourceLocator)
   at FaceRecognition.Controls.SelectionDataBaseControl.InitializeComponent() in d:\DiplomProject\FaceRecognition\Controls\SelectionDataBaseControl.xaml:line 1
   at FaceRecognition.Controls.SelectionDataBaseControl..ctor() in D:\DiplomProject\FaceRecognition\Controls\SelectionDataBaseControl.xaml.cs:line 30
   at FaceRecognition.Test.SelectionDataBaseControlTest.InitializeComponentTest() in D:\DiplomProject\FaceRecognition\FaceRecognition.Test\SelectionDataBaseControlTest.cs:line 102
</StackTrace>
        </ErrorInfo>
      </Output>
    </UnitTestResult>
    <UnitTestResult executionId="ea4ba619-60a0-4569-8b24-e1988bf04278" testId="779e9403-cc15-9105-c3eb-4da2e3c196a4" testName="DataBasesListViewSelectionChangedTest" computerName="MICROSOF-4C612A" duration="00:00:00.0067218" startTime="2011-05-29T01:26:53.7343750+03:00" endTime="2011-05-29T01:26:53.7656250+03:00" testType="13cdc9d9-ddb5-4fa4-a97d-d965ccfc6d4b" outcome="Failed" testListId="8c84fa94-04c1-424b-9868-57a2d4851a1d" relativeResultsDirectory="ea4ba619-60a0-4569-8b24-e1988bf04278">
      <Output>
        <ErrorInfo>
          <Message>Test method FaceRecognition.Test.SelectionDataBaseControlTest.DataBasesListViewSelectionChangedTest threw exception: 
System.Windows.Markup.XamlParseException: 'Provide value on 'System.Windows.StaticResourceExtension' threw an exception.' Line number '19' and line position '17'. ---&gt; System.Exception: Cannot find resource named 'BorderStyle'. Resource names are case sensitive.</Message>
          <StackTrace>    at System.Windows.StaticResourceExtension.ProvideValueInternal(IServiceProvider serviceProvider, Boolean allowDeferredReference)
   at System.Windows.StaticResourceExtension.ProvideValue(IServiceProvider serviceProvider)
   at MS.Internal.Xaml.Runtime.ClrObjectRuntime.CallProvideValue(MarkupExtension me, IServiceProvider serviceProvider)
 --- End of inner exception stack trace ---
   at FaceRecognition.Controls.SelectionDataBaseControl_Accessor..ctor()
   at FaceRecognition.Test.SelectionDataBaseControlTest.DataBasesListViewSelectionChangedTest() in D:\DiplomProject\FaceRecognition\FaceRecognition.Test\SelectionDataBaseControlTest.cs:line 114
</StackTrace>
        </ErrorInfo>
      </Output>
    </UnitTestResult>
    <UnitTestResult executionId="3e391b41-8777-42fb-930a-4ad1703602ff" testId="1cfb770f-c59e-4c8b-a7a8-68a86e45ecf4" testName="SelectionDataBaseControlConstructorTest" computerName="MICROSOF-4C612A" duration="00:00:00.0058524" startTime="2011-05-29T01:26:53.7656250+03:00" endTime="2011-05-29T01:26:53.7812500+03:00" testType="13cdc9d9-ddb5-4fa4-a97d-d965ccfc6d4b" outcome="Failed" testListId="8c84fa94-04c1-424b-9868-57a2d4851a1d" relativeResultsDirectory="3e391b41-8777-42fb-930a-4ad1703602ff">
      <Output>
        <ErrorInfo>
          <Message>Test method FaceRecognition.Test.SelectionDataBaseControlTest.SelectionDataBaseControlConstructorTest threw exception: 
System.Windows.Markup.XamlParseException: 'Provide value on 'System.Windows.StaticResourceExtension' threw an exception.' Line number '19' and line position '17'. ---&gt; System.Exception: Cannot find resource named 'BorderStyle'. Resource names are case sensitive.</Message>
          <StackTrace>    at System.Windows.StaticResourceExtension.ProvideValueInternal(IServiceProvider serviceProvider, Boolean allowDeferredReference)
   at System.Windows.StaticResourceExtension.ProvideValue(IServiceProvider serviceProvider)
   at MS.Internal.Xaml.Runtime.ClrObjectRuntime.CallProvideValue(MarkupExtension me, IServiceProvider serviceProvider)
 --- End of inner exception stack trace ---
    at System.Windows.Markup.XamlReader.RewrapException(Exception e, IXamlLineInfo lineInfo, Uri baseUri)
   at System.Windows.Markup.WpfXamlLoader.Load(XamlReader xamlReader, IXamlObjectWriterFactory writerFactory, Boolean skipJournaledProperties, Object rootObject, XamlObjectWriterSettings settings, Uri baseUri)
   at System.Windows.Markup.WpfXamlLoader.LoadBaml(XamlReader xamlReader, Boolean skipJournaledProperties, Object rootObject, XamlAccessLevel accessLevel, Uri baseUri)
   at System.Windows.Markup.XamlReader.LoadBaml(Stream stream, ParserContext parserContext, Object parent, Boolean closeStream)
   at System.Windows.Application.LoadComponent(Object component, Uri resourceLocator)
   at FaceRecognition.Controls.SelectionDataBaseControl.InitializeComponent() in d:\DiplomProject\FaceRecognition\Controls\SelectionDataBaseControl.xaml:line 1
   at FaceRecognition.Controls.SelectionDataBaseControl..ctor() in D:\DiplomProject\FaceRecognition\Controls\SelectionDataBaseControl.xaml.cs:line 30
   at FaceRecognition.Test.SelectionDataBaseControlTest.SelectionDataBaseControlConstructorTest() in D:\DiplomProject\FaceRecognition\FaceRecognition.Test\SelectionDataBaseControlTest.cs:line 127
</StackTrace>
        </ErrorInfo>
      </Output>
    </UnitTestResult>
    <UnitTestResult executionId="358972f9-6751-496a-855c-afb0254636a0" testId="ec49b5b9-c5ef-3410-cf17-cb4916fd21fe" testName="lstResultRecognitionMethods_SelectionChangedTest" computerName="MICROSOF-4C612A" duration="00:00:00.0118118" startTime="2011-05-29T01:26:53.7968750+03:00" endTime="2011-05-29T01:26:53.8125000+03:00" testType="13cdc9d9-ddb5-4fa4-a97d-d965ccfc6d4b" outcome="Failed" testListId="8c84fa94-04c1-424b-9868-57a2d4851a1d" relativeResultsDirectory="358972f9-6751-496a-855c-afb0254636a0">
      <Output>
        <ErrorInfo>
          <Message>Test method FaceRecognition.Test.ResultsFaceRecognitionControlTest.lstResultRecognitionMethods_SelectionChangedTest threw exception: 
System.Windows.Markup.XamlParseException: 'Provide value on 'System.Windows.StaticResourceExtension' threw an exception.' Line number '3' and line position '14'. ---&gt; System.Exception: Cannot find resource named 'BorderStyle'. Resource names are case sensitive.</Message>
          <StackTrace>    at System.Windows.StaticResourceExtension.ProvideValueInternal(IServiceProvider serviceProvider, Boolean allowDeferredReference)
   at System.Windows.StaticResourceExtension.ProvideValue(IServiceProvider serviceProvider)
   at MS.Internal.Xaml.Runtime.ClrObjectRuntime.CallProvideValue(MarkupExtension me, IServiceProvider serviceProvider)
 --- End of inner exception stack trace ---
   at FaceRecognition.Controls.ResultsFaceRecognitionControl_Accessor..ctor()
   at FaceRecognition.Test.ResultsFaceRecognitionControlTest.lstResultRecognitionMethods_SelectionChangedTest() in D:\DiplomProject\FaceRecognition\FaceRecognition.Test\ResultsFaceRecognitionControlTest.cs:line 77
</StackTrace>
        </ErrorInfo>
      </Output>
    </UnitTestResult>
    <UnitTestResult executionId="50b01e41-404f-42ed-b957-1f0be2efaaf9" testId="e64a9531-40b7-dc46-15af-423cd464f7be" testName="exportExcelButton_ClickTest" computerName="MICROSOF-4C612A" duration="00:00:00.0221368" startTime="2011-05-29T01:26:53.8281250+03:00" endTime="2011-05-29T01:26:53.8593750+03:00" testType="13cdc9d9-ddb5-4fa4-a97d-d965ccfc6d4b" outcome="Failed" testListId="8c84fa94-04c1-424b-9868-57a2d4851a1d" relativeResultsDirectory="50b01e41-404f-42ed-b957-1f0be2efaaf9">
      <Output>
        <ErrorInfo>
          <Message>Test method FaceRecognition.Test.ResultsFaceRecognitionControlTest.exportExcelButton_ClickTest threw exception: 
System.Windows.Markup.XamlParseException: 'Provide value on 'System.Windows.StaticResourceExtension' threw an exception.' Line number '3' and line position '14'. ---&gt; System.Exception: Cannot find resource named 'BorderStyle'. Resource names are case sensitive.</Message>
          <StackTrace>    at System.Windows.StaticResourceExtension.ProvideValueInternal(IServiceProvider serviceProvider, Boolean allowDeferredReference)
   at System.Windows.StaticResourceExtension.ProvideValue(IServiceProvider serviceProvider)
   at MS.Internal.Xaml.Runtime.ClrObjectRuntime.CallProvideValue(MarkupExtension me, IServiceProvider serviceProvider)
 --- End of inner exception stack trace ---
   at FaceRecognition.Controls.ResultsFaceRecognitionControl_Accessor..ctor()
   at FaceRecognition.Test.ResultsFaceRecognitionControlTest.exportExcelButton_ClickTest() in D:\DiplomProject\FaceRecognition\FaceRecognition.Test\ResultsFaceRecognitionControlTest.cs:line 91
</StackTrace>
        </ErrorInfo>
      </Output>
    </UnitTestResult>
    <UnitTestResult executionId="30ed2246-4c13-49e1-9579-0664b57146d6" testId="2bddeb7c-82de-837e-c1f3-e3ca11e56307" testName="ConnectTest" computerName="MICROSOF-4C612A" duration="00:00:00.0070391" startTime="2011-05-29T01:26:53.8750000+03:00" endTime="2011-05-29T01:26:53.8906250+03:00" testType="13cdc9d9-ddb5-4fa4-a97d-d965ccfc6d4b" outcome="Failed" testListId="8c84fa94-04c1-424b-9868-57a2d4851a1d" relativeResultsDirectory="30ed2246-4c13-49e1-9579-0664b57146d6">
      <Output>
        <ErrorInfo>
          <Message>Test method FaceRecognition.Test.ResultsFaceRecognitionControlTest.ConnectTest threw exception: 
System.Windows.Markup.XamlParseException: 'Provide value on 'System.Windows.StaticResourceExtension' threw an exception.' Line number '3' and line position '14'. ---&gt; System.Exception: Cannot find resource named 'BorderStyle'. Resource names are case sensitive.</Message>
          <StackTrace>    at System.Windows.StaticResourceExtension.ProvideValueInternal(IServiceProvider serviceProvider, Boolean allowDeferredReference)
   at System.Windows.StaticResourceExtension.ProvideValue(IServiceProvider serviceProvider)
   at MS.Internal.Xaml.Runtime.ClrObjectRuntime.CallProvideValue(MarkupExtension me, IServiceProvider serviceProvider)
 --- End of inner exception stack trace ---
    at System.Windows.Markup.XamlReader.RewrapException(Exception e, IXamlLineInfo lineInfo, Uri baseUri)
   at System.Windows.Markup.WpfXamlLoader.Load(XamlReader xamlReader, IXamlObjectWriterFactory writerFactory, Boolean skipJournaledProperties, Object rootObject, XamlObjectWriterSettings settings, Uri baseUri)
   at System.Windows.Markup.WpfXamlLoader.LoadBaml(XamlReader xamlReader, Boolean skipJournaledProperties, Object rootObject, XamlAccessLevel accessLevel, Uri baseUri)
   at System.Windows.Markup.XamlReader.LoadBaml(Stream stream, ParserContext parserContext, Object parent, Boolean closeStream)
   at System.Windows.Application.LoadComponent(Object component, Uri resourceLocator)
   at FaceRecognition.Controls.ResultsFaceRecognitionControl.InitializeComponent() in d:\DiplomProject\FaceRecognition\Controls\ResultsFaceRecognitionControl.xaml:line 1
   at FaceRecognition.Controls.ResultsFaceRecognitionControl..ctor() in D:\DiplomProject\FaceRecognition\Controls\ResultsFaceRecognitionControl.xaml.cs:line 27
   at FaceRecognition.Test.ResultsFaceRecognitionControlTest.ConnectTest() in D:\DiplomProject\FaceRecognition\FaceRecognition.Test\ResultsFaceRecognitionControlTest.cs:line 105
</StackTrace>
        </ErrorInfo>
      </Output>
    </UnitTestResult>
    <UnitTestResult executionId="85fda8ff-4f24-43b3-92cc-683b1a10458b" testId="1adaa149-b410-90fc-fe0f-4de5113b980e" testName="InitializeComponentTest" computerName="MICROSOF-4C612A" duration="00:00:00.0040298" startTime="2011-05-29T01:26:53.8906250+03:00" endTime="2011-05-29T01:26:53.9062500+03:00" testType="13cdc9d9-ddb5-4fa4-a97d-d965ccfc6d4b" outcome="Failed" testListId="8c84fa94-04c1-424b-9868-57a2d4851a1d" relativeResultsDirectory="85fda8ff-4f24-43b3-92cc-683b1a10458b">
      <Output>
        <ErrorInfo>
          <Message>Test method FaceRecognition.Test.ResultsFaceRecognitionControlTest.InitializeComponentTest threw exception: 
System.Windows.Markup.XamlParseException: 'Provide value on 'System.Windows.StaticResourceExtension' threw an exception.' Line number '3' and line position '14'. ---&gt; System.Exception: Cannot find resource named 'BorderStyle'. Resource names are case sensitive.</Message>
          <StackTrace>    at System.Windows.StaticResourceExtension.ProvideValueInternal(IServiceProvider serviceProvider, Boolean allowDeferredReference)
   at System.Windows.StaticResourceExtension.ProvideValue(IServiceProvider serviceProvider)
   at MS.Internal.Xaml.Runtime.ClrObjectRuntime.CallProvideValue(MarkupExtension me, IServiceProvider serviceProvider)
 --- End of inner exception stack trace ---
    at System.Windows.Markup.XamlReader.RewrapException(Exception e, IXamlLineInfo lineInfo, Uri baseUri)
   at System.Windows.Markup.WpfXamlLoader.Load(XamlReader xamlReader, IXamlObjectWriterFactory writerFactory, Boolean skipJournaledProperties, Object rootObject, XamlObjectWriterSettings settings, Uri baseUri)
   at System.Windows.Markup.WpfXamlLoader.LoadBaml(XamlReader xamlReader, Boolean skipJournaledProperties, Object rootObject, XamlAccessLevel accessLevel, Uri baseUri)
   at System.Windows.Markup.XamlReader.LoadBaml(Stream stream, ParserContext parserContext, Object parent, Boolean closeStream)
   at System.Windows.Application.LoadComponent(Object component, Uri resourceLocator)
   at FaceRecognition.Controls.ResultsFaceRecognitionControl.InitializeComponent() in d:\DiplomProject\FaceRecognition\Controls\ResultsFaceRecognitionControl.xaml:line 1
   at FaceRecognition.Controls.ResultsFaceRecognitionControl..ctor() in D:\DiplomProject\FaceRecognition\Controls\ResultsFaceRecognitionControl.xaml.cs:line 27
   at FaceRecognition.Test.ResultsFaceRecognitionControlTest.InitializeComponentTest() in D:\DiplomProject\FaceRecognition\FaceRecognition.Test\ResultsFaceRecognitionControlTest.cs:line 118
</StackTrace>
        </ErrorInfo>
      </Output>
    </UnitTestResult>
    <UnitTestResult executionId="76d56980-3f0a-4f57-8c1e-89a46f208d6c" testId="f8f85a08-724a-3e9a-0c67-8ba860c6d8be" testName="ResultsFaceRecognitionControlConstructorTest" computerName="MICROSOF-4C612A" duration="00:00:00.0072897" startTime="2011-05-29T01:26:53.9062500+03:00" endTime="2011-05-29T01:26:53.9375000+03:00" testType="13cdc9d9-ddb5-4fa4-a97d-d965ccfc6d4b" outcome="Failed" testListId="8c84fa94-04c1-424b-9868-57a2d4851a1d" relativeResultsDirectory="76d56980-3f0a-4f57-8c1e-89a46f208d6c">
      <Output>
        <ErrorInfo>
          <Message>Test method FaceRecognition.Test.ResultsFaceRecognitionControlTest.ResultsFaceRecognitionControlConstructorTest threw exception: 
System.Windows.Markup.XamlParseException: 'Provide value on 'System.Windows.StaticResourceExtension' threw an exception.' Line number '3' and line position '14'. ---&gt; System.Exception: Cannot find resource named 'BorderStyle'. Resource names are case sensitive.</Message>
          <StackTrace>    at System.Windows.StaticResourceExtension.ProvideValueInternal(IServiceProvider serviceProvider, Boolean allowDeferredReference)
   at System.Windows.StaticResourceExtension.ProvideValue(IServiceProvider serviceProvider)
   at MS.Internal.Xaml.Runtime.ClrObjectRuntime.CallProvideValue(MarkupExtension me, IServiceProvider serviceProvider)
 --- End of inner exception stack trace ---
    at System.Windows.Markup.XamlReader.RewrapException(Exception e, IXamlLineInfo lineInfo, Uri baseUri)
   at System.Windows.Markup.WpfXamlLoader.Load(XamlReader xamlReader, IXamlObjectWriterFactory writerFactory, Boolean skipJournaledProperties, Object rootObject, XamlObjectWriterSettings settings, Uri baseUri)
   at System.Windows.Markup.WpfXamlLoader.LoadBaml(XamlReader xamlReader, Boolean skipJournaledProperties, Object rootObject, XamlAccessLevel accessLevel, Uri baseUri)
   at System.Windows.Markup.XamlReader.LoadBaml(Stream stream, ParserContext parserContext, Object parent, Boolean closeStream)
   at System.Windows.Application.LoadComponent(Object component, Uri resourceLocator)
   at FaceRecognition.Controls.ResultsFaceRecognitionControl.InitializeComponent() in d:\DiplomProject\FaceRecognition\Controls\ResultsFaceRecognitionControl.xaml:line 1
   at FaceRecognition.Controls.ResultsFaceRecognitionControl..ctor() in D:\DiplomProject\FaceRecognition\Controls\ResultsFaceRecognitionControl.xaml.cs:line 27
   at FaceRecognition.Test.ResultsFaceRecognitionControlTest.ResultsFaceRecognitionControlConstructorTest() in D:\DiplomProject\FaceRecognition\FaceRecognition.Test\ResultsFaceRecognitionControlTest.cs:line 129
</StackTrace>
        </ErrorInfo>
      </Output>
    </UnitTestResult>
    <UnitTestResult executionId="8983df95-27a4-4d96-92ab-e28016528dd6" testId="0803b8a8-cc9b-999d-1939-7ab4b634d7dc" testName="ConnectTest" computerName="MICROSOF-4C612A" duration="00:00:00.2499035" startTime="2011-05-29T01:26:53.9531250+03:00" endTime="2011-05-29T01:26:54.2031250+03:00" testType="13cdc9d9-ddb5-4fa4-a97d-d965ccfc6d4b" outcome="Inconclusive" testListId="8c84fa94-04c1-424b-9868-57a2d4851a1d" relativeResultsDirectory="8983df95-27a4-4d96-92ab-e28016528dd6">
      <Output>
        <ErrorInfo>
          <Message>Assert.Inconclusive failed. A method that does not return a value cannot be verified.</Message>
          <StackTrace>   at FaceRecognition.Test.RecognizePanelControlTest.ConnectTest() in D:\DiplomProject\FaceRecognition\FaceRecognition.Test\RecognizePanelControlTest.cs:line 81
</StackTrace>
        </ErrorInfo>
      </Output>
    </UnitTestResult>
    <UnitTestResult executionId="39a9a8f7-271e-410f-85ad-229e53c90feb" testId="e79029f0-6bfc-2baf-9208-9a7d2c8aab58" testName="SelectionRecognitionMethodControl_ClearRecognizedFacesPanelEventTest" computerName="MICROSOF-4C612A" duration="00:00:00.0199114" startTime="2011-05-29T01:26:54.2187500+03:00" endTime="2011-05-29T01:26:54.2500000+03:00" testType="13cdc9d9-ddb5-4fa4-a97d-d965ccfc6d4b" outcome="Inconclusive" testListId="8c84fa94-04c1-424b-9868-57a2d4851a1d" relativeResultsDirectory="39a9a8f7-271e-410f-85ad-229e53c90feb">
      <Output>
        <ErrorInfo>
          <Message>Assert.Inconclusive failed. A method that does not return a value cannot be verified.</Message>
          <StackTrace>   at FaceRecognition.Test.RecognizePanelControlTest.SelectionRecognitionMethodControl_ClearRecognizedFacesPanelEventTest() in D:\DiplomProject\FaceRecognition\FaceRecognition.Test\RecognizePanelControlTest.cs:line 95
</StackTrace>
        </ErrorInfo>
      </Output>
    </UnitTestResult>
    <UnitTestResult executionId="7214b04c-7bba-428e-a40c-c7a43939f40f" testId="af0be23b-1f2e-fafb-779c-255ade81b94f" testName="RecognizeMethodsViewModelBase_DrawRecongitionResultsEventTest" computerName="MICROSOF-4C612A" duration="00:00:00.0088360" startTime="2011-05-29T01:26:54.2656250+03:00" endTime="2011-05-29T01:26:54.2812500+03:00" testType="13cdc9d9-ddb5-4fa4-a97d-d965ccfc6d4b" outcome="Failed" testListId="8c84fa94-04c1-424b-9868-57a2d4851a1d" relativeResultsDirectory="7214b04c-7bba-428e-a40c-c7a43939f40f">
      <Output>
        <ErrorInfo>
          <Message>Test method FaceRecognition.Test.RecognizePanelControlTest.RecognizeMethodsViewModelBase_DrawRecongitionResultsEventTest threw exception: 
System.NullReferenceException: Object reference not set to an instance of an object.</Message>
          <StackTrace>   at FaceRecognition.Controls.RecognizePanelControl_Accessor.RecognizeMethodsViewModelBase_DrawRecongitionResultsEvent(Object sender, RecognizeEventArgs e)
   at FaceRecognition.Test.RecognizePanelControlTest.RecognizeMethodsViewModelBase_DrawRecongitionResultsEventTest() in D:\DiplomProject\FaceRecognition\FaceRecognition.Test\RecognizePanelControlTest.cs:line 108
</StackTrace>
        </ErrorInfo>
      </Output>
    </UnitTestResult>
    <UnitTestResult executionId="146bde3c-4ebb-4cd3-a239-da59fdb1abc5" testId="b485b9b8-d208-51fd-8c2a-1f594054ae65" testName="InitializeComponentTest" computerName="MICROSOF-4C612A" duration="00:00:00.0060865" startTime="2011-05-29T01:26:54.2812500+03:00" endTime="2011-05-29T01:26:54.2968750+03:00" testType="13cdc9d9-ddb5-4fa4-a97d-d965ccfc6d4b" outcome="Inconclusive" testListId="8c84fa94-04c1-424b-9868-57a2d4851a1d" relativeResultsDirectory="146bde3c-4ebb-4cd3-a239-da59fdb1abc5">
      <Output>
        <ErrorInfo>
          <Message>Assert.Inconclusive failed. A method that does not return a value cannot be verified.</Message>
          <StackTrace>   at FaceRecognition.Test.RecognizePanelControlTest.InitializeComponentTest() in D:\DiplomProject\FaceRecognition\FaceRecognition.Test\RecognizePanelControlTest.cs:line 120
</StackTrace>
        </ErrorInfo>
      </Output>
    </UnitTestResult>
    <UnitTestResult executionId="66565792-f049-4899-b3bd-9f7109b0740b" testId="d5ff86e7-0087-d6d5-37ae-815a2ec5cb44" testName="FillPanelTest" computerName="MICROSOF-4C612A" duration="00:00:00.0799481" startTime="2011-05-29T01:26:54.3125000+03:00" endTime="2011-05-29T01:26:54.3906250+03:00" testType="13cdc9d9-ddb5-4fa4-a97d-d965ccfc6d4b" outcome="Failed" testListId="8c84fa94-04c1-424b-9868-57a2d4851a1d" relativeResultsDirectory="66565792-f049-4899-b3bd-9f7109b0740b">
      <Output>
        <ErrorInfo>
          <Message>Test method FaceRecognition.Test.RecognizePanelControlTest.FillPanelTest threw exception: 
System.NullReferenceException: Object reference not set to an instance of an object.</Message>
          <StackTrace>   at FaceRecognition.Controls.RecognizePanelControl_Accessor.FillPanel()
   at FaceRecognition.Test.RecognizePanelControlTest.FillPanelTest() in D:\DiplomProject\FaceRecognition\FaceRecognition.Test\RecognizePanelControlTest.cs:line 131
</StackTrace>
        </ErrorInfo>
      </Output>
    </UnitTestResult>
    <UnitTestResult executionId="e89e4906-3aee-4edd-b2dc-ddb94db4bb4f" testId="76bc4f7f-65b0-1c4b-44f1-e5401f13ac18" testName="RecognizePanelControlConstructorTest" computerName="MICROSOF-4C612A" duration="00:00:00.0023111" startTime="2011-05-29T01:26:54.4062500+03:00" endTime="2011-05-29T01:26:54.4218750+03:00" testType="13cdc9d9-ddb5-4fa4-a97d-d965ccfc6d4b" outcome="Inconclusive" testListId="8c84fa94-04c1-424b-9868-57a2d4851a1d" relativeResultsDirectory="e89e4906-3aee-4edd-b2dc-ddb94db4bb4f">
      <Output>
        <ErrorInfo>
          <Message>Assert.Inconclusive failed. TODO: Implement code to verify target</Message>
          <StackTrace>   at FaceRecognition.Test.RecognizePanelControlTest.RecognizePanelControlConstructorTest() in D:\DiplomProject\FaceRecognition\FaceRecognition.Test\RecognizePanelControlTest.cs:line 142
</StackTrace>
        </ErrorInfo>
      </Output>
    </UnitTestResult>
    <UnitTestResult executionId="4ff2bf12-51af-49b5-a824-712b8af565f7" testId="6b2bd8ee-2d3c-e14d-3452-eafe7133423e" testName="RecognizePanelControlConstructorTest1" computerName="MICROSOF-4C612A" duration="00:00:00.0025109" startTime="2011-05-29T01:26:54.4218750+03:00" endTime="2011-05-29T01:26:54.4375000+03:00" testType="13cdc9d9-ddb5-4fa4-a97d-d965ccfc6d4b" outcome="Inconclusive" testListId="8c84fa94-04c1-424b-9868-57a2d4851a1d" relativeResultsDirectory="4ff2bf12-51af-49b5-a824-712b8af565f7">
      <Output>
        <ErrorInfo>
          <Message>Assert.Inconclusive failed. TODO: Implement code to verify target</Message>
          <StackTrace>   at FaceRecognition.Test.RecognizePanelControlTest.RecognizePanelControlConstructorTest1() in D:\DiplomProject\FaceRecognition\FaceRecognition.Test\RecognizePanelControlTest.cs:line 153
</StackTrace>
        </ErrorInfo>
      </Output>
    </UnitTestResult>
    <UnitTestResult executionId="180cadb4-f7da-476c-b656-aa2fb001c898" testId="8024e596-115d-b243-ffb7-515548d31303" testName="RecognizedClassViewModelTest" computerName="MICROSOF-4C612A" duration="00:00:00.0093302" startTime="2011-05-29T01:26:54.4531250+03:00" endTime="2011-05-29T01:26:54.4687500+03:00" testType="13cdc9d9-ddb5-4fa4-a97d-d965ccfc6d4b" outcome="Failed" testListId="8c84fa94-04c1-424b-9868-57a2d4851a1d" relativeResultsDirectory="180cadb4-f7da-476c-b656-aa2fb001c898">
      <Output>
        <ErrorInfo>
          <Message>Test method FaceRecognition.Test.RecognizeClassControlTest.RecognizedClassViewModelTest threw exception: 
System.Windows.Markup.XamlParseException: 'Provide value on 'System.Windows.StaticResourceExtension' threw an exception.' Line number '4' and line position '14'. ---&gt; System.Exception: Cannot find resource named 'BorderStyle'. Resource names are case sensitive.</Message>
          <StackTrace>    at System.Windows.StaticResourceExtension.ProvideValueInternal(IServiceProvider serviceProvider, Boolean allowDeferredReference)
   at System.Windows.StaticResourceExtension.ProvideValue(IServiceProvider serviceProvider)
   at MS.Internal.Xaml.Runtime.ClrObjectRuntime.CallProvideValue(MarkupExtension me, IServiceProvider serviceProvider)
 --- End of inner exception stack trace ---
    at System.Windows.Markup.XamlReader.RewrapException(Exception e, IXamlLineInfo lineInfo, Uri baseUri)
   at System.Windows.Markup.WpfXamlLoader.Load(XamlReader xamlReader, IXamlObjectWriterFactory writerFactory, Boolean skipJournaledProperties, Object rootObject, XamlObjectWriterSettings settings, Uri baseUri)
   at System.Windows.Markup.WpfXamlLoader.LoadBaml(XamlReader xamlReader, Boolean skipJournaledProperties, Object rootObject, XamlAccessLevel accessLevel, Uri baseUri)
   at System.Windows.Markup.XamlReader.LoadBaml(Stream stream, ParserContext parserContext, Object parent, Boolean closeStream)
   at System.Windows.Application.LoadComponent(Object component, Uri resourceLocator)
   at FaceRecognition.Controls.RecognizeClassControl.InitializeComponent() in d:\DiplomProject\FaceRecognition\Controls\RecognizeClassControl.xaml:line 1
   at FaceRecognition.Controls.RecognizeClassControl..ctor() in D:\DiplomProject\FaceRecognition\Controls\RecognizeClassControl.xaml.cs:line 21
   at FaceRecognition.Test.RecognizeClassControlTest.RecognizedClassViewModelTest() in D:\DiplomProject\FaceRecognition\FaceRecognition.Test\RecognizeClassControlTest.cs:line 75
</StackTrace>
        </ErrorInfo>
      </Output>
    </UnitTestResult>
    <UnitTestResult executionId="c0692a54-80b7-444e-ab4b-e9c6ba00a7f3" testId="5925dbbf-3ffa-8d3f-a748-03279ae2bb28" testName="ConnectTest" computerName="MICROSOF-4C612A" duration="00:00:00.0095168" startTime="2011-05-29T01:26:54.5000000+03:00" endTime="2011-05-29T01:26:54.5156250+03:00" testType="13cdc9d9-ddb5-4fa4-a97d-d965ccfc6d4b" outcome="Failed" testListId="8c84fa94-04c1-424b-9868-57a2d4851a1d" relativeResultsDirectory="c0692a54-80b7-444e-ab4b-e9c6ba00a7f3">
      <Output>
        <DebugTrace>RecognizeClassViewModel () (31091989) Finalized
RecognizeClassViewModel () (1542680) Finalized
</DebugTrace>
        <ErrorInfo>
          <Message>Test method FaceRecognition.Test.RecognizeClassControlTest.ConnectTest threw exception: 
System.Windows.Markup.XamlParseException: 'Provide value on 'System.Windows.StaticResourceExtension' threw an exception.' Line number '4' and line position '14'. ---&gt; System.Exception: Cannot find resource named 'BorderStyle'. Resource names are case sensitive.</Message>
          <StackTrace>    at System.Windows.StaticResourceExtension.ProvideValueInternal(IServiceProvider serviceProvider, Boolean allowDeferredReference)
   at System.Windows.StaticResourceExtension.ProvideValue(IServiceProvider serviceProvider)
   at MS.Internal.Xaml.Runtime.ClrObjectRuntime.CallProvideValue(MarkupExtension me, IServiceProvider serviceProvider)
 --- End of inner exception stack trace ---
    at System.Windows.Markup.XamlReader.RewrapException(Exception e, IXamlLineInfo lineInfo, Uri baseUri)
   at System.Windows.Markup.WpfXamlLoader.Load(XamlReader xamlReader, IXamlObjectWriterFactory writerFactory, Boolean skipJournaledProperties, Object rootObject, XamlObjectWriterSettings settings, Uri baseUri)
   at System.Windows.Markup.WpfXamlLoader.LoadBaml(XamlReader xamlReader, Boolean skipJournaledProperties, Object rootObject, XamlAccessLevel accessLevel, Uri baseUri)
   at System.Windows.Markup.XamlReader.LoadBaml(Stream stream, ParserContext parserContext, Object parent, Boolean closeStream)
   at System.Windows.Application.LoadComponent(Object component, Uri resourceLocator)
   at FaceRecognition.Controls.RecognizeClassControl.InitializeComponent() in d:\DiplomProject\FaceRecognition\Controls\RecognizeClassControl.xaml:line 1
   at FaceRecognition.Controls.RecognizeClassControl..ctor() in D:\DiplomProject\FaceRecognition\Controls\RecognizeClassControl.xaml.cs:line 21
   at FaceRecognition.Test.RecognizeClassControlTest.ConnectTest() in D:\DiplomProject\FaceRecognition\FaceRecognition.Test\RecognizeClassControlTest.cs:line 88
</StackTrace>
        </ErrorInfo>
      </Output>
    </UnitTestResult>
    <UnitTestResult executionId="60f1c9fe-4762-4a4f-add0-676a26cd275e" testId="123ec68c-feae-e096-c0c2-223c4e9f8000" testName="InitializeComponentTest" computerName="MICROSOF-4C612A" duration="00:00:00.0073115" startTime="2011-05-29T01:26:54.5312500+03:00" endTime="2011-05-29T01:26:54.5468750+03:00" testType="13cdc9d9-ddb5-4fa4-a97d-d965ccfc6d4b" outcome="Failed" testListId="8c84fa94-04c1-424b-9868-57a2d4851a1d" relativeResultsDirectory="60f1c9fe-4762-4a4f-add0-676a26cd275e">
      <Output>
        <ErrorInfo>
          <Message>Test method FaceRecognition.Test.RecognizeClassControlTest.InitializeComponentTest threw exception: 
System.Windows.Markup.XamlParseException: 'Provide value on 'System.Windows.StaticResourceExtension' threw an exception.' Line number '4' and line position '14'. ---&gt; System.Exception: Cannot find resource named 'BorderStyle'. Resource names are case sensitive.</Message>
          <StackTrace>    at System.Windows.StaticResourceExtension.ProvideValueInternal(IServiceProvider serviceProvider, Boolean allowDeferredReference)
   at System.Windows.StaticResourceExtension.ProvideValue(IServiceProvider serviceProvider)
   at MS.Internal.Xaml.Runtime.ClrObjectRuntime.CallProvideValue(MarkupExtension me, IServiceProvider serviceProvider)
 --- End of inner exception stack trace ---
    at System.Windows.Markup.XamlReader.RewrapException(Exception e, IXamlLineInfo lineInfo, Uri baseUri)
   at System.Windows.Markup.WpfXamlLoader.Load(XamlReader xamlReader, IXamlObjectWriterFactory writerFactory, Boolean skipJournaledProperties, Object rootObject, XamlObjectWriterSettings settings, Uri baseUri)
   at System.Windows.Markup.WpfXamlLoader.LoadBaml(XamlReader xamlReader, Boolean skipJournaledProperties, Object rootObject, XamlAccessLevel accessLevel, Uri baseUri)
   at System.Windows.Markup.XamlReader.LoadBaml(Stream stream, ParserContext parserContext, Object parent, Boolean closeStream)
   at System.Windows.Application.LoadComponent(Object component, Uri resourceLocator)
   at FaceRecognition.Controls.RecognizeClassControl.InitializeComponent() in d:\DiplomProject\FaceRecognition\Controls\RecognizeClassControl.xaml:line 1
   at FaceRecognition.Controls.RecognizeClassControl..ctor() in D:\DiplomProject\FaceRecognition\Controls\RecognizeClassControl.xaml.cs:line 21
   at FaceRecognition.Test.RecognizeClassControlTest.InitializeComponentTest() in D:\DiplomProject\FaceRecognition\FaceRecognition.Test\RecognizeClassControlTest.cs:line 101
</StackTrace>
        </ErrorInfo>
      </Output>
    </UnitTestResult>
    <UnitTestResult executionId="ce4fca9c-14d9-41da-b5c9-7e788ea9efb5" testId="31dc6186-4dfe-c6f7-9ae7-74e21ec6011f" testName="RecognizeClassControlConstructorTest" computerName="MICROSOF-4C612A" duration="00:00:00.0047388" startTime="2011-05-29T01:26:54.5468750+03:00" endTime="2011-05-29T01:26:54.5625000+03:00" testType="13cdc9d9-ddb5-4fa4-a97d-d965ccfc6d4b" outcome="Failed" testListId="8c84fa94-04c1-424b-9868-57a2d4851a1d" relativeResultsDirectory="ce4fca9c-14d9-41da-b5c9-7e788ea9efb5">
      <Output>
        <ErrorInfo>
          <Message>Test method FaceRecognition.Test.RecognizeClassControlTest.RecognizeClassControlConstructorTest threw exception: 
System.Windows.Markup.XamlParseException: 'Provide value on 'System.Windows.StaticResourceExtension' threw an exception.' Line number '4' and line position '14'. ---&gt; System.Exception: Cannot find resource named 'BorderStyle'. Resource names are case sensitive.</Message>
          <StackTrace>    at System.Windows.StaticResourceExtension.ProvideValueInternal(IServiceProvider serviceProvider, Boolean allowDeferredReference)
   at System.Windows.StaticResourceExtension.ProvideValue(IServiceProvider serviceProvider)
   at MS.Internal.Xaml.Runtime.ClrObjectRuntime.CallProvideValue(MarkupExtension me, IServiceProvider serviceProvider)
 --- End of inner exception stack trace ---
    at System.Windows.Markup.XamlReader.RewrapException(Exception e, IXamlLineInfo lineInfo, Uri baseUri)
   at System.Windows.Markup.WpfXamlLoader.Load(XamlReader xamlReader, IXamlObjectWriterFactory writerFactory, Boolean skipJournaledProperties, Object rootObject, XamlObjectWriterSettings settings, Uri baseUri)
   at System.Windows.Markup.WpfXamlLoader.LoadBaml(XamlReader xamlReader, Boolean skipJournaledProperties, Object rootObject, XamlAccessLevel accessLevel, Uri baseUri)
   at System.Windows.Markup.XamlReader.LoadBaml(Stream stream, ParserContext parserContext, Object parent, Boolean closeStream)
   at System.Windows.Application.LoadComponent(Object component, Uri resourceLocator)
   at FaceRecognition.Controls.RecognizeClassControl.InitializeComponent() in d:\DiplomProject\FaceRecognition\Controls\RecognizeClassControl.xaml:line 1
   at FaceRecognition.Controls.RecognizeClassControl..ctor() in D:\DiplomProject\FaceRecognition\Controls\RecognizeClassControl.xaml.cs:line 21
   at FaceRecognition.Test.RecognizeClassControlTest.RecognizeClassControlConstructorTest() in D:\DiplomProject\FaceRecognition\FaceRecognition.Test\RecognizeClassControlTest.cs:line 112
</StackTrace>
        </ErrorInfo>
      </Output>
    </UnitTestResult>
    <UnitTestResult executionId="e7ad5400-9c03-4944-bd07-efd255857cd0" testId="26774664-c044-2f3e-fb2a-6afc1e8884a7" testName="ConnectTest" computerName="MICROSOF-4C612A" duration="00:00:00.0101895" startTime="2011-05-29T01:26:54.5625000+03:00" endTime="2011-05-29T01:26:54.5937500+03:00" testType="13cdc9d9-ddb5-4fa4-a97d-d965ccfc6d4b" outcome="Failed" testListId="8c84fa94-04c1-424b-9868-57a2d4851a1d" relativeResultsDirectory="e7ad5400-9c03-4944-bd07-efd255857cd0">
      <Output>
        <ErrorInfo>
          <Message>Test method FaceRecognition.Test.PreprocessingPanelControlTest.ConnectTest threw exception: 
System.Windows.Markup.XamlParseException: 'Provide value on 'System.Windows.StaticResourceExtension' threw an exception.' Line number '12' and line position '14'. ---&gt; System.Exception: Cannot find resource named 'BorderStyle'. Resource names are case sensitive.</Message>
          <StackTrace>    at System.Windows.StaticResourceExtension.ProvideValueInternal(IServiceProvider serviceProvider, Boolean allowDeferredReference)
   at System.Windows.StaticResourceExtension.ProvideValue(IServiceProvider serviceProvider)
   at MS.Internal.Xaml.Runtime.ClrObjectRuntime.CallProvideValue(MarkupExtension me, IServiceProvider serviceProvider)
 --- End of inner exception stack trace ---
    at System.Windows.Markup.XamlReader.RewrapException(Exception e, IXamlLineInfo lineInfo, Uri baseUri)
   at System.Windows.Markup.WpfXamlLoader.Load(XamlReader xamlReader, IXamlObjectWriterFactory writerFactory, Boolean skipJournaledProperties, Object rootObject, XamlObjectWriterSettings settings, Uri baseUri)
   at System.Windows.Markup.WpfXamlLoader.LoadBaml(XamlReader xamlReader, Boolean skipJournaledProperties, Object rootObject, XamlAccessLevel accessLevel, Uri baseUri)
   at System.Windows.Markup.XamlReader.LoadBaml(Stream stream, ParserContext parserContext, Object parent, Boolean closeStream)
   at System.Windows.Application.LoadComponent(Object component, Uri resourceLocator)
   at FaceRecognition.Controls.PreprocessingPanelControl.InitializeComponent() in d:\DiplomProject\FaceRecognition\Controls\PreprocessingPanelControl.xaml:line 1
   at FaceRecognition.Controls.PreprocessingPanelControl..ctor() in D:\DiplomProject\FaceRecognition\Controls\PreprocessingPanelControl.xaml.cs:line 30
   at FaceRecognition.Test.PreprocessingPanelControlTest.ConnectTest() in D:\DiplomProject\FaceRecognition\FaceRecognition.Test\PreprocessingPanelControlTest.cs:line 75
</StackTrace>
        </ErrorInfo>
      </Output>
    </UnitTestResult>
    <UnitTestResult executionId="0e124afe-11ee-402e-b6c8-1f3f2cb324da" testId="4771bf7a-9132-aed2-0b77-0c94f75f669f" testName="OnPreprocessedPanelVisibledTest" computerName="MICROSOF-4C612A" duration="00:00:00.0086882" startTime="2011-05-29T01:26:54.6093750+03:00" endTime="2011-05-29T01:26:54.6250000+03:00" testType="13cdc9d9-ddb5-4fa4-a97d-d965ccfc6d4b" outcome="Failed" testListId="8c84fa94-04c1-424b-9868-57a2d4851a1d" relativeResultsDirectory="0e124afe-11ee-402e-b6c8-1f3f2cb324da">
      <Output>
        <ErrorInfo>
          <Message>Test method FaceRecognition.Test.PreprocessingPanelControlTest.OnPreprocessedPanelVisibledTest threw exception: 
System.Windows.Markup.XamlParseException: 'Provide value on 'System.Windows.StaticResourceExtension' threw an exception.' Line number '12' and line position '14'. ---&gt; System.Exception: Cannot find resource named 'BorderStyle'. Resource names are case sensitive.</Message>
          <StackTrace>    at System.Windows.StaticResourceExtension.ProvideValueInternal(IServiceProvider serviceProvider, Boolean allowDeferredReference)
   at System.Windows.StaticResourceExtension.ProvideValue(IServiceProvider serviceProvider)
   at MS.Internal.Xaml.Runtime.ClrObjectRuntime.CallProvideValue(MarkupExtension me, IServiceProvider serviceProvider)
 --- End of inner exception stack trace ---
   at FaceRecognition.Controls.PreprocessingPanelControl_Accessor..ctor()
   at FaceRecognition.Test.PreprocessingPanelControlTest.OnPreprocessedPanelVisibledTest() in D:\DiplomProject\FaceRecognition\FaceRecognition.Test\PreprocessingPanelControlTest.cs:line 89
</StackTrace>
        </ErrorInfo>
      </Output>
    </UnitTestResult>
    <UnitTestResult executionId="efc4ce9e-b5fd-48be-af06-657a497682b8" testId="4432d5dc-b42b-77da-d1ff-a0ade87d04a3" testName="OnFacesGotTest" computerName="MICROSOF-4C612A" duration="00:00:00.0091374" startTime="2011-05-29T01:26:54.6406250+03:00" endTime="2011-05-29T01:26:54.6562500+03:00" testType="13cdc9d9-ddb5-4fa4-a97d-d965ccfc6d4b" outcome="Failed" testListId="8c84fa94-04c1-424b-9868-57a2d4851a1d" relativeResultsDirectory="efc4ce9e-b5fd-48be-af06-657a497682b8">
      <Output>
        <ErrorInfo>
          <Message>Test method FaceRecognition.Test.PreprocessingPanelControlTest.OnFacesGotTest threw exception: 
System.Windows.Markup.XamlParseException: 'Provide value on 'System.Windows.StaticResourceExtension' threw an exception.' Line number '12' and line position '14'. ---&gt; System.Exception: Cannot find resource named 'BorderStyle'. Resource names are case sensitive.</Message>
          <StackTrace>    at System.Windows.StaticResourceExtension.ProvideValueInternal(IServiceProvider serviceProvider, Boolean allowDeferredReference)
   at System.Windows.StaticResourceExtension.ProvideValue(IServiceProvider serviceProvider)
   at MS.Internal.Xaml.Runtime.ClrObjectRuntime.CallProvideValue(MarkupExtension me, IServiceProvider serviceProvider)
 --- End of inner exception stack trace ---
   at FaceRecognition.Controls.PreprocessingPanelControl_Accessor..ctor()
   at FaceRecognition.Test.PreprocessingPanelControlTest.OnFacesGotTest() in D:\DiplomProject\FaceRecognition\FaceRecognition.Test\PreprocessingPanelControlTest.cs:line 101
</StackTrace>
        </ErrorInfo>
      </Output>
    </UnitTestResult>
    <UnitTestResult executionId="8b021bcc-0220-46c1-8319-56a22e545141" testId="3a4ad283-8445-bdaf-13ff-4ff25c9b6987" testName="OnDataSavedTest" computerName="MICROSOF-4C612A" duration="00:00:00.0088086" startTime="2011-05-29T01:26:54.6718750+03:00" endTime="2011-05-29T01:26:54.6875000+03:00" testType="13cdc9d9-ddb5-4fa4-a97d-d965ccfc6d4b" outcome="Failed" testListId="8c84fa94-04c1-424b-9868-57a2d4851a1d" relativeResultsDirectory="8b021bcc-0220-46c1-8319-56a22e545141">
      <Output>
        <ErrorInfo>
          <Message>Test method FaceRecognition.Test.PreprocessingPanelControlTest.OnDataSavedTest threw exception: 
System.Windows.Markup.XamlParseException: 'Provide value on 'System.Windows.StaticResourceExtension' threw an exception.' Line number '12' and line position '14'. ---&gt; System.Exception: Cannot find resource named 'BorderStyle'. Resource names are case sensitive.</Message>
          <StackTrace>    at System.Windows.StaticResourceExtension.ProvideValueInternal(IServiceProvider serviceProvider, Boolean allowDeferredReference)
   at System.Windows.StaticResourceExtension.ProvideValue(IServiceProvider serviceProvider)
   at MS.Internal.Xaml.Runtime.ClrObjectRuntime.CallProvideValue(MarkupExtension me, IServiceProvider serviceProvider)
 --- End of inner exception stack trace ---
   at FaceRecognition.Controls.PreprocessingPanelControl_Accessor..ctor()
   at FaceRecognition.Test.PreprocessingPanelControlTest.OnDataSavedTest() in D:\DiplomProject\FaceRecognition\FaceRecognition.Test\PreprocessingPanelControlTest.cs:line 113
</StackTrace>
        </ErrorInfo>
      </Output>
    </UnitTestResult>
    <UnitTestResult executionId="b59ceb30-d074-4708-8bf5-7b6bbb993b9b" testId="b503a79c-cb51-a2d5-0dad-48bb9930acb1" testName="MainWindow_ImagesPreprocessedEventTest" computerName="MICROSOF-4C612A" duration="00:00:00.0097328" startTime="2011-05-29T01:26:54.7031250+03:00" endTime="2011-05-29T01:26:54.7187500+03:00" testType="13cdc9d9-ddb5-4fa4-a97d-d965ccfc6d4b" outcome="Failed" testListId="8c84fa94-04c1-424b-9868-57a2d4851a1d" relativeResultsDirectory="b59ceb30-d074-4708-8bf5-7b6bbb993b9b">
      <Output>
        <ErrorInfo>
          <Message>Test method FaceRecognition.Test.PreprocessingPanelControlTest.MainWindow_ImagesPreprocessedEventTest threw exception: 
System.Windows.Markup.XamlParseException: 'Provide value on 'System.Windows.StaticResourceExtension' threw an exception.' Line number '12' and line position '14'. ---&gt; System.Exception: Cannot find resource named 'BorderStyle'. Resource names are case sensitive.</Message>
          <StackTrace>    at System.Windows.StaticResourceExtension.ProvideValueInternal(IServiceProvider serviceProvider, Boolean allowDeferredReference)
   at System.Windows.StaticResourceExtension.ProvideValue(IServiceProvider serviceProvider)
   at MS.Internal.Xaml.Runtime.ClrObjectRuntime.CallProvideValue(MarkupExtension me, IServiceProvider serviceProvider)
 --- End of inner exception stack trace ---
   at FaceRecognition.Controls.PreprocessingPanelControl_Accessor..ctor()
   at FaceRecognition.Test.PreprocessingPanelControlTest.MainWindow_ImagesPreprocessedEventTest() in D:\DiplomProject\FaceRecognition\FaceRecognition.Test\PreprocessingPanelControlTest.cs:line 125
</StackTrace>
        </ErrorInfo>
      </Output>
    </UnitTestResult>
    <UnitTestResult executionId="1125dc67-f203-41f2-99d4-5921fb5f488e" testId="d8f32642-8d1c-71ed-4f65-f249e674add2" testName="InitializeComponentTest" computerName="MICROSOF-4C612A" duration="00:00:00.0077833" startTime="2011-05-29T01:26:54.7343750+03:00" endTime="2011-05-29T01:26:54.7500000+03:00" testType="13cdc9d9-ddb5-4fa4-a97d-d965ccfc6d4b" outcome="Failed" testListId="8c84fa94-04c1-424b-9868-57a2d4851a1d" relativeResultsDirectory="1125dc67-f203-41f2-99d4-5921fb5f488e">
      <Output>
        <ErrorInfo>
          <Message>Test method FaceRecognition.Test.PreprocessingPanelControlTest.InitializeComponentTest threw exception: 
System.Windows.Markup.XamlParseException: 'Provide value on 'System.Windows.StaticResourceExtension' threw an exception.' Line number '12' and line position '14'. ---&gt; System.Exception: Cannot find resource named 'BorderStyle'. Resource names are case sensitive.</Message>
          <StackTrace>    at System.Windows.StaticResourceExtension.ProvideValueInternal(IServiceProvider serviceProvider, Boolean allowDeferredReference)
   at System.Windows.StaticResourceExtension.ProvideValue(IServiceProvider serviceProvider)
   at MS.Internal.Xaml.Runtime.ClrObjectRuntime.CallProvideValue(MarkupExtension me, IServiceProvider serviceProvider)
 --- End of inner exception stack trace ---
    at System.Windows.Markup.XamlReader.RewrapException(Exception e, IXamlLineInfo lineInfo, Uri baseUri)
   at System.Windows.Markup.WpfXamlLoader.Load(XamlReader xamlReader, IXamlObjectWriterFactory writerFactory, Boolean skipJournaledProperties, Object rootObject, XamlObjectWriterSettings settings, Uri baseUri)
   at System.Windows.Markup.WpfXamlLoader.LoadBaml(XamlReader xamlReader, Boolean skipJournaledProperties, Object rootObject, XamlAccessLevel accessLevel, Uri baseUri)
   at System.Windows.Markup.XamlReader.LoadBaml(Stream stream, ParserContext parserContext, Object parent, Boolean closeStream)
   at System.Windows.Application.LoadComponent(Object component, Uri resourceLocator)
   at FaceRecognition.Controls.PreprocessingPanelControl.InitializeComponent() in d:\DiplomProject\FaceRecognition\Controls\PreprocessingPanelControl.xaml:line 1
   at FaceRecognition.Controls.PreprocessingPanelControl..ctor() in D:\DiplomProject\FaceRecognition\Controls\PreprocessingPanelControl.xaml.cs:line 30
   at FaceRecognition.Test.PreprocessingPanelControlTest.InitializeComponentTest() in D:\DiplomProject\FaceRecognition\FaceRecognition.Test\PreprocessingPanelControlTest.cs:line 138
</StackTrace>
        </ErrorInfo>
      </Output>
    </UnitTestResult>
    <UnitTestResult executionId="a44ade4f-82be-409c-be83-39e4b6ec0525" testId="dc1ef0bd-6a60-0316-e952-c36a1c041e99" testName="PreprocessingPanelControlConstructorTest" computerName="MICROSOF-4C612A" duration="00:00:00.0051799" startTime="2011-05-29T01:26:54.7656250+03:00" endTime="2011-05-29T01:26:54.7812500+03:00" testType="13cdc9d9-ddb5-4fa4-a97d-d965ccfc6d4b" outcome="Failed" testListId="8c84fa94-04c1-424b-9868-57a2d4851a1d" relativeResultsDirectory="a44ade4f-82be-409c-be83-39e4b6ec0525">
      <Output>
        <ErrorInfo>
          <Message>Test method FaceRecognition.Test.PreprocessingPanelControlTest.PreprocessingPanelControlConstructorTest threw exception: 
System.Windows.Markup.XamlParseException: 'Provide value on 'System.Windows.StaticResourceExtension' threw an exception.' Line number '12' and line position '14'. ---&gt; System.Exception: Cannot find resource named 'BorderStyle'. Resource names are case sensitive.</Message>
          <StackTrace>    at System.Windows.StaticResourceExtension.ProvideValueInternal(IServiceProvider serviceProvider, Boolean allowDeferredReference)
   at System.Windows.StaticResourceExtension.ProvideValue(IServiceProvider serviceProvider)
   at MS.Internal.Xaml.Runtime.ClrObjectRuntime.CallProvideValue(MarkupExtension me, IServiceProvider serviceProvider)
 --- End of inner exception stack trace ---
    at System.Windows.Markup.XamlReader.RewrapException(Exception e, IXamlLineInfo lineInfo, Uri baseUri)
   at System.Windows.Markup.WpfXamlLoader.Load(XamlReader xamlReader, IXamlObjectWriterFactory writerFactory, Boolean skipJournaledProperties, Object rootObject, XamlObjectWriterSettings settings, Uri baseUri)
   at System.Windows.Markup.WpfXamlLoader.LoadBaml(XamlReader xamlReader, Boolean skipJournaledProperties, Object rootObject, XamlAccessLevel accessLevel, Uri baseUri)
   at System.Windows.Markup.XamlReader.LoadBaml(Stream stream, ParserContext parserContext, Object parent, Boolean closeStream)
   at System.Windows.Application.LoadComponent(Object component, Uri resourceLocator)
   at FaceRecognition.Controls.PreprocessingPanelControl.InitializeComponent() in d:\DiplomProject\FaceRecognition\Controls\PreprocessingPanelControl.xaml:line 1
   at FaceRecognition.Controls.PreprocessingPanelControl..ctor() in D:\DiplomProject\FaceRecognition\Controls\PreprocessingPanelControl.xaml.cs:line 30
   at FaceRecognition.Test.PreprocessingPanelControlTest.PreprocessingPanelControlConstructorTest() in D:\DiplomProject\FaceRecognition\FaceRecognition.Test\PreprocessingPanelControlTest.cs:line 149
</StackTrace>
        </ErrorInfo>
      </Output>
    </UnitTestResult>
    <UnitTestResult executionId="189d3b4f-cb4e-45e7-a478-4a0a7f65141e" testId="f622453e-2870-60f0-5d43-8a5270335475" testName="BackPropagationThreeLayersConstructorTest" computerName="MICROSOF-4C612A" duration="00:00:00.0046433" startTime="2011-05-29T01:26:54.7968750+03:00" endTime="2011-05-29T01:26:54.8125000+03:00" testType="13cdc9d9-ddb5-4fa4-a97d-d965ccfc6d4b" outcome="Inconclusive" testListId="8c84fa94-04c1-424b-9868-57a2d4851a1d" relativeResultsDirectory="189d3b4f-cb4e-45e7-a478-4a0a7f65141e">
      <Output>
        <ErrorInfo>
          <Message>Assert.Inconclusive failed. TODO: Implement code to verify target</Message>
          <StackTrace>   at FaceRecognition.Test.BackPropagationThreeLayersTest.BackPropagationThreeLayersConstructorTest() in D:\DiplomProject\FaceRecognition\FaceRecognition.Test\BackPropagationThreeLayersTest.cs:line 76
</StackTrace>
        </ErrorInfo>
      </Output>
    </UnitTestResult>
    <UnitTestResult executionId="ab077f63-6e1d-47f4-a33d-71a45ec6d072" testId="656e8dbc-766d-30b0-6a24-84f30c481a5c" testName="BackPropagationThreeLayersConstructorTest1" computerName="MICROSOF-4C612A" duration="00:00:00.0015278" startTime="2011-05-29T01:26:54.8125000+03:00" endTime="2011-05-29T01:26:54.8281250+03:00" testType="13cdc9d9-ddb5-4fa4-a97d-d965ccfc6d4b" outcome="Inconclusive" testListId="8c84fa94-04c1-424b-9868-57a2d4851a1d" relativeResultsDirectory="ab077f63-6e1d-47f4-a33d-71a45ec6d072">
      <Output>
        <ErrorInfo>
          <Message>Assert.Inconclusive failed. TODO: Implement code to verify target</Message>
          <StackTrace>   at FaceRecognition.Test.BackPropagationThreeLayersTest.BackPropagationThreeLayersConstructorTest1() in D:\DiplomProject\FaceRecognition\FaceRecognition.Test\BackPropagationThreeLayersTest.cs:line 90
</StackTrace>
        </ErrorInfo>
      </Output>
    </UnitTestResult>
    <UnitTestResult executionId="d06f9bae-2c1d-4bfe-99be-5c04d2666a70" testId="4d9eec50-d39b-7fc1-d0fb-cc6c9fc4769b" testName="BackPropagateTest" computerName="MICROSOF-4C612A" duration="00:00:00.0044874" startTime="2011-05-29T01:26:54.8437500+03:00" endTime="2011-05-29T01:26:54.8437500+03:00" testType="13cdc9d9-ddb5-4fa4-a97d-d965ccfc6d4b" outcome="Inconclusive" testListId="8c84fa94-04c1-424b-9868-57a2d4851a1d" relativeResultsDirectory="d06f9bae-2c1d-4bfe-99be-5c04d2666a70">
      <Output>
        <ErrorInfo>
          <Message>Assert.Inconclusive failed. A method that does not return a value cannot be verified.</Message>
          <StackTrace>   at FaceRecognition.Test.BackPropagationThreeLayersTest.BackPropagateTest() in D:\DiplomProject\FaceRecognition\FaceRecognition.Test\BackPropagationThreeLayersTest.cs:line 101
</StackTrace>
        </ErrorInfo>
      </Output>
    </UnitTestResult>
    <UnitTestResult executionId="e9d58580-8ca8-494a-8277-ad82d465d595" testId="389e30bc-157d-8d46-0eb0-6d2b628c5ca1" testName="FTest" computerName="MICROSOF-4C612A" duration="00:00:00.0050129" startTime="2011-05-29T01:26:54.8593750+03:00" endTime="2011-05-29T01:26:54.8906250+03:00" testType="13cdc9d9-ddb5-4fa4-a97d-d965ccfc6d4b" outcome="Failed" testListId="8c84fa94-04c1-424b-9868-57a2d4851a1d" relativeResultsDirectory="e9d58580-8ca8-494a-8277-ad82d465d595">
      <Output>
        <ErrorInfo>
          <Message>Assert.AreEqual failed. Expected:&lt;0&gt;. Actual:&lt;0,5&gt;. </Message>
          <StackTrace>   at FaceRecognition.Test.BackPropagationThreeLayersTest.FTest() in D:\DiplomProject\FaceRecognition\FaceRecognition.Test\BackPropagationThreeLayersTest.cs:line 115
</StackTrace>
        </ErrorInfo>
      </Output>
    </UnitTestResult>
    <UnitTestResult executionId="e6af5705-3052-46a6-9a86-0d6a90cd87e0" testId="90794b21-7e33-ba2f-46c4-ba0ae7639eab" testName="ForwardPropagateTest" computerName="MICROSOF-4C612A" duration="00:00:00.0021726" startTime="2011-05-29T01:26:54.8906250+03:00" endTime="2011-05-29T01:26:54.9062500+03:00" testType="13cdc9d9-ddb5-4fa4-a97d-d965ccfc6d4b" outcome="Inconclusive" testListId="8c84fa94-04c1-424b-9868-57a2d4851a1d" relativeResultsDirectory="e6af5705-3052-46a6-9a86-0d6a90cd87e0">
      <Output>
        <ErrorInfo>
          <Message>Assert.Inconclusive failed. A method that does not return a value cannot be verified.</Message>
          <StackTrace>   at FaceRecognition.Test.BackPropagationThreeLayersTest.ForwardPropagateTest() in D:\DiplomProject\FaceRecognition\FaceRecognition.Test\BackPropagationThreeLayersTest.cs:line 129
</StackTrace>
        </ErrorInfo>
      </Output>
    </UnitTestResult>
    <UnitTestResult executionId="58e22a85-dc8c-4b42-bd6e-17eff9bde1f2" testId="966b5aa5-558e-d661-17d2-1085377c4576" testName="GetErrorTest" computerName="MICROSOF-4C612A" duration="00:00:00.0017116" startTime="2011-05-29T01:26:54.9218750+03:00" endTime="2011-05-29T01:26:54.9218750+03:00" testType="13cdc9d9-ddb5-4fa4-a97d-d965ccfc6d4b" outcome="Inconclusive" testListId="8c84fa94-04c1-424b-9868-57a2d4851a1d" relativeResultsDirectory="58e22a85-dc8c-4b42-bd6e-17eff9bde1f2">
      <Output>
        <ErrorInfo>
          <Message>Assert.Inconclusive failed. Verify the correctness of this test method.</Message>
          <StackTrace>   at FaceRecognition.Test.BackPropagationThreeLayersTest.GetErrorTest() in D:\DiplomProject\FaceRecognition\FaceRecognition.Test\BackPropagationThreeLayersTest.cs:line 143
</StackTrace>
        </ErrorInfo>
      </Output>
    </UnitTestResult>
    <UnitTestResult executionId="1aa767be-de26-476b-b2ab-f0a6e724225c" testId="5356c367-14b5-ee7a-b270-1c8302ed8516" testName="InitializeNetworkTest" computerName="MICROSOF-4C612A" duration="00:00:00.0044555" startTime="2011-05-29T01:26:54.9375000+03:00" endTime="2011-05-29T01:26:54.9531250+03:00" testType="13cdc9d9-ddb5-4fa4-a97d-d965ccfc6d4b" outcome="Failed" testListId="8c84fa94-04c1-424b-9868-57a2d4851a1d" relativeResultsDirectory="1aa767be-de26-476b-b2ab-f0a6e724225c">
      <Output>
        <ErrorInfo>
          <Message>Test method FaceRecognition.Test.BackPropagationThreeLayersTest.InitializeNetworkTest threw exception: 
System.NullReferenceException: Object reference not set to an instance of an object.</Message>
          <StackTrace>    at FaceRecognition.NeuralNetworks.BackPropagation.BackPropagationThreeLayers.InitializeNetwork(List`1 trainingSet) in D:\DiplomProject\FaceRecognition\RecognitionMethods\NeuralNetworks\BackPropagation\BackPropagationThreeLayers.cs:line 215
   at FaceRecognition.Test.BackPropagationThreeLayersTest.InitializeNetworkTest() in D:\DiplomProject\FaceRecognition\FaceRecognition.Test\BackPropagationThreeLayersTest.cs:line 154
</StackTrace>
        </ErrorInfo>
      </Output>
    </UnitTestResult>
    <UnitTestResult executionId="1bbba0c9-8a9a-4f01-b9ff-7299a04ef0cc" testId="bc0d7e7c-27f5-f0cb-fc63-3705b952ed0c" testName="RecognizeTest" computerName="MICROSOF-4C612A" duration="00:00:00.0047813" startTime="2011-05-29T01:26:54.9687500+03:00" endTime="2011-05-29T01:26:54.9687500+03:00" testType="13cdc9d9-ddb5-4fa4-a97d-d965ccfc6d4b" outcome="Inconclusive" testListId="8c84fa94-04c1-424b-9868-57a2d4851a1d" relativeResultsDirectory="1bbba0c9-8a9a-4f01-b9ff-7299a04ef0cc">
      <Output>
        <ErrorInfo>
          <Message>Assert.Inconclusive failed. A method that does not return a value cannot be verified.</Message>
          <StackTrace>   at FaceRecognition.Test.BackPropagationThreeLayersTest.RecognizeTest() in D:\DiplomProject\FaceRecognition\FaceRecognition.Test\BackPropagationThreeLayersTest.cs:line 179
</StackTrace>
        </ErrorInfo>
      </Output>
    </UnitTestResult>
    <UnitTestResult executionId="37db5c96-122e-4f08-b70f-7848fdcdd854" testId="e5feb357-aa9b-b37d-53e8-8d2d6099a782" testName="LearningRateTest" computerName="MICROSOF-4C612A" duration="00:00:00.0015658" startTime="2011-05-29T01:26:54.9843750+03:00" endTime="2011-05-29T01:26:55.0000000+03:00" testType="13cdc9d9-ddb5-4fa4-a97d-d965ccfc6d4b" outcome="Inconclusive" testListId="8c84fa94-04c1-424b-9868-57a2d4851a1d" relativeResultsDirectory="37db5c96-122e-4f08-b70f-7848fdcdd854">
      <Output>
        <ErrorInfo>
          <Message>Assert.Inconclusive failed. Verify the correctness of this test method.</Message>
          <StackTrace>   at FaceRecognition.Test.BackPropagationThreeLayersTest.LearningRateTest() in D:\DiplomProject\FaceRecognition\FaceRecognition.Test\BackPropagationThreeLayersTest.cs:line 194
</StackTrace>
        </ErrorInfo>
      </Output>
    </UnitTestResult>
    <UnitTestResult executionId="bbaa0503-1431-4e8c-b69d-c01e782670c3" testId="f5aeb9f1-851e-37ae-2e0e-fccbcbd6445d" testName="BackPropagationTwoLayersConstructorTest" computerName="MICROSOF-4C612A" duration="00:00:00.0017759" startTime="2011-05-29T01:26:55.0312500+03:00" endTime="2011-05-29T01:26:55.0312500+03:00" testType="13cdc9d9-ddb5-4fa4-a97d-d965ccfc6d4b" outcome="Inconclusive" testListId="8c84fa94-04c1-424b-9868-57a2d4851a1d" relativeResultsDirectory="bbaa0503-1431-4e8c-b69d-c01e782670c3">
      <Output>
        <ErrorInfo>
          <Message>Assert.Inconclusive failed. TODO: Implement code to verify target</Message>
          <StackTrace>   at FaceRecognition.Test.BackPropagationTwoLayersTest.BackPropagationTwoLayersConstructorTest() in D:\DiplomProject\FaceRecognition\FaceRecognition.Test\BackPropagationTwoLayersTest.cs:line 76
</StackTrace>
        </ErrorInfo>
      </Output>
    </UnitTestResult>
    <UnitTestResult executionId="46808e80-c652-41fc-a800-d5e31c178a30" testId="5d36e2ff-aacb-17e2-2831-fd5c4e8cb1eb" testName="BackPropagationTwoLayersConstructorTest1" computerName="MICROSOF-4C612A" duration="00:00:00.0014884" startTime="2011-05-29T01:26:55.0468750+03:00" endTime="2011-05-29T01:26:55.0625000+03:00" testType="13cdc9d9-ddb5-4fa4-a97d-d965ccfc6d4b" outcome="Inconclusive" testListId="8c84fa94-04c1-424b-9868-57a2d4851a1d" relativeResultsDirectory="46808e80-c652-41fc-a800-d5e31c178a30">
      <Output>
        <ErrorInfo>
          <Message>Assert.Inconclusive failed. TODO: Implement code to verify target</Message>
          <StackTrace>   at FaceRecognition.Test.BackPropagationTwoLayersTest.BackPropagationTwoLayersConstructorTest1() in D:\DiplomProject\FaceRecognition\FaceRecognition.Test\BackPropagationTwoLayersTest.cs:line 89
</StackTrace>
        </ErrorInfo>
      </Output>
    </UnitTestResult>
    <UnitTestResult executionId="855a8620-fba6-4e29-98c6-e5e31b2fe37a" testId="45959b81-8870-8a9a-1dc5-8bd1bf5c1ea6" testName="BackPropagateTest" computerName="MICROSOF-4C612A" duration="00:00:00.0017669" startTime="2011-05-29T01:26:55.0625000+03:00" endTime="2011-05-29T01:26:55.0781250+03:00" testType="13cdc9d9-ddb5-4fa4-a97d-d965ccfc6d4b" outcome="Inconclusive" testListId="8c84fa94-04c1-424b-9868-57a2d4851a1d" relativeResultsDirectory="855a8620-fba6-4e29-98c6-e5e31b2fe37a">
      <Output>
        <ErrorInfo>
          <Message>Assert.Inconclusive failed. A method that does not return a value cannot be verified.</Message>
          <StackTrace>   at FaceRecognition.Test.BackPropagationTwoLayersTest.BackPropagateTest() in D:\DiplomProject\FaceRecognition\FaceRecognition.Test\BackPropagationTwoLayersTest.cs:line 100
</StackTrace>
        </ErrorInfo>
      </Output>
    </UnitTestResult>
    <UnitTestResult executionId="ca62a36f-383f-4cd6-9109-bea75a056d24" testId="a3cba538-c0b9-72bc-37b7-d32a911587f8" testName="FTest" computerName="MICROSOF-4C612A" duration="00:00:00.0031766" startTime="2011-05-29T01:26:55.0781250+03:00" endTime="2011-05-29T01:26:55.1093750+03:00" testType="13cdc9d9-ddb5-4fa4-a97d-d965ccfc6d4b" outcome="Failed" testListId="8c84fa94-04c1-424b-9868-57a2d4851a1d" relativeResultsDirectory="ca62a36f-383f-4cd6-9109-bea75a056d24">
      <Output>
        <ErrorInfo>
          <Message>Assert.AreEqual failed. Expected:&lt;0&gt;. Actual:&lt;0,5&gt;. </Message>
          <StackTrace>   at FaceRecognition.Test.BackPropagationTwoLayersTest.FTest() in D:\DiplomProject\FaceRecognition\FaceRecognition.Test\BackPropagationTwoLayersTest.cs:line 114
</StackTrace>
        </ErrorInfo>
      </Output>
    </UnitTestResult>
    <UnitTestResult executionId="48545490-0353-4475-aaa3-b6f8836b29bc" testId="90f0d72a-a210-d387-6c42-4f934db1c549" testName="ForwardPropagateTest" computerName="MICROSOF-4C612A" duration="00:00:00.0020435" startTime="2011-05-29T01:26:55.1093750+03:00" endTime="2011-05-29T01:26:55.1250000+03:00" testType="13cdc9d9-ddb5-4fa4-a97d-d965ccfc6d4b" outcome="Inconclusive" testListId="8c84fa94-04c1-424b-9868-57a2d4851a1d" relativeResultsDirectory="48545490-0353-4475-aaa3-b6f8836b29bc">
      <Output>
        <ErrorInfo>
          <Message>Assert.Inconclusive failed. A method that does not return a value cannot be verified.</Message>
          <StackTrace>   at FaceRecognition.Test.BackPropagationTwoLayersTest.ForwardPropagateTest() in D:\DiplomProject\FaceRecognition\FaceRecognition.Test\BackPropagationTwoLayersTest.cs:line 128
</StackTrace>
        </ErrorInfo>
      </Output>
    </UnitTestResult>
    <UnitTestResult executionId="84636693-1897-4b83-bca5-03617f3329fd" testId="63b69c50-122b-4311-cc54-120c1d109099" testName="GetErrorTest" computerName="MICROSOF-4C612A" duration="00:00:00.0015172" startTime="2011-05-29T01:26:55.1406250+03:00" endTime="2011-05-29T01:26:55.1406250+03:00" testType="13cdc9d9-ddb5-4fa4-a97d-d965ccfc6d4b" outcome="Inconclusive" testListId="8c84fa94-04c1-424b-9868-57a2d4851a1d" relativeResultsDirectory="84636693-1897-4b83-bca5-03617f3329fd">
      <Output>
        <ErrorInfo>
          <Message>Assert.Inconclusive failed. Verify the correctness of this test method.</Message>
          <StackTrace>   at FaceRecognition.Test.BackPropagationTwoLayersTest.GetErrorTest() in D:\DiplomProject\FaceRecognition\FaceRecognition.Test\BackPropagationTwoLayersTest.cs:line 142
</StackTrace>
        </ErrorInfo>
      </Output>
    </UnitTestResult>
    <UnitTestResult executionId="b19e78f0-2b24-4130-8c5c-f551ca04d94e" testId="a8d5936f-018a-b2b5-d5b0-e28cafa20828" testName="InitializeNetworkTest" computerName="MICROSOF-4C612A" duration="00:00:00.0062815" startTime="2011-05-29T01:26:55.1562500+03:00" endTime="2011-05-29T01:26:55.1718750+03:00" testType="13cdc9d9-ddb5-4fa4-a97d-d965ccfc6d4b" outcome="Failed" testListId="8c84fa94-04c1-424b-9868-57a2d4851a1d" relativeResultsDirectory="b19e78f0-2b24-4130-8c5c-f551ca04d94e">
      <Output>
        <ErrorInfo>
          <Message>Test method FaceRecognition.Test.BackPropagationTwoLayersTest.InitializeNetworkTest threw exception: 
System.NullReferenceException: Object reference not set to an instance of an object.</Message>
          <StackTrace>    at FaceRecognition.NeuralNetworks.BackPropagation.BackPropagationTwoLayers.InitializeNetwork(List`1 trainingSet) in D:\DiplomProject\FaceRecognition\RecognitionMethods\NeuralNetworks\BackPropagation\BackPropagationTwoLayers.cs:line 170
   at FaceRecognition.Test.BackPropagationTwoLayersTest.InitializeNetworkTest() in D:\DiplomProject\FaceRecognition\FaceRecognition.Test\BackPropagationTwoLayersTest.cs:line 153
</StackTrace>
        </ErrorInfo>
      </Output>
    </UnitTestResult>
    <UnitTestResult executionId="8ee8d922-fdd5-4e00-bc39-44c16c2bcecb" testId="87a434e0-4516-40cc-cf5a-bdb51285650e" testName="RecognizeTest" computerName="MICROSOF-4C612A" duration="00:00:00.0022033" startTime="2011-05-29T01:26:55.1875000+03:00" endTime="2011-05-29T01:26:55.2031250+03:00" testType="13cdc9d9-ddb5-4fa4-a97d-d965ccfc6d4b" outcome="Inconclusive" testListId="8c84fa94-04c1-424b-9868-57a2d4851a1d" relativeResultsDirectory="8ee8d922-fdd5-4e00-bc39-44c16c2bcecb">
      <Output>
        <ErrorInfo>
          <Message>Assert.Inconclusive failed. A method that does not return a value cannot be verified.</Message>
          <StackTrace>   at FaceRecognition.Test.BackPropagationTwoLayersTest.RecognizeTest() in D:\DiplomProject\FaceRecognition\FaceRecognition.Test\BackPropagationTwoLayersTest.cs:line 178
</StackTrace>
        </ErrorInfo>
      </Output>
    </UnitTestResult>
    <UnitTestResult executionId="c0093367-096d-4abd-bfa1-ba1367666365" testId="7dabda3f-cdc5-4f6f-af53-889ef5d47a49" testName="LearningRateTest" computerName="MICROSOF-4C612A" duration="00:00:00.0032895" startTime="2011-05-29T01:26:55.2031250+03:00" endTime="2011-05-29T01:26:55.2187500+03:00" testType="13cdc9d9-ddb5-4fa4-a97d-d965ccfc6d4b" outcome="Inconclusive" testListId="8c84fa94-04c1-424b-9868-57a2d4851a1d" relativeResultsDirectory="c0093367-096d-4abd-bfa1-ba1367666365">
      <Output>
        <ErrorInfo>
          <Message>Assert.Inconclusive failed. Verify the correctness of this test method.</Message>
          <StackTrace>   at FaceRecognition.Test.BackPropagationTwoLayersTest.LearningRateTest() in D:\DiplomProject\FaceRecognition\FaceRecognition.Test\BackPropagationTwoLayersTest.cs:line 193
</StackTrace>
        </ErrorInfo>
      </Output>
    </UnitTestResult>
    <UnitTestResult executionId="a8e852bb-de6d-4a51-9114-67ba3b58d89d" testId="37f5fc19-6608-18ab-be13-9627bdbc233e" testName="BackPropagateTest" computerName="MICROSOF-4C612A" duration="00:00:00.0601062" startTime="2011-05-29T01:26:55.2343750+03:00" endTime="2011-05-29T01:26:55.2968750+03:00" testType="13cdc9d9-ddb5-4fa4-a97d-d965ccfc6d4b" outcome="Failed" testListId="8c84fa94-04c1-424b-9868-57a2d4851a1d" relativeResultsDirectory="a8e852bb-de6d-4a51-9114-67ba3b58d89d">
      <Output>
        <ErrorInfo>
          <Message>Test method FaceRecognition.Test.IBackPropagationTest.BackPropagateTest threw exception: 
System.NullReferenceException: Object reference not set to an instance of an object.</Message>
          <StackTrace>    at FaceRecognition.Test.IBackPropagationTest.BackPropagateTest() in D:\DiplomProject\FaceRecognition\FaceRecognition.Test\IBackPropagationTest.cs:line 83
</StackTrace>
        </ErrorInfo>
      </Output>
    </UnitTestResult>
    <UnitTestResult executionId="93414696-527b-48fb-bc87-854117ca3945" testId="88a91f14-dad9-324b-a168-24e316ef6b07" testName="FTest" computerName="MICROSOF-4C612A" duration="00:00:00.0051727" startTime="2011-05-29T01:26:55.3125000+03:00" endTime="2011-05-29T01:26:55.3281250+03:00" testType="13cdc9d9-ddb5-4fa4-a97d-d965ccfc6d4b" outcome="Failed" testListId="8c84fa94-04c1-424b-9868-57a2d4851a1d" relativeResultsDirectory="93414696-527b-48fb-bc87-854117ca3945">
      <Output>
        <ErrorInfo>
          <Message>Test method FaceRecognition.Test.IBackPropagationTest.FTest threw exception: 
System.NullReferenceException: Object reference not set to an instance of an object.</Message>
          <StackTrace>    at FaceRecognition.Test.IBackPropagationTest.FTest() in D:\DiplomProject\FaceRecognition\FaceRecognition.Test\IBackPropagationTest.cs:line 97
</StackTrace>
        </ErrorInfo>
      </Output>
    </UnitTestResult>
    <UnitTestResult executionId="6f1a8700-3beb-4940-b739-60b0ea1e5666" testId="4dac0495-814a-5357-b6be-6dcc30927ba9" testName="ForwardPropagateTest" computerName="MICROSOF-4C612A" duration="00:00:00.0026363" startTime="2011-05-29T01:26:55.3281250+03:00" endTime="2011-05-29T01:26:55.3437500+03:00" testType="13cdc9d9-ddb5-4fa4-a97d-d965ccfc6d4b" outcome="Failed" testListId="8c84fa94-04c1-424b-9868-57a2d4851a1d" relativeResultsDirectory="6f1a8700-3beb-4940-b739-60b0ea1e5666">
      <Output>
        <ErrorInfo>
          <Message>Test method FaceRecognition.Test.IBackPropagationTest.ForwardPropagateTest threw exception: 
System.NullReferenceException: Object reference not set to an instance of an object.</Message>
          <StackTrace>    at FaceRecognition.Test.IBackPropagationTest.ForwardPropagateTest() in D:\DiplomProject\FaceRecognition\FaceRecognition.Test\IBackPropagationTest.cs:line 111
</StackTrace>
        </ErrorInfo>
      </Output>
    </UnitTestResult>
    <UnitTestResult executionId="22a42ba8-ae0a-4951-80d2-3919ecea11b8" testId="9c022819-a9c6-6413-f419-f17a9d21ca3f" testName="GetErrorTest" computerName="MICROSOF-4C612A" duration="00:00:00.0047628" startTime="2011-05-29T01:26:55.3593750+03:00" endTime="2011-05-29T01:26:55.3750000+03:00" testType="13cdc9d9-ddb5-4fa4-a97d-d965ccfc6d4b" outcome="Failed" testListId="8c84fa94-04c1-424b-9868-57a2d4851a1d" relativeResultsDirectory="22a42ba8-ae0a-4951-80d2-3919ecea11b8">
      <Output>
        <ErrorInfo>
          <Message>Test method FaceRecognition.Test.IBackPropagationTest.GetErrorTest threw exception: 
System.NullReferenceException: Object reference not set to an instance of an object.</Message>
          <StackTrace>    at FaceRecognition.Test.IBackPropagationTest.GetErrorTest() in D:\DiplomProject\FaceRecognition\FaceRecognition.Test\IBackPropagationTest.cs:line 124
</StackTrace>
        </ErrorInfo>
      </Output>
    </UnitTestResult>
    <UnitTestResult executionId="d889e32e-88ee-4c23-8830-792e2923b1a9" testId="61d6b9fb-c99e-446e-c5fe-7c57740f2833" testName="InitializeNetworkTest" computerName="MICROSOF-4C612A" duration="00:00:00.0032993" startTime="2011-05-29T01:26:55.3750000+03:00" endTime="2011-05-29T01:26:55.3906250+03:00" testType="13cdc9d9-ddb5-4fa4-a97d-d965ccfc6d4b" outcome="Failed" testListId="8c84fa94-04c1-424b-9868-57a2d4851a1d" relativeResultsDirectory="d889e32e-88ee-4c23-8830-792e2923b1a9">
      <Output>
        <ErrorInfo>
          <Message>Test method FaceRecognition.Test.IBackPropagationTest.InitializeNetworkTest threw exception: 
System.NullReferenceException: Object reference not set to an instance of an object.</Message>
          <StackTrace>    at FaceRecognition.Test.IBackPropagationTest.InitializeNetworkTest() in D:\DiplomProject\FaceRecognition\FaceRecognition.Test\IBackPropagationTest.cs:line 137
</StackTrace>
        </ErrorInfo>
      </Output>
    </UnitTestResult>
    <UnitTestResult executionId="8f0d60bc-f917-4dbf-bf6a-b6de0cf9ee1c" testId="3d1ffb52-b06a-ac0f-7f2a-3fb0c91a4e83" testName="RecognizeTest" computerName="MICROSOF-4C612A" duration="00:00:00.0028456" startTime="2011-05-29T01:26:55.3906250+03:00" endTime="2011-05-29T01:26:55.4218750+03:00" testType="13cdc9d9-ddb5-4fa4-a97d-d965ccfc6d4b" outcome="Failed" testListId="8c84fa94-04c1-424b-9868-57a2d4851a1d" relativeResultsDirectory="8f0d60bc-f917-4dbf-bf6a-b6de0cf9ee1c">
      <Output>
        <ErrorInfo>
          <Message>Test method FaceRecognition.Test.IBackPropagationTest.RecognizeTest threw exception: 
System.NullReferenceException: Object reference not set to an instance of an object.</Message>
          <StackTrace>    at FaceRecognition.Test.IBackPropagationTest.RecognizeTest() in D:\DiplomProject\FaceRecognition\FaceRecognition.Test\IBackPropagationTest.cs:line 157
</StackTrace>
        </ErrorInfo>
      </Output>
    </UnitTestResult>
    <UnitTestResult executionId="2c198997-4ceb-4237-82c5-d94df46fb42d" testId="1fa598b3-6190-bf32-4618-45d3b9e96234" testName="NeuralNetworkConstructorTest" computerName="MICROSOF-4C612A" duration="00:00:00.0016686" startTime="2011-05-29T01:26:55.4218750+03:00" endTime="2011-05-29T01:26:55.4375000+03:00" testType="13cdc9d9-ddb5-4fa4-a97d-d965ccfc6d4b" outcome="Inconclusive" testListId="8c84fa94-04c1-424b-9868-57a2d4851a1d" relativeResultsDirectory="2c198997-4ceb-4237-82c5-d94df46fb42d">
      <Output>
        <ErrorInfo>
          <Message>Assert.Inconclusive failed. No appropriate type parameter is found to satisfies the type constraint(s) of T. Please call NeuralNetworkConstructorTestHelper&lt;T&gt;() with appropriate type parameters.</Message>
          <StackTrace>   at FaceRecognition.Test.NeuralNetworkTest.NeuralNetworkConstructorTest() in D:\DiplomProject\FaceRecognition\FaceRecognition.Test\NeuralNetworkTest.cs:line 82
</StackTrace>
        </ErrorInfo>
      </Output>
    </UnitTestResult>
    <UnitTestResult executionId="857fb24b-ca74-4f51-aeb7-006a9b1741ec" testId="9090fd81-d19e-8dd6-dbfa-aa771e93daa6" testName="NeuralNetworkConstructorTest1" computerName="MICROSOF-4C612A" duration="00:00:00.0036504" startTime="2011-05-29T01:26:55.4531250+03:00" endTime="2011-05-29T01:26:55.4687500+03:00" testType="13cdc9d9-ddb5-4fa4-a97d-d965ccfc6d4b" outcome="Inconclusive" testListId="8c84fa94-04c1-424b-9868-57a2d4851a1d" relativeResultsDirectory="857fb24b-ca74-4f51-aeb7-006a9b1741ec">
      <Output>
        <ErrorInfo>
          <Message>Assert.Inconclusive failed. No appropriate type parameter is found to satisfies the type constraint(s) of T. Please call NeuralNetworkConstructorTest1Helper&lt;T&gt;() with appropriate type parameters.</Message>
          <StackTrace>   at FaceRecognition.Test.NeuralNetworkTest.NeuralNetworkConstructorTest1() in D:\DiplomProject\FaceRecognition\FaceRecognition.Test\NeuralNetworkTest.cs:line 102
</StackTrace>
        </ErrorInfo>
      </Output>
    </UnitTestResult>
    <UnitTestResult executionId="2dc6f548-3fb0-4161-98cb-3d7b6d33e035" testId="e1136307-03a4-f8b9-09d4-f33b2b0bdeb9" testName="LoadNetworkTest" computerName="MICROSOF-4C612A" duration="00:00:00.0012736" startTime="2011-05-29T01:26:55.4687500+03:00" endTime="2011-05-29T01:26:55.4843750+03:00" testType="13cdc9d9-ddb5-4fa4-a97d-d965ccfc6d4b" outcome="Inconclusive" testListId="8c84fa94-04c1-424b-9868-57a2d4851a1d" relativeResultsDirectory="2dc6f548-3fb0-4161-98cb-3d7b6d33e035">
      <Output>
        <ErrorInfo>
          <Message>Assert.Inconclusive failed. No appropriate type parameter is found to satisfies the type constraint(s) of T. Please call LoadNetworkTestHelper&lt;T&gt;() with appropriate type parameters.</Message>
          <StackTrace>   at FaceRecognition.Test.NeuralNetworkTest.LoadNetworkTest() in D:\DiplomProject\FaceRecognition\FaceRecognition.Test\NeuralNetworkTest.cs:line 122
</StackTrace>
        </ErrorInfo>
      </Output>
    </UnitTestResult>
    <UnitTestResult executionId="89b0b2bc-0d06-48e6-93f0-38010ce8f6e4" testId="ccfbec14-30b8-5c13-882d-6df4539d9eb5" testName="RecognizeTest" computerName="MICROSOF-4C612A" duration="00:00:00.0013194" startTime="2011-05-29T01:26:55.5000000+03:00" endTime="2011-05-29T01:26:55.5000000+03:00" testType="13cdc9d9-ddb5-4fa4-a97d-d965ccfc6d4b" outcome="Inconclusive" testListId="8c84fa94-04c1-424b-9868-57a2d4851a1d" relativeResultsDirectory="89b0b2bc-0d06-48e6-93f0-38010ce8f6e4">
      <Output>
        <ErrorInfo>
          <Message>Assert.Inconclusive failed. No appropriate type parameter is found to satisfies the type constraint(s) of T. Please call RecognizeTestHelper&lt;T&gt;() with appropriate type parameters.</Message>
          <StackTrace>   at FaceRecognition.Test.NeuralNetworkTest.RecognizeTest() in D:\DiplomProject\FaceRecognition\FaceRecognition.Test\NeuralNetworkTest.cs:line 153
</StackTrace>
        </ErrorInfo>
      </Output>
    </UnitTestResult>
    <UnitTestResult executionId="7e52f132-29b7-4d2c-9d74-8d7fdb43429c" testId="e4adef9f-c727-d96f-8382-d8b04ec008d1" testName="SaveNetworkTest" computerName="MICROSOF-4C612A" duration="00:00:00.0010987" startTime="2011-05-29T01:26:55.5156250+03:00" endTime="2011-05-29T01:26:55.5312500+03:00" testType="13cdc9d9-ddb5-4fa4-a97d-d965ccfc6d4b" outcome="Inconclusive" testListId="8c84fa94-04c1-424b-9868-57a2d4851a1d" relativeResultsDirectory="7e52f132-29b7-4d2c-9d74-8d7fdb43429c">
      <Output>
        <ErrorInfo>
          <Message>Assert.Inconclusive failed. No appropriate type parameter is found to satisfies the type constraint(s) of T. Please call SaveNetworkTestHelper&lt;T&gt;() with appropriate type parameters.</Message>
          <StackTrace>   at FaceRecognition.Test.NeuralNetworkTest.SaveNetworkTest() in D:\DiplomProject\FaceRecognition\FaceRecognition.Test\NeuralNetworkTest.cs:line 172
</StackTrace>
        </ErrorInfo>
      </Output>
    </UnitTestResult>
    <UnitTestResult executionId="af0feb4f-ad23-44d7-8332-05f59b97fc22" testId="66b8266b-dacb-24a9-cb14-316eeb8fc5b7" testName="TrainTest" computerName="MICROSOF-4C612A" duration="00:00:00.0011068" startTime="2011-05-29T01:26:55.5312500+03:00" endTime="2011-05-29T01:26:55.5468750+03:00" testType="13cdc9d9-ddb5-4fa4-a97d-d965ccfc6d4b" outcome="Inconclusive" testListId="8c84fa94-04c1-424b-9868-57a2d4851a1d" relativeResultsDirectory="af0feb4f-ad23-44d7-8332-05f59b97fc22">
      <Output>
        <ErrorInfo>
          <Message>Assert.Inconclusive failed. No appropriate type parameter is found to satisfies the type constraint(s) of T. Please call TrainTestHelper&lt;T&gt;() with appropriate type parameters.</Message>
          <StackTrace>   at FaceRecognition.Test.NeuralNetworkTest.TrainTest() in D:\DiplomProject\FaceRecognition\FaceRecognition.Test\NeuralNetworkTest.cs:line 193
</StackTrace>
        </ErrorInfo>
      </Output>
    </UnitTestResult>
    <UnitTestResult executionId="491a3fc2-11af-4e61-a6b2-3e4e05c61bf8" testId="b9a1250e-11b6-188d-6781-c2395b012be1" testName="MaximumErrorTest" computerName="MICROSOF-4C612A" duration="00:00:00.0037650" startTime="2011-05-29T01:26:55.5781250+03:00" endTime="2011-05-29T01:26:55.5781250+03:00" testType="13cdc9d9-ddb5-4fa4-a97d-d965ccfc6d4b" outcome="Inconclusive" testListId="8c84fa94-04c1-424b-9868-57a2d4851a1d" relativeResultsDirectory="491a3fc2-11af-4e61-a6b2-3e4e05c61bf8">
      <Output>
        <ErrorInfo>
          <Message>Assert.Inconclusive failed. No appropriate type parameter is found to satisfies the type constraint(s) of T. Please call MaximumErrorTestHelper&lt;T&gt;() with appropriate type parameters.</Message>
          <StackTrace>   at FaceRecognition.Test.NeuralNetworkTest.MaximumErrorTest() in D:\DiplomProject\FaceRecognition\FaceRecognition.Test\NeuralNetworkTest.cs:line 215
</StackTrace>
        </ErrorInfo>
      </Output>
    </UnitTestResult>
    <UnitTestResult executionId="05628069-5beb-426a-b54b-a797f0d3b1e8" testId="c48fa6fc-79f1-8e9b-150f-d4b167d66db2" testName="MaximumIterationTest" computerName="MICROSOF-4C612A" duration="00:00:00.0112134" startTime="2011-05-29T01:26:55.5937500+03:00" endTime="2011-05-29T01:26:55.6093750+03:00" testType="13cdc9d9-ddb5-4fa4-a97d-d965ccfc6d4b" outcome="Inconclusive" testListId="8c84fa94-04c1-424b-9868-57a2d4851a1d" relativeResultsDirectory="05628069-5beb-426a-b54b-a797f0d3b1e8">
      <Output>
        <ErrorInfo>
          <Message>Assert.Inconclusive failed. No appropriate type parameter is found to satisfies the type constraint(s) of T. Please call MaximumIterationTestHelper&lt;T&gt;() with appropriate type parameters.</Message>
          <StackTrace>   at FaceRecognition.Test.NeuralNetworkTest.MaximumIterationTest() in D:\DiplomProject\FaceRecognition\FaceRecognition.Test\NeuralNetworkTest.cs:line 237
</StackTrace>
        </ErrorInfo>
      </Output>
    </UnitTestResult>
    <UnitTestResult executionId="bf7cee65-adf6-46e7-88c5-d81416d70d81" testId="e48e64f6-d1ee-3416-7322-5cbd707467c3" testName="SettingsConstructorTest" computerName="MICROSOF-4C612A" duration="00:00:00.0032604" startTime="2011-05-29T01:26:55.6250000+03:00" endTime="2011-05-29T01:26:55.6250000+03:00" testType="13cdc9d9-ddb5-4fa4-a97d-d965ccfc6d4b" outcome="Inconclusive" testListId="8c84fa94-04c1-424b-9868-57a2d4851a1d" relativeResultsDirectory="bf7cee65-adf6-46e7-88c5-d81416d70d81">
      <Output>
        <ErrorInfo>
          <Message>Assert.Inconclusive failed. TODO: Implement code to verify target</Message>
          <StackTrace>   at FaceRecognition.Test.SettingsTest.SettingsConstructorTest() in D:\DiplomProject\FaceRecognition\FaceRecognition.Test\SettingsTest.cs:line 75
</StackTrace>
        </ErrorInfo>
      </Output>
    </UnitTestResult>
    <UnitTestResult executionId="23898ede-6241-40ab-bace-50573ba3ce1f" testId="b34e0289-a8eb-94d3-2574-6c01db24ca70" testName="SettingChangingEventHandlerTest" computerName="MICROSOF-4C612A" duration="00:00:00.0012001" startTime="2011-05-29T01:26:55.6406250+03:00" endTime="2011-05-29T01:26:55.6562500+03:00" testType="13cdc9d9-ddb5-4fa4-a97d-d965ccfc6d4b" outcome="Inconclusive" testListId="8c84fa94-04c1-424b-9868-57a2d4851a1d" relativeResultsDirectory="23898ede-6241-40ab-bace-50573ba3ce1f">
      <Output>
        <ErrorInfo>
          <Message>Assert.Inconclusive failed. Private Accessor for FaceRecognition.Properties.Settings is not found. Please rebuild the containing project or run the Publicize.exe manually.</Message>
          <StackTrace>   at FaceRecognition.Test.SettingsTest.SettingChangingEventHandlerTest() in D:\DiplomProject\FaceRecognition\FaceRecognition.Test\SettingsTest.cs:line 86
</StackTrace>
        </ErrorInfo>
      </Output>
    </UnitTestResult>
    <UnitTestResult executionId="487edadc-f5e1-432f-8067-d5597c097dfe" testId="39bc01bc-f318-0cd2-a9c5-fee5e11414c2" testName="SettingsSavingEventHandlerTest" computerName="MICROSOF-4C612A" duration="00:00:00.0034666" startTime="2011-05-29T01:26:55.6718750+03:00" endTime="2011-05-29T01:26:55.6718750+03:00" testType="13cdc9d9-ddb5-4fa4-a97d-d965ccfc6d4b" outcome="Inconclusive" testListId="8c84fa94-04c1-424b-9868-57a2d4851a1d" relativeResultsDirectory="487edadc-f5e1-432f-8067-d5597c097dfe">
      <Output>
        <ErrorInfo>
          <Message>Assert.Inconclusive failed. Private Accessor for FaceRecognition.Properties.Settings is not found. Please rebuild the containing project or run the Publicize.exe manually.</Message>
          <StackTrace>   at FaceRecognition.Test.SettingsTest.SettingsSavingEventHandlerTest() in D:\DiplomProject\FaceRecognition\FaceRecognition.Test\SettingsTest.cs:line 98
</StackTrace>
        </ErrorInfo>
      </Output>
    </UnitTestResult>
    <UnitTestResult executionId="bdef18c6-e200-47e4-937a-44412c2ac78e" testId="c421be64-b112-49c6-4117-fc723e9edcab" testName="DefaultTest" computerName="MICROSOF-4C612A" duration="00:00:00.0035484" startTime="2011-05-29T01:26:55.6875000+03:00" endTime="2011-05-29T01:26:55.7031250+03:00" testType="13cdc9d9-ddb5-4fa4-a97d-d965ccfc6d4b" outcome="Inconclusive" testListId="8c84fa94-04c1-424b-9868-57a2d4851a1d" relativeResultsDirectory="bdef18c6-e200-47e4-937a-44412c2ac78e">
      <Output>
        <ErrorInfo>
          <Message>Assert.Inconclusive failed. Verify the correctness of this test method.</Message>
          <StackTrace>   at FaceRecognition.Test.SettingsTest.DefaultTest() in D:\DiplomProject\FaceRecognition\FaceRecognition.Test\SettingsTest.cs:line 110
</StackTrace>
        </ErrorInfo>
      </Output>
    </UnitTestResult>
    <UnitTestResult executionId="af1465e0-e079-4778-9bcc-c510efeb05f1" testId="1e4a691e-ad2e-1adf-70af-d2ec6c26a128" testName="WindowPositionTest" computerName="MICROSOF-4C612A" duration="00:00:00.0617290" startTime="2011-05-29T01:26:55.7187500+03:00" endTime="2011-05-29T01:26:55.7812500+03:00" testType="13cdc9d9-ddb5-4fa4-a97d-d965ccfc6d4b" outcome="Inconclusive" testListId="8c84fa94-04c1-424b-9868-57a2d4851a1d" relativeResultsDirectory="af1465e0-e079-4778-9bcc-c510efeb05f1">
      <Output>
        <ErrorInfo>
          <Message>Assert.Inconclusive failed. Verify the correctness of this test method.</Message>
          <StackTrace>   at FaceRecognition.Test.SettingsTest.WindowPositionTest() in D:\DiplomProject\FaceRecognition\FaceRecognition.Test\SettingsTest.cs:line 125
</StackTrace>
        </ErrorInfo>
      </Output>
    </UnitTestResult>
    <UnitTestResult executionId="a09605b8-c9be-4ef1-9150-56b8b9844f32" testId="9870d761-160f-3024-39bb-55213e85ca4f" testName="WindowStateTest" computerName="MICROSOF-4C612A" duration="00:00:00.0070006" startTime="2011-05-29T01:26:55.7968750+03:00" endTime="2011-05-29T01:26:55.8125000+03:00" testType="13cdc9d9-ddb5-4fa4-a97d-d965ccfc6d4b" outcome="Inconclusive" testListId="8c84fa94-04c1-424b-9868-57a2d4851a1d" relativeResultsDirectory="a09605b8-c9be-4ef1-9150-56b8b9844f32">
      <Output>
        <ErrorInfo>
          <Message>Assert.Inconclusive failed. Verify the correctness of this test method.</Message>
          <StackTrace>   at FaceRecognition.Test.SettingsTest.WindowStateTest() in D:\DiplomProject\FaceRecognition\FaceRecognition.Test\SettingsTest.cs:line 140
</StackTrace>
        </ErrorInfo>
      </Output>
    </UnitTestResult>
    <UnitTestResult executionId="8e416ef8-296a-4a40-abc9-cebf76c3f089" testId="f960e6e6-a5ba-84ac-c727-791bb6f4b9c4" testName="StringsConstructorTest" computerName="MICROSOF-4C612A" duration="00:00:00.0018323" startTime="2011-05-29T01:26:55.8281250+03:00" endTime="2011-05-29T01:26:55.8437500+03:00" testType="13cdc9d9-ddb5-4fa4-a97d-d965ccfc6d4b" outcome="Inconclusive" testListId="8c84fa94-04c1-424b-9868-57a2d4851a1d" relativeResultsDirectory="8e416ef8-296a-4a40-abc9-cebf76c3f089">
      <Output>
        <ErrorInfo>
          <Message>Assert.Inconclusive failed. TODO: Implement code to verify target</Message>
          <StackTrace>   at FaceRecognition.Test.StringsTest.StringsConstructorTest() in D:\DiplomProject\FaceRecognition\FaceRecognition.Test\StringsTest.cs:line 76
</StackTrace>
        </ErrorInfo>
      </Output>
    </UnitTestResult>
    <UnitTestResult executionId="2b27f0b2-8b62-4620-856c-aceb19f6466f" testId="36d6a853-2a02-17bb-d425-98d5cf6cd529" testName="AboutWindow_TitleTest" computerName="MICROSOF-4C612A" duration="00:00:00.0013029" startTime="2011-05-29T01:26:55.8593750+03:00" endTime="2011-05-29T01:26:55.8750000+03:00" testType="13cdc9d9-ddb5-4fa4-a97d-d965ccfc6d4b" outcome="Inconclusive" testListId="8c84fa94-04c1-424b-9868-57a2d4851a1d" relativeResultsDirectory="2b27f0b2-8b62-4620-856c-aceb19f6466f">
      <Output>
        <ErrorInfo>
          <Message>Assert.Inconclusive failed. Verify the correctness of this test method.</Message>
          <StackTrace>   at FaceRecognition.Test.StringsTest.AboutWindow_TitleTest() in D:\DiplomProject\FaceRecognition\FaceRecognition.Test\StringsTest.cs:line 87
</StackTrace>
        </ErrorInfo>
      </Output>
    </UnitTestResult>
    <UnitTestResult executionId="a643aef3-d6ef-4ddc-b584-8bc7932e3f83" testId="1d7192cd-e5ef-905e-c1bc-ce7c7580307b" testName="CultureTest" computerName="MICROSOF-4C612A" duration="00:00:00.0015912" startTime="2011-05-29T01:26:55.8750000+03:00" endTime="2011-05-29T01:26:55.8906250+03:00" testType="13cdc9d9-ddb5-4fa4-a97d-d965ccfc6d4b" outcome="Inconclusive" testListId="8c84fa94-04c1-424b-9868-57a2d4851a1d" relativeResultsDirectory="a643aef3-d6ef-4ddc-b584-8bc7932e3f83">
      <Output>
        <ErrorInfo>
          <Message>Assert.Inconclusive failed. Verify the correctness of this test method.</Message>
          <StackTrace>   at FaceRecognition.Test.StringsTest.CultureTest() in D:\DiplomProject\FaceRecognition\FaceRecognition.Test\StringsTest.cs:line 101
</StackTrace>
        </ErrorInfo>
      </Output>
    </UnitTestResult>
    <UnitTestResult executionId="c5c01c9e-59f5-415d-892d-ed8b8cfe2de6" testId="d63868b2-223e-6cba-3e2c-64460849e731" testName="ExtractFeaturesWindow_TitleTest" computerName="MICROSOF-4C612A" duration="00:00:00.0037074" startTime="2011-05-29T01:26:55.9062500+03:00" endTime="2011-05-29T01:26:55.9218750+03:00" testType="13cdc9d9-ddb5-4fa4-a97d-d965ccfc6d4b" outcome="Inconclusive" testListId="8c84fa94-04c1-424b-9868-57a2d4851a1d" relativeResultsDirectory="c5c01c9e-59f5-415d-892d-ed8b8cfe2de6">
      <Output>
        <ErrorInfo>
          <Message>Assert.Inconclusive failed. Verify the correctness of this test method.</Message>
          <StackTrace>   at FaceRecognition.Test.StringsTest.ExtractFeaturesWindow_TitleTest() in D:\DiplomProject\FaceRecognition\FaceRecognition.Test\StringsTest.cs:line 112
</StackTrace>
        </ErrorInfo>
      </Output>
    </UnitTestResult>
    <UnitTestResult executionId="65a53ba4-264f-48b9-810e-42e5b1a9e33d" testId="6a5eab3e-a88c-2834-1ee8-d5254f298e2f" testName="FaceDetectionWindow_TitleTest" computerName="MICROSOF-4C612A" duration="00:00:00.0013510" startTime="2011-05-29T01:26:55.9218750+03:00" endTime="2011-05-29T01:26:55.9375000+03:00" testType="13cdc9d9-ddb5-4fa4-a97d-d965ccfc6d4b" outcome="Inconclusive" testListId="8c84fa94-04c1-424b-9868-57a2d4851a1d" relativeResultsDirectory="65a53ba4-264f-48b9-810e-42e5b1a9e33d">
      <Output>
        <ErrorInfo>
          <Message>Assert.Inconclusive failed. Verify the correctness of this test method.</Message>
          <StackTrace>   at FaceRecognition.Test.StringsTest.FaceDetectionWindow_TitleTest() in D:\DiplomProject\FaceRecognition\FaceRecognition.Test\StringsTest.cs:line 123
</StackTrace>
        </ErrorInfo>
      </Output>
    </UnitTestResult>
    <UnitTestResult executionId="1bf5aac2-17f2-41c0-a735-0704a8719ece" testId="24854c00-9673-66b7-0369-8cacf35ade09" testName="FileName_ExcelResultsTest" computerName="MICROSOF-4C612A" duration="00:00:00.0014004" startTime="2011-05-29T01:26:55.9375000+03:00" endTime="2011-05-29T01:26:55.9531250+03:00" testType="13cdc9d9-ddb5-4fa4-a97d-d965ccfc6d4b" outcome="Inconclusive" testListId="8c84fa94-04c1-424b-9868-57a2d4851a1d" relativeResultsDirectory="1bf5aac2-17f2-41c0-a735-0704a8719ece">
      <Output>
        <ErrorInfo>
          <Message>Assert.Inconclusive failed. Verify the correctness of this test method.</Message>
          <StackTrace>   at FaceRecognition.Test.StringsTest.FileName_ExcelResultsTest() in D:\DiplomProject\FaceRecognition\FaceRecognition.Test\StringsTest.cs:line 134
</StackTrace>
        </ErrorInfo>
      </Output>
    </UnitTestResult>
    <UnitTestResult executionId="805c3d2d-f52f-4e89-9db3-0d9845a72d2a" testId="ceeeeabf-2a11-97e9-e03e-6c2b713de5bd" testName="FileName_OneLayer_NeuronNetTest" computerName="MICROSOF-4C612A" duration="00:00:00.0036462" startTime="2011-05-29T01:26:55.9687500+03:00" endTime="2011-05-29T01:26:55.9843750+03:00" testType="13cdc9d9-ddb5-4fa4-a97d-d965ccfc6d4b" outcome="Inconclusive" testListId="8c84fa94-04c1-424b-9868-57a2d4851a1d" relativeResultsDirectory="805c3d2d-f52f-4e89-9db3-0d9845a72d2a">
      <Output>
        <ErrorInfo>
          <Message>Assert.Inconclusive failed. Verify the correctness of this test method.</Message>
          <StackTrace>   at FaceRecognition.Test.StringsTest.FileName_OneLayer_NeuronNetTest() in D:\DiplomProject\FaceRecognition\FaceRecognition.Test\StringsTest.cs:line 145
</StackTrace>
        </ErrorInfo>
      </Output>
    </UnitTestResult>
    <UnitTestResult executionId="65bff062-c95c-4d64-8539-45a4374f8b0c" testId="3f872b70-05cc-c7a0-e792-e9ecf767e205" testName="FileName_RecognizedFacesTest" computerName="MICROSOF-4C612A" duration="00:00:00.0054495" startTime="2011-05-29T01:26:55.9843750+03:00" endTime="2011-05-29T01:26:56.0000000+03:00" testType="13cdc9d9-ddb5-4fa4-a97d-d965ccfc6d4b" outcome="Inconclusive" testListId="8c84fa94-04c1-424b-9868-57a2d4851a1d" relativeResultsDirectory="65bff062-c95c-4d64-8539-45a4374f8b0c">
      <Output>
        <ErrorInfo>
          <Message>Assert.Inconclusive failed. Verify the correctness of this test method.</Message>
          <StackTrace>   at FaceRecognition.Test.StringsTest.FileName_RecognizedFacesTest() in D:\DiplomProject\FaceRecognition\FaceRecognition.Test\StringsTest.cs:line 156
</StackTrace>
        </ErrorInfo>
      </Output>
    </UnitTestResult>
    <UnitTestResult executionId="eebadd08-a988-4efb-9aa7-b654f14f87ab" testId="9a90e35a-059d-19a9-1f44-e5b7e86a6e63" testName="FileName_SelectedRecognitionMethodsTest" computerName="MICROSOF-4C612A" duration="00:00:00.0012493" startTime="2011-05-29T01:26:56.0156250+03:00" endTime="2011-05-29T01:26:56.0312500+03:00" testType="13cdc9d9-ddb5-4fa4-a97d-d965ccfc6d4b" outcome="Inconclusive" testListId="8c84fa94-04c1-424b-9868-57a2d4851a1d" relativeResultsDirectory="eebadd08-a988-4efb-9aa7-b654f14f87ab">
      <Output>
        <ErrorInfo>
          <Message>Assert.Inconclusive failed. Verify the correctness of this test method.</Message>
          <StackTrace>   at FaceRecognition.Test.StringsTest.FileName_SelectedRecognitionMethodsTest() in D:\DiplomProject\FaceRecognition\FaceRecognition.Test\StringsTest.cs:line 167
</StackTrace>
        </ErrorInfo>
      </Output>
    </UnitTestResult>
    <UnitTestResult executionId="dd48cc2e-21a1-4cab-97a5-15f357d9394c" testId="4d36d163-7ae7-fb56-8157-c97bb392e554" testName="FileName_TestFacesTest" computerName="MICROSOF-4C612A" duration="00:00:00.0013169" startTime="2011-05-29T01:26:56.0312500+03:00" endTime="2011-05-29T01:26:56.0468750+03:00" testType="13cdc9d9-ddb5-4fa4-a97d-d965ccfc6d4b" outcome="Inconclusive" testListId="8c84fa94-04c1-424b-9868-57a2d4851a1d" relativeResultsDirectory="dd48cc2e-21a1-4cab-97a5-15f357d9394c">
      <Output>
        <ErrorInfo>
          <Message>Assert.Inconclusive failed. Verify the correctness of this test method.</Message>
          <StackTrace>   at FaceRecognition.Test.StringsTest.FileName_TestFacesTest() in D:\DiplomProject\FaceRecognition\FaceRecognition.Test\StringsTest.cs:line 178
</StackTrace>
        </ErrorInfo>
      </Output>
    </UnitTestResult>
    <UnitTestResult executionId="598fa36f-2516-4290-9605-72f9e333eb2c" testId="74e0a8e7-076f-a0d0-5c8d-fdaa91b380e7" testName="FileName_TestImagesTest" computerName="MICROSOF-4C612A" duration="00:00:00.0038197" startTime="2011-05-29T01:26:56.0625000+03:00" endTime="2011-05-29T01:26:56.0625000+03:00" testType="13cdc9d9-ddb5-4fa4-a97d-d965ccfc6d4b" outcome="Inconclusive" testListId="8c84fa94-04c1-424b-9868-57a2d4851a1d" relativeResultsDirectory="598fa36f-2516-4290-9605-72f9e333eb2c">
      <Output>
        <ErrorInfo>
          <Message>Assert.Inconclusive failed. Verify the correctness of this test method.</Message>
          <StackTrace>   at FaceRecognition.Test.StringsTest.FileName_TestImagesTest() in D:\DiplomProject\FaceRecognition\FaceRecognition.Test\StringsTest.cs:line 189
</StackTrace>
        </ErrorInfo>
      </Output>
    </UnitTestResult>
    <UnitTestResult executionId="ef127d3e-c797-48ea-bd92-614c77c211df" testId="dd3e221e-b757-2fe9-42de-7ff8db666706" testName="FileName_ThreeLayer_NeuronNetTest" computerName="MICROSOF-4C612A" duration="00:00:00.0015091" startTime="2011-05-29T01:26:56.0937500+03:00" endTime="2011-05-29T01:26:56.1093750+03:00" testType="13cdc9d9-ddb5-4fa4-a97d-d965ccfc6d4b" outcome="Inconclusive" testListId="8c84fa94-04c1-424b-9868-57a2d4851a1d" relativeResultsDirectory="ef127d3e-c797-48ea-bd92-614c77c211df">
      <Output>
        <ErrorInfo>
          <Message>Assert.Inconclusive failed. Verify the correctness of this test method.</Message>
          <StackTrace>   at FaceRecognition.Test.StringsTest.FileName_ThreeLayer_NeuronNetTest() in D:\DiplomProject\FaceRecognition\FaceRecognition.Test\StringsTest.cs:line 200
</StackTrace>
        </ErrorInfo>
      </Output>
    </UnitTestResult>
    <UnitTestResult executionId="2f61d78d-761d-4f7e-bdbd-458a31ab1528" testId="c4e9600b-11e9-530c-43f4-ea7e18645efe" testName="FileName_TrainFacesTest" computerName="MICROSOF-4C612A" duration="00:00:00.0041069" startTime="2011-05-29T01:26:56.1250000+03:00" endTime="2011-05-29T01:26:56.1250000+03:00" testType="13cdc9d9-ddb5-4fa4-a97d-d965ccfc6d4b" outcome="Inconclusive" testListId="8c84fa94-04c1-424b-9868-57a2d4851a1d" relativeResultsDirectory="2f61d78d-761d-4f7e-bdbd-458a31ab1528">
      <Output>
        <ErrorInfo>
          <Message>Assert.Inconclusive failed. Verify the correctness of this test method.</Message>
          <StackTrace>   at FaceRecognition.Test.StringsTest.FileName_TrainFacesTest() in D:\DiplomProject\FaceRecognition\FaceRecognition.Test\StringsTest.cs:line 211
</StackTrace>
        </ErrorInfo>
      </Output>
    </UnitTestResult>
    <UnitTestResult executionId="234b9a50-b105-4732-932f-4e9ac5c44968" testId="b0596e03-20c0-37c9-959b-753b5eed9055" testName="FileName_TrainImagesTest" computerName="MICROSOF-4C612A" duration="00:00:00.0011576" startTime="2011-05-29T01:26:56.1406250+03:00" endTime="2011-05-29T01:26:56.1562500+03:00" testType="13cdc9d9-ddb5-4fa4-a97d-d965ccfc6d4b" outcome="Inconclusive" testListId="8c84fa94-04c1-424b-9868-57a2d4851a1d" relativeResultsDirectory="234b9a50-b105-4732-932f-4e9ac5c44968">
      <Output>
        <ErrorInfo>
          <Message>Assert.Inconclusive failed. Verify the correctness of this test method.</Message>
          <StackTrace>   at FaceRecognition.Test.StringsTest.FileName_TrainImagesTest() in D:\DiplomProject\FaceRecognition\FaceRecognition.Test\StringsTest.cs:line 222
</StackTrace>
        </ErrorInfo>
      </Output>
    </UnitTestResult>
    <UnitTestResult executionId="4cffe8c9-9a85-4e76-9123-32ce7fde612c" testId="bd67d302-f4dd-e628-7b88-e623000b116b" testName="FileName_TwoLayer_NeuronNetTest" computerName="MICROSOF-4C612A" duration="00:00:00.0013364" startTime="2011-05-29T01:26:56.1562500+03:00" endTime="2011-05-29T01:26:56.1718750+03:00" testType="13cdc9d9-ddb5-4fa4-a97d-d965ccfc6d4b" outcome="Inconclusive" testListId="8c84fa94-04c1-424b-9868-57a2d4851a1d" relativeResultsDirectory="4cffe8c9-9a85-4e76-9123-32ce7fde612c">
      <Output>
        <ErrorInfo>
          <Message>Assert.Inconclusive failed. Verify the correctness of this test method.</Message>
          <StackTrace>   at FaceRecognition.Test.StringsTest.FileName_TwoLayer_NeuronNetTest() in D:\DiplomProject\FaceRecognition\FaceRecognition.Test\StringsTest.cs:line 233
</StackTrace>
        </ErrorInfo>
      </Output>
    </UnitTestResult>
    <UnitTestResult executionId="fdca0156-38f5-430d-9789-e90ccdf603d7" testId="6432ad9d-13a4-7258-e7e2-5a519e08aca6" testName="MainWindow_TitleTest" computerName="MICROSOF-4C612A" duration="00:00:00.0013529" startTime="2011-05-29T01:26:56.1718750+03:00" endTime="2011-05-29T01:26:56.1875000+03:00" testType="13cdc9d9-ddb5-4fa4-a97d-d965ccfc6d4b" outcome="Inconclusive" testListId="8c84fa94-04c1-424b-9868-57a2d4851a1d" relativeResultsDirectory="fdca0156-38f5-430d-9789-e90ccdf603d7">
      <Output>
        <ErrorInfo>
          <Message>Assert.Inconclusive failed. Verify the correctness of this test method.</Message>
          <StackTrace>   at FaceRecognition.Test.StringsTest.MainWindow_TitleTest() in D:\DiplomProject\FaceRecognition\FaceRecognition.Test\StringsTest.cs:line 244
</StackTrace>
        </ErrorInfo>
      </Output>
    </UnitTestResult>
    <UnitTestResult executionId="18211f0c-d5ac-4277-a6bc-6e2747cfedc2" testId="950209cd-c8b3-f59a-7b7c-1dae0353ab1e" testName="MainWindow_Toolbar_ImagesDbButon_TooltipTest" computerName="MICROSOF-4C612A" duration="00:00:00.0037881" startTime="2011-05-29T01:26:56.2031250+03:00" endTime="2011-05-29T01:26:56.2187500+03:00" testType="13cdc9d9-ddb5-4fa4-a97d-d965ccfc6d4b" outcome="Inconclusive" testListId="8c84fa94-04c1-424b-9868-57a2d4851a1d" relativeResultsDirectory="18211f0c-d5ac-4277-a6bc-6e2747cfedc2">
      <Output>
        <ErrorInfo>
          <Message>Assert.Inconclusive failed. Verify the correctness of this test method.</Message>
          <StackTrace>   at FaceRecognition.Test.StringsTest.MainWindow_Toolbar_ImagesDbButon_TooltipTest() in D:\DiplomProject\FaceRecognition\FaceRecognition.Test\StringsTest.cs:line 255
</StackTrace>
        </ErrorInfo>
      </Output>
    </UnitTestResult>
    <UnitTestResult executionId="9da06fff-74fd-4b26-8802-e01bcd3fb806" testId="312990f6-2344-ad19-4b4d-35cc62e642d8" testName="PreprocessingWaitWindow_ProgressBar_TitleTest" computerName="MICROSOF-4C612A" duration="00:00:00.0115721" startTime="2011-05-29T01:26:56.2187500+03:00" endTime="2011-05-29T01:26:56.2343750+03:00" testType="13cdc9d9-ddb5-4fa4-a97d-d965ccfc6d4b" outcome="Inconclusive" testListId="8c84fa94-04c1-424b-9868-57a2d4851a1d" relativeResultsDirectory="9da06fff-74fd-4b26-8802-e01bcd3fb806">
      <Output>
        <ErrorInfo>
          <Message>Assert.Inconclusive failed. Verify the correctness of this test method.</Message>
          <StackTrace>   at FaceRecognition.Test.StringsTest.PreprocessingWaitWindow_ProgressBar_TitleTest() in D:\DiplomProject\FaceRecognition\FaceRecognition.Test\StringsTest.cs:line 266
</StackTrace>
        </ErrorInfo>
      </Output>
    </UnitTestResult>
    <UnitTestResult executionId="120e709a-feec-494c-9c51-17b61473e5cd" testId="9b27d0f8-43bd-ce6f-2cca-7df85196f185" testName="PreprocessingWaitWindow_TitleTest" computerName="MICROSOF-4C612A" duration="00:00:00.0012515" startTime="2011-05-29T01:26:56.2500000+03:00" endTime="2011-05-29T01:26:56.2656250+03:00" testType="13cdc9d9-ddb5-4fa4-a97d-d965ccfc6d4b" outcome="Inconclusive" testListId="8c84fa94-04c1-424b-9868-57a2d4851a1d" relativeResultsDirectory="120e709a-feec-494c-9c51-17b61473e5cd">
      <Output>
        <ErrorInfo>
          <Message>Assert.Inconclusive failed. Verify the correctness of this test method.</Message>
          <StackTrace>   at FaceRecognition.Test.StringsTest.PreprocessingWaitWindow_TitleTest() in D:\DiplomProject\FaceRecognition\FaceRecognition.Test\StringsTest.cs:line 277
</StackTrace>
        </ErrorInfo>
      </Output>
    </UnitTestResult>
    <UnitTestResult executionId="077ffae0-7d33-44c4-adcd-6c3c06a86186" testId="a63adbb9-8488-80aa-a725-1bc3ed9d7121" testName="RecognitionMethodsWindow_TitleTest" computerName="MICROSOF-4C612A" duration="00:00:00.0014471" startTime="2011-05-29T01:26:56.2812500+03:00" endTime="2011-05-29T01:26:56.2812500+03:00" testType="13cdc9d9-ddb5-4fa4-a97d-d965ccfc6d4b" outcome="Inconclusive" testListId="8c84fa94-04c1-424b-9868-57a2d4851a1d" relativeResultsDirectory="077ffae0-7d33-44c4-adcd-6c3c06a86186">
      <Output>
        <ErrorInfo>
          <Message>Assert.Inconclusive failed. Verify the correctness of this test method.</Message>
          <StackTrace>   at FaceRecognition.Test.StringsTest.RecognitionMethodsWindow_TitleTest() in D:\DiplomProject\FaceRecognition\FaceRecognition.Test\StringsTest.cs:line 288
</StackTrace>
        </ErrorInfo>
      </Output>
    </UnitTestResult>
    <UnitTestResult executionId="6241d474-2122-4ae6-8a3a-cb4e315cb731" testId="6d626e41-3a84-4da1-9118-6c99eb1d314f" testName="ResourceManagerTest" computerName="MICROSOF-4C612A" duration="00:00:00.0013026" startTime="2011-05-29T01:26:56.2968750+03:00" endTime="2011-05-29T01:26:56.3125000+03:00" testType="13cdc9d9-ddb5-4fa4-a97d-d965ccfc6d4b" outcome="Inconclusive" testListId="8c84fa94-04c1-424b-9868-57a2d4851a1d" relativeResultsDirectory="6241d474-2122-4ae6-8a3a-cb4e315cb731">
      <Output>
        <ErrorInfo>
          <Message>Assert.Inconclusive failed. Verify the correctness of this test method.</Message>
          <StackTrace>   at FaceRecognition.Test.StringsTest.ResourceManagerTest() in D:\DiplomProject\FaceRecognition\FaceRecognition.Test\StringsTest.cs:line 299
</StackTrace>
        </ErrorInfo>
      </Output>
    </UnitTestResult>
    <UnitTestResult executionId="1e7f8087-6d81-49f7-afce-b0ee6b599ea9" testId="783e2bb1-6d95-8a8a-0525-ea50b895ae26" testName="TrainAndTestImagesWindow_TitleTest" computerName="MICROSOF-4C612A" duration="00:00:00.0029375" startTime="2011-05-29T01:26:56.3281250+03:00" endTime="2011-05-29T01:26:56.3281250+03:00" testType="13cdc9d9-ddb5-4fa4-a97d-d965ccfc6d4b" outcome="Inconclusive" testListId="8c84fa94-04c1-424b-9868-57a2d4851a1d" relativeResultsDirectory="1e7f8087-6d81-49f7-afce-b0ee6b599ea9">
      <Output>
        <ErrorInfo>
          <Message>Assert.Inconclusive failed. Verify the correctness of this test method.</Message>
          <StackTrace>   at FaceRecognition.Test.StringsTest.TrainAndTestImagesWindow_TitleTest() in D:\DiplomProject\FaceRecognition\FaceRecognition.Test\StringsTest.cs:line 310
</StackTrace>
        </ErrorInfo>
      </Output>
    </UnitTestResult>
    <UnitTestResult executionId="1b7a7bc2-b81c-4f9d-831b-0999bf21fc07" testId="55b700a1-0e60-c9d2-205d-90f4fcd7d976" testName="EigenFaceMethodConstructorTest" computerName="MICROSOF-4C612A" duration="00:00:00.0406643" startTime="2011-05-29T01:26:56.3593750+03:00" endTime="2011-05-29T01:26:56.4062500+03:00" testType="13cdc9d9-ddb5-4fa4-a97d-d965ccfc6d4b" outcome="Failed" testListId="8c84fa94-04c1-424b-9868-57a2d4851a1d" relativeResultsDirectory="1b7a7bc2-b81c-4f9d-831b-0999bf21fc07">
      <Output>
        <DebugTrace>EigenFaceMethod () (33826822) Finalized
</DebugTrace>
        <ErrorInfo>
          <Message>Test method FaceRecognition.Test.EigenFaceMethodTest.EigenFaceMethodConstructorTest threw exception: 
Microsoft.Practices.ServiceLocation.ActivationException: Activation error occured while trying to get instance of type ExceptionPolicyImpl, key "IO Exception" ---&gt; Microsoft.Practices.Unity.ResolutionFailedException: Resolution of the dependency failed, type = "Microsoft.Practices.EnterpriseLibrary.ExceptionHandling.ExceptionPolicyImpl", name = "IO Exception".
Exception occurred while: while resolving.
Exception is: InvalidOperationException - The type ExceptionPolicyImpl has multiple constructors of length 2. Unable to disambiguate.
-----------------------------------------------
At the time of the exception, the container was:

  Resolving Microsoft.Practices.EnterpriseLibrary.ExceptionHandling.ExceptionPolicyImpl,IO Exception
 ---&gt; System.InvalidOperationException: The type ExceptionPolicyImpl has multiple constructors of length 2. Unable to disambiguate.</Message>
          <StackTrace>    at Microsoft.Practices.ObjectBuilder2.ConstructorSelectorPolicyBase`1.FindLongestConstructor(Type typeToConstruct) in e:\Builds\Unity\UnityTemp\Compile\Unity\Unity\Src\ObjectBuilder\Strategies\BuildPlan\Creation\ConstructorSelectorPolicyBase.cs:line 113
   at Microsoft.Practices.ObjectBuilder2.ConstructorSelectorPolicyBase`1.SelectConstructor(IBuilderContext context, IPolicyList resolverPolicyDestination) in e:\Builds\Unity\UnityTemp\Compile\Unity\Unity\Src\ObjectBuilder\Strategies\BuildPlan\Creation\ConstructorSelectorPolicyBase.cs:line 38
   at Microsoft.Practices.ObjectBuilder2.DynamicMethodConstructorStrategy.PreBuildUp(IBuilderContext context) in e:\Builds\Unity\UnityTemp\Compile\Unity\Unity\Src\ObjectBuilder\Strategies\BuildPlan\DynamicMethod\Creation\DynamicMethodConstructorStrategy.cs:line 69
   at Microsoft.Practices.ObjectBuilder2.StrategyChain.ExecuteBuildUp(IBuilderContext context) in e:\Builds\Unity\UnityTemp\Compile\Unity\Unity\Src\ObjectBuilder\Strategies\StrategyChain.cs:line 110
   at Microsoft.Practices.ObjectBuilder2.DynamicMethodBuildPlanCreatorPolicy.CreatePlan(IBuilderContext context, NamedTypeBuildKey buildKey) in e:\Builds\Unity\UnityTemp\Compile\Unity\Unity\Src\ObjectBuilder\Strategies\BuildPlan\DynamicMethod\DynamicMethodBuildPlanCreatorPolicy.cs:line 48
   at Microsoft.Practices.ObjectBuilder2.BuildPlanStrategy.PreBuildUp(IBuilderContext context) in e:\Builds\Unity\UnityTemp\Compile\Unity\Unity\Src\ObjectBuilder\Strategies\BuildPlan\BuildPlanStrategy.cs:line 37
   at Microsoft.Practices.ObjectBuilder2.StrategyChain.ExecuteBuildUp(IBuilderContext context) in e:\Builds\Unity\UnityTemp\Compile\Unity\Unity\Src\ObjectBuilder\Strategies\StrategyChain.cs:line 110
   at Microsoft.Practices.Unity.UnityContainer.DoBuildUp(Type t, Object existing, String name, IEnumerable`1 resolverOverrides) in e:\Builds\Unity\UnityTemp\Compile\Unity\Unity\Src\UnityContainer.cs:line 511
 --- End of inner exception stack trace ---
    at Microsoft.Practices.Unity.UnityContainer.DoBuildUp(Type t, Object existing, String name, IEnumerable`1 resolverOverrides) in e:\Builds\Unity\UnityTemp\Compile\Unity\Unity\Src\UnityContainer.cs:line 515
   at Microsoft.Practices.Unity.UnityContainer.Resolve(Type t, String name, ResolverOverride[] resolverOverrides) in e:\Builds\Unity\UnityTemp\Compile\Unity\Unity\Src\UnityContainer.cs:line 173
   at Microsoft.Practices.Unity.UnityServiceLocator.DoGetInstance(Type serviceType, String key) in e:\Builds\Unity\UnityTemp\Compile\Unity\Unity\Src\UnityServiceLocator.cs:line 64
   at Microsoft.Practices.ServiceLocation.ServiceLocatorImplBase.GetInstance(Type serviceType, String key) in c:\Home\Chris\Projects\CommonServiceLocator\main\Microsoft.Practices.ServiceLocation\ServiceLocatorImplBase.cs:line 49
 --- End of inner exception stack trace ---
    at Microsoft.Practices.ServiceLocation.ServiceLocatorImplBase.GetInstance(Type serviceType, String key) in c:\Home\Chris\Projects\CommonServiceLocator\main\Microsoft.Practices.ServiceLocation\ServiceLocatorImplBase.cs:line 53
   at Microsoft.Practices.ServiceLocation.ServiceLocatorImplBase.GetInstance[TService](String key) in c:\Home\Chris\Projects\CommonServiceLocator\main\Microsoft.Practices.ServiceLocation\ServiceLocatorImplBase.cs:line 103
   at Microsoft.Practices.EnterpriseLibrary.ExceptionHandling.ExceptionPolicy.GetExceptionPolicy(Exception exception, String policyName) in e:\Builds\EntLib\Latest\Source\Blocks\ExceptionHandling\Src\ExceptionHandling\ExceptionPolicy.cs:line 131
   at Microsoft.Practices.EnterpriseLibrary.ExceptionHandling.ExceptionPolicy.HandleException(Exception exceptionToHandle, String policyName) in e:\Builds\EntLib\Latest\Source\Blocks\ExceptionHandling\Src\ExceptionHandling\ExceptionPolicy.cs:line 55
   at FaceRecognition.RecognitionMethods.RecognitionMethodsRepository.LoadSelectedRecognitionMethod() in D:\DiplomProject\FaceRecognition\RecognitionMethods\RecognitionMethodsRepository.cs:line 67
   at FaceRecognition.RecognitionMethods.RecognitionMethodsRepository..ctor() in D:\DiplomProject\FaceRecognition\RecognitionMethods\RecognitionMethodsRepository.cs:line 28
   at FaceRecognition.RecognitionMethods.RecognitionMethodBase..ctor() in D:\DiplomProject\FaceRecognition\RecognitionMethods\RecognitionMethodBase.cs:line 24
   at FaceRecognition.RecognitionMethods.EigenFaceMethod..ctor() in D:\DiplomProject\FaceRecognition\RecognitionMethods\EigenFaceMethod.cs:line 23
   at FaceRecognition.Test.EigenFaceMethodTest.EigenFaceMethodConstructorTest() in D:\DiplomProject\FaceRecognition\FaceRecognition.Test\EigenFaceMethodTest.cs:line 73
</StackTrace>
        </ErrorInfo>
      </Output>
    </UnitTestResult>
    <UnitTestResult executionId="da92e7a6-55c5-4888-97f9-76f56d93328a" testId="35e2eaf4-9d2f-ff70-0132-f976c1442687" testName="RecognizeTest" computerName="MICROSOF-4C612A" duration="00:00:00.0078004" startTime="2011-05-29T01:26:56.4218750+03:00" endTime="2011-05-29T01:26:56.4218750+03:00" testType="13cdc9d9-ddb5-4fa4-a97d-d965ccfc6d4b" outcome="Failed" testListId="8c84fa94-04c1-424b-9868-57a2d4851a1d" relativeResultsDirectory="da92e7a6-55c5-4888-97f9-76f56d93328a">
      <Output>
        <ErrorInfo>
          <Message>Test method FaceRecognition.Test.EigenFaceMethodTest.RecognizeTest threw exception: 
Microsoft.Practices.ServiceLocation.ActivationException: Activation error occured while trying to get instance of type ExceptionPolicyImpl, key "IO Exception" ---&gt; Microsoft.Practices.Unity.ResolutionFailedException: Resolution of the dependency failed, type = "Microsoft.Practices.EnterpriseLibrary.ExceptionHandling.ExceptionPolicyImpl", name = "IO Exception".
Exception occurred while: while resolving.
Exception is: InvalidOperationException - The type ExceptionPolicyImpl has multiple constructors of length 2. Unable to disambiguate.
-----------------------------------------------
At the time of the exception, the container was:

  Resolving Microsoft.Practices.EnterpriseLibrary.ExceptionHandling.ExceptionPolicyImpl,IO Exception
 ---&gt; System.InvalidOperationException: The type ExceptionPolicyImpl has multiple constructors of length 2. Unable to disambiguate.</Message>
          <StackTrace>    at Microsoft.Practices.ObjectBuilder2.ConstructorSelectorPolicyBase`1.FindLongestConstructor(Type typeToConstruct) in e:\Builds\Unity\UnityTemp\Compile\Unity\Unity\Src\ObjectBuilder\Strategies\BuildPlan\Creation\ConstructorSelectorPolicyBase.cs:line 113
   at Microsoft.Practices.ObjectBuilder2.ConstructorSelectorPolicyBase`1.SelectConstructor(IBuilderContext context, IPolicyList resolverPolicyDestination) in e:\Builds\Unity\UnityTemp\Compile\Unity\Unity\Src\ObjectBuilder\Strategies\BuildPlan\Creation\ConstructorSelectorPolicyBase.cs:line 38
   at Microsoft.Practices.ObjectBuilder2.DynamicMethodConstructorStrategy.PreBuildUp(IBuilderContext context) in e:\Builds\Unity\UnityTemp\Compile\Unity\Unity\Src\ObjectBuilder\Strategies\BuildPlan\DynamicMethod\Creation\DynamicMethodConstructorStrategy.cs:line 69
   at Microsoft.Practices.ObjectBuilder2.StrategyChain.ExecuteBuildUp(IBuilderContext context) in e:\Builds\Unity\UnityTemp\Compile\Unity\Unity\Src\ObjectBuilder\Strategies\StrategyChain.cs:line 110
   at Microsoft.Practices.ObjectBuilder2.DynamicMethodBuildPlanCreatorPolicy.CreatePlan(IBuilderContext context, NamedTypeBuildKey buildKey) in e:\Builds\Unity\UnityTemp\Compile\Unity\Unity\Src\ObjectBuilder\Strategies\BuildPlan\DynamicMethod\DynamicMethodBuildPlanCreatorPolicy.cs:line 48
   at Microsoft.Practices.ObjectBuilder2.BuildPlanStrategy.PreBuildUp(IBuilderContext context) in e:\Builds\Unity\UnityTemp\Compile\Unity\Unity\Src\ObjectBuilder\Strategies\BuildPlan\BuildPlanStrategy.cs:line 37
   at Microsoft.Practices.ObjectBuilder2.StrategyChain.ExecuteBuildUp(IBuilderContext context) in e:\Builds\Unity\UnityTemp\Compile\Unity\Unity\Src\ObjectBuilder\Strategies\StrategyChain.cs:line 110
   at Microsoft.Practices.Unity.UnityContainer.DoBuildUp(Type t, Object existing, String name, IEnumerable`1 resolverOverrides) in e:\Builds\Unity\UnityTemp\Compile\Unity\Unity\Src\UnityContainer.cs:line 511
 --- End of inner exception stack trace ---
    at Microsoft.Practices.Unity.UnityContainer.DoBuildUp(Type t, Object existing, String name, IEnumerable`1 resolverOverrides) in e:\Builds\Unity\UnityTemp\Compile\Unity\Unity\Src\UnityContainer.cs:line 515
   at Microsoft.Practices.Unity.UnityContainer.Resolve(Type t, String name, ResolverOverride[] resolverOverrides) in e:\Builds\Unity\UnityTemp\Compile\Unity\Unity\Src\UnityContainer.cs:line 173
   at Microsoft.Practices.Unity.UnityServiceLocator.DoGetInstance(Type serviceType, String key) in e:\Builds\Unity\UnityTemp\Compile\Unity\Unity\Src\UnityServiceLocator.cs:line 64
   at Microsoft.Practices.ServiceLocation.ServiceLocatorImplBase.GetInstance(Type serviceType, String key) in c:\Home\Chris\Projects\CommonServiceLocator\main\Microsoft.Practices.ServiceLocation\ServiceLocatorImplBase.cs:line 49
 --- End of inner exception stack trace ---
    at Microsoft.Practices.ServiceLocation.ServiceLocatorImplBase.GetInstance(Type serviceType, String key) in c:\Home\Chris\Projects\CommonServiceLocator\main\Microsoft.Practices.ServiceLocation\ServiceLocatorImplBase.cs:line 53
   at Microsoft.Practices.ServiceLocation.ServiceLocatorImplBase.GetInstance[TService](String key) in c:\Home\Chris\Projects\CommonServiceLocator\main\Microsoft.Practices.ServiceLocation\ServiceLocatorImplBase.cs:line 103
   at Microsoft.Practices.EnterpriseLibrary.ExceptionHandling.ExceptionPolicy.GetExceptionPolicy(Exception exception, String policyName) in e:\Builds\EntLib\Latest\Source\Blocks\ExceptionHandling\Src\ExceptionHandling\ExceptionPolicy.cs:line 131
   at Microsoft.Practices.EnterpriseLibrary.ExceptionHandling.ExceptionPolicy.HandleException(Exception exceptionToHandle, String policyName) in e:\Builds\EntLib\Latest\Source\Blocks\ExceptionHandling\Src\ExceptionHandling\ExceptionPolicy.cs:line 55
   at FaceRecognition.RecognitionMethods.RecognitionMethodsRepository.LoadSelectedRecognitionMethod() in D:\DiplomProject\FaceRecognition\RecognitionMethods\RecognitionMethodsRepository.cs:line 67
   at FaceRecognition.RecognitionMethods.RecognitionMethodsRepository..ctor() in D:\DiplomProject\FaceRecognition\RecognitionMethods\RecognitionMethodsRepository.cs:line 28
   at FaceRecognition.RecognitionMethods.RecognitionMethodBase..ctor() in D:\DiplomProject\FaceRecognition\RecognitionMethods\RecognitionMethodBase.cs:line 24
   at FaceRecognition.RecognitionMethods.EigenFaceMethod..ctor() in D:\DiplomProject\FaceRecognition\RecognitionMethods\EigenFaceMethod.cs:line 23
   at FaceRecognition.Test.EigenFaceMethodTest.RecognizeTest() in D:\DiplomProject\FaceRecognition\FaceRecognition.Test\EigenFaceMethodTest.cs:line 83
</StackTrace>
        </ErrorInfo>
      </Output>
    </UnitTestResult>
    <UnitTestResult executionId="d4fa9488-fb13-4e42-aea5-7521c34144a2" testId="4858df60-7b87-48f3-b3d9-67330c7cb638" testName="TrainTest" computerName="MICROSOF-4C612A" duration="00:00:00.0076157" startTime="2011-05-29T01:26:56.4375000+03:00" endTime="2011-05-29T01:26:56.4531250+03:00" testType="13cdc9d9-ddb5-4fa4-a97d-d965ccfc6d4b" outcome="Failed" testListId="8c84fa94-04c1-424b-9868-57a2d4851a1d" relativeResultsDirectory="d4fa9488-fb13-4e42-aea5-7521c34144a2">
      <Output>
        <DebugTrace>EigenFaceMethod () (37095509) Finalized
</DebugTrace>
        <ErrorInfo>
          <Message>Test method FaceRecognition.Test.EigenFaceMethodTest.TrainTest threw exception: 
Microsoft.Practices.ServiceLocation.ActivationException: Activation error occured while trying to get instance of type ExceptionPolicyImpl, key "IO Exception" ---&gt; Microsoft.Practices.Unity.ResolutionFailedException: Resolution of the dependency failed, type = "Microsoft.Practices.EnterpriseLibrary.ExceptionHandling.ExceptionPolicyImpl", name = "IO Exception".
Exception occurred while: while resolving.
Exception is: InvalidOperationException - The type ExceptionPolicyImpl has multiple constructors of length 2. Unable to disambiguate.
-----------------------------------------------
At the time of the exception, the container was:

  Resolving Microsoft.Practices.EnterpriseLibrary.ExceptionHandling.ExceptionPolicyImpl,IO Exception
 ---&gt; System.InvalidOperationException: The type ExceptionPolicyImpl has multiple constructors of length 2. Unable to disambiguate.</Message>
          <StackTrace>    at Microsoft.Practices.ObjectBuilder2.ConstructorSelectorPolicyBase`1.FindLongestConstructor(Type typeToConstruct) in e:\Builds\Unity\UnityTemp\Compile\Unity\Unity\Src\ObjectBuilder\Strategies\BuildPlan\Creation\ConstructorSelectorPolicyBase.cs:line 113
   at Microsoft.Practices.ObjectBuilder2.ConstructorSelectorPolicyBase`1.SelectConstructor(IBuilderContext context, IPolicyList resolverPolicyDestination) in e:\Builds\Unity\UnityTemp\Compile\Unity\Unity\Src\ObjectBuilder\Strategies\BuildPlan\Creation\ConstructorSelectorPolicyBase.cs:line 38
   at Microsoft.Practices.ObjectBuilder2.DynamicMethodConstructorStrategy.PreBuildUp(IBuilderContext context) in e:\Builds\Unity\UnityTemp\Compile\Unity\Unity\Src\ObjectBuilder\Strategies\BuildPlan\DynamicMethod\Creation\DynamicMethodConstructorStrategy.cs:line 69
   at Microsoft.Practices.ObjectBuilder2.StrategyChain.ExecuteBuildUp(IBuilderContext context) in e:\Builds\Unity\UnityTemp\Compile\Unity\Unity\Src\ObjectBuilder\Strategies\StrategyChain.cs:line 110
   at Microsoft.Practices.ObjectBuilder2.DynamicMethodBuildPlanCreatorPolicy.CreatePlan(IBuilderContext context, NamedTypeBuildKey buildKey) in e:\Builds\Unity\UnityTemp\Compile\Unity\Unity\Src\ObjectBuilder\Strategies\BuildPlan\DynamicMethod\DynamicMethodBuildPlanCreatorPolicy.cs:line 48
   at Microsoft.Practices.ObjectBuilder2.BuildPlanStrategy.PreBuildUp(IBuilderContext context) in e:\Builds\Unity\UnityTemp\Compile\Unity\Unity\Src\ObjectBuilder\Strategies\BuildPlan\BuildPlanStrategy.cs:line 37
   at Microsoft.Practices.ObjectBuilder2.StrategyChain.ExecuteBuildUp(IBuilderContext context) in e:\Builds\Unity\UnityTemp\Compile\Unity\Unity\Src\ObjectBuilder\Strategies\StrategyChain.cs:line 110
   at Microsoft.Practices.Unity.UnityContainer.DoBuildUp(Type t, Object existing, String name, IEnumerable`1 resolverOverrides) in e:\Builds\Unity\UnityTemp\Compile\Unity\Unity\Src\UnityContainer.cs:line 511
 --- End of inner exception stack trace ---
    at Microsoft.Practices.Unity.UnityContainer.DoBuildUp(Type t, Object existing, String name, IEnumerable`1 resolverOverrides) in e:\Builds\Unity\UnityTemp\Compile\Unity\Unity\Src\UnityContainer.cs:line 515
   at Microsoft.Practices.Unity.UnityContainer.Resolve(Type t, String name, ResolverOverride[] resolverOverrides) in e:\Builds\Unity\UnityTemp\Compile\Unity\Unity\Src\UnityContainer.cs:line 173
   at Microsoft.Practices.Unity.UnityServiceLocator.DoGetInstance(Type serviceType, String key) in e:\Builds\Unity\UnityTemp\Compile\Unity\Unity\Src\UnityServiceLocator.cs:line 64
   at Microsoft.Practices.ServiceLocation.ServiceLocatorImplBase.GetInstance(Type serviceType, String key) in c:\Home\Chris\Projects\CommonServiceLocator\main\Microsoft.Practices.ServiceLocation\ServiceLocatorImplBase.cs:line 49
 --- End of inner exception stack trace ---
    at Microsoft.Practices.ServiceLocation.ServiceLocatorImplBase.GetInstance(Type serviceType, String key) in c:\Home\Chris\Projects\CommonServiceLocator\main\Microsoft.Practices.ServiceLocation\ServiceLocatorImplBase.cs:line 53
   at Microsoft.Practices.ServiceLocation.ServiceLocatorImplBase.GetInstance[TService](String key) in c:\Home\Chris\Projects\CommonServiceLocator\main\Microsoft.Practices.ServiceLocation\ServiceLocatorImplBase.cs:line 103
   at Microsoft.Practices.EnterpriseLibrary.ExceptionHandling.ExceptionPolicy.GetExceptionPolicy(Exception exception, String policyName) in e:\Builds\EntLib\Latest\Source\Blocks\ExceptionHandling\Src\ExceptionHandling\ExceptionPolicy.cs:line 131
   at Microsoft.Practices.EnterpriseLibrary.ExceptionHandling.ExceptionPolicy.HandleException(Exception exceptionToHandle, String policyName) in e:\Builds\EntLib\Latest\Source\Blocks\ExceptionHandling\Src\ExceptionHandling\ExceptionPolicy.cs:line 55
   at FaceRecognition.RecognitionMethods.RecognitionMethodsRepository.LoadSelectedRecognitionMethod() in D:\DiplomProject\FaceRecognition\RecognitionMethods\RecognitionMethodsRepository.cs:line 67
   at FaceRecognition.RecognitionMethods.RecognitionMethodsRepository..ctor() in D:\DiplomProject\FaceRecognition\RecognitionMethods\RecognitionMethodsRepository.cs:line 28
   at FaceRecognition.RecognitionMethods.RecognitionMethodBase..ctor() in D:\DiplomProject\FaceRecognition\RecognitionMethods\RecognitionMethodBase.cs:line 24
   at FaceRecognition.RecognitionMethods.EigenFaceMethod..ctor() in D:\DiplomProject\FaceRecognition\RecognitionMethods\EigenFaceMethod.cs:line 23
   at FaceRecognition.Test.EigenFaceMethodTest.TrainTest() in D:\DiplomProject\FaceRecognition\FaceRecognition.Test\EigenFaceMethodTest.cs:line 98
</StackTrace>
        </ErrorInfo>
      </Output>
    </UnitTestResult>
    <UnitTestResult executionId="5db6a953-c29f-4ea3-831b-2870f180f51b" testId="5aed1aff-31d4-aa73-0c08-238df03454fd" testName="RecognizeTest" computerName="MICROSOF-4C612A" duration="00:00:00.0030825" startTime="2011-05-29T01:26:56.4687500+03:00" endTime="2011-05-29T01:26:56.4843750+03:00" testType="13cdc9d9-ddb5-4fa4-a97d-d965ccfc6d4b" outcome="Failed" testListId="8c84fa94-04c1-424b-9868-57a2d4851a1d" relativeResultsDirectory="5db6a953-c29f-4ea3-831b-2870f180f51b">
      <Output>
        <ErrorInfo>
          <Message>Test method FaceRecognition.Test.IRecognitionMethodTest.RecognizeTest threw exception: 
System.NullReferenceException: Object reference not set to an instance of an object.</Message>
          <StackTrace>    at FaceRecognition.Test.IRecognitionMethodTest.RecognizeTest() in D:\DiplomProject\FaceRecognition\FaceRecognition.Test\IRecognitionMethodTest.cs:line 84
</StackTrace>
        </ErrorInfo>
      </Output>
    </UnitTestResult>
    <UnitTestResult executionId="aaae0587-9f32-4a1a-b4eb-a8368046f55b" testId="4581f53a-4107-d1fe-af4c-32760be98668" testName="TrainTest" computerName="MICROSOF-4C612A" duration="00:00:00.0027838" startTime="2011-05-29T01:26:56.5000000+03:00" endTime="2011-05-29T01:26:56.5000000+03:00" testType="13cdc9d9-ddb5-4fa4-a97d-d965ccfc6d4b" outcome="Failed" testListId="8c84fa94-04c1-424b-9868-57a2d4851a1d" relativeResultsDirectory="aaae0587-9f32-4a1a-b4eb-a8368046f55b">
      <Output>
        <ErrorInfo>
          <Message>Test method FaceRecognition.Test.IRecognitionMethodTest.TrainTest threw exception: 
System.NullReferenceException: Object reference not set to an instance of an object.</Message>
          <StackTrace>    at FaceRecognition.Test.IRecognitionMethodTest.TrainTest() in D:\DiplomProject\FaceRecognition\FaceRecognition.Test\IRecognitionMethodTest.cs:line 98
</StackTrace>
        </ErrorInfo>
      </Output>
    </UnitTestResult>
    <UnitTestResult executionId="b43426dd-09e9-49a7-a192-d3697b8466de" testId="3ce87519-65b7-2af6-db7d-ec69eccf81ec" testName="RecognizeTest" computerName="MICROSOF-4C612A" duration="00:00:00.0055339" startTime="2011-05-29T01:26:56.5156250+03:00" endTime="2011-05-29T01:26:56.5312500+03:00" testType="13cdc9d9-ddb5-4fa4-a97d-d965ccfc6d4b" outcome="Failed" testListId="8c84fa94-04c1-424b-9868-57a2d4851a1d" relativeResultsDirectory="b43426dd-09e9-49a7-a192-d3697b8466de">
      <Output>
        <ErrorInfo>
          <Message>Test method FaceRecognition.Test.RecognitionMethodBaseTest.RecognizeTest threw exception: 
System.NullReferenceException: Object reference not set to an instance of an object.</Message>
          <StackTrace>    at FaceRecognition.Test.RecognitionMethodBaseTest.RecognizeTest() in D:\DiplomProject\FaceRecognition\FaceRecognition.Test\RecognitionMethodBaseTest.cs:line 84
</StackTrace>
        </ErrorInfo>
      </Output>
    </UnitTestResult>
    <UnitTestResult executionId="3c1b9627-bfb9-4f27-857a-04ed08265790" testId="e38e3635-352c-1b28-dbe7-36449a6b8c60" testName="TrainTest" computerName="MICROSOF-4C612A" duration="00:00:00.0047307" startTime="2011-05-29T01:26:56.5468750+03:00" endTime="2011-05-29T01:26:56.5468750+03:00" testType="13cdc9d9-ddb5-4fa4-a97d-d965ccfc6d4b" outcome="Failed" testListId="8c84fa94-04c1-424b-9868-57a2d4851a1d" relativeResultsDirectory="3c1b9627-bfb9-4f27-857a-04ed08265790">
      <Output>
        <ErrorInfo>
          <Message>Test method FaceRecognition.Test.RecognitionMethodBaseTest.TrainTest threw exception: 
System.NullReferenceException: Object reference not set to an instance of an object.</Message>
          <StackTrace>    at FaceRecognition.Test.RecognitionMethodBaseTest.TrainTest() in D:\DiplomProject\FaceRecognition\FaceRecognition.Test\RecognitionMethodBaseTest.cs:line 98
</StackTrace>
        </ErrorInfo>
      </Output>
    </UnitTestResult>
    <UnitTestResult executionId="2a165f08-a03c-484d-9334-91dc754623be" testId="261ae06c-917e-829d-8a65-efa1b2fa016f" testName="RecognitionMethodsRepositoryConstructorTest" computerName="MICROSOF-4C612A" duration="00:00:00.0077174" startTime="2011-05-29T01:26:56.5625000+03:00" endTime="2011-05-29T01:26:56.5781250+03:00" testType="13cdc9d9-ddb5-4fa4-a97d-d965ccfc6d4b" outcome="Failed" testListId="8c84fa94-04c1-424b-9868-57a2d4851a1d" relativeResultsDirectory="2a165f08-a03c-484d-9334-91dc754623be">
      <Output>
        <ErrorInfo>
          <Message>Test method FaceRecognition.Test.RecognitionMethodsRepositoryTest.RecognitionMethodsRepositoryConstructorTest threw exception: 
Microsoft.Practices.ServiceLocation.ActivationException: Activation error occured while trying to get instance of type ExceptionPolicyImpl, key "IO Exception" ---&gt; Microsoft.Practices.Unity.ResolutionFailedException: Resolution of the dependency failed, type = "Microsoft.Practices.EnterpriseLibrary.ExceptionHandling.ExceptionPolicyImpl", name = "IO Exception".
Exception occurred while: while resolving.
Exception is: InvalidOperationException - The type ExceptionPolicyImpl has multiple constructors of length 2. Unable to disambiguate.
-----------------------------------------------
At the time of the exception, the container was:

  Resolving Microsoft.Practices.EnterpriseLibrary.ExceptionHandling.ExceptionPolicyImpl,IO Exception
 ---&gt; System.InvalidOperationException: The type ExceptionPolicyImpl has multiple constructors of length 2. Unable to disambiguate.</Message>
          <StackTrace>    at Microsoft.Practices.ObjectBuilder2.ConstructorSelectorPolicyBase`1.FindLongestConstructor(Type typeToConstruct) in e:\Builds\Unity\UnityTemp\Compile\Unity\Unity\Src\ObjectBuilder\Strategies\BuildPlan\Creation\ConstructorSelectorPolicyBase.cs:line 113
   at Microsoft.Practices.ObjectBuilder2.ConstructorSelectorPolicyBase`1.SelectConstructor(IBuilderContext context, IPolicyList resolverPolicyDestination) in e:\Builds\Unity\UnityTemp\Compile\Unity\Unity\Src\ObjectBuilder\Strategies\BuildPlan\Creation\ConstructorSelectorPolicyBase.cs:line 38
   at Microsoft.Practices.ObjectBuilder2.DynamicMethodConstructorStrategy.PreBuildUp(IBuilderContext context) in e:\Builds\Unity\UnityTemp\Compile\Unity\Unity\Src\ObjectBuilder\Strategies\BuildPlan\DynamicMethod\Creation\DynamicMethodConstructorStrategy.cs:line 69
   at Microsoft.Practices.ObjectBuilder2.StrategyChain.ExecuteBuildUp(IBuilderContext context) in e:\Builds\Unity\UnityTemp\Compile\Unity\Unity\Src\ObjectBuilder\Strategies\StrategyChain.cs:line 110
   at Microsoft.Practices.ObjectBuilder2.DynamicMethodBuildPlanCreatorPolicy.CreatePlan(IBuilderContext context, NamedTypeBuildKey buildKey) in e:\Builds\Unity\UnityTemp\Compile\Unity\Unity\Src\ObjectBuilder\Strategies\BuildPlan\DynamicMethod\DynamicMethodBuildPlanCreatorPolicy.cs:line 48
   at Microsoft.Practices.ObjectBuilder2.BuildPlanStrategy.PreBuildUp(IBuilderContext context) in e:\Builds\Unity\UnityTemp\Compile\Unity\Unity\Src\ObjectBuilder\Strategies\BuildPlan\BuildPlanStrategy.cs:line 37
   at Microsoft.Practices.ObjectBuilder2.StrategyChain.ExecuteBuildUp(IBuilderContext context) in e:\Builds\Unity\UnityTemp\Compile\Unity\Unity\Src\ObjectBuilder\Strategies\StrategyChain.cs:line 110
   at Microsoft.Practices.Unity.UnityContainer.DoBuildUp(Type t, Object existing, String name, IEnumerable`1 resolverOverrides) in e:\Builds\Unity\UnityTemp\Compile\Unity\Unity\Src\UnityContainer.cs:line 511
 --- End of inner exception stack trace ---
    at Microsoft.Practices.Unity.UnityContainer.DoBuildUp(Type t, Object existing, String name, IEnumerable`1 resolverOverrides) in e:\Builds\Unity\UnityTemp\Compile\Unity\Unity\Src\UnityContainer.cs:line 515
   at Microsoft.Practices.Unity.UnityContainer.Resolve(Type t, String name, ResolverOverride[] resolverOverrides) in e:\Builds\Unity\UnityTemp\Compile\Unity\Unity\Src\UnityContainer.cs:line 173
   at Microsoft.Practices.Unity.UnityServiceLocator.DoGetInstance(Type serviceType, String key) in e:\Builds\Unity\UnityTemp\Compile\Unity\Unity\Src\UnityServiceLocator.cs:line 64
   at Microsoft.Practices.ServiceLocation.ServiceLocatorImplBase.GetInstance(Type serviceType, String key) in c:\Home\Chris\Projects\CommonServiceLocator\main\Microsoft.Practices.ServiceLocation\ServiceLocatorImplBase.cs:line 49
 --- End of inner exception stack trace ---
    at Microsoft.Practices.ServiceLocation.ServiceLocatorImplBase.GetInstance(Type serviceType, String key) in c:\Home\Chris\Projects\CommonServiceLocator\main\Microsoft.Practices.ServiceLocation\ServiceLocatorImplBase.cs:line 53
   at Microsoft.Practices.ServiceLocation.ServiceLocatorImplBase.GetInstance[TService](String key) in c:\Home\Chris\Projects\CommonServiceLocator\main\Microsoft.Practices.ServiceLocation\ServiceLocatorImplBase.cs:line 103
   at Microsoft.Practices.EnterpriseLibrary.ExceptionHandling.ExceptionPolicy.GetExceptionPolicy(Exception exception, String policyName) in e:\Builds\EntLib\Latest\Source\Blocks\ExceptionHandling\Src\ExceptionHandling\ExceptionPolicy.cs:line 131
   at Microsoft.Practices.EnterpriseLibrary.ExceptionHandling.ExceptionPolicy.HandleException(Exception exceptionToHandle, String policyName) in e:\Builds\EntLib\Latest\Source\Blocks\ExceptionHandling\Src\ExceptionHandling\ExceptionPolicy.cs:line 55
   at FaceRecognition.RecognitionMethods.RecognitionMethodsRepository.LoadSelectedRecognitionMethod() in D:\DiplomProject\FaceRecognition\RecognitionMethods\RecognitionMethodsRepository.cs:line 67
   at FaceRecognition.RecognitionMethods.RecognitionMethodsRepository..ctor() in D:\DiplomProject\FaceRecognition\RecognitionMethods\RecognitionMethodsRepository.cs:line 28
   at FaceRecognition.Test.RecognitionMethodsRepositoryTest.RecognitionMethodsRepositoryConstructorTest() in D:\DiplomProject\FaceRecognition\FaceRecognition.Test\RecognitionMethodsRepositoryTest.cs:line 73
</StackTrace>
        </ErrorInfo>
      </Output>
    </UnitTestResult>
    <UnitTestResult executionId="8c83be68-41cf-4869-89f4-70da4867c5ff" testId="852ec870-1ae6-acf0-54ac-b5f8811edec9" testName="LoadSelectedRecognitionMethodTest" computerName="MICROSOF-4C612A" duration="00:00:00.0247347" startTime="2011-05-29T01:26:56.5937500+03:00" endTime="2011-05-29T01:26:56.6250000+03:00" testType="13cdc9d9-ddb5-4fa4-a97d-d965ccfc6d4b" outcome="Failed" testListId="8c84fa94-04c1-424b-9868-57a2d4851a1d" relativeResultsDirectory="8c83be68-41cf-4869-89f4-70da4867c5ff">
      <Output>
        <ErrorInfo>
          <Message>Test method FaceRecognition.Test.RecognitionMethodsRepositoryTest.LoadSelectedRecognitionMethodTest threw exception: 
Microsoft.Practices.ServiceLocation.ActivationException: Activation error occured while trying to get instance of type ExceptionPolicyImpl, key "IO Exception" ---&gt; Microsoft.Practices.Unity.ResolutionFailedException: Resolution of the dependency failed, type = "Microsoft.Practices.EnterpriseLibrary.ExceptionHandling.ExceptionPolicyImpl", name = "IO Exception".
Exception occurred while: while resolving.
Exception is: InvalidOperationException - The type ExceptionPolicyImpl has multiple constructors of length 2. Unable to disambiguate.
-----------------------------------------------
At the time of the exception, the container was:

  Resolving Microsoft.Practices.EnterpriseLibrary.ExceptionHandling.ExceptionPolicyImpl,IO Exception
 ---&gt; System.InvalidOperationException: The type ExceptionPolicyImpl has multiple constructors of length 2. Unable to disambiguate.</Message>
          <StackTrace>    at Microsoft.Practices.ObjectBuilder2.ConstructorSelectorPolicyBase`1.FindLongestConstructor(Type typeToConstruct) in e:\Builds\Unity\UnityTemp\Compile\Unity\Unity\Src\ObjectBuilder\Strategies\BuildPlan\Creation\ConstructorSelectorPolicyBase.cs:line 113
   at Microsoft.Practices.ObjectBuilder2.ConstructorSelectorPolicyBase`1.SelectConstructor(IBuilderContext context, IPolicyList resolverPolicyDestination) in e:\Builds\Unity\UnityTemp\Compile\Unity\Unity\Src\ObjectBuilder\Strategies\BuildPlan\Creation\ConstructorSelectorPolicyBase.cs:line 38
   at Microsoft.Practices.ObjectBuilder2.DynamicMethodConstructorStrategy.PreBuildUp(IBuilderContext context) in e:\Builds\Unity\UnityTemp\Compile\Unity\Unity\Src\ObjectBuilder\Strategies\BuildPlan\DynamicMethod\Creation\DynamicMethodConstructorStrategy.cs:line 69
   at Microsoft.Practices.ObjectBuilder2.StrategyChain.ExecuteBuildUp(IBuilderContext context) in e:\Builds\Unity\UnityTemp\Compile\Unity\Unity\Src\ObjectBuilder\Strategies\StrategyChain.cs:line 110
   at Microsoft.Practices.ObjectBuilder2.DynamicMethodBuildPlanCreatorPolicy.CreatePlan(IBuilderContext context, NamedTypeBuildKey buildKey) in e:\Builds\Unity\UnityTemp\Compile\Unity\Unity\Src\ObjectBuilder\Strategies\BuildPlan\DynamicMethod\DynamicMethodBuildPlanCreatorPolicy.cs:line 48
   at Microsoft.Practices.ObjectBuilder2.BuildPlanStrategy.PreBuildUp(IBuilderContext context) in e:\Builds\Unity\UnityTemp\Compile\Unity\Unity\Src\ObjectBuilder\Strategies\BuildPlan\BuildPlanStrategy.cs:line 37
   at Microsoft.Practices.ObjectBuilder2.StrategyChain.ExecuteBuildUp(IBuilderContext context) in e:\Builds\Unity\UnityTemp\Compile\Unity\Unity\Src\ObjectBuilder\Strategies\StrategyChain.cs:line 110
   at Microsoft.Practices.Unity.UnityContainer.DoBuildUp(Type t, Object existing, String name, IEnumerable`1 resolverOverrides) in e:\Builds\Unity\UnityTemp\Compile\Unity\Unity\Src\UnityContainer.cs:line 511
 --- End of inner exception stack trace ---
    at Microsoft.Practices.Unity.UnityContainer.DoBuildUp(Type t, Object existing, String name, IEnumerable`1 resolverOverrides) in e:\Builds\Unity\UnityTemp\Compile\Unity\Unity\Src\UnityContainer.cs:line 515
   at Microsoft.Practices.Unity.UnityContainer.Resolve(Type t, String name, ResolverOverride[] resolverOverrides) in e:\Builds\Unity\UnityTemp\Compile\Unity\Unity\Src\UnityContainer.cs:line 173
   at Microsoft.Practices.Unity.UnityServiceLocator.DoGetInstance(Type serviceType, String key) in e:\Builds\Unity\UnityTemp\Compile\Unity\Unity\Src\UnityServiceLocator.cs:line 64
   at Microsoft.Practices.ServiceLocation.ServiceLocatorImplBase.GetInstance(Type serviceType, String key) in c:\Home\Chris\Projects\CommonServiceLocator\main\Microsoft.Practices.ServiceLocation\ServiceLocatorImplBase.cs:line 49
 --- End of inner exception stack trace ---
   at FaceRecognition.RecognitionMethods.RecognitionMethodsRepository_Accessor..ctor()
   at FaceRecognition.Test.RecognitionMethodsRepositoryTest.LoadSelectedRecognitionMethodTest() in D:\DiplomProject\FaceRecognition\FaceRecognition.Test\RecognitionMethodsRepositoryTest.cs:line 84
</StackTrace>
        </ErrorInfo>
      </Output>
    </UnitTestResult>
    <UnitTestResult executionId="96dbccd8-a930-43b3-a824-654dbea28c56" testId="d87d8ada-cbe2-6b59-6e32-f7aa1ad1e993" testName="SelectedMethodTest" computerName="MICROSOF-4C612A" duration="00:00:00.0091715" startTime="2011-05-29T01:26:56.6406250+03:00" endTime="2011-05-29T01:26:56.6562500+03:00" testType="13cdc9d9-ddb5-4fa4-a97d-d965ccfc6d4b" outcome="Failed" testListId="8c84fa94-04c1-424b-9868-57a2d4851a1d" relativeResultsDirectory="96dbccd8-a930-43b3-a824-654dbea28c56">
      <Output>
        <ErrorInfo>
          <Message>Test method FaceRecognition.Test.RecognitionMethodsRepositoryTest.SelectedMethodTest threw exception: 
Microsoft.Practices.ServiceLocation.ActivationException: Activation error occured while trying to get instance of type ExceptionPolicyImpl, key "IO Exception" ---&gt; Microsoft.Practices.Unity.ResolutionFailedException: Resolution of the dependency failed, type = "Microsoft.Practices.EnterpriseLibrary.ExceptionHandling.ExceptionPolicyImpl", name = "IO Exception".
Exception occurred while: while resolving.
Exception is: InvalidOperationException - The type ExceptionPolicyImpl has multiple constructors of length 2. Unable to disambiguate.
-----------------------------------------------
At the time of the exception, the container was:

  Resolving Microsoft.Practices.EnterpriseLibrary.ExceptionHandling.ExceptionPolicyImpl,IO Exception
 ---&gt; System.InvalidOperationException: The type ExceptionPolicyImpl has multiple constructors of length 2. Unable to disambiguate.</Message>
          <StackTrace>    at Microsoft.Practices.ObjectBuilder2.ConstructorSelectorPolicyBase`1.FindLongestConstructor(Type typeToConstruct) in e:\Builds\Unity\UnityTemp\Compile\Unity\Unity\Src\ObjectBuilder\Strategies\BuildPlan\Creation\ConstructorSelectorPolicyBase.cs:line 113
   at Microsoft.Practices.ObjectBuilder2.ConstructorSelectorPolicyBase`1.SelectConstructor(IBuilderContext context, IPolicyList resolverPolicyDestination) in e:\Builds\Unity\UnityTemp\Compile\Unity\Unity\Src\ObjectBuilder\Strategies\BuildPlan\Creation\ConstructorSelectorPolicyBase.cs:line 38
   at Microsoft.Practices.ObjectBuilder2.DynamicMethodConstructorStrategy.PreBuildUp(IBuilderContext context) in e:\Builds\Unity\UnityTemp\Compile\Unity\Unity\Src\ObjectBuilder\Strategies\BuildPlan\DynamicMethod\Creation\DynamicMethodConstructorStrategy.cs:line 69
   at Microsoft.Practices.ObjectBuilder2.StrategyChain.ExecuteBuildUp(IBuilderContext context) in e:\Builds\Unity\UnityTemp\Compile\Unity\Unity\Src\ObjectBuilder\Strategies\StrategyChain.cs:line 110
   at Microsoft.Practices.ObjectBuilder2.DynamicMethodBuildPlanCreatorPolicy.CreatePlan(IBuilderContext context, NamedTypeBuildKey buildKey) in e:\Builds\Unity\UnityTemp\Compile\Unity\Unity\Src\ObjectBuilder\Strategies\BuildPlan\DynamicMethod\DynamicMethodBuildPlanCreatorPolicy.cs:line 48
   at Microsoft.Practices.ObjectBuilder2.BuildPlanStrategy.PreBuildUp(IBuilderContext context) in e:\Builds\Unity\UnityTemp\Compile\Unity\Unity\Src\ObjectBuilder\Strategies\BuildPlan\BuildPlanStrategy.cs:line 37
   at Microsoft.Practices.ObjectBuilder2.StrategyChain.ExecuteBuildUp(IBuilderContext context) in e:\Builds\Unity\UnityTemp\Compile\Unity\Unity\Src\ObjectBuilder\Strategies\StrategyChain.cs:line 110
   at Microsoft.Practices.Unity.UnityContainer.DoBuildUp(Type t, Object existing, String name, IEnumerable`1 resolverOverrides) in e:\Builds\Unity\UnityTemp\Compile\Unity\Unity\Src\UnityContainer.cs:line 511
 --- End of inner exception stack trace ---
    at Microsoft.Practices.Unity.UnityContainer.DoBuildUp(Type t, Object existing, String name, IEnumerable`1 resolverOverrides) in e:\Builds\Unity\UnityTemp\Compile\Unity\Unity\Src\UnityContainer.cs:line 515
   at Microsoft.Practices.Unity.UnityContainer.Resolve(Type t, String name, ResolverOverride[] resolverOverrides) in e:\Builds\Unity\UnityTemp\Compile\Unity\Unity\Src\UnityContainer.cs:line 173
   at Microsoft.Practices.Unity.UnityServiceLocator.DoGetInstance(Type serviceType, String key) in e:\Builds\Unity\UnityTemp\Compile\Unity\Unity\Src\UnityServiceLocator.cs:line 64
   at Microsoft.Practices.ServiceLocation.ServiceLocatorImplBase.GetInstance(Type serviceType, String key) in c:\Home\Chris\Projects\CommonServiceLocator\main\Microsoft.Practices.ServiceLocation\ServiceLocatorImplBase.cs:line 49
 --- End of inner exception stack trace ---
    at Microsoft.Practices.ServiceLocation.ServiceLocatorImplBase.GetInstance(Type serviceType, String key) in c:\Home\Chris\Projects\CommonServiceLocator\main\Microsoft.Practices.ServiceLocation\ServiceLocatorImplBase.cs:line 53
   at Microsoft.Practices.ServiceLocation.ServiceLocatorImplBase.GetInstance[TService](String key) in c:\Home\Chris\Projects\CommonServiceLocator\main\Microsoft.Practices.ServiceLocation\ServiceLocatorImplBase.cs:line 103
   at Microsoft.Practices.EnterpriseLibrary.ExceptionHandling.ExceptionPolicy.GetExceptionPolicy(Exception exception, String policyName) in e:\Builds\EntLib\Latest\Source\Blocks\ExceptionHandling\Src\ExceptionHandling\ExceptionPolicy.cs:line 131
   at Microsoft.Practices.EnterpriseLibrary.ExceptionHandling.ExceptionPolicy.HandleException(Exception exceptionToHandle, String policyName) in e:\Builds\EntLib\Latest\Source\Blocks\ExceptionHandling\Src\ExceptionHandling\ExceptionPolicy.cs:line 55
   at FaceRecognition.RecognitionMethods.RecognitionMethodsRepository.LoadSelectedRecognitionMethod() in D:\DiplomProject\FaceRecognition\RecognitionMethods\RecognitionMethodsRepository.cs:line 67
   at FaceRecognition.RecognitionMethods.RecognitionMethodsRepository..ctor() in D:\DiplomProject\FaceRecognition\RecognitionMethods\RecognitionMethodsRepository.cs:line 28
   at FaceRecognition.Test.RecognitionMethodsRepositoryTest.SelectedMethodTest() in D:\DiplomProject\FaceRecognition\FaceRecognition.Test\RecognitionMethodsRepositoryTest.cs:line 95
</StackTrace>
        </ErrorInfo>
      </Output>
    </UnitTestResult>
    <UnitTestResult executionId="2d566e99-89ca-494a-b82b-dbfad12c7129" testId="e8d6de4f-4080-7efd-8b63-7da3d2967700" testName="RecognitionMethodModelConstructorTest" computerName="MICROSOF-4C612A" duration="00:00:00.0016647" startTime="2011-05-29T01:26:56.6562500+03:00" endTime="2011-05-29T01:26:56.6718750+03:00" testType="13cdc9d9-ddb5-4fa4-a97d-d965ccfc6d4b" outcome="Inconclusive" testListId="8c84fa94-04c1-424b-9868-57a2d4851a1d" relativeResultsDirectory="2d566e99-89ca-494a-b82b-dbfad12c7129">
      <Output>
        <ErrorInfo>
          <Message>Assert.Inconclusive failed. TODO: Implement code to verify target</Message>
          <StackTrace>   at FaceRecognition.Test.RecognitionMethodModelTest.RecognitionMethodModelConstructorTest() in D:\DiplomProject\FaceRecognition\FaceRecognition.Test\RecognitionMethodModelTest.cs:line 74
</StackTrace>
        </ErrorInfo>
      </Output>
    </UnitTestResult>
    <UnitTestResult executionId="dcaf70e4-c916-4b2d-ae7d-58b909fc69fc" testId="9d520f51-e764-9708-5809-aa8514087564" testName="NameTest" computerName="MICROSOF-4C612A" duration="00:00:00.0058753" startTime="2011-05-29T01:26:56.6875000+03:00" endTime="2011-05-29T01:26:56.7031250+03:00" testType="13cdc9d9-ddb5-4fa4-a97d-d965ccfc6d4b" outcome="Inconclusive" testListId="8c84fa94-04c1-424b-9868-57a2d4851a1d" relativeResultsDirectory="dcaf70e4-c916-4b2d-ae7d-58b909fc69fc">
      <Output>
        <ErrorInfo>
          <Message>Assert.Inconclusive failed. Verify the correctness of this test method.</Message>
          <StackTrace>   at FaceRecognition.Test.RecognitionMethodModelTest.NameTest() in D:\DiplomProject\FaceRecognition\FaceRecognition.Test\RecognitionMethodModelTest.cs:line 89
</StackTrace>
        </ErrorInfo>
      </Output>
    </UnitTestResult>
    <UnitTestResult executionId="0a992354-0e61-47b4-a5dd-32fcf57690e3" testId="716921b3-0071-b64e-ba7e-d75e3b320ab6" testName="RecognitionPercentTest" computerName="MICROSOF-4C612A" duration="00:00:00.0037613" startTime="2011-05-29T01:26:56.7031250+03:00" endTime="2011-05-29T01:26:56.7187500+03:00" testType="13cdc9d9-ddb5-4fa4-a97d-d965ccfc6d4b" outcome="Inconclusive" testListId="8c84fa94-04c1-424b-9868-57a2d4851a1d" relativeResultsDirectory="0a992354-0e61-47b4-a5dd-32fcf57690e3">
      <Output>
        <ErrorInfo>
          <Message>Assert.Inconclusive failed. Verify the correctness of this test method.</Message>
          <StackTrace>   at FaceRecognition.Test.RecognitionMethodModelTest.RecognitionPercentTest() in D:\DiplomProject\FaceRecognition\FaceRecognition.Test\RecognitionMethodModelTest.cs:line 104
</StackTrace>
        </ErrorInfo>
      </Output>
    </UnitTestResult>
    <UnitTestResult executionId="4bce16ab-fa4a-4857-98db-be41a8037a0e" testId="fc851396-fc4e-7db5-f5fb-8b09883e8b9d" testName="TimeRecognizeTest" computerName="MICROSOF-4C612A" duration="00:00:00.0138861" startTime="2011-05-29T01:26:56.7187500+03:00" endTime="2011-05-29T01:26:56.7500000+03:00" testType="13cdc9d9-ddb5-4fa4-a97d-d965ccfc6d4b" outcome="Inconclusive" testListId="8c84fa94-04c1-424b-9868-57a2d4851a1d" relativeResultsDirectory="4bce16ab-fa4a-4857-98db-be41a8037a0e">
      <Output>
        <ErrorInfo>
          <Message>Assert.Inconclusive failed. Verify the correctness of this test method.</Message>
          <StackTrace>   at FaceRecognition.Test.RecognitionMethodModelTest.TimeRecognizeTest() in D:\DiplomProject\FaceRecognition\FaceRecognition.Test\RecognitionMethodModelTest.cs:line 119
</StackTrace>
        </ErrorInfo>
      </Output>
    </UnitTestResult>
    <UnitTestResult executionId="6ef38a3b-53cc-4cab-9796-4e4d3dbc2e1b" testId="a435fd6c-1d20-ac23-6828-3d0d8d857d36" testName="RecognitionMethodsEnumConstructorTest" computerName="MICROSOF-4C612A" duration="00:00:00.0015733" startTime="2011-05-29T01:26:56.7500000+03:00" endTime="2011-05-29T01:26:56.7656250+03:00" testType="13cdc9d9-ddb5-4fa4-a97d-d965ccfc6d4b" outcome="Inconclusive" testListId="8c84fa94-04c1-424b-9868-57a2d4851a1d" relativeResultsDirectory="6ef38a3b-53cc-4cab-9796-4e4d3dbc2e1b">
      <Output>
        <ErrorInfo>
          <Message>Assert.Inconclusive failed. TODO: Implement code to verify target</Message>
          <StackTrace>   at FaceRecognition.Test.RecognitionMethodsEnumTest.RecognitionMethodsEnumConstructorTest() in D:\DiplomProject\FaceRecognition\FaceRecognition.Test\RecognitionMethodsEnumTest.cs:line 75
</StackTrace>
        </ErrorInfo>
      </Output>
    </UnitTestResult>
    <UnitTestResult executionId="c0f54e04-92cb-44c3-aa12-0d454d1d2944" testId="d4430895-41f4-e212-84ed-cf0f12edc645" testName="MoveNextTest" computerName="MICROSOF-4C612A" duration="00:00:00.0029886" startTime="2011-05-29T01:26:56.7812500+03:00" endTime="2011-05-29T01:26:56.7812500+03:00" testType="13cdc9d9-ddb5-4fa4-a97d-d965ccfc6d4b" outcome="Failed" testListId="8c84fa94-04c1-424b-9868-57a2d4851a1d" relativeResultsDirectory="c0f54e04-92cb-44c3-aa12-0d454d1d2944">
      <Output>
        <ErrorInfo>
          <Message>Test method FaceRecognition.Test.RecognitionMethodsEnumTest.MoveNextTest threw exception: 
System.NullReferenceException: Object reference not set to an instance of an object.</Message>
          <StackTrace>    at FaceRecognition.RecognitionMethods.MethodModel.RecognitionMethodsEnum.MoveNext() in D:\DiplomProject\FaceRecognition\RecognitionMethods\MethodModel\RecognitionMethodsEnum.cs:line 32
   at FaceRecognition.Test.RecognitionMethodsEnumTest.MoveNextTest() in D:\DiplomProject\FaceRecognition\FaceRecognition.Test\RecognitionMethodsEnumTest.cs:line 88
</StackTrace>
        </ErrorInfo>
      </Output>
    </UnitTestResult>
    <UnitTestResult executionId="8056602b-a1a4-4663-9800-c8d4692b3473" testId="d0665e38-1f3a-ab11-ec00-aec5b87f160c" testName="ResetTest" computerName="MICROSOF-4C612A" duration="00:00:00.0013091" startTime="2011-05-29T01:26:56.7968750+03:00" endTime="2011-05-29T01:26:56.8125000+03:00" testType="13cdc9d9-ddb5-4fa4-a97d-d965ccfc6d4b" outcome="Inconclusive" testListId="8c84fa94-04c1-424b-9868-57a2d4851a1d" relativeResultsDirectory="8056602b-a1a4-4663-9800-c8d4692b3473">
      <Output>
        <ErrorInfo>
          <Message>Assert.Inconclusive failed. A method that does not return a value cannot be verified.</Message>
          <StackTrace>   at FaceRecognition.Test.RecognitionMethodsEnumTest.ResetTest() in D:\DiplomProject\FaceRecognition\FaceRecognition.Test\RecognitionMethodsEnumTest.cs:line 102
</StackTrace>
        </ErrorInfo>
      </Output>
    </UnitTestResult>
    <UnitTestResult executionId="6a956637-949f-4a85-b561-575e88a92997" testId="c81d9203-0aff-5a90-3003-179d5196970a" testName="CurrentTest" computerName="MICROSOF-4C612A" duration="00:00:00.0069668" startTime="2011-05-29T01:26:56.8281250+03:00" endTime="2011-05-29T01:26:56.8437500+03:00" testType="13cdc9d9-ddb5-4fa4-a97d-d965ccfc6d4b" outcome="Failed" testListId="8c84fa94-04c1-424b-9868-57a2d4851a1d" relativeResultsDirectory="6a956637-949f-4a85-b561-575e88a92997">
      <Output>
        <ErrorInfo>
          <Message>Test method FaceRecognition.Test.RecognitionMethodsEnumTest.CurrentTest threw exception: 
Microsoft.Practices.ServiceLocation.ActivationException: Activation error occured while trying to get instance of type ExceptionPolicyImpl, key "Model Policy" ---&gt; Microsoft.Practices.Unity.ResolutionFailedException: Resolution of the dependency failed, type = "Microsoft.Practices.EnterpriseLibrary.ExceptionHandling.ExceptionPolicyImpl", name = "Model Policy".
Exception occurred while: while resolving.
Exception is: InvalidOperationException - The type ExceptionPolicyImpl has multiple constructors of length 2. Unable to disambiguate.
-----------------------------------------------
At the time of the exception, the container was:

  Resolving Microsoft.Practices.EnterpriseLibrary.ExceptionHandling.ExceptionPolicyImpl,Model Policy
 ---&gt; System.InvalidOperationException: The type ExceptionPolicyImpl has multiple constructors of length 2. Unable to disambiguate.</Message>
          <StackTrace>    at Microsoft.Practices.ObjectBuilder2.ConstructorSelectorPolicyBase`1.FindLongestConstructor(Type typeToConstruct) in e:\Builds\Unity\UnityTemp\Compile\Unity\Unity\Src\ObjectBuilder\Strategies\BuildPlan\Creation\ConstructorSelectorPolicyBase.cs:line 113
   at Microsoft.Practices.ObjectBuilder2.ConstructorSelectorPolicyBase`1.SelectConstructor(IBuilderContext context, IPolicyList resolverPolicyDestination) in e:\Builds\Unity\UnityTemp\Compile\Unity\Unity\Src\ObjectBuilder\Strategies\BuildPlan\Creation\ConstructorSelectorPolicyBase.cs:line 38
   at Microsoft.Practices.ObjectBuilder2.DynamicMethodConstructorStrategy.PreBuildUp(IBuilderContext context) in e:\Builds\Unity\UnityTemp\Compile\Unity\Unity\Src\ObjectBuilder\Strategies\BuildPlan\DynamicMethod\Creation\DynamicMethodConstructorStrategy.cs:line 69
   at Microsoft.Practices.ObjectBuilder2.StrategyChain.ExecuteBuildUp(IBuilderContext context) in e:\Builds\Unity\UnityTemp\Compile\Unity\Unity\Src\ObjectBuilder\Strategies\StrategyChain.cs:line 110
   at Microsoft.Practices.ObjectBuilder2.DynamicMethodBuildPlanCreatorPolicy.CreatePlan(IBuilderContext context, NamedTypeBuildKey buildKey) in e:\Builds\Unity\UnityTemp\Compile\Unity\Unity\Src\ObjectBuilder\Strategies\BuildPlan\DynamicMethod\DynamicMethodBuildPlanCreatorPolicy.cs:line 48
   at Microsoft.Practices.ObjectBuilder2.BuildPlanStrategy.PreBuildUp(IBuilderContext context) in e:\Builds\Unity\UnityTemp\Compile\Unity\Unity\Src\ObjectBuilder\Strategies\BuildPlan\BuildPlanStrategy.cs:line 37
   at Microsoft.Practices.ObjectBuilder2.StrategyChain.ExecuteBuildUp(IBuilderContext context) in e:\Builds\Unity\UnityTemp\Compile\Unity\Unity\Src\ObjectBuilder\Strategies\StrategyChain.cs:line 110
   at Microsoft.Practices.Unity.UnityContainer.DoBuildUp(Type t, Object existing, String name, IEnumerable`1 resolverOverrides) in e:\Builds\Unity\UnityTemp\Compile\Unity\Unity\Src\UnityContainer.cs:line 511
 --- End of inner exception stack trace ---
    at Microsoft.Practices.Unity.UnityContainer.DoBuildUp(Type t, Object existing, String name, IEnumerable`1 resolverOverrides) in e:\Builds\Unity\UnityTemp\Compile\Unity\Unity\Src\UnityContainer.cs:line 515
   at Microsoft.Practices.Unity.UnityContainer.Resolve(Type t, String name, ResolverOverride[] resolverOverrides) in e:\Builds\Unity\UnityTemp\Compile\Unity\Unity\Src\UnityContainer.cs:line 173
   at Microsoft.Practices.Unity.UnityServiceLocator.DoGetInstance(Type serviceType, String key) in e:\Builds\Unity\UnityTemp\Compile\Unity\Unity\Src\UnityServiceLocator.cs:line 64
   at Microsoft.Practices.ServiceLocation.ServiceLocatorImplBase.GetInstance(Type serviceType, String key) in c:\Home\Chris\Projects\CommonServiceLocator\main\Microsoft.Practices.ServiceLocation\ServiceLocatorImplBase.cs:line 49
 --- End of inner exception stack trace ---
    at Microsoft.Practices.ServiceLocation.ServiceLocatorImplBase.GetInstance(Type serviceType, String key) in c:\Home\Chris\Projects\CommonServiceLocator\main\Microsoft.Practices.ServiceLocation\ServiceLocatorImplBase.cs:line 53
   at Microsoft.Practices.ServiceLocation.ServiceLocatorImplBase.GetInstance[TService](String key) in c:\Home\Chris\Projects\CommonServiceLocator\main\Microsoft.Practices.ServiceLocation\ServiceLocatorImplBase.cs:line 103
   at Microsoft.Practices.EnterpriseLibrary.ExceptionHandling.ExceptionPolicy.GetExceptionPolicy(Exception exception, String policyName) in e:\Builds\EntLib\Latest\Source\Blocks\ExceptionHandling\Src\ExceptionHandling\ExceptionPolicy.cs:line 131
   at Microsoft.Practices.EnterpriseLibrary.ExceptionHandling.ExceptionPolicy.HandleException(Exception exceptionToHandle, String policyName) in e:\Builds\EntLib\Latest\Source\Blocks\ExceptionHandling\Src\ExceptionHandling\ExceptionPolicy.cs:line 55
   at FaceRecognition.RecognitionMethods.MethodModel.RecognitionMethodsEnum.get_Current() in D:\DiplomProject\FaceRecognition\RecognitionMethods\MethodModel\RecognitionMethodsEnum.cs:line 50
   at FaceRecognition.Test.RecognitionMethodsEnumTest.CurrentTest() in D:\DiplomProject\FaceRecognition\FaceRecognition.Test\RecognitionMethodsEnumTest.cs:line 114
</StackTrace>
        </ErrorInfo>
      </Output>
    </UnitTestResult>
    <UnitTestResult executionId="04e8f566-991f-414f-b8de-68695acc265b" testId="c9cbb013-813c-9d2d-e95e-a0629b7499c4" testName="ExtractFeaturesConstructorTest" computerName="MICROSOF-4C612A" duration="00:00:00.0018840" startTime="2011-05-29T01:26:56.8437500+03:00" endTime="2011-05-29T01:26:56.8593750+03:00" testType="13cdc9d9-ddb5-4fa4-a97d-d965ccfc6d4b" outcome="Inconclusive" testListId="8c84fa94-04c1-424b-9868-57a2d4851a1d" relativeResultsDirectory="04e8f566-991f-414f-b8de-68695acc265b">
      <Output>
        <ErrorInfo>
          <Message>Assert.Inconclusive failed. TODO: Implement code to verify target</Message>
          <StackTrace>   at FaceRecognition.Test.ExtractFeaturesTest.ExtractFeaturesConstructorTest() in D:\DiplomProject\FaceRecognition\FaceRecognition.Test\ExtractFeaturesTest.cs:line 78
</StackTrace>
        </ErrorInfo>
      </Output>
    </UnitTestResult>
    <UnitTestResult executionId="32b349a6-7b97-4a46-99e0-fc77c69249cf" testId="ea9499a6-db3f-430e-8fa6-b3bfc9a37a99" testName="ExtractFeaturesConstructorTest1" computerName="MICROSOF-4C612A" duration="00:00:00.0011895" startTime="2011-05-29T01:26:56.8593750+03:00" endTime="2011-05-29T01:26:56.8750000+03:00" testType="13cdc9d9-ddb5-4fa4-a97d-d965ccfc6d4b" outcome="Inconclusive" testListId="8c84fa94-04c1-424b-9868-57a2d4851a1d" relativeResultsDirectory="32b349a6-7b97-4a46-99e0-fc77c69249cf">
      <Output>
        <ErrorInfo>
          <Message>Assert.Inconclusive failed. TODO: Implement code to verify target</Message>
          <StackTrace>   at FaceRecognition.Test.ExtractFeaturesTest.ExtractFeaturesConstructorTest1() in D:\DiplomProject\FaceRecognition\FaceRecognition.Test\ExtractFeaturesTest.cs:line 88
</StackTrace>
        </ErrorInfo>
      </Output>
    </UnitTestResult>
    <UnitTestResult executionId="4d289a44-4829-464c-a44f-cfe7ed32b59e" testId="ef6ca1e1-b080-fed2-38a8-ee0b06ced901" testName="CreateVectorsTest" computerName="MICROSOF-4C612A" duration="00:00:00.0062256" startTime="2011-05-29T01:26:56.9062500+03:00" endTime="2011-05-29T01:26:56.9218750+03:00" testType="13cdc9d9-ddb5-4fa4-a97d-d965ccfc6d4b" outcome="Failed" testListId="8c84fa94-04c1-424b-9868-57a2d4851a1d" relativeResultsDirectory="4d289a44-4829-464c-a44f-cfe7ed32b59e">
      <Output>
        <ErrorInfo>
          <Message>Test method FaceRecognition.Test.ExtractFeaturesTest.CreateVectorsTest threw exception: 
System.ArgumentNullException: Value cannot be null.
Parameter name: trainFaces</Message>
          <StackTrace>    at FaceRecognition.RecognitionMethods.NeuralNetworks.ExtractFeatures.CreateVectors(ObservableCollection`1 trainFaces, ObservableCollection`1 testFaces) in D:\DiplomProject\FaceRecognition\RecognitionMethods\NeuralNetworks\ExtractFeatures.cs:line 55
   at FaceRecognition.Test.ExtractFeaturesTest.CreateVectorsTest() in D:\DiplomProject\FaceRecognition\FaceRecognition.Test\ExtractFeaturesTest.cs:line 100
</StackTrace>
        </ErrorInfo>
      </Output>
    </UnitTestResult>
    <UnitTestResult executionId="ed704d6a-4e3f-46d9-b766-344363ddc5ae" testId="fcdfde90-1d74-d0d6-dac4-16eab9ee15aa" testName="CreateVectorsTest1" computerName="MICROSOF-4C612A" duration="00:00:00.0053923" startTime="2011-05-29T01:26:56.9218750+03:00" endTime="2011-05-29T01:26:56.9375000+03:00" testType="13cdc9d9-ddb5-4fa4-a97d-d965ccfc6d4b" outcome="Failed" testListId="8c84fa94-04c1-424b-9868-57a2d4851a1d" relativeResultsDirectory="ed704d6a-4e3f-46d9-b766-344363ddc5ae">
      <Output>
        <ErrorInfo>
          <Message>Test method FaceRecognition.Test.ExtractFeaturesTest.CreateVectorsTest1 threw exception: 
Microsoft.Practices.ServiceLocation.ActivationException: Activation error occured while trying to get instance of type ExceptionPolicyImpl, key "BisunessLogic Policy" ---&gt; Microsoft.Practices.Unity.ResolutionFailedException: Resolution of the dependency failed, type = "Microsoft.Practices.EnterpriseLibrary.ExceptionHandling.ExceptionPolicyImpl", name = "BisunessLogic Policy".
Exception occurred while: while resolving.
Exception is: InvalidOperationException - The type ExceptionPolicyImpl has multiple constructors of length 2. Unable to disambiguate.
-----------------------------------------------
At the time of the exception, the container was:

  Resolving Microsoft.Practices.EnterpriseLibrary.ExceptionHandling.ExceptionPolicyImpl,BisunessLogic Policy
 ---&gt; System.InvalidOperationException: The type ExceptionPolicyImpl has multiple constructors of length 2. Unable to disambiguate.</Message>
          <StackTrace>    at Microsoft.Practices.ObjectBuilder2.ConstructorSelectorPolicyBase`1.FindLongestConstructor(Type typeToConstruct) in e:\Builds\Unity\UnityTemp\Compile\Unity\Unity\Src\ObjectBuilder\Strategies\BuildPlan\Creation\ConstructorSelectorPolicyBase.cs:line 113
   at Microsoft.Practices.ObjectBuilder2.ConstructorSelectorPolicyBase`1.SelectConstructor(IBuilderContext context, IPolicyList resolverPolicyDestination) in e:\Builds\Unity\UnityTemp\Compile\Unity\Unity\Src\ObjectBuilder\Strategies\BuildPlan\Creation\ConstructorSelectorPolicyBase.cs:line 38
   at Microsoft.Practices.ObjectBuilder2.DynamicMethodConstructorStrategy.PreBuildUp(IBuilderContext context) in e:\Builds\Unity\UnityTemp\Compile\Unity\Unity\Src\ObjectBuilder\Strategies\BuildPlan\DynamicMethod\Creation\DynamicMethodConstructorStrategy.cs:line 69
   at Microsoft.Practices.ObjectBuilder2.StrategyChain.ExecuteBuildUp(IBuilderContext context) in e:\Builds\Unity\UnityTemp\Compile\Unity\Unity\Src\ObjectBuilder\Strategies\StrategyChain.cs:line 110
   at Microsoft.Practices.ObjectBuilder2.DynamicMethodBuildPlanCreatorPolicy.CreatePlan(IBuilderContext context, NamedTypeBuildKey buildKey) in e:\Builds\Unity\UnityTemp\Compile\Unity\Unity\Src\ObjectBuilder\Strategies\BuildPlan\DynamicMethod\DynamicMethodBuildPlanCreatorPolicy.cs:line 48
   at Microsoft.Practices.ObjectBuilder2.BuildPlanStrategy.PreBuildUp(IBuilderContext context) in e:\Builds\Unity\UnityTemp\Compile\Unity\Unity\Src\ObjectBuilder\Strategies\BuildPlan\BuildPlanStrategy.cs:line 37
   at Microsoft.Practices.ObjectBuilder2.StrategyChain.ExecuteBuildUp(IBuilderContext context) in e:\Builds\Unity\UnityTemp\Compile\Unity\Unity\Src\ObjectBuilder\Strategies\StrategyChain.cs:line 110
   at Microsoft.Practices.Unity.UnityContainer.DoBuildUp(Type t, Object existing, String name, IEnumerable`1 resolverOverrides) in e:\Builds\Unity\UnityTemp\Compile\Unity\Unity\Src\UnityContainer.cs:line 511
 --- End of inner exception stack trace ---
    at Microsoft.Practices.Unity.UnityContainer.DoBuildUp(Type t, Object existing, String name, IEnumerable`1 resolverOverrides) in e:\Builds\Unity\UnityTemp\Compile\Unity\Unity\Src\UnityContainer.cs:line 515
   at Microsoft.Practices.Unity.UnityContainer.Resolve(Type t, String name, ResolverOverride[] resolverOverrides) in e:\Builds\Unity\UnityTemp\Compile\Unity\Unity\Src\UnityContainer.cs:line 173
   at Microsoft.Practices.Unity.UnityServiceLocator.DoGetInstance(Type serviceType, String key) in e:\Builds\Unity\UnityTemp\Compile\Unity\Unity\Src\UnityServiceLocator.cs:line 64
   at Microsoft.Practices.ServiceLocation.ServiceLocatorImplBase.GetInstance(Type serviceType, String key) in c:\Home\Chris\Projects\CommonServiceLocator\main\Microsoft.Practices.ServiceLocation\ServiceLocatorImplBase.cs:line 49
 --- End of inner exception stack trace ---
    at Microsoft.Practices.ServiceLocation.ServiceLocatorImplBase.GetInstance(Type serviceType, String key) in c:\Home\Chris\Projects\CommonServiceLocator\main\Microsoft.Practices.ServiceLocation\ServiceLocatorImplBase.cs:line 53
   at Microsoft.Practices.ServiceLocation.ServiceLocatorImplBase.GetInstance[TService](String key) in c:\Home\Chris\Projects\CommonServiceLocator\main\Microsoft.Practices.ServiceLocation\ServiceLocatorImplBase.cs:line 103
   at Microsoft.Practices.EnterpriseLibrary.ExceptionHandling.ExceptionPolicy.GetExceptionPolicy(Exception exception, String policyName) in e:\Builds\EntLib\Latest\Source\Blocks\ExceptionHandling\Src\ExceptionHandling\ExceptionPolicy.cs:line 131
   at Microsoft.Practices.EnterpriseLibrary.ExceptionHandling.ExceptionPolicy.HandleException(Exception exceptionToHandle, String policyName) in e:\Builds\EntLib\Latest\Source\Blocks\ExceptionHandling\Src\ExceptionHandling\ExceptionPolicy.cs:line 55
   at FaceRecognition.RecognitionMethods.NeuralNetworks.ExtractFeatures.CreateVectors() in D:\DiplomProject\FaceRecognition\RecognitionMethods\NeuralNetworks\ExtractFeatures.cs:line 44
   at FaceRecognition.Test.ExtractFeaturesTest.CreateVectorsTest1() in D:\DiplomProject\FaceRecognition\FaceRecognition.Test\ExtractFeaturesTest.cs:line 111
</StackTrace>
        </ErrorInfo>
      </Output>
    </UnitTestResult>
    <UnitTestResult executionId="2e8541ee-bdb5-439f-bbec-41c28f9e0e94" testId="c230e028-082a-df6b-3607-998c022b657f" testName="CreateVectorsAfterFFTTest" computerName="MICROSOF-4C612A" duration="00:00:00.0807912" startTime="2011-05-29T01:26:56.9375000+03:00" endTime="2011-05-29T01:26:57.0312500+03:00" testType="13cdc9d9-ddb5-4fa4-a97d-d965ccfc6d4b" outcome="Failed" testListId="8c84fa94-04c1-424b-9868-57a2d4851a1d" relativeResultsDirectory="2e8541ee-bdb5-439f-bbec-41c28f9e0e94">
      <Output>
        <ErrorInfo>
          <Message>Test method FaceRecognition.Test.ExtractFeaturesTest.CreateVectorsAfterFFTTest threw exception: 
Microsoft.Practices.ServiceLocation.ActivationException: Activation error occured while trying to get instance of type ExceptionPolicyImpl, key "BisunessLogic Policy" ---&gt; Microsoft.Practices.Unity.ResolutionFailedException: Resolution of the dependency failed, type = "Microsoft.Practices.EnterpriseLibrary.ExceptionHandling.ExceptionPolicyImpl", name = "BisunessLogic Policy".
Exception occurred while: while resolving.
Exception is: InvalidOperationException - The type ExceptionPolicyImpl has multiple constructors of length 2. Unable to disambiguate.
-----------------------------------------------
At the time of the exception, the container was:

  Resolving Microsoft.Practices.EnterpriseLibrary.ExceptionHandling.ExceptionPolicyImpl,BisunessLogic Policy
 ---&gt; System.InvalidOperationException: The type ExceptionPolicyImpl has multiple constructors of length 2. Unable to disambiguate.</Message>
          <StackTrace>    at Microsoft.Practices.ObjectBuilder2.ConstructorSelectorPolicyBase`1.FindLongestConstructor(Type typeToConstruct) in e:\Builds\Unity\UnityTemp\Compile\Unity\Unity\Src\ObjectBuilder\Strategies\BuildPlan\Creation\ConstructorSelectorPolicyBase.cs:line 113
   at Microsoft.Practices.ObjectBuilder2.ConstructorSelectorPolicyBase`1.SelectConstructor(IBuilderContext context, IPolicyList resolverPolicyDestination) in e:\Builds\Unity\UnityTemp\Compile\Unity\Unity\Src\ObjectBuilder\Strategies\BuildPlan\Creation\ConstructorSelectorPolicyBase.cs:line 38
   at Microsoft.Practices.ObjectBuilder2.DynamicMethodConstructorStrategy.PreBuildUp(IBuilderContext context) in e:\Builds\Unity\UnityTemp\Compile\Unity\Unity\Src\ObjectBuilder\Strategies\BuildPlan\DynamicMethod\Creation\DynamicMethodConstructorStrategy.cs:line 69
   at Microsoft.Practices.ObjectBuilder2.StrategyChain.ExecuteBuildUp(IBuilderContext context) in e:\Builds\Unity\UnityTemp\Compile\Unity\Unity\Src\ObjectBuilder\Strategies\StrategyChain.cs:line 110
   at Microsoft.Practices.ObjectBuilder2.DynamicMethodBuildPlanCreatorPolicy.CreatePlan(IBuilderContext context, NamedTypeBuildKey buildKey) in e:\Builds\Unity\UnityTemp\Compile\Unity\Unity\Src\ObjectBuilder\Strategies\BuildPlan\DynamicMethod\DynamicMethodBuildPlanCreatorPolicy.cs:line 48
   at Microsoft.Practices.ObjectBuilder2.BuildPlanStrategy.PreBuildUp(IBuilderContext context) in e:\Builds\Unity\UnityTemp\Compile\Unity\Unity\Src\ObjectBuilder\Strategies\BuildPlan\BuildPlanStrategy.cs:line 37
   at Microsoft.Practices.ObjectBuilder2.StrategyChain.ExecuteBuildUp(IBuilderContext context) in e:\Builds\Unity\UnityTemp\Compile\Unity\Unity\Src\ObjectBuilder\Strategies\StrategyChain.cs:line 110
   at Microsoft.Practices.Unity.UnityContainer.DoBuildUp(Type t, Object existing, String name, IEnumerable`1 resolverOverrides) in e:\Builds\Unity\UnityTemp\Compile\Unity\Unity\Src\UnityContainer.cs:line 511
 --- End of inner exception stack trace ---
    at Microsoft.Practices.Unity.UnityContainer.DoBuildUp(Type t, Object existing, String name, IEnumerable`1 resolverOverrides) in e:\Builds\Unity\UnityTemp\Compile\Unity\Unity\Src\UnityContainer.cs:line 515
   at Microsoft.Practices.Unity.UnityContainer.Resolve(Type t, String name, ResolverOverride[] resolverOverrides) in e:\Builds\Unity\UnityTemp\Compile\Unity\Unity\Src\UnityContainer.cs:line 173
   at Microsoft.Practices.Unity.UnityServiceLocator.DoGetInstance(Type serviceType, String key) in e:\Builds\Unity\UnityTemp\Compile\Unity\Unity\Src\UnityServiceLocator.cs:line 64
   at Microsoft.Practices.ServiceLocation.ServiceLocatorImplBase.GetInstance(Type serviceType, String key) in c:\Home\Chris\Projects\CommonServiceLocator\main\Microsoft.Practices.ServiceLocation\ServiceLocatorImplBase.cs:line 49
 --- End of inner exception stack trace ---
    at Microsoft.Practices.ServiceLocation.ServiceLocatorImplBase.GetInstance(Type serviceType, String key) in c:\Home\Chris\Projects\CommonServiceLocator\main\Microsoft.Practices.ServiceLocation\ServiceLocatorImplBase.cs:line 53
   at Microsoft.Practices.ServiceLocation.ServiceLocatorImplBase.GetInstance[TService](String key) in c:\Home\Chris\Projects\CommonServiceLocator\main\Microsoft.Practices.ServiceLocation\ServiceLocatorImplBase.cs:line 103
   at Microsoft.Practices.EnterpriseLibrary.ExceptionHandling.ExceptionPolicy.GetExceptionPolicy(Exception exception, String policyName) in e:\Builds\EntLib\Latest\Source\Blocks\ExceptionHandling\Src\ExceptionHandling\ExceptionPolicy.cs:line 131
   at Microsoft.Practices.EnterpriseLibrary.ExceptionHandling.ExceptionPolicy.HandleException(Exception exceptionToHandle, String policyName) in e:\Builds\EntLib\Latest\Source\Blocks\ExceptionHandling\Src\ExceptionHandling\ExceptionPolicy.cs:line 55
   at FaceRecognition.RecognitionMethods.NeuralNetworks.ExtractFeatures.CreateVectorsAfterFFT() in D:\DiplomProject\FaceRecognition\RecognitionMethods\NeuralNetworks\ExtractFeatures.cs:line 115
   at FaceRecognition.Test.ExtractFeaturesTest.CreateVectorsAfterFFTTest() in D:\DiplomProject\FaceRecognition\FaceRecognition.Test\ExtractFeaturesTest.cs:line 122
</StackTrace>
        </ErrorInfo>
      </Output>
    </UnitTestResult>
    <UnitTestResult executionId="1e24ac17-bb64-411a-ac71-b79a776d4965" testId="b2aa3974-c0ec-1959-55c6-fda993fb5495" testName="FindMaxValueTest" computerName="MICROSOF-4C612A" duration="00:00:00.0056817" startTime="2011-05-29T01:26:57.0312500+03:00" endTime="2011-05-29T01:26:57.0468750+03:00" testType="13cdc9d9-ddb5-4fa4-a97d-d965ccfc6d4b" outcome="Failed" testListId="8c84fa94-04c1-424b-9868-57a2d4851a1d" relativeResultsDirectory="1e24ac17-bb64-411a-ac71-b79a776d4965">
      <Output>
        <ErrorInfo>
          <Message>Test method FaceRecognition.Test.ExtractFeaturesTest.FindMaxValueTest threw exception: 
System.ArgumentNullException: Value cannot be null.
Parameter name: vector</Message>
          <StackTrace>   at FaceRecognition.RecognitionMethods.NeuralNetworks.ExtractFeatures_Accessor.FindMaxValue(Double[] vector)
   at FaceRecognition.Test.ExtractFeaturesTest.FindMaxValueTest() in D:\DiplomProject\FaceRecognition\FaceRecognition.Test\ExtractFeaturesTest.cs:line 137
</StackTrace>
        </ErrorInfo>
      </Output>
    </UnitTestResult>
    <UnitTestResult executionId="d507de79-bec2-4085-a678-c2a0bd06c63a" testId="3afa90f3-5e90-9385-d33c-47b5cfe7a623" testName="FindMinValueTest" computerName="MICROSOF-4C612A" duration="00:00:00.0069844" startTime="2011-05-29T01:26:57.0468750+03:00" endTime="2011-05-29T01:26:57.0781250+03:00" testType="13cdc9d9-ddb5-4fa4-a97d-d965ccfc6d4b" outcome="Failed" testListId="8c84fa94-04c1-424b-9868-57a2d4851a1d" relativeResultsDirectory="d507de79-bec2-4085-a678-c2a0bd06c63a">
      <Output>
        <DebugTrace>ExtractFeatures () (45707473) Finalized
ExtractFeatures () (45707473) Finalized
ExtractFeatures () (57326237) Finalized
ExtractFeatures () (57326237) Finalized
</DebugTrace>
        <ErrorInfo>
          <Message>Test method FaceRecognition.Test.ExtractFeaturesTest.FindMinValueTest threw exception: 
System.ArgumentNullException: Value cannot be null.
Parameter name: vector</Message>
          <StackTrace>   at FaceRecognition.RecognitionMethods.NeuralNetworks.ExtractFeatures_Accessor.FindMinValue(Double[] vector)
   at FaceRecognition.Test.ExtractFeaturesTest.FindMinValueTest() in D:\DiplomProject\FaceRecognition\FaceRecognition.Test\ExtractFeaturesTest.cs:line 153
</StackTrace>
        </ErrorInfo>
      </Output>
    </UnitTestResult>
    <UnitTestResult executionId="db7c6903-790d-4b64-bcb0-52635d806c27" testId="92042902-bf2f-132c-36ab-20eb0c8c9ea2" testName="GetDirectFFTTest" computerName="MICROSOF-4C612A" duration="00:00:00.0125756" startTime="2011-05-29T01:26:57.0937500+03:00" endTime="2011-05-29T01:26:57.1093750+03:00" testType="13cdc9d9-ddb5-4fa4-a97d-d965ccfc6d4b" outcome="Failed" testListId="8c84fa94-04c1-424b-9868-57a2d4851a1d" relativeResultsDirectory="db7c6903-790d-4b64-bcb0-52635d806c27">
      <Output>
        <ErrorInfo>
          <Message>Test method FaceRecognition.Test.ExtractFeaturesTest.GetDirectFFTTest threw exception: 
Microsoft.Practices.ServiceLocation.ActivationException: Activation error occured while trying to get instance of type ExceptionPolicyImpl, key "BisunessLogic Policy" ---&gt; Microsoft.Practices.Unity.ResolutionFailedException: Resolution of the dependency failed, type = "Microsoft.Practices.EnterpriseLibrary.ExceptionHandling.ExceptionPolicyImpl", name = "BisunessLogic Policy".
Exception occurred while: while resolving.
Exception is: InvalidOperationException - The type ExceptionPolicyImpl has multiple constructors of length 2. Unable to disambiguate.
-----------------------------------------------
At the time of the exception, the container was:

  Resolving Microsoft.Practices.EnterpriseLibrary.ExceptionHandling.ExceptionPolicyImpl,BisunessLogic Policy
 ---&gt; System.InvalidOperationException: The type ExceptionPolicyImpl has multiple constructors of length 2. Unable to disambiguate.</Message>
          <StackTrace>    at Microsoft.Practices.ObjectBuilder2.ConstructorSelectorPolicyBase`1.FindLongestConstructor(Type typeToConstruct) in e:\Builds\Unity\UnityTemp\Compile\Unity\Unity\Src\ObjectBuilder\Strategies\BuildPlan\Creation\ConstructorSelectorPolicyBase.cs:line 113
   at Microsoft.Practices.ObjectBuilder2.ConstructorSelectorPolicyBase`1.SelectConstructor(IBuilderContext context, IPolicyList resolverPolicyDestination) in e:\Builds\Unity\UnityTemp\Compile\Unity\Unity\Src\ObjectBuilder\Strategies\BuildPlan\Creation\ConstructorSelectorPolicyBase.cs:line 38
   at Microsoft.Practices.ObjectBuilder2.DynamicMethodConstructorStrategy.PreBuildUp(IBuilderContext context) in e:\Builds\Unity\UnityTemp\Compile\Unity\Unity\Src\ObjectBuilder\Strategies\BuildPlan\DynamicMethod\Creation\DynamicMethodConstructorStrategy.cs:line 69
   at Microsoft.Practices.ObjectBuilder2.StrategyChain.ExecuteBuildUp(IBuilderContext context) in e:\Builds\Unity\UnityTemp\Compile\Unity\Unity\Src\ObjectBuilder\Strategies\StrategyChain.cs:line 110
   at Microsoft.Practices.ObjectBuilder2.DynamicMethodBuildPlanCreatorPolicy.CreatePlan(IBuilderContext context, NamedTypeBuildKey buildKey) in e:\Builds\Unity\UnityTemp\Compile\Unity\Unity\Src\ObjectBuilder\Strategies\BuildPlan\DynamicMethod\DynamicMethodBuildPlanCreatorPolicy.cs:line 48
   at Microsoft.Practices.ObjectBuilder2.BuildPlanStrategy.PreBuildUp(IBuilderContext context) in e:\Builds\Unity\UnityTemp\Compile\Unity\Unity\Src\ObjectBuilder\Strategies\BuildPlan\BuildPlanStrategy.cs:line 37
   at Microsoft.Practices.ObjectBuilder2.StrategyChain.ExecuteBuildUp(IBuilderContext context) in e:\Builds\Unity\UnityTemp\Compile\Unity\Unity\Src\ObjectBuilder\Strategies\StrategyChain.cs:line 110
   at Microsoft.Practices.Unity.UnityContainer.DoBuildUp(Type t, Object existing, String name, IEnumerable`1 resolverOverrides) in e:\Builds\Unity\UnityTemp\Compile\Unity\Unity\Src\UnityContainer.cs:line 511
 --- End of inner exception stack trace ---
    at Microsoft.Practices.Unity.UnityContainer.DoBuildUp(Type t, Object existing, String name, IEnumerable`1 resolverOverrides) in e:\Builds\Unity\UnityTemp\Compile\Unity\Unity\Src\UnityContainer.cs:line 515
   at Microsoft.Practices.Unity.UnityContainer.Resolve(Type t, String name, ResolverOverride[] resolverOverrides) in e:\Builds\Unity\UnityTemp\Compile\Unity\Unity\Src\UnityContainer.cs:line 173
   at Microsoft.Practices.Unity.UnityServiceLocator.DoGetInstance(Type serviceType, String key) in e:\Builds\Unity\UnityTemp\Compile\Unity\Unity\Src\UnityServiceLocator.cs:line 64
   at Microsoft.Practices.ServiceLocation.ServiceLocatorImplBase.GetInstance(Type serviceType, String key) in c:\Home\Chris\Projects\CommonServiceLocator\main\Microsoft.Practices.ServiceLocation\ServiceLocatorImplBase.cs:line 49
 --- End of inner exception stack trace ---
   at FaceRecognition.RecognitionMethods.NeuralNetworks.ExtractFeatures_Accessor.GetDirectFFT(Double[] vector)
   at FaceRecognition.Test.ExtractFeaturesTest.GetDirectFFTTest() in D:\DiplomProject\FaceRecognition\FaceRecognition.Test\ExtractFeaturesTest.cs:line 169
</StackTrace>
        </ErrorInfo>
      </Output>
    </UnitTestResult>
    <UnitTestResult executionId="22828776-9366-486a-a7a1-bb0dd6eac3bc" testId="7899c727-bd95-ad4c-f15c-c97bd3baeca2" testName="GetInvFFTTest" computerName="MICROSOF-4C612A" duration="00:00:00.0098199" startTime="2011-05-29T01:26:57.1250000+03:00" endTime="2011-05-29T01:26:57.1406250+03:00" testType="13cdc9d9-ddb5-4fa4-a97d-d965ccfc6d4b" outcome="Failed" testListId="8c84fa94-04c1-424b-9868-57a2d4851a1d" relativeResultsDirectory="22828776-9366-486a-a7a1-bb0dd6eac3bc">
      <Output>
        <ErrorInfo>
          <Message>Test method FaceRecognition.Test.ExtractFeaturesTest.GetInvFFTTest threw exception: 
Microsoft.Practices.ServiceLocation.ActivationException: Activation error occured while trying to get instance of type ExceptionPolicyImpl, key "BisunessLogic Policy" ---&gt; Microsoft.Practices.Unity.ResolutionFailedException: Resolution of the dependency failed, type = "Microsoft.Practices.EnterpriseLibrary.ExceptionHandling.ExceptionPolicyImpl", name = "BisunessLogic Policy".
Exception occurred while: while resolving.
Exception is: InvalidOperationException - The type ExceptionPolicyImpl has multiple constructors of length 2. Unable to disambiguate.
-----------------------------------------------
At the time of the exception, the container was:

  Resolving Microsoft.Practices.EnterpriseLibrary.ExceptionHandling.ExceptionPolicyImpl,BisunessLogic Policy
 ---&gt; System.InvalidOperationException: The type ExceptionPolicyImpl has multiple constructors of length 2. Unable to disambiguate.</Message>
          <StackTrace>    at Microsoft.Practices.ObjectBuilder2.ConstructorSelectorPolicyBase`1.FindLongestConstructor(Type typeToConstruct) in e:\Builds\Unity\UnityTemp\Compile\Unity\Unity\Src\ObjectBuilder\Strategies\BuildPlan\Creation\ConstructorSelectorPolicyBase.cs:line 113
   at Microsoft.Practices.ObjectBuilder2.ConstructorSelectorPolicyBase`1.SelectConstructor(IBuilderContext context, IPolicyList resolverPolicyDestination) in e:\Builds\Unity\UnityTemp\Compile\Unity\Unity\Src\ObjectBuilder\Strategies\BuildPlan\Creation\ConstructorSelectorPolicyBase.cs:line 38
   at Microsoft.Practices.ObjectBuilder2.DynamicMethodConstructorStrategy.PreBuildUp(IBuilderContext context) in e:\Builds\Unity\UnityTemp\Compile\Unity\Unity\Src\ObjectBuilder\Strategies\BuildPlan\DynamicMethod\Creation\DynamicMethodConstructorStrategy.cs:line 69
   at Microsoft.Practices.ObjectBuilder2.StrategyChain.ExecuteBuildUp(IBuilderContext context) in e:\Builds\Unity\UnityTemp\Compile\Unity\Unity\Src\ObjectBuilder\Strategies\StrategyChain.cs:line 110
   at Microsoft.Practices.ObjectBuilder2.DynamicMethodBuildPlanCreatorPolicy.CreatePlan(IBuilderContext context, NamedTypeBuildKey buildKey) in e:\Builds\Unity\UnityTemp\Compile\Unity\Unity\Src\ObjectBuilder\Strategies\BuildPlan\DynamicMethod\DynamicMethodBuildPlanCreatorPolicy.cs:line 48
   at Microsoft.Practices.ObjectBuilder2.BuildPlanStrategy.PreBuildUp(IBuilderContext context) in e:\Builds\Unity\UnityTemp\Compile\Unity\Unity\Src\ObjectBuilder\Strategies\BuildPlan\BuildPlanStrategy.cs:line 37
   at Microsoft.Practices.ObjectBuilder2.StrategyChain.ExecuteBuildUp(IBuilderContext context) in e:\Builds\Unity\UnityTemp\Compile\Unity\Unity\Src\ObjectBuilder\Strategies\StrategyChain.cs:line 110
   at Microsoft.Practices.Unity.UnityContainer.DoBuildUp(Type t, Object existing, String name, IEnumerable`1 resolverOverrides) in e:\Builds\Unity\UnityTemp\Compile\Unity\Unity\Src\UnityContainer.cs:line 511
 --- End of inner exception stack trace ---
    at Microsoft.Practices.Unity.UnityContainer.DoBuildUp(Type t, Object existing, String name, IEnumerable`1 resolverOverrides) in e:\Builds\Unity\UnityTemp\Compile\Unity\Unity\Src\UnityContainer.cs:line 515
   at Microsoft.Practices.Unity.UnityContainer.Resolve(Type t, String name, ResolverOverride[] resolverOverrides) in e:\Builds\Unity\UnityTemp\Compile\Unity\Unity\Src\UnityContainer.cs:line 173
   at Microsoft.Practices.Unity.UnityServiceLocator.DoGetInstance(Type serviceType, String key) in e:\Builds\Unity\UnityTemp\Compile\Unity\Unity\Src\UnityServiceLocator.cs:line 64
   at Microsoft.Practices.ServiceLocation.ServiceLocatorImplBase.GetInstance(Type serviceType, String key) in c:\Home\Chris\Projects\CommonServiceLocator\main\Microsoft.Practices.ServiceLocation\ServiceLocatorImplBase.cs:line 49
 --- End of inner exception stack trace ---
   at FaceRecognition.RecognitionMethods.NeuralNetworks.ExtractFeatures_Accessor.GetInvFFT(complex[] dirVector)
   at FaceRecognition.Test.ExtractFeaturesTest.GetInvFFTTest() in D:\DiplomProject\FaceRecognition\FaceRecognition.Test\ExtractFeaturesTest.cs:line 185
</StackTrace>
        </ErrorInfo>
      </Output>
    </UnitTestResult>
    <UnitTestResult executionId="8bbe45ca-3b35-4bbf-821c-4698952d7b33" testId="81a7006c-b6f8-434a-be5b-f56c04908efa" testName="ImageToVectorTest" computerName="MICROSOF-4C612A" duration="00:00:00.0243195" startTime="2011-05-29T01:26:57.1718750+03:00" endTime="2011-05-29T01:26:57.2031250+03:00" testType="13cdc9d9-ddb5-4fa4-a97d-d965ccfc6d4b" outcome="Failed" testListId="8c84fa94-04c1-424b-9868-57a2d4851a1d" relativeResultsDirectory="8bbe45ca-3b35-4bbf-821c-4698952d7b33">
      <Output>
        <ErrorInfo>
          <Message>Test method FaceRecognition.Test.ExtractFeaturesTest.ImageToVectorTest threw exception: 
System.ArgumentException: fullNameImage</Message>
          <StackTrace>   at FaceRecognition.RecognitionMethods.NeuralNetworks.ExtractFeatures_Accessor.ImageToVector(String fullNameImage)
   at FaceRecognition.Test.ExtractFeaturesTest.ImageToVectorTest() in D:\DiplomProject\FaceRecognition\FaceRecognition.Test\ExtractFeaturesTest.cs:line 201
</StackTrace>
        </ErrorInfo>
      </Output>
    </UnitTestResult>
    <UnitTestResult executionId="7bc9eccb-49e3-4fd3-9cc1-11894e7ce66f" testId="b6ae93c5-07b0-9001-a881-d46af6b85eac" testName="NormProcessTest" computerName="MICROSOF-4C612A" duration="00:00:00.0063284" startTime="2011-05-29T01:26:57.2031250+03:00" endTime="2011-05-29T01:26:57.2187500+03:00" testType="13cdc9d9-ddb5-4fa4-a97d-d965ccfc6d4b" outcome="Failed" testListId="8c84fa94-04c1-424b-9868-57a2d4851a1d" relativeResultsDirectory="7bc9eccb-49e3-4fd3-9cc1-11894e7ce66f">
      <Output>
        <ErrorInfo>
          <Message>Test method FaceRecognition.Test.ExtractFeaturesTest.NormProcessTest threw exception: 
System.ArgumentNullException: Value cannot be null.
Parameter name: invVector</Message>
          <StackTrace>   at FaceRecognition.RecognitionMethods.NeuralNetworks.ExtractFeatures_Accessor.NormProcess(Double[] invVector)
   at FaceRecognition.Test.ExtractFeaturesTest.NormProcessTest() in D:\DiplomProject\FaceRecognition\FaceRecognition.Test\ExtractFeaturesTest.cs:line 217
</StackTrace>
        </ErrorInfo>
      </Output>
    </UnitTestResult>
    <UnitTestResult executionId="7608bfb4-f646-4876-a1e6-f9ed6ea48466" testId="6705170e-4797-38f4-57ce-eb29eb992254" testName="ProcessVectorForInputNetTest" computerName="MICROSOF-4C612A" duration="00:00:00.0076540" startTime="2011-05-29T01:26:57.2343750+03:00" endTime="2011-05-29T01:26:57.2500000+03:00" testType="13cdc9d9-ddb5-4fa4-a97d-d965ccfc6d4b" outcome="Failed" testListId="8c84fa94-04c1-424b-9868-57a2d4851a1d" relativeResultsDirectory="7608bfb4-f646-4876-a1e6-f9ed6ea48466">
      <Output>
        <ErrorInfo>
          <Message>Test method FaceRecognition.Test.ExtractFeaturesTest.ProcessVectorForInputNetTest threw exception: 
System.ArgumentNullException: Value cannot be null.
Parameter name: normVector</Message>
          <StackTrace>   at FaceRecognition.RecognitionMethods.NeuralNetworks.ExtractFeatures_Accessor.ProcessVectorForInputNet(Double[] normVector)
   at FaceRecognition.Test.ExtractFeaturesTest.ProcessVectorForInputNetTest() in D:\DiplomProject\FaceRecognition\FaceRecognition.Test\ExtractFeaturesTest.cs:line 233
</StackTrace>
        </ErrorInfo>
      </Output>
    </UnitTestResult>
    <UnitTestResult executionId="e7fb7a34-0d61-42c1-a116-95ca68f3dad1" testId="b4cc9f46-247c-8ac0-23a3-b77cb346b3ee" testName="ReverseProcessVectorFromOutNetTest" computerName="MICROSOF-4C612A" duration="00:00:00.0065860" startTime="2011-05-29T01:26:57.2656250+03:00" endTime="2011-05-29T01:26:57.2812500+03:00" testType="13cdc9d9-ddb5-4fa4-a97d-d965ccfc6d4b" outcome="Failed" testListId="8c84fa94-04c1-424b-9868-57a2d4851a1d" relativeResultsDirectory="e7fb7a34-0d61-42c1-a116-95ca68f3dad1">
      <Output>
        <DebugTrace>ExtractFeatures () (46494411) Finalized
ExtractFeatures () (46494411) Finalized
ExtractFeatures () (447575) Finalized
ExtractFeatures () (447575) Finalized
</DebugTrace>
        <ErrorInfo>
          <Message>Test method FaceRecognition.Test.ExtractFeaturesTest.ReverseProcessVectorFromOutNetTest threw exception: 
System.NullReferenceException: Object reference not set to an instance of an object.</Message>
          <StackTrace>   at FaceRecognition.RecognitionMethods.NeuralNetworks.ExtractFeatures_Accessor.ReverseProcessVectorFromOutNet(Double[] outVector)
   at FaceRecognition.Test.ExtractFeaturesTest.ReverseProcessVectorFromOutNetTest() in D:\DiplomProject\FaceRecognition\FaceRecognition.Test\ExtractFeaturesTest.cs:line 249
</StackTrace>
        </ErrorInfo>
      </Output>
    </UnitTestResult>
    <UnitTestResult executionId="5204bd05-669c-40fb-a9b0-cca9b44a13df" testId="901d3ce9-23a3-ae6e-5b1f-55980f7d1d1f" testName="SaveTrainTestFacesTest" computerName="MICROSOF-4C612A" duration="00:00:00.0814977" startTime="2011-05-29T01:26:57.2812500+03:00" endTime="2011-05-29T01:26:57.3750000+03:00" testType="13cdc9d9-ddb5-4fa4-a97d-d965ccfc6d4b" outcome="Inconclusive" testListId="8c84fa94-04c1-424b-9868-57a2d4851a1d" relativeResultsDirectory="5204bd05-669c-40fb-a9b0-cca9b44a13df">
      <Output>
        <ErrorInfo>
          <Message>Assert.Inconclusive failed. A method that does not return a value cannot be verified.</Message>
          <StackTrace>   at FaceRecognition.Test.ExtractFeaturesTest.SaveTrainTestFacesTest() in D:\DiplomProject\FaceRecognition\FaceRecognition.Test\ExtractFeaturesTest.cs:line 262
</StackTrace>
        </ErrorInfo>
      </Output>
    </UnitTestResult>
    <UnitTestResult executionId="2de5cd8e-4374-4000-9bee-dae534a261f0" testId="74004022-b31d-48a4-dd75-d5a7783be70d" testName="NeuralEventArgsConstructorTest" computerName="MICROSOF-4C612A" duration="00:00:00.0021455" startTime="2011-05-29T01:26:57.3906250+03:00" endTime="2011-05-29T01:26:57.3906250+03:00" testType="13cdc9d9-ddb5-4fa4-a97d-d965ccfc6d4b" outcome="Inconclusive" testListId="8c84fa94-04c1-424b-9868-57a2d4851a1d" relativeResultsDirectory="2de5cd8e-4374-4000-9bee-dae534a261f0">
      <Output>
        <ErrorInfo>
          <Message>Assert.Inconclusive failed. TODO: Implement code to verify target</Message>
          <StackTrace>   at FaceRecognition.Test.NeuralEventArgsTest.NeuralEventArgsConstructorTest() in D:\DiplomProject\FaceRecognition\FaceRecognition.Test\NeuralEventArgsTest.cs:line 77
</StackTrace>
        </ErrorInfo>
      </Output>
    </UnitTestResult>
    <UnitTestResult executionId="a0a783b6-c915-4e86-af83-6bbdbb1c856a" testId="9e25537c-efd6-0490-fe18-3e026fa589d4" testName="NeuralEventArgsConstructorTest1" computerName="MICROSOF-4C612A" duration="00:00:00.0014328" startTime="2011-05-29T01:26:57.3906250+03:00" endTime="2011-05-29T01:26:57.4375000+03:00" testType="13cdc9d9-ddb5-4fa4-a97d-d965ccfc6d4b" outcome="Inconclusive" testListId="8c84fa94-04c1-424b-9868-57a2d4851a1d" relativeResultsDirectory="a0a783b6-c915-4e86-af83-6bbdbb1c856a">
      <Output>
        <ErrorInfo>
          <Message>Assert.Inconclusive failed. TODO: Implement code to verify target</Message>
          <StackTrace>   at FaceRecognition.Test.NeuralEventArgsTest.NeuralEventArgsConstructorTest1() in D:\DiplomProject\FaceRecognition\FaceRecognition.Test\NeuralEventArgsTest.cs:line 87
</StackTrace>
        </ErrorInfo>
      </Output>
    </UnitTestResult>
    <UnitTestResult executionId="662aa48b-fcbd-428a-afdc-84624bc9c99b" testId="c1246919-46c7-649b-3e07-0657834af7e0" testName="CurrentErrorTest" computerName="MICROSOF-4C612A" duration="00:00:00.0026380" startTime="2011-05-29T01:26:57.4375000+03:00" endTime="2011-05-29T01:26:57.4531250+03:00" testType="13cdc9d9-ddb5-4fa4-a97d-d965ccfc6d4b" outcome="Inconclusive" testListId="8c84fa94-04c1-424b-9868-57a2d4851a1d" relativeResultsDirectory="662aa48b-fcbd-428a-afdc-84624bc9c99b">
      <Output>
        <ErrorInfo>
          <Message>Assert.Inconclusive failed. Verify the correctness of this test method.</Message>
          <StackTrace>   at FaceRecognition.Test.NeuralEventArgsTest.CurrentErrorTest() in D:\DiplomProject\FaceRecognition\FaceRecognition.Test\NeuralEventArgsTest.cs:line 102
</StackTrace>
        </ErrorInfo>
      </Output>
    </UnitTestResult>
    <UnitTestResult executionId="7d462549-5521-4c4e-82fa-d908e389146a" testId="1c10a974-1f17-9d52-684c-47f4add1445f" testName="CurrentIterationTest" computerName="MICROSOF-4C612A" duration="00:00:00.0052294" startTime="2011-05-29T01:26:57.4687500+03:00" endTime="2011-05-29T01:26:57.4687500+03:00" testType="13cdc9d9-ddb5-4fa4-a97d-d965ccfc6d4b" outcome="Inconclusive" testListId="8c84fa94-04c1-424b-9868-57a2d4851a1d" relativeResultsDirectory="7d462549-5521-4c4e-82fa-d908e389146a">
      <Output>
        <ErrorInfo>
          <Message>Assert.Inconclusive failed. Verify the correctness of this test method.</Message>
          <StackTrace>   at FaceRecognition.Test.NeuralEventArgsTest.CurrentIterationTest() in D:\DiplomProject\FaceRecognition\FaceRecognition.Test\NeuralEventArgsTest.cs:line 117
</StackTrace>
        </ErrorInfo>
      </Output>
    </UnitTestResult>
    <UnitTestResult executionId="f22dcd61-f2e0-440e-8f79-e8456994696e" testId="c70a6a18-2f3c-341f-b526-9d9db92be705" testName="StopTest" computerName="MICROSOF-4C612A" duration="00:00:00.0074699" startTime="2011-05-29T01:26:57.4843750+03:00" endTime="2011-05-29T01:26:57.5000000+03:00" testType="13cdc9d9-ddb5-4fa4-a97d-d965ccfc6d4b" outcome="Inconclusive" testListId="8c84fa94-04c1-424b-9868-57a2d4851a1d" relativeResultsDirectory="f22dcd61-f2e0-440e-8f79-e8456994696e">
      <Output>
        <ErrorInfo>
          <Message>Assert.Inconclusive failed. Verify the correctness of this test method.</Message>
          <StackTrace>   at FaceRecognition.Test.NeuralEventArgsTest.StopTest() in D:\DiplomProject\FaceRecognition\FaceRecognition.Test\NeuralEventArgsTest.cs:line 132
</StackTrace>
        </ErrorInfo>
      </Output>
    </UnitTestResult>
    <UnitTestResult executionId="8fd926ee-c131-454f-9881-1d12ea6895fe" testId="a0699bc4-df7a-33ba-8d23-da6f08467d19" testName="d__diplomprojects_diplomproject_facerecognition_styles_borderstyle_xamlConstructorTest" computerName="MICROSOF-4C612A" duration="00:00:00.0042105" startTime="2011-05-29T01:26:57.5156250+03:00" endTime="2011-05-29T01:26:57.5156250+03:00" testType="13cdc9d9-ddb5-4fa4-a97d-d965ccfc6d4b" outcome="Inconclusive" testListId="8c84fa94-04c1-424b-9868-57a2d4851a1d" relativeResultsDirectory="8fd926ee-c131-454f-9881-1d12ea6895fe">
      <Output>
        <ErrorInfo>
          <Message>Assert.Inconclusive failed. TODO: Implement code to verify target</Message>
          <StackTrace>   at FaceRecognition.Test.d__diplomprojects_diplomproject_facerecognition_styles_borderstyle_xamlTest.d__diplomprojects_diplomproject_facerecognition_styles_borderstyle_xamlConstructorTest() in D:\DiplomProject\FaceRecognition\FaceRecognition.Test\d__diplomprojects_diplomproject_facerecognition_styles_borderstyle_xamlTest.cs:line 75
</StackTrace>
        </ErrorInfo>
      </Output>
    </UnitTestResult>
    <UnitTestResult executionId="36dac955-2cb4-4d9d-92f3-c285e2f12ab1" testId="ec8c56e9-430b-fdc7-32fe-5ea22450f32a" testName="InitializeComponentTest" computerName="MICROSOF-4C612A" duration="00:00:00.0938608" startTime="2011-05-29T01:26:57.5312500+03:00" endTime="2011-05-29T01:26:57.6406250+03:00" testType="13cdc9d9-ddb5-4fa4-a97d-d965ccfc6d4b" outcome="Inconclusive" testListId="8c84fa94-04c1-424b-9868-57a2d4851a1d" relativeResultsDirectory="36dac955-2cb4-4d9d-92f3-c285e2f12ab1">
      <Output>
        <ErrorInfo>
          <Message>Assert.Inconclusive failed. A method that does not return a value cannot be verified.</Message>
          <StackTrace>   at FaceRecognition.Test.d__diplomprojects_diplomproject_facerecognition_styles_borderstyle_xamlTest.InitializeComponentTest() in D:\DiplomProject\FaceRecognition\FaceRecognition.Test\d__diplomprojects_diplomproject_facerecognition_styles_borderstyle_xamlTest.cs:line 86
</StackTrace>
        </ErrorInfo>
      </Output>
    </UnitTestResult>
    <UnitTestResult executionId="5345c894-60d9-430d-b311-5424762dd24d" testId="1d386777-e29c-800b-a1eb-9f487c166017" testName="ConnectTest" computerName="MICROSOF-4C612A" duration="00:00:00.0053395" startTime="2011-05-29T01:26:57.6562500+03:00" endTime="2011-05-29T01:26:57.6562500+03:00" testType="13cdc9d9-ddb5-4fa4-a97d-d965ccfc6d4b" outcome="Inconclusive" testListId="8c84fa94-04c1-424b-9868-57a2d4851a1d" relativeResultsDirectory="5345c894-60d9-430d-b311-5424762dd24d">
      <Output>
        <ErrorInfo>
          <Message>Assert.Inconclusive failed. A method that does not return a value cannot be verified.</Message>
          <StackTrace>   at FaceRecognition.Test.d__diplomprojects_diplomproject_facerecognition_styles_borderstyle_xamlTest.ConnectTest() in D:\DiplomProject\FaceRecognition\FaceRecognition.Test\d__diplomprojects_diplomproject_facerecognition_styles_borderstyle_xamlTest.cs:line 100
</StackTrace>
        </ErrorInfo>
      </Output>
    </UnitTestResult>
    <UnitTestResult executionId="5d0dbb45-7d26-4ca9-8478-72bc2ac3e8e6" testId="99be4da3-07b7-6f50-42db-93732663f811" testName="d__diplomprojects_diplomproject_facerecognition_styles_gridsplitterstyle_xamlConstructorTest" computerName="MICROSOF-4C612A" duration="00:00:00.0042776" startTime="2011-05-29T01:26:57.6875000+03:00" endTime="2011-05-29T01:26:57.7031250+03:00" testType="13cdc9d9-ddb5-4fa4-a97d-d965ccfc6d4b" outcome="Inconclusive" testListId="8c84fa94-04c1-424b-9868-57a2d4851a1d" relativeResultsDirectory="5d0dbb45-7d26-4ca9-8478-72bc2ac3e8e6">
      <Output>
        <ErrorInfo>
          <Message>Assert.Inconclusive failed. TODO: Implement code to verify target</Message>
          <StackTrace>   at FaceRecognition.Test.d__diplomprojects_diplomproject_facerecognition_styles_gridsplitterstyle_xamlTest.d__diplomprojects_diplomproject_facerecognition_styles_gridsplitterstyle_xamlConstructorTest() in D:\DiplomProject\FaceRecognition\FaceRecognition.Test\d__diplomprojects_diplomproject_facerecognition_styles_gridsplitterstyle_xamlTest.cs:line 75
</StackTrace>
        </ErrorInfo>
      </Output>
    </UnitTestResult>
    <UnitTestResult executionId="e3db8892-d0a3-45c8-82ed-88a93ea6742b" testId="bae105bc-4913-5fe3-205f-ff0f70b27524" testName="InitializeComponentTest" computerName="MICROSOF-4C612A" duration="00:00:00.0044832" startTime="2011-05-29T01:26:57.7187500+03:00" endTime="2011-05-29T01:26:57.7187500+03:00" testType="13cdc9d9-ddb5-4fa4-a97d-d965ccfc6d4b" outcome="Inconclusive" testListId="8c84fa94-04c1-424b-9868-57a2d4851a1d" relativeResultsDirectory="e3db8892-d0a3-45c8-82ed-88a93ea6742b">
      <Output>
        <ErrorInfo>
          <Message>Assert.Inconclusive failed. A method that does not return a value cannot be verified.</Message>
          <StackTrace>   at FaceRecognition.Test.d__diplomprojects_diplomproject_facerecognition_styles_gridsplitterstyle_xamlTest.InitializeComponentTest() in D:\DiplomProject\FaceRecognition\FaceRecognition.Test\d__diplomprojects_diplomproject_facerecognition_styles_gridsplitterstyle_xamlTest.cs:line 86
</StackTrace>
        </ErrorInfo>
      </Output>
    </UnitTestResult>
    <UnitTestResult executionId="6e42b930-8add-4c44-98a0-ac1643e4c863" testId="c655cb34-8c2b-fc8a-959d-fb0a75603de3" testName="ConnectTest" computerName="MICROSOF-4C612A" duration="00:00:00.0124635" startTime="2011-05-29T01:26:57.7343750+03:00" endTime="2011-05-29T01:26:57.7500000+03:00" testType="13cdc9d9-ddb5-4fa4-a97d-d965ccfc6d4b" outcome="Inconclusive" testListId="8c84fa94-04c1-424b-9868-57a2d4851a1d" relativeResultsDirectory="6e42b930-8add-4c44-98a0-ac1643e4c863">
      <Output>
        <ErrorInfo>
          <Message>Assert.Inconclusive failed. A method that does not return a value cannot be verified.</Message>
          <StackTrace>   at FaceRecognition.Test.d__diplomprojects_diplomproject_facerecognition_styles_gridsplitterstyle_xamlTest.ConnectTest() in D:\DiplomProject\FaceRecognition\FaceRecognition.Test\d__diplomprojects_diplomproject_facerecognition_styles_gridsplitterstyle_xamlTest.cs:line 100
</StackTrace>
        </ErrorInfo>
      </Output>
    </UnitTestResult>
    <UnitTestResult executionId="f174637b-ab25-4b93-a4db-e357ae4796f5" testId="34d38ab4-5629-05c2-1edd-96c8a255e0a6" testName="d__diplomprojects_diplomproject_facerecognition_styles_itemcontstyle_xamlConstructorTest" computerName="MICROSOF-4C612A" duration="00:00:00.0016502" startTime="2011-05-29T01:26:57.7656250+03:00" endTime="2011-05-29T01:26:57.7656250+03:00" testType="13cdc9d9-ddb5-4fa4-a97d-d965ccfc6d4b" outcome="Inconclusive" testListId="8c84fa94-04c1-424b-9868-57a2d4851a1d" relativeResultsDirectory="f174637b-ab25-4b93-a4db-e357ae4796f5">
      <Output>
        <ErrorInfo>
          <Message>Assert.Inconclusive failed. TODO: Implement code to verify target</Message>
          <StackTrace>   at FaceRecognition.Test.d__diplomprojects_diplomproject_facerecognition_styles_itemcontstyle_xamlTest.d__diplomprojects_diplomproject_facerecognition_styles_itemcontstyle_xamlConstructorTest() in D:\DiplomProject\FaceRecognition\FaceRecognition.Test\d__diplomprojects_diplomproject_facerecognition_styles_itemcontstyle_xamlTest.cs:line 75
</StackTrace>
        </ErrorInfo>
      </Output>
    </UnitTestResult>
    <UnitTestResult executionId="4afa43f8-3ab5-407a-ae88-53c141a26d1c" testId="6cd86ef4-1972-bcd9-c3d9-af7e6a12c0bc" testName="InitializeComponentTest" computerName="MICROSOF-4C612A" duration="00:00:00.0023486" startTime="2011-05-29T01:26:57.7812500+03:00" endTime="2011-05-29T01:26:57.7968750+03:00" testType="13cdc9d9-ddb5-4fa4-a97d-d965ccfc6d4b" outcome="Inconclusive" testListId="8c84fa94-04c1-424b-9868-57a2d4851a1d" relativeResultsDirectory="4afa43f8-3ab5-407a-ae88-53c141a26d1c">
      <Output>
        <ErrorInfo>
          <Message>Assert.Inconclusive failed. A method that does not return a value cannot be verified.</Message>
          <StackTrace>   at FaceRecognition.Test.d__diplomprojects_diplomproject_facerecognition_styles_itemcontstyle_xamlTest.InitializeComponentTest() in D:\DiplomProject\FaceRecognition\FaceRecognition.Test\d__diplomprojects_diplomproject_facerecognition_styles_itemcontstyle_xamlTest.cs:line 86
</StackTrace>
        </ErrorInfo>
      </Output>
    </UnitTestResult>
    <UnitTestResult executionId="3c455efe-ea32-45e8-bfe0-0566bbd46d4e" testId="800ca0ac-7cd9-ebd3-3fbe-4f07a61b2717" testName="ConnectTest" computerName="MICROSOF-4C612A" duration="00:00:00.0011551" startTime="2011-05-29T01:26:57.8125000+03:00" endTime="2011-05-29T01:26:57.8125000+03:00" testType="13cdc9d9-ddb5-4fa4-a97d-d965ccfc6d4b" outcome="Inconclusive" testListId="8c84fa94-04c1-424b-9868-57a2d4851a1d" relativeResultsDirectory="3c455efe-ea32-45e8-bfe0-0566bbd46d4e">
      <Output>
        <ErrorInfo>
          <Message>Assert.Inconclusive failed. A method that does not return a value cannot be verified.</Message>
          <StackTrace>   at FaceRecognition.Test.d__diplomprojects_diplomproject_facerecognition_styles_itemcontstyle_xamlTest.ConnectTest() in D:\DiplomProject\FaceRecognition\FaceRecognition.Test\d__diplomprojects_diplomproject_facerecognition_styles_itemcontstyle_xamlTest.cs:line 100
</StackTrace>
        </ErrorInfo>
      </Output>
    </UnitTestResult>
    <UnitTestResult executionId="e6323d9d-87e2-478d-ab93-87c1d7f1fbd9" testId="8471b924-2d6a-97af-46a9-613a91c7cc93" testName="d__diplomprojects_diplomproject_facerecognition_styles_textblockstyle_xamlConstructorTest" computerName="MICROSOF-4C612A" duration="00:00:00.0019189" startTime="2011-05-29T01:26:57.8125000+03:00" endTime="2011-05-29T01:26:57.8437500+03:00" testType="13cdc9d9-ddb5-4fa4-a97d-d965ccfc6d4b" outcome="Inconclusive" testListId="8c84fa94-04c1-424b-9868-57a2d4851a1d" relativeResultsDirectory="e6323d9d-87e2-478d-ab93-87c1d7f1fbd9">
      <Output>
        <ErrorInfo>
          <Message>Assert.Inconclusive failed. TODO: Implement code to verify target</Message>
          <StackTrace>   at FaceRecognition.Test.d__diplomprojects_diplomproject_facerecognition_styles_textblockstyle_xamlTest.d__diplomprojects_diplomproject_facerecognition_styles_textblockstyle_xamlConstructorTest() in D:\DiplomProject\FaceRecognition\FaceRecognition.Test\d__diplomprojects_diplomproject_facerecognition_styles_textblockstyle_xamlTest.cs:line 75
</StackTrace>
        </ErrorInfo>
      </Output>
    </UnitTestResult>
    <UnitTestResult executionId="f9d48f02-230f-4e81-9556-77f9d69cde69" testId="d10238f7-c20a-de9c-9f13-24cb13bcc44b" testName="InitializeComponentTest" computerName="MICROSOF-4C612A" duration="00:00:00.0021228" startTime="2011-05-29T01:26:57.8437500+03:00" endTime="2011-05-29T01:26:57.8593750+03:00" testType="13cdc9d9-ddb5-4fa4-a97d-d965ccfc6d4b" outcome="Inconclusive" testListId="8c84fa94-04c1-424b-9868-57a2d4851a1d" relativeResultsDirectory="f9d48f02-230f-4e81-9556-77f9d69cde69">
      <Output>
        <ErrorInfo>
          <Message>Assert.Inconclusive failed. A method that does not return a value cannot be verified.</Message>
          <StackTrace>   at FaceRecognition.Test.d__diplomprojects_diplomproject_facerecognition_styles_textblockstyle_xamlTest.InitializeComponentTest() in D:\DiplomProject\FaceRecognition\FaceRecognition.Test\d__diplomprojects_diplomproject_facerecognition_styles_textblockstyle_xamlTest.cs:line 86
</StackTrace>
        </ErrorInfo>
      </Output>
    </UnitTestResult>
    <UnitTestResult executionId="8f99d72d-76ac-40ff-adda-be5ac31971e7" testId="7da69b08-6f10-f3ca-8d3a-eadae9a1fcca" testName="ConnectTest" computerName="MICROSOF-4C612A" duration="00:00:00.0071824" startTime="2011-05-29T01:26:57.8750000+03:00" endTime="2011-05-29T01:26:57.8906250+03:00" testType="13cdc9d9-ddb5-4fa4-a97d-d965ccfc6d4b" outcome="Inconclusive" testListId="8c84fa94-04c1-424b-9868-57a2d4851a1d" relativeResultsDirectory="8f99d72d-76ac-40ff-adda-be5ac31971e7">
      <Output>
        <DebugTrace>EigenFaceMethod () (8531472) Finalized
</DebugTrace>
        <ErrorInfo>
          <Message>Assert.Inconclusive failed. A method that does not return a value cannot be verified.</Message>
          <StackTrace>   at FaceRecognition.Test.d__diplomprojects_diplomproject_facerecognition_styles_textblockstyle_xamlTest.ConnectTest() in D:\DiplomProject\FaceRecognition\FaceRecognition.Test\d__diplomprojects_diplomproject_facerecognition_styles_textblockstyle_xamlTest.cs:line 100
</StackTrace>
        </ErrorInfo>
      </Output>
    </UnitTestResult>
    <UnitTestResult executionId="9ca0a43d-2b34-440e-b1b8-9b4c6dfde25c" testId="ff81f0b4-8912-0d41-7477-25dfa7c753cf" testName="PreprocessingPanelViewModelConstructorTest" computerName="MICROSOF-4C612A" duration="00:00:00.0139629" startTime="2011-05-29T01:26:57.8906250+03:00" endTime="2011-05-29T01:26:57.9062500+03:00" testType="13cdc9d9-ddb5-4fa4-a97d-d965ccfc6d4b" outcome="Inconclusive" testListId="8c84fa94-04c1-424b-9868-57a2d4851a1d" relativeResultsDirectory="9ca0a43d-2b34-440e-b1b8-9b4c6dfde25c">
      <Output>
        <ErrorInfo>
          <Message>Assert.Inconclusive failed. TODO: Implement code to verify target</Message>
          <StackTrace>   at FaceRecognition.Test.PreprocessingPanelViewModelTest.PreprocessingPanelViewModelConstructorTest() in D:\DiplomProject\FaceRecognition\FaceRecognition.Test\PreprocessingPanelViewModelTest.cs:line 74
</StackTrace>
        </ErrorInfo>
      </Output>
    </UnitTestResult>
    <UnitTestResult executionId="5e3c5ef0-083c-4416-8e64-abf7630cc3da" testId="b7858c5b-5a56-df45-8bbf-0b114655e47c" testName="OnSetNumberTrainTestFacesTest" computerName="MICROSOF-4C612A" duration="00:00:00.0035714" startTime="2011-05-29T01:26:57.9218750+03:00" endTime="2011-05-29T01:26:57.9375000+03:00" testType="13cdc9d9-ddb5-4fa4-a97d-d965ccfc6d4b" outcome="Inconclusive" testListId="8c84fa94-04c1-424b-9868-57a2d4851a1d" relativeResultsDirectory="5e3c5ef0-083c-4416-8e64-abf7630cc3da">
      <Output>
        <ErrorInfo>
          <Message>Assert.Inconclusive failed. A method that does not return a value cannot be verified.</Message>
          <StackTrace>   at FaceRecognition.Test.PreprocessingPanelViewModelTest.OnSetNumberTrainTestFacesTest() in D:\DiplomProject\FaceRecognition\FaceRecognition.Test\PreprocessingPanelViewModelTest.cs:line 86
</StackTrace>
        </ErrorInfo>
      </Output>
    </UnitTestResult>
    <UnitTestResult executionId="b8abaf86-0f27-4642-a9fe-2708ac7fea3b" testId="b27b9f1b-53d7-58e2-8129-3acf93ec3a88" testName="PreprocessingPanelControl_FaceImagesSavedEventTest" computerName="MICROSOF-4C612A" duration="00:00:00.0208459" startTime="2011-05-29T01:26:57.9375000+03:00" endTime="2011-05-29T01:26:57.9843750+03:00" testType="13cdc9d9-ddb5-4fa4-a97d-d965ccfc6d4b" outcome="Inconclusive" testListId="8c84fa94-04c1-424b-9868-57a2d4851a1d" relativeResultsDirectory="b8abaf86-0f27-4642-a9fe-2708ac7fea3b">
      <Output>
        <ErrorInfo>
          <Message>Assert.Inconclusive failed. A method that does not return a value cannot be verified.</Message>
          <StackTrace>   at FaceRecognition.Test.PreprocessingPanelViewModelTest.PreprocessingPanelControl_FaceImagesSavedEventTest() in D:\DiplomProject\FaceRecognition\FaceRecognition.Test\PreprocessingPanelViewModelTest.cs:line 100
</StackTrace>
        </ErrorInfo>
      </Output>
    </UnitTestResult>
    <UnitTestResult executionId="4e76a93c-f296-4c3c-9869-949ac8eed828" testId="1d7bc1f9-29e1-0efa-2d52-f5f0fdec48dc" testName="PreprocessingPanelControl_FacesGotEventTest" computerName="MICROSOF-4C612A" duration="00:00:00.0091413" startTime="2011-05-29T01:26:58.0000000+03:00" endTime="2011-05-29T01:26:58.0156250+03:00" testType="13cdc9d9-ddb5-4fa4-a97d-d965ccfc6d4b" outcome="Failed" testListId="8c84fa94-04c1-424b-9868-57a2d4851a1d" relativeResultsDirectory="4e76a93c-f296-4c3c-9869-949ac8eed828">
      <Output>
        <ErrorInfo>
          <Message>Test method FaceRecognition.Test.PreprocessingPanelViewModelTest.PreprocessingPanelControl_FacesGotEventTest threw exception: 
Microsoft.Practices.ServiceLocation.ActivationException: Activation error occured while trying to get instance of type ExceptionPolicyImpl, key "IO Policy" ---&gt; Microsoft.Practices.Unity.ResolutionFailedException: Resolution of the dependency failed, type = "Microsoft.Practices.EnterpriseLibrary.ExceptionHandling.ExceptionPolicyImpl", name = "IO Policy".
Exception occurred while: while resolving.
Exception is: InvalidOperationException - The type ExceptionPolicyImpl has multiple constructors of length 2. Unable to disambiguate.
-----------------------------------------------
At the time of the exception, the container was:

  Resolving Microsoft.Practices.EnterpriseLibrary.ExceptionHandling.ExceptionPolicyImpl,IO Policy
 ---&gt; System.InvalidOperationException: The type ExceptionPolicyImpl has multiple constructors of length 2. Unable to disambiguate.</Message>
          <StackTrace>    at Microsoft.Practices.ObjectBuilder2.ConstructorSelectorPolicyBase`1.FindLongestConstructor(Type typeToConstruct) in e:\Builds\Unity\UnityTemp\Compile\Unity\Unity\Src\ObjectBuilder\Strategies\BuildPlan\Creation\ConstructorSelectorPolicyBase.cs:line 113
   at Microsoft.Practices.ObjectBuilder2.ConstructorSelectorPolicyBase`1.SelectConstructor(IBuilderContext context, IPolicyList resolverPolicyDestination) in e:\Builds\Unity\UnityTemp\Compile\Unity\Unity\Src\ObjectBuilder\Strategies\BuildPlan\Creation\ConstructorSelectorPolicyBase.cs:line 38
   at Microsoft.Practices.ObjectBuilder2.DynamicMethodConstructorStrategy.PreBuildUp(IBuilderContext context) in e:\Builds\Unity\UnityTemp\Compile\Unity\Unity\Src\ObjectBuilder\Strategies\BuildPlan\DynamicMethod\Creation\DynamicMethodConstructorStrategy.cs:line 69
   at Microsoft.Practices.ObjectBuilder2.StrategyChain.ExecuteBuildUp(IBuilderContext context) in e:\Builds\Unity\UnityTemp\Compile\Unity\Unity\Src\ObjectBuilder\Strategies\StrategyChain.cs:line 110
   at Microsoft.Practices.ObjectBuilder2.DynamicMethodBuildPlanCreatorPolicy.CreatePlan(IBuilderContext context, NamedTypeBuildKey buildKey) in e:\Builds\Unity\UnityTemp\Compile\Unity\Unity\Src\ObjectBuilder\Strategies\BuildPlan\DynamicMethod\DynamicMethodBuildPlanCreatorPolicy.cs:line 48
   at Microsoft.Practices.ObjectBuilder2.BuildPlanStrategy.PreBuildUp(IBuilderContext context) in e:\Builds\Unity\UnityTemp\Compile\Unity\Unity\Src\ObjectBuilder\Strategies\BuildPlan\BuildPlanStrategy.cs:line 37
   at Microsoft.Practices.ObjectBuilder2.StrategyChain.ExecuteBuildUp(IBuilderContext context) in e:\Builds\Unity\UnityTemp\Compile\Unity\Unity\Src\ObjectBuilder\Strategies\StrategyChain.cs:line 110
   at Microsoft.Practices.Unity.UnityContainer.DoBuildUp(Type t, Object existing, String name, IEnumerable`1 resolverOverrides) in e:\Builds\Unity\UnityTemp\Compile\Unity\Unity\Src\UnityContainer.cs:line 511
 --- End of inner exception stack trace ---
    at Microsoft.Practices.Unity.UnityContainer.DoBuildUp(Type t, Object existing, String name, IEnumerable`1 resolverOverrides) in e:\Builds\Unity\UnityTemp\Compile\Unity\Unity\Src\UnityContainer.cs:line 515
   at Microsoft.Practices.Unity.UnityContainer.Resolve(Type t, String name, ResolverOverride[] resolverOverrides) in e:\Builds\Unity\UnityTemp\Compile\Unity\Unity\Src\UnityContainer.cs:line 173
   at Microsoft.Practices.Unity.UnityServiceLocator.DoGetInstance(Type serviceType, String key) in e:\Builds\Unity\UnityTemp\Compile\Unity\Unity\Src\UnityServiceLocator.cs:line 64
   at Microsoft.Practices.ServiceLocation.ServiceLocatorImplBase.GetInstance(Type serviceType, String key) in c:\Home\Chris\Projects\CommonServiceLocator\main\Microsoft.Practices.ServiceLocation\ServiceLocatorImplBase.cs:line 49
 --- End of inner exception stack trace ---
   at FaceRecognition.ViewModel.PreprocessingPanelViewModel_Accessor.PreprocessingPanelControl_FacesGotEvent(Object sender, EventArgs e)
   at FaceRecognition.Test.PreprocessingPanelViewModelTest.PreprocessingPanelControl_FacesGotEventTest() in D:\DiplomProject\FaceRecognition\FaceRecognition.Test\PreprocessingPanelViewModelTest.cs:line 113
</StackTrace>
        </ErrorInfo>
      </Output>
    </UnitTestResult>
    <UnitTestResult executionId="42fa6e69-c364-4242-a7d5-144d74589e14" testId="7b698eec-275d-0673-5b34-6bf89b1d5745" testName="SeparateTestFacesTest" computerName="MICROSOF-4C612A" duration="00:00:00.0049808" startTime="2011-05-29T01:26:58.0312500+03:00" endTime="2011-05-29T01:26:58.0312500+03:00" testType="13cdc9d9-ddb5-4fa4-a97d-d965ccfc6d4b" outcome="Inconclusive" testListId="8c84fa94-04c1-424b-9868-57a2d4851a1d" relativeResultsDirectory="42fa6e69-c364-4242-a7d5-144d74589e14">
      <Output>
        <ErrorInfo>
          <Message>Assert.Inconclusive failed. A method that does not return a value cannot be verified.</Message>
          <StackTrace>   at FaceRecognition.Test.PreprocessingPanelViewModelTest.SeparateTestFacesTest() in D:\DiplomProject\FaceRecognition\FaceRecognition.Test\PreprocessingPanelViewModelTest.cs:line 126
</StackTrace>
        </ErrorInfo>
      </Output>
    </UnitTestResult>
    <UnitTestResult executionId="26f83b97-e5e1-4a0a-807e-ee0c607ec642" testId="b32e3b37-f167-2a0e-283a-c4d94de27e6d" testName="SeparateTrainFacesTest" computerName="MICROSOF-4C612A" duration="00:00:00.0137171" startTime="2011-05-29T01:26:58.0312500+03:00" endTime="2011-05-29T01:26:58.0625000+03:00" testType="13cdc9d9-ddb5-4fa4-a97d-d965ccfc6d4b" outcome="Inconclusive" testListId="8c84fa94-04c1-424b-9868-57a2d4851a1d" relativeResultsDirectory="26f83b97-e5e1-4a0a-807e-ee0c607ec642">
      <Output>
        <ErrorInfo>
          <Message>Assert.Inconclusive failed. A method that does not return a value cannot be verified.</Message>
          <StackTrace>   at FaceRecognition.Test.PreprocessingPanelViewModelTest.SeparateTrainFacesTest() in D:\DiplomProject\FaceRecognition\FaceRecognition.Test\PreprocessingPanelViewModelTest.cs:line 138
</StackTrace>
        </ErrorInfo>
      </Output>
    </UnitTestResult>
    <UnitTestResult executionId="d652f2b7-5c7a-4949-a768-bdf185497f45" testId="aec67516-21df-9c41-abd4-4a6ffc3b99ac" testName="RecognizeClassViewModelConstructorTest" computerName="MICROSOF-4C612A" duration="00:00:00.0016999" startTime="2011-05-29T01:26:58.0625000+03:00" endTime="2011-05-29T01:26:58.0781250+03:00" testType="13cdc9d9-ddb5-4fa4-a97d-d965ccfc6d4b" outcome="Inconclusive" testListId="8c84fa94-04c1-424b-9868-57a2d4851a1d" relativeResultsDirectory="d652f2b7-5c7a-4949-a768-bdf185497f45">
      <Output>
        <ErrorInfo>
          <Message>Assert.Inconclusive failed. TODO: Implement code to verify target</Message>
          <StackTrace>   at FaceRecognition.Test.RecognizeClassViewModelTest.RecognizeClassViewModelConstructorTest() in D:\DiplomProject\FaceRecognition\FaceRecognition.Test\RecognizeClassViewModelTest.cs:line 76
</StackTrace>
        </ErrorInfo>
      </Output>
    </UnitTestResult>
    <UnitTestResult executionId="ebafba01-87b3-4010-bb86-ccba1cbee7b8" testId="f029c661-3f5c-e7c9-5806-2bae9f6ba670" testName="IsRecognizedTest" computerName="MICROSOF-4C612A" duration="00:00:00.0044812" startTime="2011-05-29T01:26:58.0937500+03:00" endTime="2011-05-29T01:26:58.0937500+03:00" testType="13cdc9d9-ddb5-4fa4-a97d-d965ccfc6d4b" outcome="Inconclusive" testListId="8c84fa94-04c1-424b-9868-57a2d4851a1d" relativeResultsDirectory="ebafba01-87b3-4010-bb86-ccba1cbee7b8">
      <Output>
        <DebugTrace>PreprocessingPanelViewModel () (3345479) Finalized
RecognizeClassViewModel () (43491227) Finalized
</DebugTrace>
        <ErrorInfo>
          <Message>Assert.Inconclusive failed. Verify the correctness of this test method.</Message>
          <StackTrace>   at FaceRecognition.Test.RecognizeClassViewModelTest.IsRecognizedTest() in D:\DiplomProject\FaceRecognition\FaceRecognition.Test\RecognizeClassViewModelTest.cs:line 91
</StackTrace>
        </ErrorInfo>
      </Output>
    </UnitTestResult>
    <UnitTestResult executionId="78a8da94-7332-460e-abb8-f2190f0fd353" testId="f99080db-57ae-27ae-7429-e289b65002ef" testName="RecognizedFacesTest" computerName="MICROSOF-4C612A" duration="00:00:00.0137204" startTime="2011-05-29T01:26:58.1093750+03:00" endTime="2011-05-29T01:26:58.1250000+03:00" testType="13cdc9d9-ddb5-4fa4-a97d-d965ccfc6d4b" outcome="Inconclusive" testListId="8c84fa94-04c1-424b-9868-57a2d4851a1d" relativeResultsDirectory="78a8da94-7332-460e-abb8-f2190f0fd353">
      <Output>
        <ErrorInfo>
          <Message>Assert.Inconclusive failed. Verify the correctness of this test method.</Message>
          <StackTrace>   at FaceRecognition.Test.RecognizeClassViewModelTest.RecognizedFacesTest() in D:\DiplomProject\FaceRecognition\FaceRecognition.Test\RecognizeClassViewModelTest.cs:line 106
</StackTrace>
        </ErrorInfo>
      </Output>
    </UnitTestResult>
    <UnitTestResult executionId="75afc915-b9ec-4958-9dc7-e3c097feae9d" testId="d2124c71-2bd7-2dff-fe40-141850df863a" testName="TestFaceTest" computerName="MICROSOF-4C612A" duration="00:00:00.0018088" startTime="2011-05-29T01:26:58.1406250+03:00" endTime="2011-05-29T01:26:58.1406250+03:00" testType="13cdc9d9-ddb5-4fa4-a97d-d965ccfc6d4b" outcome="Inconclusive" testListId="8c84fa94-04c1-424b-9868-57a2d4851a1d" relativeResultsDirectory="75afc915-b9ec-4958-9dc7-e3c097feae9d">
      <Output>
        <ErrorInfo>
          <Message>Assert.Inconclusive failed. Verify the correctness of this test method.</Message>
          <StackTrace>   at FaceRecognition.Test.RecognizeClassViewModelTest.TestFaceTest() in D:\DiplomProject\FaceRecognition\FaceRecognition.Test\RecognizeClassViewModelTest.cs:line 121
</StackTrace>
        </ErrorInfo>
      </Output>
    </UnitTestResult>
    <UnitTestResult executionId="6d23211f-c410-4d09-982b-5d2e8969e7e0" testId="18a549a5-4c28-e983-f948-4a97c791bf40" testName="RecognizePanelViewModelConstructorTest" computerName="MICROSOF-4C612A" duration="00:00:00.0037225" startTime="2011-05-29T01:26:58.1562500+03:00" endTime="2011-05-29T01:26:58.1718750+03:00" testType="13cdc9d9-ddb5-4fa4-a97d-d965ccfc6d4b" outcome="Inconclusive" testListId="8c84fa94-04c1-424b-9868-57a2d4851a1d" relativeResultsDirectory="6d23211f-c410-4d09-982b-5d2e8969e7e0">
      <Output>
        <ErrorInfo>
          <Message>Assert.Inconclusive failed. TODO: Implement code to verify target</Message>
          <StackTrace>   at FaceRecognition.Test.RecognizePanelViewModelTest.RecognizePanelViewModelConstructorTest() in D:\DiplomProject\FaceRecognition\FaceRecognition.Test\RecognizePanelViewModelTest.cs:line 74
</StackTrace>
        </ErrorInfo>
      </Output>
    </UnitTestResult>
    <UnitTestResult executionId="18095130-50b1-449b-9788-73df65190942" testId="c707881f-b332-99bf-7ef6-80455ab18c4a" testName="LoadTrainTestRecognizedFacesTest" computerName="MICROSOF-4C612A" duration="00:00:00.0728816" startTime="2011-05-29T01:26:58.1875000+03:00" endTime="2011-05-29T01:26:58.2656250+03:00" testType="13cdc9d9-ddb5-4fa4-a97d-d965ccfc6d4b" outcome="Failed" testListId="8c84fa94-04c1-424b-9868-57a2d4851a1d" relativeResultsDirectory="18095130-50b1-449b-9788-73df65190942">
      <Output>
        <DebugTrace>RecognizePanelViewModel () (28515049) Finalized
RecognizeClassViewModel () (42649640) Finalized
RecognizePanelViewModel () (35151327) Finalized
</DebugTrace>
        <ErrorInfo>
          <Message>Test method FaceRecognition.Test.RecognizePanelViewModelTest.LoadTrainTestRecognizedFacesTest threw exception: 
Microsoft.Practices.ServiceLocation.ActivationException: Activation error occured while trying to get instance of type ExceptionPolicyImpl, key "IO Policy" ---&gt; Microsoft.Practices.Unity.ResolutionFailedException: Resolution of the dependency failed, type = "Microsoft.Practices.EnterpriseLibrary.ExceptionHandling.ExceptionPolicyImpl", name = "IO Policy".
Exception occurred while: while resolving.
Exception is: InvalidOperationException - The type ExceptionPolicyImpl has multiple constructors of length 2. Unable to disambiguate.
-----------------------------------------------
At the time of the exception, the container was:

  Resolving Microsoft.Practices.EnterpriseLibrary.ExceptionHandling.ExceptionPolicyImpl,IO Policy
 ---&gt; System.InvalidOperationException: The type ExceptionPolicyImpl has multiple constructors of length 2. Unable to disambiguate.</Message>
          <StackTrace>    at Microsoft.Practices.ObjectBuilder2.ConstructorSelectorPolicyBase`1.FindLongestConstructor(Type typeToConstruct) in e:\Builds\Unity\UnityTemp\Compile\Unity\Unity\Src\ObjectBuilder\Strategies\BuildPlan\Creation\ConstructorSelectorPolicyBase.cs:line 113
   at Microsoft.Practices.ObjectBuilder2.ConstructorSelectorPolicyBase`1.SelectConstructor(IBuilderContext context, IPolicyList resolverPolicyDestination) in e:\Builds\Unity\UnityTemp\Compile\Unity\Unity\Src\ObjectBuilder\Strategies\BuildPlan\Creation\ConstructorSelectorPolicyBase.cs:line 38
   at Microsoft.Practices.ObjectBuilder2.DynamicMethodConstructorStrategy.PreBuildUp(IBuilderContext context) in e:\Builds\Unity\UnityTemp\Compile\Unity\Unity\Src\ObjectBuilder\Strategies\BuildPlan\DynamicMethod\Creation\DynamicMethodConstructorStrategy.cs:line 69
   at Microsoft.Practices.ObjectBuilder2.StrategyChain.ExecuteBuildUp(IBuilderContext context) in e:\Builds\Unity\UnityTemp\Compile\Unity\Unity\Src\ObjectBuilder\Strategies\StrategyChain.cs:line 110
   at Microsoft.Practices.ObjectBuilder2.DynamicMethodBuildPlanCreatorPolicy.CreatePlan(IBuilderContext context, NamedTypeBuildKey buildKey) in e:\Builds\Unity\UnityTemp\Compile\Unity\Unity\Src\ObjectBuilder\Strategies\BuildPlan\DynamicMethod\DynamicMethodBuildPlanCreatorPolicy.cs:line 48
   at Microsoft.Practices.ObjectBuilder2.BuildPlanStrategy.PreBuildUp(IBuilderContext context) in e:\Builds\Unity\UnityTemp\Compile\Unity\Unity\Src\ObjectBuilder\Strategies\BuildPlan\BuildPlanStrategy.cs:line 37
   at Microsoft.Practices.ObjectBuilder2.StrategyChain.ExecuteBuildUp(IBuilderContext context) in e:\Builds\Unity\UnityTemp\Compile\Unity\Unity\Src\ObjectBuilder\Strategies\StrategyChain.cs:line 110
   at Microsoft.Practices.Unity.UnityContainer.DoBuildUp(Type t, Object existing, String name, IEnumerable`1 resolverOverrides) in e:\Builds\Unity\UnityTemp\Compile\Unity\Unity\Src\UnityContainer.cs:line 511
 --- End of inner exception stack trace ---
    at Microsoft.Practices.Unity.UnityContainer.DoBuildUp(Type t, Object existing, String name, IEnumerable`1 resolverOverrides) in e:\Builds\Unity\UnityTemp\Compile\Unity\Unity\Src\UnityContainer.cs:line 515
   at Microsoft.Practices.Unity.UnityContainer.Resolve(Type t, String name, ResolverOverride[] resolverOverrides) in e:\Builds\Unity\UnityTemp\Compile\Unity\Unity\Src\UnityContainer.cs:line 173
   at Microsoft.Practices.Unity.UnityServiceLocator.DoGetInstance(Type serviceType, String key) in e:\Builds\Unity\UnityTemp\Compile\Unity\Unity\Src\UnityServiceLocator.cs:line 64
   at Microsoft.Practices.ServiceLocation.ServiceLocatorImplBase.GetInstance(Type serviceType, String key) in c:\Home\Chris\Projects\CommonServiceLocator\main\Microsoft.Practices.ServiceLocation\ServiceLocatorImplBase.cs:line 49
 --- End of inner exception stack trace ---
    at Microsoft.Practices.ServiceLocation.ServiceLocatorImplBase.GetInstance(Type serviceType, String key) in c:\Home\Chris\Projects\CommonServiceLocator\main\Microsoft.Practices.ServiceLocation\ServiceLocatorImplBase.cs:line 53
   at Microsoft.Practices.ServiceLocation.ServiceLocatorImplBase.GetInstance[TService](String key) in c:\Home\Chris\Projects\CommonServiceLocator\main\Microsoft.Practices.ServiceLocation\ServiceLocatorImplBase.cs:line 103
   at Microsoft.Practices.EnterpriseLibrary.ExceptionHandling.ExceptionPolicy.GetExceptionPolicy(Exception exception, String policyName) in e:\Builds\EntLib\Latest\Source\Blocks\ExceptionHandling\Src\ExceptionHandling\ExceptionPolicy.cs:line 131
   at Microsoft.Practices.EnterpriseLibrary.ExceptionHandling.ExceptionPolicy.HandleException(Exception exceptionToHandle, String policyName) in e:\Builds\EntLib\Latest\Source\Blocks\ExceptionHandling\Src\ExceptionHandling\ExceptionPolicy.cs:line 55
   at FaceRecognition.ViewModel.ViewModelBase.LoadData(String shortFileName, ObservableCollection`1&amp; images) in D:\DiplomProject\FaceRecognition\ViewModel\ViewModelBase.cs:line 343
   at FaceRecognition.ViewModel.ViewModelBase.LoadRecognizedFaces() in D:\DiplomProject\FaceRecognition\ViewModel\ViewModelBase.cs:line 158
   at FaceRecognition.ViewModel.RecognizePanelViewModel.LoadTrainTestRecognizedFaces() in D:\DiplomProject\FaceRecognition\ViewModel\RecognizePanelViewModel.cs:line 26
   at FaceRecognition.Test.RecognizePanelViewModelTest.LoadTrainTestRecognizedFacesTest() in D:\DiplomProject\FaceRecognition\FaceRecognition.Test\RecognizePanelViewModelTest.cs:line 84
</StackTrace>
        </ErrorInfo>
      </Output>
    </UnitTestResult>
    <UnitTestResult executionId="9f3c5372-b964-4111-be85-94bae170fae4" testId="e93fbf7c-7f52-03ac-a028-fa544add16f0" testName="ResultsFaceRecognitionViewModelConstructorTest" computerName="MICROSOF-4C612A" duration="00:00:00.0149474" startTime="2011-05-29T01:26:58.2656250+03:00" endTime="2011-05-29T01:26:58.2812500+03:00" testType="13cdc9d9-ddb5-4fa4-a97d-d965ccfc6d4b" outcome="Inconclusive" testListId="8c84fa94-04c1-424b-9868-57a2d4851a1d" relativeResultsDirectory="9f3c5372-b964-4111-be85-94bae170fae4">
      <Output>
        <ErrorInfo>
          <Message>Assert.Inconclusive failed. TODO: Implement code to verify target</Message>
          <StackTrace>   at FaceRecognition.Test.ResultsFaceRecognitionViewModelTest.ResultsFaceRecognitionViewModelConstructorTest() in D:\DiplomProject\FaceRecognition\FaceRecognition.Test\ResultsFaceRecognitionViewModelTest.cs:line 77
</StackTrace>
        </ErrorInfo>
      </Output>
    </UnitTestResult>
    <UnitTestResult executionId="3d4372f6-d4a5-4f9e-b36b-6a15eb5111f0" testId="c98d53d2-8b71-9394-2e18-fba6d96aba2b" testName="OnDrawResultsTableTest" computerName="MICROSOF-4C612A" duration="00:00:00.0032763" startTime="2011-05-29T01:26:58.2968750+03:00" endTime="2011-05-29T01:26:58.3125000+03:00" testType="13cdc9d9-ddb5-4fa4-a97d-d965ccfc6d4b" outcome="Inconclusive" testListId="8c84fa94-04c1-424b-9868-57a2d4851a1d" relativeResultsDirectory="3d4372f6-d4a5-4f9e-b36b-6a15eb5111f0">
      <Output>
        <ErrorInfo>
          <Message>Assert.Inconclusive failed. A method that does not return a value cannot be verified.</Message>
          <StackTrace>   at FaceRecognition.Test.ResultsFaceRecognitionViewModelTest.OnDrawResultsTableTest() in D:\DiplomProject\FaceRecognition\FaceRecognition.Test\ResultsFaceRecognitionViewModelTest.cs:line 89
</StackTrace>
        </ErrorInfo>
      </Output>
    </UnitTestResult>
    <UnitTestResult executionId="d4076171-002c-4310-abcc-3f9bb53cfe02" testId="53d53476-f287-0d0c-a265-f006a5f635d7" testName="PreprocessingPanelViewModel_SetNumberTrainTestFacesEventTest" computerName="MICROSOF-4C612A" duration="00:00:00.0061222" startTime="2011-05-29T01:26:58.3281250+03:00" endTime="2011-05-29T01:26:58.3437500+03:00" testType="13cdc9d9-ddb5-4fa4-a97d-d965ccfc6d4b" outcome="Failed" testListId="8c84fa94-04c1-424b-9868-57a2d4851a1d" relativeResultsDirectory="d4076171-002c-4310-abcc-3f9bb53cfe02">
      <Output>
        <DebugTrace>ResultsFaceRecognitionViewModel () (54314069) Finalized
ResultsFaceRecognitionViewModel () (34994260) Finalized
</DebugTrace>
        <ErrorInfo>
          <Message>Test method FaceRecognition.Test.ResultsFaceRecognitionViewModelTest.PreprocessingPanelViewModel_SetNumberTrainTestFacesEventTest threw exception: 
System.NullReferenceException: Object reference not set to an instance of an object.</Message>
          <StackTrace>   at FaceRecognition.ViewModel.ResultsFaceRecognitionViewModel_Accessor.PreprocessingPanelViewModel_SetNumberTrainTestFacesEvent(Object sender, NumberTrainTestFacesEventArgs e)
   at FaceRecognition.Test.ResultsFaceRecognitionViewModelTest.PreprocessingPanelViewModel_SetNumberTrainTestFacesEventTest() in D:\DiplomProject\FaceRecognition\FaceRecognition.Test\ResultsFaceRecognitionViewModelTest.cs:line 102
</StackTrace>
        </ErrorInfo>
      </Output>
    </UnitTestResult>
    <UnitTestResult executionId="3eac68bf-3efc-4383-a190-7ee298bbb5d9" testId="ac60f34a-7f98-3b2b-c786-cb770aef50a1" testName="RecognizeMethodsViewModelBase_DrawRecongitionResultsEventTest" computerName="MICROSOF-4C612A" duration="00:00:00.0054126" startTime="2011-05-29T01:26:58.3437500+03:00" endTime="2011-05-29T01:26:58.3593750+03:00" testType="13cdc9d9-ddb5-4fa4-a97d-d965ccfc6d4b" outcome="Failed" testListId="8c84fa94-04c1-424b-9868-57a2d4851a1d" relativeResultsDirectory="3eac68bf-3efc-4383-a190-7ee298bbb5d9">
      <Output>
        <ErrorInfo>
          <Message>Test method FaceRecognition.Test.ResultsFaceRecognitionViewModelTest.RecognizeMethodsViewModelBase_DrawRecongitionResultsEventTest threw exception: 
System.NullReferenceException: Object reference not set to an instance of an object.</Message>
          <StackTrace>   at FaceRecognition.ViewModel.ResultsFaceRecognitionViewModel_Accessor.RecognizeMethodsViewModelBase_DrawRecongitionResultsEvent(Object sender, RecognizeEventArgs e)
   at FaceRecognition.Test.ResultsFaceRecognitionViewModelTest.RecognizeMethodsViewModelBase_DrawRecongitionResultsEventTest() in D:\DiplomProject\FaceRecognition\FaceRecognition.Test\ResultsFaceRecognitionViewModelTest.cs:line 116
</StackTrace>
        </ErrorInfo>
      </Output>
    </UnitTestResult>
    <UnitTestResult executionId="3d6b4b2b-0efc-4321-860f-0b627ae10088" testId="167e9a65-a391-1d73-62a9-fb46bd5803f6" testName="NameTest" computerName="MICROSOF-4C612A" duration="00:00:00.0016205" startTime="2011-05-29T01:26:58.3750000+03:00" endTime="2011-05-29T01:26:58.3906250+03:00" testType="13cdc9d9-ddb5-4fa4-a97d-d965ccfc6d4b" outcome="Inconclusive" testListId="8c84fa94-04c1-424b-9868-57a2d4851a1d" relativeResultsDirectory="3d6b4b2b-0efc-4321-860f-0b627ae10088">
      <Output>
        <ErrorInfo>
          <Message>Assert.Inconclusive failed. Verify the correctness of this test method.</Message>
          <StackTrace>   at FaceRecognition.Test.ResultsFaceRecognitionViewModelTest.NameTest() in D:\DiplomProject\FaceRecognition\FaceRecognition.Test\ResultsFaceRecognitionViewModelTest.cs:line 132
</StackTrace>
        </ErrorInfo>
      </Output>
    </UnitTestResult>
    <UnitTestResult executionId="e1d2018b-3658-40cf-b7ac-f8525b1e5118" testId="1080c268-984b-7597-0124-ec7057c40651" testName="NumberTestFacesTest" computerName="MICROSOF-4C612A" duration="00:00:00.0017273" startTime="2011-05-29T01:26:58.3906250+03:00" endTime="2011-05-29T01:26:58.4062500+03:00" testType="13cdc9d9-ddb5-4fa4-a97d-d965ccfc6d4b" outcome="Inconclusive" testListId="8c84fa94-04c1-424b-9868-57a2d4851a1d" relativeResultsDirectory="e1d2018b-3658-40cf-b7ac-f8525b1e5118">
      <Output>
        <ErrorInfo>
          <Message>Assert.Inconclusive failed. Verify the correctness of this test method.</Message>
          <StackTrace>   at FaceRecognition.Test.ResultsFaceRecognitionViewModelTest.NumberTestFacesTest() in D:\DiplomProject\FaceRecognition\FaceRecognition.Test\ResultsFaceRecognitionViewModelTest.cs:line 147
</StackTrace>
        </ErrorInfo>
      </Output>
    </UnitTestResult>
    <UnitTestResult executionId="b793610f-5846-4fa0-a9f6-73f412861671" testId="5a252f53-d360-095e-5954-fc12e659de0b" testName="NumberTrainFacesTest" computerName="MICROSOF-4C612A" duration="00:00:00.0020058" startTime="2011-05-29T01:26:58.4062500+03:00" endTime="2011-05-29T01:26:58.4375000+03:00" testType="13cdc9d9-ddb5-4fa4-a97d-d965ccfc6d4b" outcome="Inconclusive" testListId="8c84fa94-04c1-424b-9868-57a2d4851a1d" relativeResultsDirectory="b793610f-5846-4fa0-a9f6-73f412861671">
      <Output>
        <ErrorInfo>
          <Message>Assert.Inconclusive failed. Verify the correctness of this test method.</Message>
          <StackTrace>   at FaceRecognition.Test.ResultsFaceRecognitionViewModelTest.NumberTrainFacesTest() in D:\DiplomProject\FaceRecognition\FaceRecognition.Test\ResultsFaceRecognitionViewModelTest.cs:line 162
</StackTrace>
        </ErrorInfo>
      </Output>
    </UnitTestResult>
    <UnitTestResult executionId="fdfce924-0f99-4966-bb1a-1fd4e474af34" testId="d6689b7b-afff-bd26-ad17-ca6fc092719d" testName="RecognitionMethodsTest" computerName="MICROSOF-4C612A" duration="00:00:00.0019027" startTime="2011-05-29T01:26:58.4375000+03:00" endTime="2011-05-29T01:26:58.4531250+03:00" testType="13cdc9d9-ddb5-4fa4-a97d-d965ccfc6d4b" outcome="Inconclusive" testListId="8c84fa94-04c1-424b-9868-57a2d4851a1d" relativeResultsDirectory="fdfce924-0f99-4966-bb1a-1fd4e474af34">
      <Output>
        <ErrorInfo>
          <Message>Assert.Inconclusive failed. Verify the correctness of this test method.</Message>
          <StackTrace>   at FaceRecognition.Test.ResultsFaceRecognitionViewModelTest.RecognitionMethodsTest() in D:\DiplomProject\FaceRecognition\FaceRecognition.Test\ResultsFaceRecognitionViewModelTest.cs:line 177
</StackTrace>
        </ErrorInfo>
      </Output>
    </UnitTestResult>
    <UnitTestResult executionId="4adb5570-6148-4f4c-a8cc-ee6cb954a01e" testId="7c245237-70b3-beba-07b7-dea5c650739a" testName="RecognitionPercentTest" computerName="MICROSOF-4C612A" duration="00:00:00.0016426" startTime="2011-05-29T01:26:58.4531250+03:00" endTime="2011-05-29T01:26:58.4687500+03:00" testType="13cdc9d9-ddb5-4fa4-a97d-d965ccfc6d4b" outcome="Inconclusive" testListId="8c84fa94-04c1-424b-9868-57a2d4851a1d" relativeResultsDirectory="4adb5570-6148-4f4c-a8cc-ee6cb954a01e">
      <Output>
        <ErrorInfo>
          <Message>Assert.Inconclusive failed. Verify the correctness of this test method.</Message>
          <StackTrace>   at FaceRecognition.Test.ResultsFaceRecognitionViewModelTest.RecognitionPercentTest() in D:\DiplomProject\FaceRecognition\FaceRecognition.Test\ResultsFaceRecognitionViewModelTest.cs:line 192
</StackTrace>
        </ErrorInfo>
      </Output>
    </UnitTestResult>
    <UnitTestResult executionId="93627b32-31ec-478b-8ce6-413c2e60f7a3" testId="bae3f9b2-085f-e78f-98a6-9a17b537c0ef" testName="TimeRecognizeTest" computerName="MICROSOF-4C612A" duration="00:00:00.0017108" startTime="2011-05-29T01:26:58.4843750+03:00" endTime="2011-05-29T01:26:58.5625000+03:00" testType="13cdc9d9-ddb5-4fa4-a97d-d965ccfc6d4b" outcome="Inconclusive" testListId="8c84fa94-04c1-424b-9868-57a2d4851a1d" relativeResultsDirectory="93627b32-31ec-478b-8ce6-413c2e60f7a3">
      <Output>
        <ErrorInfo>
          <Message>Assert.Inconclusive failed. Verify the correctness of this test method.</Message>
          <StackTrace>   at FaceRecognition.Test.ResultsFaceRecognitionViewModelTest.TimeRecognizeTest() in D:\DiplomProject\FaceRecognition\FaceRecognition.Test\ResultsFaceRecognitionViewModelTest.cs:line 207
</StackTrace>
        </ErrorInfo>
      </Output>
    </UnitTestResult>
    <UnitTestResult executionId="06c0b454-7743-41ff-a3c0-e373269c9563" testId="e91cd5b9-4196-582e-a0de-0441b83e6237" testName="SelectionDataBaseViewModelConstructorTest" computerName="MICROSOF-4C612A" duration="00:00:00.0018281" startTime="2011-05-29T01:26:58.5781250+03:00" endTime="2011-05-29T01:26:58.5781250+03:00" testType="13cdc9d9-ddb5-4fa4-a97d-d965ccfc6d4b" outcome="Inconclusive" testListId="8c84fa94-04c1-424b-9868-57a2d4851a1d" relativeResultsDirectory="06c0b454-7743-41ff-a3c0-e373269c9563">
      <Output>
        <ErrorInfo>
          <Message>Assert.Inconclusive failed. TODO: Implement code to verify target</Message>
          <StackTrace>   at FaceRecognition.Test.SelectionDataBaseViewModelTest.SelectionDataBaseViewModelConstructorTest() in D:\DiplomProject\FaceRecognition\FaceRecognition.Test\SelectionDataBaseViewModelTest.cs:line 75
</StackTrace>
        </ErrorInfo>
      </Output>
    </UnitTestResult>
    <UnitTestResult executionId="0435be29-df32-4521-9cc0-edc20d3ac43e" testId="16f796df-118c-77da-898d-de772bc70cfa" testName="OnSelectedDataBaseTest" computerName="MICROSOF-4C612A" duration="00:00:00.0138310" startTime="2011-05-29T01:26:58.5937500+03:00" endTime="2011-05-29T01:26:58.6250000+03:00" testType="13cdc9d9-ddb5-4fa4-a97d-d965ccfc6d4b" outcome="Failed" testListId="8c84fa94-04c1-424b-9868-57a2d4851a1d" relativeResultsDirectory="0435be29-df32-4521-9cc0-edc20d3ac43e">
      <Output>
        <ErrorInfo>
          <Message>Test method FaceRecognition.Test.SelectionDataBaseViewModelTest.OnSelectedDataBaseTest threw exception: 
Microsoft.Practices.ServiceLocation.ActivationException: Activation error occured while trying to get instance of type ExceptionPolicyImpl, key "BisunessLogic Policy" ---&gt; Microsoft.Practices.Unity.ResolutionFailedException: Resolution of the dependency failed, type = "Microsoft.Practices.EnterpriseLibrary.ExceptionHandling.ExceptionPolicyImpl", name = "BisunessLogic Policy".
Exception occurred while: while resolving.
Exception is: InvalidOperationException - The type ExceptionPolicyImpl has multiple constructors of length 2. Unable to disambiguate.
-----------------------------------------------
At the time of the exception, the container was:

  Resolving Microsoft.Practices.EnterpriseLibrary.ExceptionHandling.ExceptionPolicyImpl,BisunessLogic Policy
 ---&gt; System.InvalidOperationException: The type ExceptionPolicyImpl has multiple constructors of length 2. Unable to disambiguate.</Message>
          <StackTrace>    at Microsoft.Practices.ObjectBuilder2.ConstructorSelectorPolicyBase`1.FindLongestConstructor(Type typeToConstruct) in e:\Builds\Unity\UnityTemp\Compile\Unity\Unity\Src\ObjectBuilder\Strategies\BuildPlan\Creation\ConstructorSelectorPolicyBase.cs:line 113
   at Microsoft.Practices.ObjectBuilder2.ConstructorSelectorPolicyBase`1.SelectConstructor(IBuilderContext context, IPolicyList resolverPolicyDestination) in e:\Builds\Unity\UnityTemp\Compile\Unity\Unity\Src\ObjectBuilder\Strategies\BuildPlan\Creation\ConstructorSelectorPolicyBase.cs:line 38
   at Microsoft.Practices.ObjectBuilder2.DynamicMethodConstructorStrategy.PreBuildUp(IBuilderContext context) in e:\Builds\Unity\UnityTemp\Compile\Unity\Unity\Src\ObjectBuilder\Strategies\BuildPlan\DynamicMethod\Creation\DynamicMethodConstructorStrategy.cs:line 69
   at Microsoft.Practices.ObjectBuilder2.StrategyChain.ExecuteBuildUp(IBuilderContext context) in e:\Builds\Unity\UnityTemp\Compile\Unity\Unity\Src\ObjectBuilder\Strategies\StrategyChain.cs:line 110
   at Microsoft.Practices.ObjectBuilder2.DynamicMethodBuildPlanCreatorPolicy.CreatePlan(IBuilderContext context, NamedTypeBuildKey buildKey) in e:\Builds\Unity\UnityTemp\Compile\Unity\Unity\Src\ObjectBuilder\Strategies\BuildPlan\DynamicMethod\DynamicMethodBuildPlanCreatorPolicy.cs:line 48
   at Microsoft.Practices.ObjectBuilder2.BuildPlanStrategy.PreBuildUp(IBuilderContext context) in e:\Builds\Unity\UnityTemp\Compile\Unity\Unity\Src\ObjectBuilder\Strategies\BuildPlan\BuildPlanStrategy.cs:line 37
   at Microsoft.Practices.ObjectBuilder2.StrategyChain.ExecuteBuildUp(IBuilderContext context) in e:\Builds\Unity\UnityTemp\Compile\Unity\Unity\Src\ObjectBuilder\Strategies\StrategyChain.cs:line 110
   at Microsoft.Practices.Unity.UnityContainer.DoBuildUp(Type t, Object existing, String name, IEnumerable`1 resolverOverrides) in e:\Builds\Unity\UnityTemp\Compile\Unity\Unity\Src\UnityContainer.cs:line 511
 --- End of inner exception stack trace ---
    at Microsoft.Practices.Unity.UnityContainer.DoBuildUp(Type t, Object existing, String name, IEnumerable`1 resolverOverrides) in e:\Builds\Unity\UnityTemp\Compile\Unity\Unity\Src\UnityContainer.cs:line 515
   at Microsoft.Practices.Unity.UnityContainer.Resolve(Type t, String name, ResolverOverride[] resolverOverrides) in e:\Builds\Unity\UnityTemp\Compile\Unity\Unity\Src\UnityContainer.cs:line 173
   at Microsoft.Practices.Unity.UnityServiceLocator.DoGetInstance(Type serviceType, String key) in e:\Builds\Unity\UnityTemp\Compile\Unity\Unity\Src\UnityServiceLocator.cs:line 64
   at Microsoft.Practices.ServiceLocation.ServiceLocatorImplBase.GetInstance(Type serviceType, String key) in c:\Home\Chris\Projects\CommonServiceLocator\main\Microsoft.Practices.ServiceLocation\ServiceLocatorImplBase.cs:line 49
 --- End of inner exception stack trace ---
   at FaceRecognition.ViewModel.SelectionDataBaseViewModel_Accessor.OnSelectedDataBase(Int32 selectedId)
   at FaceRecognition.Test.SelectionDataBaseViewModelTest.OnSelectedDataBaseTest() in D:\DiplomProject\FaceRecognition\FaceRecognition.Test\SelectionDataBaseViewModelTest.cs:line 87
</StackTrace>
        </ErrorInfo>
      </Output>
    </UnitTestResult>
    <UnitTestResult executionId="2050f510-ff88-4374-af1b-0247eab54cb2" testId="b20ac886-2283-ee66-0d4e-2b25a9805654" testName="SelectDbTest" computerName="MICROSOF-4C612A" duration="00:00:00.0179634" startTime="2011-05-29T01:26:58.6250000+03:00" endTime="2011-05-29T01:26:58.6406250+03:00" testType="13cdc9d9-ddb5-4fa4-a97d-d965ccfc6d4b" outcome="Failed" testListId="8c84fa94-04c1-424b-9868-57a2d4851a1d" relativeResultsDirectory="2050f510-ff88-4374-af1b-0247eab54cb2">
      <Output>
        <ErrorInfo>
          <Message>Test method FaceRecognition.Test.SelectionDataBaseViewModelTest.SelectDbTest threw exception: 
Microsoft.Practices.ServiceLocation.ActivationException: Activation error occured while trying to get instance of type ExceptionPolicyImpl, key "BisunessLogic Policy" ---&gt; Microsoft.Practices.Unity.ResolutionFailedException: Resolution of the dependency failed, type = "Microsoft.Practices.EnterpriseLibrary.ExceptionHandling.ExceptionPolicyImpl", name = "BisunessLogic Policy".
Exception occurred while: while resolving.
Exception is: InvalidOperationException - The type ExceptionPolicyImpl has multiple constructors of length 2. Unable to disambiguate.
-----------------------------------------------
At the time of the exception, the container was:

  Resolving Microsoft.Practices.EnterpriseLibrary.ExceptionHandling.ExceptionPolicyImpl,BisunessLogic Policy
 ---&gt; System.InvalidOperationException: The type ExceptionPolicyImpl has multiple constructors of length 2. Unable to disambiguate.</Message>
          <StackTrace>    at Microsoft.Practices.ObjectBuilder2.ConstructorSelectorPolicyBase`1.FindLongestConstructor(Type typeToConstruct) in e:\Builds\Unity\UnityTemp\Compile\Unity\Unity\Src\ObjectBuilder\Strategies\BuildPlan\Creation\ConstructorSelectorPolicyBase.cs:line 113
   at Microsoft.Practices.ObjectBuilder2.ConstructorSelectorPolicyBase`1.SelectConstructor(IBuilderContext context, IPolicyList resolverPolicyDestination) in e:\Builds\Unity\UnityTemp\Compile\Unity\Unity\Src\ObjectBuilder\Strategies\BuildPlan\Creation\ConstructorSelectorPolicyBase.cs:line 38
   at Microsoft.Practices.ObjectBuilder2.DynamicMethodConstructorStrategy.PreBuildUp(IBuilderContext context) in e:\Builds\Unity\UnityTemp\Compile\Unity\Unity\Src\ObjectBuilder\Strategies\BuildPlan\DynamicMethod\Creation\DynamicMethodConstructorStrategy.cs:line 69
   at Microsoft.Practices.ObjectBuilder2.StrategyChain.ExecuteBuildUp(IBuilderContext context) in e:\Builds\Unity\UnityTemp\Compile\Unity\Unity\Src\ObjectBuilder\Strategies\StrategyChain.cs:line 110
   at Microsoft.Practices.ObjectBuilder2.DynamicMethodBuildPlanCreatorPolicy.CreatePlan(IBuilderContext context, NamedTypeBuildKey buildKey) in e:\Builds\Unity\UnityTemp\Compile\Unity\Unity\Src\ObjectBuilder\Strategies\BuildPlan\DynamicMethod\DynamicMethodBuildPlanCreatorPolicy.cs:line 48
   at Microsoft.Practices.ObjectBuilder2.BuildPlanStrategy.PreBuildUp(IBuilderContext context) in e:\Builds\Unity\UnityTemp\Compile\Unity\Unity\Src\ObjectBuilder\Strategies\BuildPlan\BuildPlanStrategy.cs:line 37
   at Microsoft.Practices.ObjectBuilder2.StrategyChain.ExecuteBuildUp(IBuilderContext context) in e:\Builds\Unity\UnityTemp\Compile\Unity\Unity\Src\ObjectBuilder\Strategies\StrategyChain.cs:line 110
   at Microsoft.Practices.Unity.UnityContainer.DoBuildUp(Type t, Object existing, String name, IEnumerable`1 resolverOverrides) in e:\Builds\Unity\UnityTemp\Compile\Unity\Unity\Src\UnityContainer.cs:line 511
 --- End of inner exception stack trace ---
    at Microsoft.Practices.Unity.UnityContainer.DoBuildUp(Type t, Object existing, String name, IEnumerable`1 resolverOverrides) in e:\Builds\Unity\UnityTemp\Compile\Unity\Unity\Src\UnityContainer.cs:line 515
   at Microsoft.Practices.Unity.UnityContainer.Resolve(Type t, String name, ResolverOverride[] resolverOverrides) in e:\Builds\Unity\UnityTemp\Compile\Unity\Unity\Src\UnityContainer.cs:line 173
   at Microsoft.Practices.Unity.UnityServiceLocator.DoGetInstance(Type serviceType, String key) in e:\Builds\Unity\UnityTemp\Compile\Unity\Unity\Src\UnityServiceLocator.cs:line 64
   at Microsoft.Practices.ServiceLocation.ServiceLocatorImplBase.GetInstance(Type serviceType, String key) in c:\Home\Chris\Projects\CommonServiceLocator\main\Microsoft.Practices.ServiceLocation\ServiceLocatorImplBase.cs:line 49
 --- End of inner exception stack trace ---
    at Microsoft.Practices.ServiceLocation.ServiceLocatorImplBase.GetInstance(Type serviceType, String key) in c:\Home\Chris\Projects\CommonServiceLocator\main\Microsoft.Practices.ServiceLocation\ServiceLocatorImplBase.cs:line 53
   at Microsoft.Practices.ServiceLocation.ServiceLocatorImplBase.GetInstance[TService](String key) in c:\Home\Chris\Projects\CommonServiceLocator\main\Microsoft.Practices.ServiceLocation\ServiceLocatorImplBase.cs:line 103
   at Microsoft.Practices.EnterpriseLibrary.ExceptionHandling.ExceptionPolicy.GetExceptionPolicy(Exception exception, String policyName) in e:\Builds\EntLib\Latest\Source\Blocks\ExceptionHandling\Src\ExceptionHandling\ExceptionPolicy.cs:line 131
   at Microsoft.Practices.EnterpriseLibrary.ExceptionHandling.ExceptionPolicy.HandleException(Exception exceptionToHandle, String policyName) in e:\Builds\EntLib\Latest\Source\Blocks\ExceptionHandling\Src\ExceptionHandling\ExceptionPolicy.cs:line 55
   at FaceRecognition.ViewModel.SelectionDataBaseViewModel.SelectDb(Int32 selectedFaceDb) in D:\DiplomProject\FaceRecognition\ViewModel\SelectionDataBaseViewModel.cs:line 68
   at FaceRecognition.Test.SelectionDataBaseViewModelTest.SelectDbTest() in D:\DiplomProject\FaceRecognition\FaceRecognition.Test\SelectionDataBaseViewModelTest.cs:line 99
</StackTrace>
        </ErrorInfo>
      </Output>
    </UnitTestResult>
    <UnitTestResult executionId="b9d64113-626d-408b-b833-f2a6bb9764d1" testId="bef89028-c1c4-18cc-0df3-48b046c3bb00" testName="DataBaseNamesTest" computerName="MICROSOF-4C612A" duration="00:00:00.0020334" startTime="2011-05-29T01:26:58.6562500+03:00" endTime="2011-05-29T01:26:58.6562500+03:00" testType="13cdc9d9-ddb5-4fa4-a97d-d965ccfc6d4b" outcome="Inconclusive" testListId="8c84fa94-04c1-424b-9868-57a2d4851a1d" relativeResultsDirectory="b9d64113-626d-408b-b833-f2a6bb9764d1">
      <Output>
        <ErrorInfo>
          <Message>Assert.Inconclusive failed. Verify the correctness of this test method.</Message>
          <StackTrace>   at FaceRecognition.Test.SelectionDataBaseViewModelTest.DataBaseNamesTest() in D:\DiplomProject\FaceRecognition\FaceRecognition.Test\SelectionDataBaseViewModelTest.cs:line 112
</StackTrace>
        </ErrorInfo>
      </Output>
    </UnitTestResult>
    <UnitTestResult executionId="33e742ee-a1c3-4c12-afe6-c3d1360cb2ba" testId="70d2b4ad-1a8f-02c1-1929-0b86264ede6d" testName="NumberFaceImagesTest" computerName="MICROSOF-4C612A" duration="00:00:00.0033258" startTime="2011-05-29T01:26:58.6718750+03:00" endTime="2011-05-29T01:26:58.6875000+03:00" testType="13cdc9d9-ddb5-4fa4-a97d-d965ccfc6d4b" outcome="Inconclusive" testListId="8c84fa94-04c1-424b-9868-57a2d4851a1d" relativeResultsDirectory="33e742ee-a1c3-4c12-afe6-c3d1360cb2ba">
      <Output>
        <ErrorInfo>
          <Message>Assert.Inconclusive failed. Verify the correctness of this test method.</Message>
          <StackTrace>   at FaceRecognition.Test.SelectionDataBaseViewModelTest.NumberFaceImagesTest() in D:\DiplomProject\FaceRecognition\FaceRecognition.Test\SelectionDataBaseViewModelTest.cs:line 127
</StackTrace>
        </ErrorInfo>
      </Output>
    </UnitTestResult>
    <UnitTestResult executionId="df58cd2e-c79c-4aa2-b353-e235dc2871ee" testId="8f61e02f-8ae1-1e26-2181-a8dafb9a76b0" testName="SelectionRecognitionMethodViewModelConstructorTest" computerName="MICROSOF-4C612A" duration="00:00:00.0040186" startTime="2011-05-29T01:26:58.7031250+03:00" endTime="2011-05-29T01:26:58.7187500+03:00" testType="13cdc9d9-ddb5-4fa4-a97d-d965ccfc6d4b" outcome="Inconclusive" testListId="8c84fa94-04c1-424b-9868-57a2d4851a1d" relativeResultsDirectory="df58cd2e-c79c-4aa2-b353-e235dc2871ee">
      <Output>
        <ErrorInfo>
          <Message>Assert.Inconclusive failed. TODO: Implement code to verify target</Message>
          <StackTrace>   at FaceRecognition.Test.SelectionRecognitionMethodViewModelTest.SelectionRecognitionMethodViewModelConstructorTest() in D:\DiplomProject\FaceRecognition\FaceRecognition.Test\SelectionRecognitionMethodViewModelTest.cs:line 75
</StackTrace>
        </ErrorInfo>
      </Output>
    </UnitTestResult>
    <UnitTestResult executionId="ad7759f3-fc8f-4386-9e85-c071e25525fd" testId="8fb6a08e-6c6f-b08f-c15a-517759cb4702" testName="OnGetSelectedRecMethodTest" computerName="MICROSOF-4C612A" duration="00:00:00.0029229" startTime="2011-05-29T01:26:58.7343750+03:00" endTime="2011-05-29T01:26:58.7343750+03:00" testType="13cdc9d9-ddb5-4fa4-a97d-d965ccfc6d4b" outcome="Inconclusive" testListId="8c84fa94-04c1-424b-9868-57a2d4851a1d" relativeResultsDirectory="ad7759f3-fc8f-4386-9e85-c071e25525fd">
      <Output>
        <ErrorInfo>
          <Message>Assert.Inconclusive failed. A method that does not return a value cannot be verified.</Message>
          <StackTrace>   at FaceRecognition.Test.SelectionRecognitionMethodViewModelTest.OnGetSelectedRecMethodTest() in D:\DiplomProject\FaceRecognition\FaceRecognition.Test\SelectionRecognitionMethodViewModelTest.cs:line 87
</StackTrace>
        </ErrorInfo>
      </Output>
    </UnitTestResult>
    <UnitTestResult executionId="c57dd8cc-0a4c-41ab-989a-04581fc9a6fe" testId="cf9e3c89-6559-adba-b001-a1cabca90de9" testName="SaveMethodTest" computerName="MICROSOF-4C612A" duration="00:00:00.0040317" startTime="2011-05-29T01:26:58.7500000+03:00" endTime="2011-05-29T01:26:58.7656250+03:00" testType="13cdc9d9-ddb5-4fa4-a97d-d965ccfc6d4b" outcome="Inconclusive" testListId="8c84fa94-04c1-424b-9868-57a2d4851a1d" relativeResultsDirectory="c57dd8cc-0a4c-41ab-989a-04581fc9a6fe">
      <Output>
        <ErrorInfo>
          <Message>Assert.Inconclusive failed. A method that does not return a value cannot be verified.</Message>
          <StackTrace>   at FaceRecognition.Test.SelectionRecognitionMethodViewModelTest.SaveMethodTest() in D:\DiplomProject\FaceRecognition\FaceRecognition.Test\SelectionRecognitionMethodViewModelTest.cs:line 100
</StackTrace>
        </ErrorInfo>
      </Output>
    </UnitTestResult>
    <UnitTestResult executionId="bb5d6aa6-cea2-4757-a2c7-d5e2c6954026" testId="ae468d71-c7bc-ff57-62cd-00934e08157f" testName="SaveRecognitionMethodTest" computerName="MICROSOF-4C612A" duration="00:00:00.0053629" startTime="2011-05-29T01:26:58.7812500+03:00" endTime="2011-05-29T01:26:58.7968750+03:00" testType="13cdc9d9-ddb5-4fa4-a97d-d965ccfc6d4b" outcome="Inconclusive" testListId="8c84fa94-04c1-424b-9868-57a2d4851a1d" relativeResultsDirectory="bb5d6aa6-cea2-4757-a2c7-d5e2c6954026">
      <Output>
        <DebugTrace>SelectionRecognitionMethodViewModel () (25212962) Finalized
SelectionRecognitionMethodViewModel () (25212962) Finalized
SelectionRecognitionMethodViewModel () (59333051) Finalized
SelectionRecognitionMethodViewModel () (59333051) Finalized
</DebugTrace>
        <ErrorInfo>
          <Message>Assert.Inconclusive failed. A method that does not return a value cannot be verified.</Message>
          <StackTrace>   at FaceRecognition.Test.SelectionRecognitionMethodViewModelTest.SaveRecognitionMethodTest() in D:\DiplomProject\FaceRecognition\FaceRecognition.Test\SelectionRecognitionMethodViewModelTest.cs:line 112
</StackTrace>
        </ErrorInfo>
      </Output>
    </UnitTestResult>
    <UnitTestResult executionId="45d85fd1-8af0-489c-b465-b21ae2c9bda0" testId="5bbea3ff-32db-eb28-e267-b3f2ab2d660c" testName="RecognitionMethodTest" computerName="MICROSOF-4C612A" duration="00:00:00.0017865" startTime="2011-05-29T01:26:58.8125000+03:00" endTime="2011-05-29T01:26:58.8125000+03:00" testType="13cdc9d9-ddb5-4fa4-a97d-d965ccfc6d4b" outcome="Inconclusive" testListId="8c84fa94-04c1-424b-9868-57a2d4851a1d" relativeResultsDirectory="45d85fd1-8af0-489c-b465-b21ae2c9bda0">
      <Output>
        <ErrorInfo>
          <Message>Assert.Inconclusive failed. Verify the correctness of this test method.</Message>
          <StackTrace>   at FaceRecognition.Test.SelectionRecognitionMethodViewModelTest.RecognitionMethodTest() in D:\DiplomProject\FaceRecognition\FaceRecognition.Test\SelectionRecognitionMethodViewModelTest.cs:line 127
</StackTrace>
        </ErrorInfo>
      </Output>
    </UnitTestResult>
    <UnitTestResult executionId="b2b5f148-b14e-4857-b981-015e53a94035" testId="2fe000f4-9be8-ed4a-f3d2-717ab76175fb" testName="RecognitionMethodsTest" computerName="MICROSOF-4C612A" duration="00:00:00.0121641" startTime="2011-05-29T01:26:58.8281250+03:00" endTime="2011-05-29T01:26:58.8906250+03:00" testType="13cdc9d9-ddb5-4fa4-a97d-d965ccfc6d4b" outcome="Inconclusive" testListId="8c84fa94-04c1-424b-9868-57a2d4851a1d" relativeResultsDirectory="b2b5f148-b14e-4857-b981-015e53a94035">
      <Output>
        <ErrorInfo>
          <Message>Assert.Inconclusive failed. Verify the correctness of this test method.</Message>
          <StackTrace>   at FaceRecognition.Test.SelectionRecognitionMethodViewModelTest.RecognitionMethodsTest() in D:\DiplomProject\FaceRecognition\FaceRecognition.Test\SelectionRecognitionMethodViewModelTest.cs:line 142
</StackTrace>
        </ErrorInfo>
      </Output>
    </UnitTestResult>
    <UnitTestResult executionId="bced0452-c336-4750-a8a0-96a7c9a50394" testId="e97ffc14-3141-9a07-3cee-4b6ca23dc240" testName="TrainStatusTest" computerName="MICROSOF-4C612A" duration="00:00:00.0065756" startTime="2011-05-29T01:26:58.9062500+03:00" endTime="2011-05-29T01:26:58.9218750+03:00" testType="13cdc9d9-ddb5-4fa4-a97d-d965ccfc6d4b" outcome="Inconclusive" testListId="8c84fa94-04c1-424b-9868-57a2d4851a1d" relativeResultsDirectory="bced0452-c336-4750-a8a0-96a7c9a50394">
      <Output>
        <ErrorInfo>
          <Message>Assert.Inconclusive failed. Verify the correctness of this test method.</Message>
          <StackTrace>   at FaceRecognition.Test.SelectionRecognitionMethodViewModelTest.TrainStatusTest() in D:\DiplomProject\FaceRecognition\FaceRecognition.Test\SelectionRecognitionMethodViewModelTest.cs:line 157
</StackTrace>
        </ErrorInfo>
      </Output>
    </UnitTestResult>
    <UnitTestResult executionId="5cb0a4d2-adc6-4c77-98ac-781aaa418c81" testId="9337e406-5ba3-2c2a-eebb-97e32ccbf115" testName="SelectionTrainTestImagesViewModelConstructorTest" computerName="MICROSOF-4C612A" duration="00:00:00.0057532" startTime="2011-05-29T01:26:58.9375000+03:00" endTime="2011-05-29T01:26:58.9531250+03:00" testType="13cdc9d9-ddb5-4fa4-a97d-d965ccfc6d4b" outcome="Inconclusive" testListId="8c84fa94-04c1-424b-9868-57a2d4851a1d" relativeResultsDirectory="5cb0a4d2-adc6-4c77-98ac-781aaa418c81">
      <Output>
        <ErrorInfo>
          <Message>Assert.Inconclusive failed. TODO: Implement code to verify target</Message>
          <StackTrace>   at FaceRecognition.Test.SelectionTrainTestImagesViewModelTest.SelectionTrainTestImagesViewModelConstructorTest() in D:\DiplomProject\FaceRecognition\FaceRecognition.Test\SelectionTrainTestImagesViewModelTest.cs:line 77
</StackTrace>
        </ErrorInfo>
      </Output>
    </UnitTestResult>
    <UnitTestResult executionId="6a2abae9-f576-4f5d-a21c-865700221505" testId="88e4779f-cada-e84e-1475-8f7b9d9ef12f" testName="GetFaceImagesTest" computerName="MICROSOF-4C612A" duration="00:00:00.0071729" startTime="2011-05-29T01:26:58.9843750+03:00" endTime="2011-05-29T01:26:59.0156250+03:00" testType="13cdc9d9-ddb5-4fa4-a97d-d965ccfc6d4b" outcome="Failed" testListId="8c84fa94-04c1-424b-9868-57a2d4851a1d" relativeResultsDirectory="6a2abae9-f576-4f5d-a21c-865700221505">
      <Output>
        <ErrorInfo>
          <Message>Test method FaceRecognition.Test.SelectionTrainTestImagesViewModelTest.GetFaceImagesTest threw exception: 
Microsoft.Practices.ServiceLocation.ActivationException: Activation error occured while trying to get instance of type ExceptionPolicyImpl, key "BisunessLogic Policy" ---&gt; Microsoft.Practices.Unity.ResolutionFailedException: Resolution of the dependency failed, type = "Microsoft.Practices.EnterpriseLibrary.ExceptionHandling.ExceptionPolicyImpl", name = "BisunessLogic Policy".
Exception occurred while: while resolving.
Exception is: InvalidOperationException - The type ExceptionPolicyImpl has multiple constructors of length 2. Unable to disambiguate.
-----------------------------------------------
At the time of the exception, the container was:

  Resolving Microsoft.Practices.EnterpriseLibrary.ExceptionHandling.ExceptionPolicyImpl,BisunessLogic Policy
 ---&gt; System.InvalidOperationException: The type ExceptionPolicyImpl has multiple constructors of length 2. Unable to disambiguate.</Message>
          <StackTrace>    at Microsoft.Practices.ObjectBuilder2.ConstructorSelectorPolicyBase`1.FindLongestConstructor(Type typeToConstruct) in e:\Builds\Unity\UnityTemp\Compile\Unity\Unity\Src\ObjectBuilder\Strategies\BuildPlan\Creation\ConstructorSelectorPolicyBase.cs:line 113
   at Microsoft.Practices.ObjectBuilder2.ConstructorSelectorPolicyBase`1.SelectConstructor(IBuilderContext context, IPolicyList resolverPolicyDestination) in e:\Builds\Unity\UnityTemp\Compile\Unity\Unity\Src\ObjectBuilder\Strategies\BuildPlan\Creation\ConstructorSelectorPolicyBase.cs:line 38
   at Microsoft.Practices.ObjectBuilder2.DynamicMethodConstructorStrategy.PreBuildUp(IBuilderContext context) in e:\Builds\Unity\UnityTemp\Compile\Unity\Unity\Src\ObjectBuilder\Strategies\BuildPlan\DynamicMethod\Creation\DynamicMethodConstructorStrategy.cs:line 69
   at Microsoft.Practices.ObjectBuilder2.StrategyChain.ExecuteBuildUp(IBuilderContext context) in e:\Builds\Unity\UnityTemp\Compile\Unity\Unity\Src\ObjectBuilder\Strategies\StrategyChain.cs:line 110
   at Microsoft.Practices.ObjectBuilder2.DynamicMethodBuildPlanCreatorPolicy.CreatePlan(IBuilderContext context, NamedTypeBuildKey buildKey) in e:\Builds\Unity\UnityTemp\Compile\Unity\Unity\Src\ObjectBuilder\Strategies\BuildPlan\DynamicMethod\DynamicMethodBuildPlanCreatorPolicy.cs:line 48
   at Microsoft.Practices.ObjectBuilder2.BuildPlanStrategy.PreBuildUp(IBuilderContext context) in e:\Builds\Unity\UnityTemp\Compile\Unity\Unity\Src\ObjectBuilder\Strategies\BuildPlan\BuildPlanStrategy.cs:line 37
   at Microsoft.Practices.ObjectBuilder2.StrategyChain.ExecuteBuildUp(IBuilderContext context) in e:\Builds\Unity\UnityTemp\Compile\Unity\Unity\Src\ObjectBuilder\Strategies\StrategyChain.cs:line 110
   at Microsoft.Practices.Unity.UnityContainer.DoBuildUp(Type t, Object existing, String name, IEnumerable`1 resolverOverrides) in e:\Builds\Unity\UnityTemp\Compile\Unity\Unity\Src\UnityContainer.cs:line 511
 --- End of inner exception stack trace ---
    at Microsoft.Practices.Unity.UnityContainer.DoBuildUp(Type t, Object existing, String name, IEnumerable`1 resolverOverrides) in e:\Builds\Unity\UnityTemp\Compile\Unity\Unity\Src\UnityContainer.cs:line 515
   at Microsoft.Practices.Unity.UnityContainer.Resolve(Type t, String name, ResolverOverride[] resolverOverrides) in e:\Builds\Unity\UnityTemp\Compile\Unity\Unity\Src\UnityContainer.cs:line 173
   at Microsoft.Practices.Unity.UnityServiceLocator.DoGetInstance(Type serviceType, String key) in e:\Builds\Unity\UnityTemp\Compile\Unity\Unity\Src\UnityServiceLocator.cs:line 64
   at Microsoft.Practices.ServiceLocation.ServiceLocatorImplBase.GetInstance(Type serviceType, String key) in c:\Home\Chris\Projects\CommonServiceLocator\main\Microsoft.Practices.ServiceLocation\ServiceLocatorImplBase.cs:line 49
 --- End of inner exception stack trace ---
   at FaceRecognition.ViewModel.SelectionTrainTestImagesViewModel_Accessor.GetFaceImages()
   at FaceRecognition.Test.SelectionTrainTestImagesViewModelTest.GetFaceImagesTest() in D:\DiplomProject\FaceRecognition\FaceRecognition.Test\SelectionTrainTestImagesViewModelTest.cs:line 88
</StackTrace>
        </ErrorInfo>
      </Output>
    </UnitTestResult>
    <UnitTestResult executionId="01d4fd28-5be4-45ec-84a6-631572bb59b7" testId="eeaf1f9c-6b91-354c-52cf-9b11e1eb1d6f" testName="MainWindow_TrainAndTestDataSavedEventTest" computerName="MICROSOF-4C612A" duration="00:00:00.0210082" startTime="2011-05-29T01:26:59.0312500+03:00" endTime="2011-05-29T01:26:59.0625000+03:00" testType="13cdc9d9-ddb5-4fa4-a97d-d965ccfc6d4b" outcome="Inconclusive" testListId="8c84fa94-04c1-424b-9868-57a2d4851a1d" relativeResultsDirectory="01d4fd28-5be4-45ec-84a6-631572bb59b7">
      <Output>
        <ErrorInfo>
          <Message>Assert.Inconclusive failed. A method that does not return a value cannot be verified.</Message>
          <StackTrace>   at FaceRecognition.Test.SelectionTrainTestImagesViewModelTest.MainWindow_TrainAndTestDataSavedEventTest() in D:\DiplomProject\FaceRecognition\FaceRecognition.Test\SelectionTrainTestImagesViewModelTest.cs:line 103
</StackTrace>
        </ErrorInfo>
      </Output>
    </UnitTestResult>
    <UnitTestResult executionId="ad965ce2-54dd-488f-84bb-8282eb6796f4" testId="d20f3e9b-b31b-6c94-1756-6dd2f5916de4" testName="SelectionDataBaseViewModel_SelectedDataBaseEventTest" computerName="MICROSOF-4C612A" duration="00:00:00.0047190" startTime="2011-05-29T01:26:59.0781250+03:00" endTime="2011-05-29T01:26:59.0781250+03:00" testType="13cdc9d9-ddb5-4fa4-a97d-d965ccfc6d4b" outcome="Failed" testListId="8c84fa94-04c1-424b-9868-57a2d4851a1d" relativeResultsDirectory="ad965ce2-54dd-488f-84bb-8282eb6796f4">
      <Output>
        <ErrorInfo>
          <Message>Test method FaceRecognition.Test.SelectionTrainTestImagesViewModelTest.SelectionDataBaseViewModel_SelectedDataBaseEventTest threw exception: 
System.NullReferenceException: Object reference not set to an instance of an object.</Message>
          <StackTrace>   at FaceRecognition.ViewModel.SelectionTrainTestImagesViewModel_Accessor.SelectionDataBaseViewModel_SelectedDataBaseEvent(Object sender, SelectedFaceDbEventArgs e)
   at FaceRecognition.Test.SelectionTrainTestImagesViewModelTest.SelectionDataBaseViewModel_SelectedDataBaseEventTest() in D:\DiplomProject\FaceRecognition\FaceRecognition.Test\SelectionTrainTestImagesViewModelTest.cs:line 116
</StackTrace>
        </ErrorInfo>
      </Output>
    </UnitTestResult>
    <UnitTestResult executionId="b95b4bd1-2ead-431a-80f2-720fcca94485" testId="a4ad7ff8-56ff-4eb0-294e-7aded942a979" testName="SetTestImagesTest" computerName="MICROSOF-4C612A" duration="00:00:00.0033196" startTime="2011-05-29T01:26:59.0937500+03:00" endTime="2011-05-29T01:26:59.1250000+03:00" testType="13cdc9d9-ddb5-4fa4-a97d-d965ccfc6d4b" outcome="Failed" testListId="8c84fa94-04c1-424b-9868-57a2d4851a1d" relativeResultsDirectory="b95b4bd1-2ead-431a-80f2-720fcca94485">
      <Output>
        <ErrorInfo>
          <Message>Test method FaceRecognition.Test.SelectionTrainTestImagesViewModelTest.SetTestImagesTest threw exception: 
System.NullReferenceException: Object reference not set to an instance of an object.</Message>
          <StackTrace>    at FaceRecognition.ViewModel.SelectionTrainTestImagesViewModel.SetTestImages(List`1 testImages) in D:\DiplomProject\FaceRecognition\ViewModel\SelectionTrainTestImagesViewModel.cs:line 74
   at FaceRecognition.Test.SelectionTrainTestImagesViewModelTest.SetTestImagesTest() in D:\DiplomProject\FaceRecognition\FaceRecognition.Test\SelectionTrainTestImagesViewModelTest.cs:line 128
</StackTrace>
        </ErrorInfo>
      </Output>
    </UnitTestResult>
    <UnitTestResult executionId="f1e51a2d-2b23-4ab8-aea0-743766cf9d08" testId="accd779d-c852-029a-a1d0-a3ab205a6a51" testName="SetTrainImagesTest" computerName="MICROSOF-4C612A" duration="00:00:00.0049131" startTime="2011-05-29T01:26:59.1250000+03:00" endTime="2011-05-29T01:26:59.1562500+03:00" testType="13cdc9d9-ddb5-4fa4-a97d-d965ccfc6d4b" outcome="Failed" testListId="8c84fa94-04c1-424b-9868-57a2d4851a1d" relativeResultsDirectory="f1e51a2d-2b23-4ab8-aea0-743766cf9d08">
      <Output>
        <DebugTrace>SelectionTrainTestImagesViewModel () (29301015) Finalized
SelectionTrainTestImagesViewModel () (45368882) Finalized
SelectionTrainTestImagesViewModel () (52924560) Finalized
</DebugTrace>
        <ErrorInfo>
          <Message>Test method FaceRecognition.Test.SelectionTrainTestImagesViewModelTest.SetTrainImagesTest threw exception: 
System.NullReferenceException: Object reference not set to an instance of an object.</Message>
          <StackTrace>    at FaceRecognition.ViewModel.SelectionTrainTestImagesViewModel.SetTrainImages(List`1 trainImages) in D:\DiplomProject\FaceRecognition\ViewModel\SelectionTrainTestImagesViewModel.cs:line 63
   at FaceRecognition.Test.SelectionTrainTestImagesViewModelTest.SetTrainImagesTest() in D:\DiplomProject\FaceRecognition\FaceRecognition.Test\SelectionTrainTestImagesViewModelTest.cs:line 140
</StackTrace>
        </ErrorInfo>
      </Output>
    </UnitTestResult>
    <UnitTestResult executionId="53a2e4f2-3bab-4349-bf88-1874524c6e6f" testId="4c3c9182-7ffa-4bff-722c-d13d83333164" testName="NumberTestFaceImagesTest" computerName="MICROSOF-4C612A" duration="00:00:00.0037926" startTime="2011-05-29T01:26:59.1562500+03:00" endTime="2011-05-29T01:26:59.1718750+03:00" testType="13cdc9d9-ddb5-4fa4-a97d-d965ccfc6d4b" outcome="Inconclusive" testListId="8c84fa94-04c1-424b-9868-57a2d4851a1d" relativeResultsDirectory="53a2e4f2-3bab-4349-bf88-1874524c6e6f">
      <Output>
        <ErrorInfo>
          <Message>Assert.Inconclusive failed. Verify the correctness of this test method.</Message>
          <StackTrace>   at FaceRecognition.Test.SelectionTrainTestImagesViewModelTest.NumberTestFaceImagesTest() in D:\DiplomProject\FaceRecognition\FaceRecognition.Test\SelectionTrainTestImagesViewModelTest.cs:line 156
</StackTrace>
        </ErrorInfo>
      </Output>
    </UnitTestResult>
    <UnitTestResult executionId="555e63d9-76d0-43d9-8fbb-58a23d41d303" testId="72dad35e-64ff-b1cf-fca2-34fd4b3338d7" testName="NumberTrainFaceImagesTest" computerName="MICROSOF-4C612A" duration="00:00:00.0014918" startTime="2011-05-29T01:26:59.1875000+03:00" endTime="2011-05-29T01:26:59.1875000+03:00" testType="13cdc9d9-ddb5-4fa4-a97d-d965ccfc6d4b" outcome="Inconclusive" testListId="8c84fa94-04c1-424b-9868-57a2d4851a1d" relativeResultsDirectory="555e63d9-76d0-43d9-8fbb-58a23d41d303">
      <Output>
        <ErrorInfo>
          <Message>Assert.Inconclusive failed. Verify the correctness of this test method.</Message>
          <StackTrace>   at FaceRecognition.Test.SelectionTrainTestImagesViewModelTest.NumberTrainFaceImagesTest() in D:\DiplomProject\FaceRecognition\FaceRecognition.Test\SelectionTrainTestImagesViewModelTest.cs:line 171
</StackTrace>
        </ErrorInfo>
      </Output>
    </UnitTestResult>
    <UnitTestResult executionId="8e6b7656-ea7e-4f65-b742-4c4b4d216534" testId="80753c0e-e8ac-dc37-92a2-c9a69472753d" testName="CreateDataDirTest" computerName="MICROSOF-4C612A" duration="00:00:00.0041354" startTime="2011-05-29T01:26:59.2031250+03:00" endTime="2011-05-29T01:26:59.2187500+03:00" testType="13cdc9d9-ddb5-4fa4-a97d-d965ccfc6d4b" outcome="Failed" testListId="8c84fa94-04c1-424b-9868-57a2d4851a1d" relativeResultsDirectory="8e6b7656-ea7e-4f65-b742-4c4b4d216534">
      <Output>
        <ErrorInfo>
          <Message>Test method FaceRecognition.Test.ViewModelBaseTest.CreateDataDirTest threw exception: 
System.NullReferenceException: Object reference not set to an instance of an object.</Message>
          <StackTrace>   at FaceRecognition.ViewModel.ViewModelBase_Accessor.CreateDataDir(String shortFileName)
   at FaceRecognition.Test.ViewModelBaseTest.CreateDataDirTest() in D:\DiplomProject\FaceRecognition\FaceRecognition.Test\ViewModelBaseTest.cs:line 88
</StackTrace>
        </ErrorInfo>
      </Output>
    </UnitTestResult>
    <UnitTestResult executionId="49d3d4bd-8663-4889-861b-f37b9cbadeaf" testId="169e6142-b050-8286-dfd6-53cdd6a8213a" testName="DisposeTest" computerName="MICROSOF-4C612A" duration="00:00:00.0047651" startTime="2011-05-29T01:26:59.2343750+03:00" endTime="2011-05-29T01:26:59.2500000+03:00" testType="13cdc9d9-ddb5-4fa4-a97d-d965ccfc6d4b" outcome="Failed" testListId="8c84fa94-04c1-424b-9868-57a2d4851a1d" relativeResultsDirectory="49d3d4bd-8663-4889-861b-f37b9cbadeaf">
      <Output>
        <ErrorInfo>
          <Message>Test method FaceRecognition.Test.ViewModelBaseTest.DisposeTest threw exception: 
System.NullReferenceException: Object reference not set to an instance of an object.</Message>
          <StackTrace>    at FaceRecognition.Test.ViewModelBaseTest.DisposeTest() in D:\DiplomProject\FaceRecognition\FaceRecognition.Test\ViewModelBaseTest.cs:line 107
</StackTrace>
        </ErrorInfo>
      </Output>
    </UnitTestResult>
    <UnitTestResult executionId="255af8f9-8b75-4c22-bcc4-5331427ee258" testId="6e556f74-a31f-a59b-681c-0c70ac64cd6d" testName="FinalizeTest" computerName="MICROSOF-4C612A" duration="00:00:00.0027168" startTime="2011-05-29T01:26:59.2500000+03:00" endTime="2011-05-29T01:26:59.2656250+03:00" testType="13cdc9d9-ddb5-4fa4-a97d-d965ccfc6d4b" outcome="Failed" testListId="8c84fa94-04c1-424b-9868-57a2d4851a1d" relativeResultsDirectory="255af8f9-8b75-4c22-bcc4-5331427ee258">
      <Output>
        <ErrorInfo>
          <Message>Test method FaceRecognition.Test.ViewModelBaseTest.FinalizeTest threw exception: 
System.NullReferenceException: Object reference not set to an instance of an object.</Message>
          <StackTrace>   at FaceRecognition.ViewModel.ViewModelBase_Accessor.Finalize()
   at FaceRecognition.Test.ViewModelBaseTest.FinalizeTest() in D:\DiplomProject\FaceRecognition\FaceRecognition.Test\ViewModelBaseTest.cs:line 120
</StackTrace>
        </ErrorInfo>
      </Output>
    </UnitTestResult>
    <UnitTestResult executionId="3089af1a-8794-4311-a193-64d9e8386a90" testId="9c1b8d28-0231-2562-5624-3f702ca5fb3d" testName="LoadDataTest" computerName="MICROSOF-4C612A" duration="00:00:00.0076330" startTime="2011-05-29T01:26:59.2812500+03:00" endTime="2011-05-29T01:26:59.2968750+03:00" testType="13cdc9d9-ddb5-4fa4-a97d-d965ccfc6d4b" outcome="Failed" testListId="8c84fa94-04c1-424b-9868-57a2d4851a1d" relativeResultsDirectory="3089af1a-8794-4311-a193-64d9e8386a90">
      <Output>
        <ErrorInfo>
          <Message>Test method FaceRecognition.Test.ViewModelBaseTest.LoadDataTest threw exception: 
System.NullReferenceException: Object reference not set to an instance of an object.</Message>
          <StackTrace>   at FaceRecognition.ViewModel.ViewModelBase_Accessor.LoadData(String shortFileName, ObservableCollection`1&amp; images)
   at FaceRecognition.Test.ViewModelBaseTest.LoadDataTest() in D:\DiplomProject\FaceRecognition\FaceRecognition.Test\ViewModelBaseTest.cs:line 136
</StackTrace>
        </ErrorInfo>
      </Output>
    </UnitTestResult>
    <UnitTestResult executionId="e2999776-4b80-4534-aae5-ef797986c78c" testId="b97e975e-9da2-b3c9-58e7-dba84c4a03b3" testName="LoadRecognizedFacesTest" computerName="MICROSOF-4C612A" duration="00:00:00.0100618" startTime="2011-05-29T01:26:59.3281250+03:00" endTime="2011-05-29T01:26:59.3437500+03:00" testType="13cdc9d9-ddb5-4fa4-a97d-d965ccfc6d4b" outcome="Failed" testListId="8c84fa94-04c1-424b-9868-57a2d4851a1d" relativeResultsDirectory="e2999776-4b80-4534-aae5-ef797986c78c">
      <Output>
        <ErrorInfo>
          <Message>Test method FaceRecognition.Test.ViewModelBaseTest.LoadRecognizedFacesTest threw exception: 
System.NullReferenceException: Object reference not set to an instance of an object.</Message>
          <StackTrace>   at FaceRecognition.ViewModel.ViewModelBase_Accessor.LoadRecognizedFaces()
   at FaceRecognition.Test.ViewModelBaseTest.LoadRecognizedFacesTest() in D:\DiplomProject\FaceRecognition\FaceRecognition.Test\ViewModelBaseTest.cs:line 150
</StackTrace>
        </ErrorInfo>
      </Output>
    </UnitTestResult>
    <UnitTestResult executionId="99e7af1d-0b6f-4f90-9f43-9260f7266e19" testId="dd6e7871-68a6-46f8-d319-ff2fccb6a6f5" testName="LoadTestFacesTest" computerName="MICROSOF-4C612A" duration="00:00:00.0048218" startTime="2011-05-29T01:26:59.3593750+03:00" endTime="2011-05-29T01:26:59.3906250+03:00" testType="13cdc9d9-ddb5-4fa4-a97d-d965ccfc6d4b" outcome="Failed" testListId="8c84fa94-04c1-424b-9868-57a2d4851a1d" relativeResultsDirectory="99e7af1d-0b6f-4f90-9f43-9260f7266e19">
      <Output>
        <ErrorInfo>
          <Message>Test method FaceRecognition.Test.ViewModelBaseTest.LoadTestFacesTest threw exception: 
System.NullReferenceException: Object reference not set to an instance of an object.</Message>
          <StackTrace>   at FaceRecognition.ViewModel.ViewModelBase_Accessor.LoadTestFaces()
   at FaceRecognition.Test.ViewModelBaseTest.LoadTestFacesTest() in D:\DiplomProject\FaceRecognition\FaceRecognition.Test\ViewModelBaseTest.cs:line 163
</StackTrace>
        </ErrorInfo>
      </Output>
    </UnitTestResult>
    <UnitTestResult executionId="8f54e2a0-e4a7-4a3b-8ea7-c2935f387289" testId="0da69744-bbdf-e68c-4bf7-08bd6285f0b8" testName="LoadTestImagesTest" computerName="MICROSOF-4C612A" duration="00:00:00.0056585" startTime="2011-05-29T01:26:59.4062500+03:00" endTime="2011-05-29T01:26:59.4218750+03:00" testType="13cdc9d9-ddb5-4fa4-a97d-d965ccfc6d4b" outcome="Failed" testListId="8c84fa94-04c1-424b-9868-57a2d4851a1d" relativeResultsDirectory="8f54e2a0-e4a7-4a3b-8ea7-c2935f387289">
      <Output>
        <ErrorInfo>
          <Message>Test method FaceRecognition.Test.ViewModelBaseTest.LoadTestImagesTest threw exception: 
System.NullReferenceException: Object reference not set to an instance of an object.</Message>
          <StackTrace>   at FaceRecognition.ViewModel.ViewModelBase_Accessor.LoadTestImages()
   at FaceRecognition.Test.ViewModelBaseTest.LoadTestImagesTest() in D:\DiplomProject\FaceRecognition\FaceRecognition.Test\ViewModelBaseTest.cs:line 176
</StackTrace>
        </ErrorInfo>
      </Output>
    </UnitTestResult>
    <UnitTestResult executionId="a7b61479-d09f-4336-adfc-831b5382b288" testId="aa0a3a76-894b-0d45-a0bd-bfae478cdcbe" testName="LoadTrainFacesTest" computerName="MICROSOF-4C612A" duration="00:00:00.0036264" startTime="2011-05-29T01:26:59.4687500+03:00" endTime="2011-05-29T01:26:59.5000000+03:00" testType="13cdc9d9-ddb5-4fa4-a97d-d965ccfc6d4b" outcome="Failed" testListId="8c84fa94-04c1-424b-9868-57a2d4851a1d" relativeResultsDirectory="a7b61479-d09f-4336-adfc-831b5382b288">
      <Output>
        <ErrorInfo>
          <Message>Test method FaceRecognition.Test.ViewModelBaseTest.LoadTrainFacesTest threw exception: 
System.NullReferenceException: Object reference not set to an instance of an object.</Message>
          <StackTrace>   at FaceRecognition.ViewModel.ViewModelBase_Accessor.LoadTrainFaces()
   at FaceRecognition.Test.ViewModelBaseTest.LoadTrainFacesTest() in D:\DiplomProject\FaceRecognition\FaceRecognition.Test\ViewModelBaseTest.cs:line 189
</StackTrace>
        </ErrorInfo>
      </Output>
    </UnitTestResult>
    <UnitTestResult executionId="d5453bbf-eb87-4bcb-b002-6b696516b6bc" testId="4284c783-2d24-d20f-a075-d9abca06faad" testName="LoadTrainImagesTest" computerName="MICROSOF-4C612A" duration="00:00:00.0058627" startTime="2011-05-29T01:26:59.5000000+03:00" endTime="2011-05-29T01:26:59.5156250+03:00" testType="13cdc9d9-ddb5-4fa4-a97d-d965ccfc6d4b" outcome="Failed" testListId="8c84fa94-04c1-424b-9868-57a2d4851a1d" relativeResultsDirectory="d5453bbf-eb87-4bcb-b002-6b696516b6bc">
      <Output>
        <ErrorInfo>
          <Message>Test method FaceRecognition.Test.ViewModelBaseTest.LoadTrainImagesTest threw exception: 
System.NullReferenceException: Object reference not set to an instance of an object.</Message>
          <StackTrace>   at FaceRecognition.ViewModel.ViewModelBase_Accessor.LoadTrainImages()
   at FaceRecognition.Test.ViewModelBaseTest.LoadTrainImagesTest() in D:\DiplomProject\FaceRecognition\FaceRecognition.Test\ViewModelBaseTest.cs:line 202
</StackTrace>
        </ErrorInfo>
      </Output>
    </UnitTestResult>
    <UnitTestResult executionId="403ff4db-a32a-4311-8402-195205451585" testId="3e1c110a-17de-01ec-8a58-9df4aa0b6c65" testName="OnDisposeTest" computerName="MICROSOF-4C612A" duration="00:00:00.0029445" startTime="2011-05-29T01:26:59.5312500+03:00" endTime="2011-05-29T01:26:59.5468750+03:00" testType="13cdc9d9-ddb5-4fa4-a97d-d965ccfc6d4b" outcome="Failed" testListId="8c84fa94-04c1-424b-9868-57a2d4851a1d" relativeResultsDirectory="403ff4db-a32a-4311-8402-195205451585">
      <Output>
        <ErrorInfo>
          <Message>Test method FaceRecognition.Test.ViewModelBaseTest.OnDisposeTest threw exception: 
System.NullReferenceException: Object reference not set to an instance of an object.</Message>
          <StackTrace>   at FaceRecognition.ViewModel.ViewModelBase_Accessor.OnDispose()
   at FaceRecognition.Test.ViewModelBaseTest.OnDisposeTest() in D:\DiplomProject\FaceRecognition\FaceRecognition.Test\ViewModelBaseTest.cs:line 215
</StackTrace>
        </ErrorInfo>
      </Output>
    </UnitTestResult>
    <UnitTestResult executionId="9b664724-29ab-4527-8405-4bcd8d02621c" testId="96ae07d9-de68-6735-e02a-3056e20ffd3a" testName="OnPropertyChangedTest" computerName="MICROSOF-4C612A" duration="00:00:00.0022958" startTime="2011-05-29T01:26:59.5625000+03:00" endTime="2011-05-29T01:26:59.5625000+03:00" testType="13cdc9d9-ddb5-4fa4-a97d-d965ccfc6d4b" outcome="Failed" testListId="8c84fa94-04c1-424b-9868-57a2d4851a1d" relativeResultsDirectory="9b664724-29ab-4527-8405-4bcd8d02621c">
      <Output>
        <ErrorInfo>
          <Message>Test method FaceRecognition.Test.ViewModelBaseTest.OnPropertyChangedTest threw exception: 
System.NullReferenceException: Object reference not set to an instance of an object.</Message>
          <StackTrace>    at FaceRecognition.Test.ViewModelBaseTest.OnPropertyChangedTest() in D:\DiplomProject\FaceRecognition\FaceRecognition.Test\ViewModelBaseTest.cs:line 227
</StackTrace>
        </ErrorInfo>
      </Output>
    </UnitTestResult>
    <UnitTestResult executionId="0c483894-531d-452e-8f3b-fdb425fc4fa0" testId="11b3c6f9-9fbf-ed29-4b9f-f995854167f1" testName="SaveDataTest" computerName="MICROSOF-4C612A" duration="00:00:00.0066083" startTime="2011-05-29T01:26:59.5937500+03:00" endTime="2011-05-29T01:26:59.6093750+03:00" testType="13cdc9d9-ddb5-4fa4-a97d-d965ccfc6d4b" outcome="Failed" testListId="8c84fa94-04c1-424b-9868-57a2d4851a1d" relativeResultsDirectory="0c483894-531d-452e-8f3b-fdb425fc4fa0">
      <Output>
        <ErrorInfo>
          <Message>Test method FaceRecognition.Test.ViewModelBaseTest.SaveDataTest threw exception: 
System.NullReferenceException: Object reference not set to an instance of an object.</Message>
          <StackTrace>   at FaceRecognition.ViewModel.ViewModelBase_Accessor.SaveData(String shortFileName, ObservableCollection`1&amp; images)
   at FaceRecognition.Test.ViewModelBaseTest.SaveDataTest() in D:\DiplomProject\FaceRecognition\FaceRecognition.Test\ViewModelBaseTest.cs:line 243
</StackTrace>
        </ErrorInfo>
      </Output>
    </UnitTestResult>
    <UnitTestResult executionId="ce4e23ba-baaf-4604-8567-fe54736c67f6" testId="d178e71d-2faa-d345-745d-d132b53660d6" testName="SaveRecognizedFacesTest" computerName="MICROSOF-4C612A" duration="00:00:00.0267494" startTime="2011-05-29T01:26:59.6562500+03:00" endTime="2011-05-29T01:26:59.7031250+03:00" testType="13cdc9d9-ddb5-4fa4-a97d-d965ccfc6d4b" outcome="Failed" testListId="8c84fa94-04c1-424b-9868-57a2d4851a1d" relativeResultsDirectory="ce4e23ba-baaf-4604-8567-fe54736c67f6">
      <Output>
        <ErrorInfo>
          <Message>Test method FaceRecognition.Test.ViewModelBaseTest.SaveRecognizedFacesTest threw exception: 
System.NullReferenceException: Object reference not set to an instance of an object.</Message>
          <StackTrace>   at FaceRecognition.ViewModel.ViewModelBase_Accessor.SaveRecognizedFaces()
   at FaceRecognition.Test.ViewModelBaseTest.SaveRecognizedFacesTest() in D:\DiplomProject\FaceRecognition\FaceRecognition.Test\ViewModelBaseTest.cs:line 257
</StackTrace>
        </ErrorInfo>
      </Output>
    </UnitTestResult>
    <UnitTestResult executionId="fb6086ed-bd23-4e07-b124-367e4d2f4b83" testId="a1aadf18-c65b-daad-9c6b-f813dbfddf65" testName="SaveTestFacesTest" computerName="MICROSOF-4C612A" duration="00:00:00.0185026" startTime="2011-05-29T01:26:59.7187500+03:00" endTime="2011-05-29T01:26:59.7500000+03:00" testType="13cdc9d9-ddb5-4fa4-a97d-d965ccfc6d4b" outcome="Failed" testListId="8c84fa94-04c1-424b-9868-57a2d4851a1d" relativeResultsDirectory="fb6086ed-bd23-4e07-b124-367e4d2f4b83">
      <Output>
        <ErrorInfo>
          <Message>Test method FaceRecognition.Test.ViewModelBaseTest.SaveTestFacesTest threw exception: 
System.NullReferenceException: Object reference not set to an instance of an object.</Message>
          <StackTrace>   at FaceRecognition.ViewModel.ViewModelBase_Accessor.SaveTestFaces()
   at FaceRecognition.Test.ViewModelBaseTest.SaveTestFacesTest() in D:\DiplomProject\FaceRecognition\FaceRecognition.Test\ViewModelBaseTest.cs:line 270
</StackTrace>
        </ErrorInfo>
      </Output>
    </UnitTestResult>
    <UnitTestResult executionId="805054f2-c9e9-46ff-974c-68ee11207b92" testId="e7c74730-69fe-3fdc-22e1-4631a6ec658e" testName="SaveTestImagesTest" computerName="MICROSOF-4C612A" duration="00:00:00.0054361" startTime="2011-05-29T01:26:59.7812500+03:00" endTime="2011-05-29T01:26:59.7968750+03:00" testType="13cdc9d9-ddb5-4fa4-a97d-d965ccfc6d4b" outcome="Failed" testListId="8c84fa94-04c1-424b-9868-57a2d4851a1d" relativeResultsDirectory="805054f2-c9e9-46ff-974c-68ee11207b92">
      <Output>
        <ErrorInfo>
          <Message>Test method FaceRecognition.Test.ViewModelBaseTest.SaveTestImagesTest threw exception: 
System.NullReferenceException: Object reference not set to an instance of an object.</Message>
          <StackTrace>   at FaceRecognition.ViewModel.ViewModelBase_Accessor.SaveTestImages()
   at FaceRecognition.Test.ViewModelBaseTest.SaveTestImagesTest() in D:\DiplomProject\FaceRecognition\FaceRecognition.Test\ViewModelBaseTest.cs:line 283
</StackTrace>
        </ErrorInfo>
      </Output>
    </UnitTestResult>
    <UnitTestResult executionId="902cd746-5f6a-499b-81f2-955cf27711eb" testId="3dc91db2-6551-bbf2-9d31-0fd64e18606b" testName="SaveTrainFacesTest" computerName="MICROSOF-4C612A" duration="00:00:00.0054199" startTime="2011-05-29T01:26:59.8125000+03:00" endTime="2011-05-29T01:26:59.8281250+03:00" testType="13cdc9d9-ddb5-4fa4-a97d-d965ccfc6d4b" outcome="Failed" testListId="8c84fa94-04c1-424b-9868-57a2d4851a1d" relativeResultsDirectory="902cd746-5f6a-499b-81f2-955cf27711eb">
      <Output>
        <ErrorInfo>
          <Message>Test method FaceRecognition.Test.ViewModelBaseTest.SaveTrainFacesTest threw exception: 
System.NullReferenceException: Object reference not set to an instance of an object.</Message>
          <StackTrace>   at FaceRecognition.ViewModel.ViewModelBase_Accessor.SaveTrainFaces()
   at FaceRecognition.Test.ViewModelBaseTest.SaveTrainFacesTest() in D:\DiplomProject\FaceRecognition\FaceRecognition.Test\ViewModelBaseTest.cs:line 296
</StackTrace>
        </ErrorInfo>
      </Output>
    </UnitTestResult>
    <UnitTestResult executionId="b0e74d96-0f45-4def-af3d-0f1861f65e53" testId="87942b6a-4280-63aa-c943-022d9920cb12" testName="SaveTrainImagesTest" computerName="MICROSOF-4C612A" duration="00:00:00.0053221" startTime="2011-05-29T01:26:59.8437500+03:00" endTime="2011-05-29T01:26:59.8593750+03:00" testType="13cdc9d9-ddb5-4fa4-a97d-d965ccfc6d4b" outcome="Failed" testListId="8c84fa94-04c1-424b-9868-57a2d4851a1d" relativeResultsDirectory="b0e74d96-0f45-4def-af3d-0f1861f65e53">
      <Output>
        <ErrorInfo>
          <Message>Test method FaceRecognition.Test.ViewModelBaseTest.SaveTrainImagesTest threw exception: 
System.NullReferenceException: Object reference not set to an instance of an object.</Message>
          <StackTrace>   at FaceRecognition.ViewModel.ViewModelBase_Accessor.SaveTrainImages()
   at FaceRecognition.Test.ViewModelBaseTest.SaveTrainImagesTest() in D:\DiplomProject\FaceRecognition\FaceRecognition.Test\ViewModelBaseTest.cs:line 309
</StackTrace>
        </ErrorInfo>
      </Output>
    </UnitTestResult>
    <UnitTestResult executionId="39d20645-1592-42db-bf2e-66acb8a6a157" testId="5c768a07-476d-d04b-9f47-63f0f790f7e9" testName="VerifyPropertyNameTest" computerName="MICROSOF-4C612A" duration="00:00:00.0022893" startTime="2011-05-29T01:26:59.8750000+03:00" endTime="2011-05-29T01:26:59.8750000+03:00" testType="13cdc9d9-ddb5-4fa4-a97d-d965ccfc6d4b" outcome="Failed" testListId="8c84fa94-04c1-424b-9868-57a2d4851a1d" relativeResultsDirectory="39d20645-1592-42db-bf2e-66acb8a6a157">
      <Output>
        <ErrorInfo>
          <Message>Test method FaceRecognition.Test.ViewModelBaseTest.VerifyPropertyNameTest threw exception: 
System.NullReferenceException: Object reference not set to an instance of an object.</Message>
          <StackTrace>    at FaceRecognition.Test.ViewModelBaseTest.VerifyPropertyNameTest() in D:\DiplomProject\FaceRecognition\FaceRecognition.Test\ViewModelBaseTest.cs:line 321
</StackTrace>
        </ErrorInfo>
      </Output>
    </UnitTestResult>
    <UnitTestResult executionId="137b198e-93fd-4445-98cb-10912e9def51" testId="f9732964-747f-1b9a-14e2-c05955f3e4d4" testName="DisplayNameTest" computerName="MICROSOF-4C612A" duration="00:00:00.0033216" startTime="2011-05-29T01:26:59.8906250+03:00" endTime="2011-05-29T01:26:59.9062500+03:00" testType="13cdc9d9-ddb5-4fa4-a97d-d965ccfc6d4b" outcome="Failed" testListId="8c84fa94-04c1-424b-9868-57a2d4851a1d" relativeResultsDirectory="137b198e-93fd-4445-98cb-10912e9def51">
      <Output>
        <ErrorInfo>
          <Message>Test method FaceRecognition.Test.ViewModelBaseTest.DisplayNameTest threw exception: 
System.NullReferenceException: Object reference not set to an instance of an object.</Message>
          <StackTrace>   at FaceRecognition.ViewModel.ViewModelBase_Accessor.set_DisplayName(String value)
   at FaceRecognition.Test.ViewModelBaseTest.DisplayNameTest() in D:\DiplomProject\FaceRecognition\FaceRecognition.Test\ViewModelBaseTest.cs:line 336
</StackTrace>
        </ErrorInfo>
      </Output>
    </UnitTestResult>
    <UnitTestResult executionId="efdc6d73-5d05-4cf5-ab11-0a729ad7afe7" testId="0fa8a271-0ce5-1871-706c-01c7f9c0ab84" testName="ImagesTest" computerName="MICROSOF-4C612A" duration="00:00:00.0034859" startTime="2011-05-29T01:26:59.9218750+03:00" endTime="2011-05-29T01:26:59.9218750+03:00" testType="13cdc9d9-ddb5-4fa4-a97d-d965ccfc6d4b" outcome="Failed" testListId="8c84fa94-04c1-424b-9868-57a2d4851a1d" relativeResultsDirectory="efdc6d73-5d05-4cf5-ab11-0a729ad7afe7">
      <Output>
        <ErrorInfo>
          <Message>Test method FaceRecognition.Test.ViewModelBaseTest.ImagesTest threw exception: 
System.NullReferenceException: Object reference not set to an instance of an object.</Message>
          <StackTrace>    at FaceRecognition.Test.ViewModelBaseTest.ImagesTest() in D:\DiplomProject\FaceRecognition\FaceRecognition.Test\ViewModelBaseTest.cs:line 351
</StackTrace>
        </ErrorInfo>
      </Output>
    </UnitTestResult>
    <UnitTestResult executionId="24953806-1f6b-4ad6-a752-63b2e9e4178d" testId="9c7ea621-3afa-ed95-4a8b-58370581afeb" testName="RecognizedFacesTest" computerName="MICROSOF-4C612A" duration="00:00:00.0026562" startTime="2011-05-29T01:26:59.9375000+03:00" endTime="2011-05-29T01:26:59.9531250+03:00" testType="13cdc9d9-ddb5-4fa4-a97d-d965ccfc6d4b" outcome="Failed" testListId="8c84fa94-04c1-424b-9868-57a2d4851a1d" relativeResultsDirectory="24953806-1f6b-4ad6-a752-63b2e9e4178d">
      <Output>
        <ErrorInfo>
          <Message>Test method FaceRecognition.Test.ViewModelBaseTest.RecognizedFacesTest threw exception: 
System.NullReferenceException: Object reference not set to an instance of an object.</Message>
          <StackTrace>    at FaceRecognition.Test.ViewModelBaseTest.RecognizedFacesTest() in D:\DiplomProject\FaceRecognition\FaceRecognition.Test\ViewModelBaseTest.cs:line 366
</StackTrace>
        </ErrorInfo>
      </Output>
    </UnitTestResult>
    <UnitTestResult executionId="a1435fe8-4486-4a6a-9496-e750fe2c960c" testId="39bfb0b0-dc83-2afd-1271-b195bb185d02" testName="TestFacesTest" computerName="MICROSOF-4C612A" duration="00:00:00.0046667" startTime="2011-05-29T01:26:59.9687500+03:00" endTime="2011-05-29T01:27:00.0000000+03:00" testType="13cdc9d9-ddb5-4fa4-a97d-d965ccfc6d4b" outcome="Failed" testListId="8c84fa94-04c1-424b-9868-57a2d4851a1d" relativeResultsDirectory="a1435fe8-4486-4a6a-9496-e750fe2c960c">
      <Output>
        <ErrorInfo>
          <Message>Test method FaceRecognition.Test.ViewModelBaseTest.TestFacesTest threw exception: 
System.NullReferenceException: Object reference not set to an instance of an object.</Message>
          <StackTrace>    at FaceRecognition.Test.ViewModelBaseTest.TestFacesTest() in D:\DiplomProject\FaceRecognition\FaceRecognition.Test\ViewModelBaseTest.cs:line 381
</StackTrace>
        </ErrorInfo>
      </Output>
    </UnitTestResult>
    <UnitTestResult executionId="8aa9d94f-7c7e-4672-845f-a7b21f1818b9" testId="e5e5d85d-2854-556c-17c2-4e207eb6ae57" testName="TestImagesTest" computerName="MICROSOF-4C612A" duration="00:00:00.0052825" startTime="2011-05-29T01:27:00.0000000+03:00" endTime="2011-05-29T01:27:00.0156250+03:00" testType="13cdc9d9-ddb5-4fa4-a97d-d965ccfc6d4b" outcome="Failed" testListId="8c84fa94-04c1-424b-9868-57a2d4851a1d" relativeResultsDirectory="8aa9d94f-7c7e-4672-845f-a7b21f1818b9">
      <Output>
        <ErrorInfo>
          <Message>Test method FaceRecognition.Test.ViewModelBaseTest.TestImagesTest threw exception: 
System.NullReferenceException: Object reference not set to an instance of an object.</Message>
          <StackTrace>    at FaceRecognition.Test.ViewModelBaseTest.TestImagesTest() in D:\DiplomProject\FaceRecognition\FaceRecognition.Test\ViewModelBaseTest.cs:line 396
</StackTrace>
        </ErrorInfo>
      </Output>
    </UnitTestResult>
    <UnitTestResult executionId="40c16e80-e36a-4034-bd02-795070042b01" testId="5ab9c9db-fb4a-9293-b7f1-b9922978176d" testName="ThrowOnInvalidPropertyNameTest" computerName="MICROSOF-4C612A" duration="00:00:00.0138207" startTime="2011-05-29T01:27:00.0156250+03:00" endTime="2011-05-29T01:27:00.0468750+03:00" testType="13cdc9d9-ddb5-4fa4-a97d-d965ccfc6d4b" outcome="Failed" testListId="8c84fa94-04c1-424b-9868-57a2d4851a1d" relativeResultsDirectory="40c16e80-e36a-4034-bd02-795070042b01">
      <Output>
        <ErrorInfo>
          <Message>Test method FaceRecognition.Test.ViewModelBaseTest.ThrowOnInvalidPropertyNameTest threw exception: 
System.NullReferenceException: Object reference not set to an instance of an object.</Message>
          <StackTrace>   at FaceRecognition.ViewModel.ViewModelBase_Accessor.set_ThrowOnInvalidPropertyName(Boolean value)
   at FaceRecognition.Test.ViewModelBaseTest.ThrowOnInvalidPropertyNameTest() in D:\DiplomProject\FaceRecognition\FaceRecognition.Test\ViewModelBaseTest.cs:line 413
</StackTrace>
        </ErrorInfo>
      </Output>
    </UnitTestResult>
    <UnitTestResult executionId="1cb60f08-9109-4e5a-b479-8f713e13a1bf" testId="909bd9b8-5a33-7ada-50d1-0dbf0a3c3ba0" testName="TrainFacesTest" computerName="MICROSOF-4C612A" duration="00:00:00.0071964" startTime="2011-05-29T01:27:00.0468750+03:00" endTime="2011-05-29T01:27:00.0625000+03:00" testType="13cdc9d9-ddb5-4fa4-a97d-d965ccfc6d4b" outcome="Failed" testListId="8c84fa94-04c1-424b-9868-57a2d4851a1d" relativeResultsDirectory="1cb60f08-9109-4e5a-b479-8f713e13a1bf">
      <Output>
        <ErrorInfo>
          <Message>Test method FaceRecognition.Test.ViewModelBaseTest.TrainFacesTest threw exception: 
System.NullReferenceException: Object reference not set to an instance of an object.</Message>
          <StackTrace>    at FaceRecognition.Test.ViewModelBaseTest.TrainFacesTest() in D:\DiplomProject\FaceRecognition\FaceRecognition.Test\ViewModelBaseTest.cs:line 428
</StackTrace>
        </ErrorInfo>
      </Output>
    </UnitTestResult>
    <UnitTestResult executionId="88cf8fcf-9100-4ea1-913b-93615954b20e" testId="501b60ac-2c5a-4d11-2bf7-d5abfb0e11b4" testName="TrainImagesTest" computerName="MICROSOF-4C612A" duration="00:00:00.0432057" startTime="2011-05-29T01:27:00.0781250+03:00" endTime="2011-05-29T01:27:00.1250000+03:00" testType="13cdc9d9-ddb5-4fa4-a97d-d965ccfc6d4b" outcome="Failed" testListId="8c84fa94-04c1-424b-9868-57a2d4851a1d" relativeResultsDirectory="88cf8fcf-9100-4ea1-913b-93615954b20e">
      <Output>
        <ErrorInfo>
          <Message>Test method FaceRecognition.Test.ViewModelBaseTest.TrainImagesTest threw exception: 
System.NullReferenceException: Object reference not set to an instance of an object.</Message>
          <StackTrace>    at FaceRecognition.Test.ViewModelBaseTest.TrainImagesTest() in D:\DiplomProject\FaceRecognition\FaceRecognition.Test\ViewModelBaseTest.cs:line 443
</StackTrace>
        </ErrorInfo>
      </Output>
    </UnitTestResult>
    <UnitTestResult executionId="b943d05d-c16c-4f79-8650-595eb10f9e0b" testId="32608e40-f011-7837-78c5-46c5f185ef4b" testName="ControlReadyEventArgsConstructorTest" computerName="MICROSOF-4C612A" duration="00:00:00.0022053" startTime="2011-05-29T01:27:00.1406250+03:00" endTime="2011-05-29T01:27:00.1875000+03:00" testType="13cdc9d9-ddb5-4fa4-a97d-d965ccfc6d4b" outcome="Inconclusive" testListId="8c84fa94-04c1-424b-9868-57a2d4851a1d" relativeResultsDirectory="b943d05d-c16c-4f79-8650-595eb10f9e0b">
      <Output>
        <ErrorInfo>
          <Message>Assert.Inconclusive failed. TODO: Implement code to verify target</Message>
          <StackTrace>   at FaceRecognition.Test.ControlReadyEventArgsTest.ControlReadyEventArgsConstructorTest() in D:\DiplomProject\FaceRecognition\FaceRecognition.Test\ControlReadyEventArgsTest.cs:line 75
</StackTrace>
        </ErrorInfo>
      </Output>
    </UnitTestResult>
    <UnitTestResult executionId="2a39027b-433a-4e9e-99be-6fe43eeadc08" testId="530a5031-dd25-2b02-70a5-caea9d021d91" testName="IsReadyTest" computerName="MICROSOF-4C612A" duration="00:00:00.0039080" startTime="2011-05-29T01:27:00.2031250+03:00" endTime="2011-05-29T01:27:00.2187500+03:00" testType="13cdc9d9-ddb5-4fa4-a97d-d965ccfc6d4b" outcome="Failed" testListId="8c84fa94-04c1-424b-9868-57a2d4851a1d" relativeResultsDirectory="2a39027b-433a-4e9e-99be-6fe43eeadc08">
      <Output>
        <ErrorInfo>
          <Message>Test method FaceRecognition.Test.ControlReadyEventArgsTest.IsReadyTest threw exception: 
System.NullReferenceException: Object reference not set to an instance of an object.</Message>
          <StackTrace>   at FaceRecognition.ViewModel.CustomEventArgs.ControlReadyEventArgs_Accessor.set_IsReady(Boolean value)
   at FaceRecognition.Test.ControlReadyEventArgsTest.IsReadyTest() in D:\DiplomProject\FaceRecognition\FaceRecognition.Test\ControlReadyEventArgsTest.cs:line 89
</StackTrace>
        </ErrorInfo>
      </Output>
    </UnitTestResult>
    <UnitTestResult executionId="bd45fe03-a731-4ee1-b296-d93f91caf296" testId="67d6dd01-0770-343e-c73f-78163774e2ed" testName="NumberTrainTestFacesEventArgsConstructorTest" computerName="MICROSOF-4C612A" duration="00:00:00.0061541" startTime="2011-05-29T01:27:00.2187500+03:00" endTime="2011-05-29T01:27:00.2500000+03:00" testType="13cdc9d9-ddb5-4fa4-a97d-d965ccfc6d4b" outcome="Inconclusive" testListId="8c84fa94-04c1-424b-9868-57a2d4851a1d" relativeResultsDirectory="bd45fe03-a731-4ee1-b296-d93f91caf296">
      <Output>
        <ErrorInfo>
          <Message>Assert.Inconclusive failed. TODO: Implement code to verify target</Message>
          <StackTrace>   at FaceRecognition.Test.NumberTrainTestFacesEventArgsTest.NumberTrainTestFacesEventArgsConstructorTest() in D:\DiplomProject\FaceRecognition\FaceRecognition.Test\NumberTrainTestFacesEventArgsTest.cs:line 76
</StackTrace>
        </ErrorInfo>
      </Output>
    </UnitTestResult>
    <UnitTestResult executionId="f4358986-5d4a-4530-bae7-377c6a435e46" testId="af891f49-0e3f-f335-f7af-da840ebc15f7" testName="NumberTestFacesTest" computerName="MICROSOF-4C612A" duration="00:00:00.0037275" startTime="2011-05-29T01:27:00.2656250+03:00" endTime="2011-05-29T01:27:00.2812500+03:00" testType="13cdc9d9-ddb5-4fa4-a97d-d965ccfc6d4b" outcome="Failed" testListId="8c84fa94-04c1-424b-9868-57a2d4851a1d" relativeResultsDirectory="f4358986-5d4a-4530-bae7-377c6a435e46">
      <Output>
        <ErrorInfo>
          <Message>Test method FaceRecognition.Test.NumberTrainTestFacesEventArgsTest.NumberTestFacesTest threw exception: 
System.NullReferenceException: Object reference not set to an instance of an object.</Message>
          <StackTrace>   at FaceRecognition.ViewModel.CustomEventArgs.NumberTrainTestFacesEventArgs_Accessor.set_NumberTestFaces(Int32 value)
   at FaceRecognition.Test.NumberTrainTestFacesEventArgsTest.NumberTestFacesTest() in D:\DiplomProject\FaceRecognition\FaceRecognition.Test\NumberTrainTestFacesEventArgsTest.cs:line 90
</StackTrace>
        </ErrorInfo>
      </Output>
    </UnitTestResult>
    <UnitTestResult executionId="54eb7031-a5e4-42fe-8dac-268e3497041f" testId="74215cd6-2a86-dc16-d21d-8776ddf52a58" testName="NumberTrainFacesTest" computerName="MICROSOF-4C612A" duration="00:00:00.0060122" startTime="2011-05-29T01:27:00.2812500+03:00" endTime="2011-05-29T01:27:00.3125000+03:00" testType="13cdc9d9-ddb5-4fa4-a97d-d965ccfc6d4b" outcome="Failed" testListId="8c84fa94-04c1-424b-9868-57a2d4851a1d" relativeResultsDirectory="54eb7031-a5e4-42fe-8dac-268e3497041f">
      <Output>
        <ErrorInfo>
          <Message>Test method FaceRecognition.Test.NumberTrainTestFacesEventArgsTest.NumberTrainFacesTest threw exception: 
System.NullReferenceException: Object reference not set to an instance of an object.</Message>
          <StackTrace>   at FaceRecognition.ViewModel.CustomEventArgs.NumberTrainTestFacesEventArgs_Accessor.set_NumberTrainFaces(Int32 value)
   at FaceRecognition.Test.NumberTrainTestFacesEventArgsTest.NumberTrainFacesTest() in D:\DiplomProject\FaceRecognition\FaceRecognition.Test\NumberTrainTestFacesEventArgsTest.cs:line 107
</StackTrace>
        </ErrorInfo>
      </Output>
    </UnitTestResult>
    <UnitTestResult executionId="6ea78aeb-8a4c-4137-8d87-c60c32e204a7" testId="642b3077-c714-6a17-5a1b-f9cf17d447d6" testName="RecognizeEventArgsConstructorTest" computerName="MICROSOF-4C612A" duration="00:00:00.0026034" startTime="2011-05-29T01:27:00.3281250+03:00" endTime="2011-05-29T01:27:00.3437500+03:00" testType="13cdc9d9-ddb5-4fa4-a97d-d965ccfc6d4b" outcome="Inconclusive" testListId="8c84fa94-04c1-424b-9868-57a2d4851a1d" relativeResultsDirectory="6ea78aeb-8a4c-4137-8d87-c60c32e204a7">
      <Output>
        <ErrorInfo>
          <Message>Assert.Inconclusive failed. TODO: Implement code to verify target</Message>
          <StackTrace>   at FaceRecognition.Test.RecognizeEventArgsTest.RecognizeEventArgsConstructorTest() in D:\DiplomProject\FaceRecognition\FaceRecognition.Test\RecognizeEventArgsTest.cs:line 77
</StackTrace>
        </ErrorInfo>
      </Output>
    </UnitTestResult>
    <UnitTestResult executionId="a20927bf-bcfb-455a-8c9c-fe946dd4a304" testId="80556684-6f58-a294-60f0-75e02ef713fc" testName="MethodNameTest" computerName="MICROSOF-4C612A" duration="00:00:00.0039535" startTime="2011-05-29T01:27:00.3593750+03:00" endTime="2011-05-29T01:27:00.3750000+03:00" testType="13cdc9d9-ddb5-4fa4-a97d-d965ccfc6d4b" outcome="Failed" testListId="8c84fa94-04c1-424b-9868-57a2d4851a1d" relativeResultsDirectory="a20927bf-bcfb-455a-8c9c-fe946dd4a304">
      <Output>
        <ErrorInfo>
          <Message>Test method FaceRecognition.Test.RecognizeEventArgsTest.MethodNameTest threw exception: 
System.NullReferenceException: Object reference not set to an instance of an object.</Message>
          <StackTrace>   at FaceRecognition.ViewModel.CustomEventArgs.RecognizeEventArgs_Accessor.set_MethodName(String value)
   at FaceRecognition.Test.RecognizeEventArgsTest.MethodNameTest() in D:\DiplomProject\FaceRecognition\FaceRecognition.Test\RecognizeEventArgsTest.cs:line 91
</StackTrace>
        </ErrorInfo>
      </Output>
    </UnitTestResult>
    <UnitTestResult executionId="f53e0136-9c1a-48cb-9ea1-8d5922808359" testId="e499537d-fef3-5ca1-473a-e65ee85bb6d2" testName="PercentRecFacesTest" computerName="MICROSOF-4C612A" duration="00:00:00.0032208" startTime="2011-05-29T01:27:00.3906250+03:00" endTime="2011-05-29T01:27:00.4062500+03:00" testType="13cdc9d9-ddb5-4fa4-a97d-d965ccfc6d4b" outcome="Failed" testListId="8c84fa94-04c1-424b-9868-57a2d4851a1d" relativeResultsDirectory="f53e0136-9c1a-48cb-9ea1-8d5922808359">
      <Output>
        <ErrorInfo>
          <Message>Test method FaceRecognition.Test.RecognizeEventArgsTest.PercentRecFacesTest threw exception: 
System.NullReferenceException: Object reference not set to an instance of an object.</Message>
          <StackTrace>   at FaceRecognition.ViewModel.CustomEventArgs.RecognizeEventArgs_Accessor.set_PercentRecFaces(Double value)
   at FaceRecognition.Test.RecognizeEventArgsTest.PercentRecFacesTest() in D:\DiplomProject\FaceRecognition\FaceRecognition.Test\RecognizeEventArgsTest.cs:line 108
</StackTrace>
        </ErrorInfo>
      </Output>
    </UnitTestResult>
    <UnitTestResult executionId="a7d24206-5689-4716-8162-55716fb50b0a" testId="5a72f6e9-0ed5-2c0d-a4e7-ebd4733802a5" testName="RecognizeTimeTest" computerName="MICROSOF-4C612A" duration="00:00:00.0034292" startTime="2011-05-29T01:27:00.4218750+03:00" endTime="2011-05-29T01:27:00.4218750+03:00" testType="13cdc9d9-ddb5-4fa4-a97d-d965ccfc6d4b" outcome="Failed" testListId="8c84fa94-04c1-424b-9868-57a2d4851a1d" relativeResultsDirectory="a7d24206-5689-4716-8162-55716fb50b0a">
      <Output>
        <ErrorInfo>
          <Message>Test method FaceRecognition.Test.RecognizeEventArgsTest.RecognizeTimeTest threw exception: 
System.NullReferenceException: Object reference not set to an instance of an object.</Message>
          <StackTrace>   at FaceRecognition.ViewModel.CustomEventArgs.RecognizeEventArgs_Accessor.set_RecognizeTime(Double value)
   at FaceRecognition.Test.RecognizeEventArgsTest.RecognizeTimeTest() in D:\DiplomProject\FaceRecognition\FaceRecognition.Test\RecognizeEventArgsTest.cs:line 125
</StackTrace>
        </ErrorInfo>
      </Output>
    </UnitTestResult>
    <UnitTestResult executionId="4d791469-65d9-440d-8598-1b60b63103a2" testId="b4faa6c0-0141-777a-592f-40dd48ba28fc" testName="RecognizeMethodEventArgsConstructorTest" computerName="MICROSOF-4C612A" duration="00:00:00.0014462" startTime="2011-05-29T01:27:00.4375000+03:00" endTime="2011-05-29T01:27:00.4531250+03:00" testType="13cdc9d9-ddb5-4fa4-a97d-d965ccfc6d4b" outcome="Inconclusive" testListId="8c84fa94-04c1-424b-9868-57a2d4851a1d" relativeResultsDirectory="4d791469-65d9-440d-8598-1b60b63103a2">
      <Output>
        <ErrorInfo>
          <Message>Assert.Inconclusive failed. TODO: Implement code to verify target</Message>
          <StackTrace>   at FaceRecognition.Test.RecognizeMethodEventArgsTest.RecognizeMethodEventArgsConstructorTest() in D:\DiplomProject\FaceRecognition\FaceRecognition.Test\RecognizeMethodEventArgsTest.cs:line 75
</StackTrace>
        </ErrorInfo>
      </Output>
    </UnitTestResult>
    <UnitTestResult executionId="6bb6cc3f-2e46-4c3d-a42f-2fda3e58d322" testId="d67db5fd-3360-e0cf-5b7d-b0406031914d" testName="SelectedMethodTest" computerName="MICROSOF-4C612A" duration="00:00:00.0038253" startTime="2011-05-29T01:27:00.4687500+03:00" endTime="2011-05-29T01:27:00.4687500+03:00" testType="13cdc9d9-ddb5-4fa4-a97d-d965ccfc6d4b" outcome="Failed" testListId="8c84fa94-04c1-424b-9868-57a2d4851a1d" relativeResultsDirectory="6bb6cc3f-2e46-4c3d-a42f-2fda3e58d322">
      <Output>
        <ErrorInfo>
          <Message>Test method FaceRecognition.Test.RecognizeMethodEventArgsTest.SelectedMethodTest threw exception: 
System.NullReferenceException: Object reference not set to an instance of an object.</Message>
          <StackTrace>   at FaceRecognition.ViewModel.CustomEventArgs.RecognizeMethodEventArgs_Accessor.set_SelectedMethod(String value)
   at FaceRecognition.Test.RecognizeMethodEventArgsTest.SelectedMethodTest() in D:\DiplomProject\FaceRecognition\FaceRecognition.Test\RecognizeMethodEventArgsTest.cs:line 89
</StackTrace>
        </ErrorInfo>
      </Output>
    </UnitTestResult>
    <UnitTestResult executionId="a099e635-ac67-4576-9fe0-87d2212f3168" testId="437672c3-2fb9-6d88-8813-87e0e0b9ca42" testName="SelectedFaceDbEventArgsConstructorTest" computerName="MICROSOF-4C612A" duration="00:00:00.0591287" startTime="2011-05-29T01:27:00.4843750+03:00" endTime="2011-05-29T01:27:00.5625000+03:00" testType="13cdc9d9-ddb5-4fa4-a97d-d965ccfc6d4b" outcome="Inconclusive" testListId="8c84fa94-04c1-424b-9868-57a2d4851a1d" relativeResultsDirectory="a099e635-ac67-4576-9fe0-87d2212f3168">
      <Output>
        <ErrorInfo>
          <Message>Assert.Inconclusive failed. TODO: Implement code to verify target</Message>
          <StackTrace>   at FaceRecognition.Test.SelectedFaceDbEventArgsTest.SelectedFaceDbEventArgsConstructorTest() in D:\DiplomProject\FaceRecognition\FaceRecognition.Test\SelectedFaceDbEventArgsTest.cs:line 75
</StackTrace>
        </ErrorInfo>
      </Output>
    </UnitTestResult>
    <UnitTestResult executionId="927f6b4c-f85e-4aba-80bf-a0b15eea3297" testId="3d46ac8f-5a73-ef48-74d1-dabab78ecc40" testName="SelectedIdTest" computerName="MICROSOF-4C612A" duration="00:00:00.0058113" startTime="2011-05-29T01:27:00.5625000+03:00" endTime="2011-05-29T01:27:00.5781250+03:00" testType="13cdc9d9-ddb5-4fa4-a97d-d965ccfc6d4b" outcome="Failed" testListId="8c84fa94-04c1-424b-9868-57a2d4851a1d" relativeResultsDirectory="927f6b4c-f85e-4aba-80bf-a0b15eea3297">
      <Output>
        <ErrorInfo>
          <Message>Test method FaceRecognition.Test.SelectedFaceDbEventArgsTest.SelectedIdTest threw exception: 
System.NullReferenceException: Object reference not set to an instance of an object.</Message>
          <StackTrace>   at FaceRecognition.ViewModel.CustomEventArgs.SelectedFaceDbEventArgs_Accessor.set_SelectedId(Int32 value)
   at FaceRecognition.Test.SelectedFaceDbEventArgsTest.SelectedIdTest() in D:\DiplomProject\FaceRecognition\FaceRecognition.Test\SelectedFaceDbEventArgsTest.cs:line 89
</StackTrace>
        </ErrorInfo>
      </Output>
    </UnitTestResult>
    <UnitTestResult executionId="f018caa2-984c-4bf2-9ba4-92d9a455f24f" testId="8a1333c1-c909-f5dc-e05e-cbdcf0394349" testName="TrainSuccessEventArgsConstructorTest" computerName="MICROSOF-4C612A" duration="00:00:00.0031375" startTime="2011-05-29T01:27:00.5937500+03:00" endTime="2011-05-29T01:27:00.5937500+03:00" testType="13cdc9d9-ddb5-4fa4-a97d-d965ccfc6d4b" outcome="Inconclusive" testListId="8c84fa94-04c1-424b-9868-57a2d4851a1d" relativeResultsDirectory="f018caa2-984c-4bf2-9ba4-92d9a455f24f">
      <Output>
        <ErrorInfo>
          <Message>Assert.Inconclusive failed. TODO: Implement code to verify target</Message>
          <StackTrace>   at FaceRecognition.Test.TrainSuccessEventArgsTest.TrainSuccessEventArgsConstructorTest() in D:\DiplomProject\FaceRecognition\FaceRecognition.Test\TrainSuccessEventArgsTest.cs:line 75
</StackTrace>
        </ErrorInfo>
      </Output>
    </UnitTestResult>
    <UnitTestResult executionId="7a14cb51-2469-42c4-a4c1-97b3d237a363" testId="d4f17dbd-3843-af90-3a4e-885b62104069" testName="IsSuccessTest" computerName="MICROSOF-4C612A" duration="00:00:00.0089036" startTime="2011-05-29T01:27:00.6250000+03:00" endTime="2011-05-29T01:27:00.6406250+03:00" testType="13cdc9d9-ddb5-4fa4-a97d-d965ccfc6d4b" outcome="Failed" testListId="8c84fa94-04c1-424b-9868-57a2d4851a1d" relativeResultsDirectory="7a14cb51-2469-42c4-a4c1-97b3d237a363">
      <Output>
        <ErrorInfo>
          <Message>Test method FaceRecognition.Test.TrainSuccessEventArgsTest.IsSuccessTest threw exception: 
System.NullReferenceException: Object reference not set to an instance of an object.</Message>
          <StackTrace>   at FaceRecognition.ViewModel.CustomEventArgs.TrainSuccessEventArgs_Accessor.set_IsSuccess(Boolean value)
   at FaceRecognition.Test.TrainSuccessEventArgsTest.IsSuccessTest() in D:\DiplomProject\FaceRecognition\FaceRecognition.Test\TrainSuccessEventArgsTest.cs:line 89
</StackTrace>
        </ErrorInfo>
      </Output>
    </UnitTestResult>
    <UnitTestResult executionId="8870f2e7-489a-4d0b-a803-62c651aa9eb5" testId="8cb7a19a-dddd-f69e-0b9b-77ee896e50f2" testName="EigenFaceViewModelConstructorTest" computerName="MICROSOF-4C612A" duration="00:00:00.0017708" startTime="2011-05-29T01:27:00.6406250+03:00" endTime="2011-05-29T01:27:00.6562500+03:00" testType="13cdc9d9-ddb5-4fa4-a97d-d965ccfc6d4b" outcome="Inconclusive" testListId="8c84fa94-04c1-424b-9868-57a2d4851a1d" relativeResultsDirectory="8870f2e7-489a-4d0b-a803-62c651aa9eb5">
      <Output>
        <ErrorInfo>
          <Message>Assert.Inconclusive failed. TODO: Implement code to verify target</Message>
          <StackTrace>   at FaceRecognition.Test.EigenFaceViewModelTest.EigenFaceViewModelConstructorTest() in D:\DiplomProject\FaceRecognition\FaceRecognition.Test\EigenFaceViewModelTest.cs:line 75
</StackTrace>
        </ErrorInfo>
      </Output>
    </UnitTestResult>
    <UnitTestResult executionId="c6d124b4-a24a-4425-ad8b-d351e52cab3e" testId="14a15fd5-9db2-70bd-ef8a-2036894a25bd" testName="RecognizeTest" computerName="MICROSOF-4C612A" duration="00:00:04.3529876" startTime="2011-05-29T01:27:00.6718750+03:00" endTime="2011-05-29T01:27:05.0625000+03:00" testType="13cdc9d9-ddb5-4fa4-a97d-d965ccfc6d4b" outcome="Inconclusive" testListId="8c84fa94-04c1-424b-9868-57a2d4851a1d" relativeResultsDirectory="c6d124b4-a24a-4425-ad8b-d351e52cab3e">
      <Output>
        <ErrorInfo>
          <Message>Assert.Inconclusive failed. A method that does not return a value cannot be verified.</Message>
          <StackTrace>   at FaceRecognition.Test.EigenFaceViewModelTest.RecognizeTest() in D:\DiplomProject\FaceRecognition\FaceRecognition.Test\EigenFaceViewModelTest.cs:line 86
</StackTrace>
        </ErrorInfo>
      </Output>
    </UnitTestResult>
    <UnitTestResult executionId="05450fad-678c-44e8-8fe7-7a3780427d8b" testId="22d326d5-8c9f-87d3-ec90-14275a3b357e" testName="ThreadPoolTrainTest" computerName="MICROSOF-4C612A" duration="00:00:00.0076358" startTime="2011-05-29T01:27:05.0625000+03:00" endTime="2011-05-29T01:27:05.0781250+03:00" testType="13cdc9d9-ddb5-4fa4-a97d-d965ccfc6d4b" outcome="Failed" testListId="8c84fa94-04c1-424b-9868-57a2d4851a1d" relativeResultsDirectory="05450fad-678c-44e8-8fe7-7a3780427d8b">
      <Output>
        <ErrorInfo>
          <Message>Test method FaceRecognition.Test.EigenFaceViewModelTest.ThreadPoolTrainTest threw exception: 
Microsoft.Practices.ServiceLocation.ActivationException: Activation error occured while trying to get instance of type ExceptionPolicyImpl, key "BisunessLogic Policy" ---&gt; Microsoft.Practices.Unity.ResolutionFailedException: Resolution of the dependency failed, type = "Microsoft.Practices.EnterpriseLibrary.ExceptionHandling.ExceptionPolicyImpl", name = "BisunessLogic Policy".
Exception occurred while: while resolving.
Exception is: InvalidOperationException - The type ExceptionPolicyImpl has multiple constructors of length 2. Unable to disambiguate.
-----------------------------------------------
At the time of the exception, the container was:

  Resolving Microsoft.Practices.EnterpriseLibrary.ExceptionHandling.ExceptionPolicyImpl,BisunessLogic Policy
 ---&gt; System.InvalidOperationException: The type ExceptionPolicyImpl has multiple constructors of length 2. Unable to disambiguate.</Message>
          <StackTrace>    at Microsoft.Practices.ObjectBuilder2.ConstructorSelectorPolicyBase`1.FindLongestConstructor(Type typeToConstruct) in e:\Builds\Unity\UnityTemp\Compile\Unity\Unity\Src\ObjectBuilder\Strategies\BuildPlan\Creation\ConstructorSelectorPolicyBase.cs:line 113
   at Microsoft.Practices.ObjectBuilder2.ConstructorSelectorPolicyBase`1.SelectConstructor(IBuilderContext context, IPolicyList resolverPolicyDestination) in e:\Builds\Unity\UnityTemp\Compile\Unity\Unity\Src\ObjectBuilder\Strategies\BuildPlan\Creation\ConstructorSelectorPolicyBase.cs:line 38
   at Microsoft.Practices.ObjectBuilder2.DynamicMethodConstructorStrategy.PreBuildUp(IBuilderContext context) in e:\Builds\Unity\UnityTemp\Compile\Unity\Unity\Src\ObjectBuilder\Strategies\BuildPlan\DynamicMethod\Creation\DynamicMethodConstructorStrategy.cs:line 69
   at Microsoft.Practices.ObjectBuilder2.StrategyChain.ExecuteBuildUp(IBuilderContext context) in e:\Builds\Unity\UnityTemp\Compile\Unity\Unity\Src\ObjectBuilder\Strategies\StrategyChain.cs:line 110
   at Microsoft.Practices.ObjectBuilder2.DynamicMethodBuildPlanCreatorPolicy.CreatePlan(IBuilderContext context, NamedTypeBuildKey buildKey) in e:\Builds\Unity\UnityTemp\Compile\Unity\Unity\Src\ObjectBuilder\Strategies\BuildPlan\DynamicMethod\DynamicMethodBuildPlanCreatorPolicy.cs:line 48
   at Microsoft.Practices.ObjectBuilder2.BuildPlanStrategy.PreBuildUp(IBuilderContext context) in e:\Builds\Unity\UnityTemp\Compile\Unity\Unity\Src\ObjectBuilder\Strategies\BuildPlan\BuildPlanStrategy.cs:line 37
   at Microsoft.Practices.ObjectBuilder2.StrategyChain.ExecuteBuildUp(IBuilderContext context) in e:\Builds\Unity\UnityTemp\Compile\Unity\Unity\Src\ObjectBuilder\Strategies\StrategyChain.cs:line 110
   at Microsoft.Practices.Unity.UnityContainer.DoBuildUp(Type t, Object existing, String name, IEnumerable`1 resolverOverrides) in e:\Builds\Unity\UnityTemp\Compile\Unity\Unity\Src\UnityContainer.cs:line 511
 --- End of inner exception stack trace ---
    at Microsoft.Practices.Unity.UnityContainer.DoBuildUp(Type t, Object existing, String name, IEnumerable`1 resolverOverrides) in e:\Builds\Unity\UnityTemp\Compile\Unity\Unity\Src\UnityContainer.cs:line 515
   at Microsoft.Practices.Unity.UnityContainer.Resolve(Type t, String name, ResolverOverride[] resolverOverrides) in e:\Builds\Unity\UnityTemp\Compile\Unity\Unity\Src\UnityContainer.cs:line 173
   at Microsoft.Practices.Unity.UnityServiceLocator.DoGetInstance(Type serviceType, String key) in e:\Builds\Unity\UnityTemp\Compile\Unity\Unity\Src\UnityServiceLocator.cs:line 64
   at Microsoft.Practices.ServiceLocation.ServiceLocatorImplBase.GetInstance(Type serviceType, String key) in c:\Home\Chris\Projects\CommonServiceLocator\main\Microsoft.Practices.ServiceLocation\ServiceLocatorImplBase.cs:line 49
 --- End of inner exception stack trace ---
   at FaceRecognition.ViewModel.RecognitionMethodsViewModel.EigenFaceViewModel_Accessor.ThreadPoolTrain()
   at FaceRecognition.Test.EigenFaceViewModelTest.ThreadPoolTrainTest() in D:\DiplomProject\FaceRecognition\FaceRecognition.Test\EigenFaceViewModelTest.cs:line 97
</StackTrace>
        </ErrorInfo>
      </Output>
    </UnitTestResult>
    <UnitTestResult executionId="31de4bfc-ba47-4fcf-a314-cba784ad28b0" testId="e022bf89-195f-88bc-f963-d94f95599188" testName="TrainTest" computerName="MICROSOF-4C612A" duration="00:00:00.0081859" startTime="2011-05-29T01:27:05.0937500+03:00" endTime="2011-05-29T01:27:05.1093750+03:00" testType="13cdc9d9-ddb5-4fa4-a97d-d965ccfc6d4b" outcome="Inconclusive" testListId="8c84fa94-04c1-424b-9868-57a2d4851a1d" relativeResultsDirectory="31de4bfc-ba47-4fcf-a314-cba784ad28b0">
      <Output>
        <ErrorInfo>
          <Message>Assert.Inconclusive failed. A method that does not return a value cannot be verified.</Message>
          <StackTrace>   at FaceRecognition.Test.EigenFaceViewModelTest.TrainTest() in D:\DiplomProject\FaceRecognition\FaceRecognition.Test\EigenFaceViewModelTest.cs:line 109
</StackTrace>
        </ErrorInfo>
      </Output>
    </UnitTestResult>
    <UnitTestResult executionId="dff810a5-5063-44f4-a275-5c77cf5da790" testId="adb37387-d729-75e9-90d3-3a0def61a885" testName="_recTimer_ElapsedTest" computerName="MICROSOF-4C612A" duration="00:00:00.0050213" startTime="2011-05-29T01:27:05.1250000+03:00" endTime="2011-05-29T01:27:05.1250000+03:00" testType="13cdc9d9-ddb5-4fa4-a97d-d965ccfc6d4b" outcome="Inconclusive" testListId="8c84fa94-04c1-424b-9868-57a2d4851a1d" relativeResultsDirectory="dff810a5-5063-44f4-a275-5c77cf5da790">
      <Output>
        <ErrorInfo>
          <Message>Assert.Inconclusive failed. A method that does not return a value cannot be verified.</Message>
          <StackTrace>   at FaceRecognition.Test.EigenFaceViewModelTest._recTimer_ElapsedTest() in D:\DiplomProject\FaceRecognition\FaceRecognition.Test\EigenFaceViewModelTest.cs:line 123
</StackTrace>
        </ErrorInfo>
      </Output>
    </UnitTestResult>
    <UnitTestResult executionId="391f06e5-68a3-47c8-8a72-a893ca3a9525" testId="18d3781a-ec4e-a3cb-1253-8c635d00c540" testName="_trainTimer_ElapsedTest" computerName="MICROSOF-4C612A" duration="00:00:00.0146753" startTime="2011-05-29T01:27:05.1406250+03:00" endTime="2011-05-29T01:27:05.1562500+03:00" testType="13cdc9d9-ddb5-4fa4-a97d-d965ccfc6d4b" outcome="Inconclusive" testListId="8c84fa94-04c1-424b-9868-57a2d4851a1d" relativeResultsDirectory="391f06e5-68a3-47c8-8a72-a893ca3a9525">
      <Output>
        <ErrorInfo>
          <Message>Assert.Inconclusive failed. A method that does not return a value cannot be verified.</Message>
          <StackTrace>   at FaceRecognition.Test.EigenFaceViewModelTest._trainTimer_ElapsedTest() in D:\DiplomProject\FaceRecognition\FaceRecognition.Test\EigenFaceViewModelTest.cs:line 137
</StackTrace>
        </ErrorInfo>
      </Output>
    </UnitTestResult>
    <UnitTestResult executionId="a4b62a98-1c43-4621-9390-0648a114a47f" testId="12e8cee5-e5fd-f6df-4af1-a8d150dcea96" testName="NeuralNetworksViewModelConstructorTest" computerName="MICROSOF-4C612A" duration="00:00:00.0306550" startTime="2011-05-29T01:27:05.1718750+03:00" endTime="2011-05-29T01:27:05.2187500+03:00" testType="13cdc9d9-ddb5-4fa4-a97d-d965ccfc6d4b" outcome="Failed" testListId="8c84fa94-04c1-424b-9868-57a2d4851a1d" relativeResultsDirectory="a4b62a98-1c43-4621-9390-0648a114a47f">
      <Output>
        <ErrorInfo>
          <Message>Test method FaceRecognition.Test.NeuralNetworksViewModelTest.NeuralNetworksViewModelConstructorTest threw exception: 
System.NullReferenceException: Object reference not set to an instance of an object.</Message>
          <StackTrace>    at FaceRecognition.ViewModel.RecognitionMethodsViewModel.NeuralNetworksViewModel.CreateNeuralNetwork() in D:\DiplomProject\FaceRecognition\ViewModel\RecognitionMethodsViewModel\NeuralNetworksViewModel.cs:line 296
   at FaceRecognition.ViewModel.RecognitionMethodsViewModel.NeuralNetworksViewModel..ctor(Int32 selectedMethod) in D:\DiplomProject\FaceRecognition\ViewModel\RecognitionMethodsViewModel\NeuralNetworksViewModel.cs:line 96
   at FaceRecognition.Test.NeuralNetworksViewModelTest.NeuralNetworksViewModelConstructorTest() in D:\DiplomProject\FaceRecognition\FaceRecognition.Test\NeuralNetworksViewModelTest.cs:line 77
</StackTrace>
        </ErrorInfo>
      </Output>
    </UnitTestResult>
    <UnitTestResult executionId="8cfad24a-aab8-4ae2-ab01-5fc51c9857eb" testId="a361c80b-f058-11ef-3fbe-93c35d655f82" testName="NeuralNetworksViewModelConstructorTest1" computerName="MICROSOF-4C612A" duration="00:00:00.0096394" startTime="2011-05-29T01:27:05.2343750+03:00" endTime="2011-05-29T01:27:05.2500000+03:00" testType="13cdc9d9-ddb5-4fa4-a97d-d965ccfc6d4b" outcome="Failed" testListId="8c84fa94-04c1-424b-9868-57a2d4851a1d" relativeResultsDirectory="8cfad24a-aab8-4ae2-ab01-5fc51c9857eb">
      <Output>
        <ErrorInfo>
          <Message>Test method FaceRecognition.Test.NeuralNetworksViewModelTest.NeuralNetworksViewModelConstructorTest1 threw exception: 
Microsoft.Practices.ServiceLocation.ActivationException: Activation error occured while trying to get instance of type ExceptionPolicyImpl, key "BisunessLogic Policy" ---&gt; Microsoft.Practices.Unity.ResolutionFailedException: Resolution of the dependency failed, type = "Microsoft.Practices.EnterpriseLibrary.ExceptionHandling.ExceptionPolicyImpl", name = "BisunessLogic Policy".
Exception occurred while: while resolving.
Exception is: InvalidOperationException - The type ExceptionPolicyImpl has multiple constructors of length 2. Unable to disambiguate.
-----------------------------------------------
At the time of the exception, the container was:

  Resolving Microsoft.Practices.EnterpriseLibrary.ExceptionHandling.ExceptionPolicyImpl,BisunessLogic Policy
 ---&gt; System.InvalidOperationException: The type ExceptionPolicyImpl has multiple constructors of length 2. Unable to disambiguate.</Message>
          <StackTrace>    at Microsoft.Practices.ObjectBuilder2.ConstructorSelectorPolicyBase`1.FindLongestConstructor(Type typeToConstruct) in e:\Builds\Unity\UnityTemp\Compile\Unity\Unity\Src\ObjectBuilder\Strategies\BuildPlan\Creation\ConstructorSelectorPolicyBase.cs:line 113
   at Microsoft.Practices.ObjectBuilder2.ConstructorSelectorPolicyBase`1.SelectConstructor(IBuilderContext context, IPolicyList resolverPolicyDestination) in e:\Builds\Unity\UnityTemp\Compile\Unity\Unity\Src\ObjectBuilder\Strategies\BuildPlan\Creation\ConstructorSelectorPolicyBase.cs:line 38
   at Microsoft.Practices.ObjectBuilder2.DynamicMethodConstructorStrategy.PreBuildUp(IBuilderContext context) in e:\Builds\Unity\UnityTemp\Compile\Unity\Unity\Src\ObjectBuilder\Strategies\BuildPlan\DynamicMethod\Creation\DynamicMethodConstructorStrategy.cs:line 69
   at Microsoft.Practices.ObjectBuilder2.StrategyChain.ExecuteBuildUp(IBuilderContext context) in e:\Builds\Unity\UnityTemp\Compile\Unity\Unity\Src\ObjectBuilder\Strategies\StrategyChain.cs:line 110
   at Microsoft.Practices.ObjectBuilder2.DynamicMethodBuildPlanCreatorPolicy.CreatePlan(IBuilderContext context, NamedTypeBuildKey buildKey) in e:\Builds\Unity\UnityTemp\Compile\Unity\Unity\Src\ObjectBuilder\Strategies\BuildPlan\DynamicMethod\DynamicMethodBuildPlanCreatorPolicy.cs:line 48
   at Microsoft.Practices.ObjectBuilder2.BuildPlanStrategy.PreBuildUp(IBuilderContext context) in e:\Builds\Unity\UnityTemp\Compile\Unity\Unity\Src\ObjectBuilder\Strategies\BuildPlan\BuildPlanStrategy.cs:line 37
   at Microsoft.Practices.ObjectBuilder2.StrategyChain.ExecuteBuildUp(IBuilderContext context) in e:\Builds\Unity\UnityTemp\Compile\Unity\Unity\Src\ObjectBuilder\Strategies\StrategyChain.cs:line 110
   at Microsoft.Practices.Unity.UnityContainer.DoBuildUp(Type t, Object existing, String name, IEnumerable`1 resolverOverrides) in e:\Builds\Unity\UnityTemp\Compile\Unity\Unity\Src\UnityContainer.cs:line 511
 --- End of inner exception stack trace ---
    at Microsoft.Practices.Unity.UnityContainer.DoBuildUp(Type t, Object existing, String name, IEnumerable`1 resolverOverrides) in e:\Builds\Unity\UnityTemp\Compile\Unity\Unity\Src\UnityContainer.cs:line 515
   at Microsoft.Practices.Unity.UnityContainer.Resolve(Type t, String name, ResolverOverride[] resolverOverrides) in e:\Builds\Unity\UnityTemp\Compile\Unity\Unity\Src\UnityContainer.cs:line 173
   at Microsoft.Practices.Unity.UnityServiceLocator.DoGetInstance(Type serviceType, String key) in e:\Builds\Unity\UnityTemp\Compile\Unity\Unity\Src\UnityServiceLocator.cs:line 64
   at Microsoft.Practices.ServiceLocation.ServiceLocatorImplBase.GetInstance(Type serviceType, String key) in c:\Home\Chris\Projects\CommonServiceLocator\main\Microsoft.Practices.ServiceLocation\ServiceLocatorImplBase.cs:line 49
 --- End of inner exception stack trace ---
    at Microsoft.Practices.ServiceLocation.ServiceLocatorImplBase.GetInstance(Type serviceType, String key) in c:\Home\Chris\Projects\CommonServiceLocator\main\Microsoft.Practices.ServiceLocation\ServiceLocatorImplBase.cs:line 53
   at Microsoft.Practices.ServiceLocation.ServiceLocatorImplBase.GetInstance[TService](String key) in c:\Home\Chris\Projects\CommonServiceLocator\main\Microsoft.Practices.ServiceLocation\ServiceLocatorImplBase.cs:line 103
   at Microsoft.Practices.EnterpriseLibrary.ExceptionHandling.ExceptionPolicy.GetExceptionPolicy(Exception exception, String policyName) in e:\Builds\EntLib\Latest\Source\Blocks\ExceptionHandling\Src\ExceptionHandling\ExceptionPolicy.cs:line 131
   at Microsoft.Practices.EnterpriseLibrary.ExceptionHandling.ExceptionPolicy.HandleException(Exception exceptionToHandle, String policyName) in e:\Builds\EntLib\Latest\Source\Blocks\ExceptionHandling\Src\ExceptionHandling\ExceptionPolicy.cs:line 55
   at FaceRecognition.ViewModel.RecognitionMethodsViewModel.NeuralNetworksViewModel.CreateNeuralNetwork() in D:\DiplomProject\FaceRecognition\ViewModel\RecognitionMethodsViewModel\NeuralNetworksViewModel.cs:line 293
   at FaceRecognition.ViewModel.RecognitionMethodsViewModel.NeuralNetworksViewModel..ctor() in D:\DiplomProject\FaceRecognition\ViewModel\RecognitionMethodsViewModel\NeuralNetworksViewModel.cs:line 66
   at FaceRecognition.Test.NeuralNetworksViewModelTest.NeuralNetworksViewModelConstructorTest1() in D:\DiplomProject\FaceRecognition\FaceRecognition.Test\NeuralNetworksViewModelTest.cs:line 87
</StackTrace>
        </ErrorInfo>
      </Output>
    </UnitTestResult>
    <UnitTestResult executionId="0d840e54-1d6d-4a58-b17c-056241d72e05" testId="0abbe560-08b4-8a2a-2fd6-cac3b90ce9ee" testName="CreateNeuralNetworkTest" computerName="MICROSOF-4C612A" duration="00:00:00.0076244" startTime="2011-05-29T01:27:05.2500000+03:00" endTime="2011-05-29T01:27:05.2656250+03:00" testType="13cdc9d9-ddb5-4fa4-a97d-d965ccfc6d4b" outcome="Failed" testListId="8c84fa94-04c1-424b-9868-57a2d4851a1d" relativeResultsDirectory="0d840e54-1d6d-4a58-b17c-056241d72e05">
      <Output>
        <ErrorInfo>
          <Message>Test method FaceRecognition.Test.NeuralNetworksViewModelTest.CreateNeuralNetworkTest threw exception: 
Microsoft.Practices.ServiceLocation.ActivationException: Activation error occured while trying to get instance of type ExceptionPolicyImpl, key "BisunessLogic Policy" ---&gt; Microsoft.Practices.Unity.ResolutionFailedException: Resolution of the dependency failed, type = "Microsoft.Practices.EnterpriseLibrary.ExceptionHandling.ExceptionPolicyImpl", name = "BisunessLogic Policy".
Exception occurred while: while resolving.
Exception is: InvalidOperationException - The type ExceptionPolicyImpl has multiple constructors of length 2. Unable to disambiguate.
-----------------------------------------------
At the time of the exception, the container was:

  Resolving Microsoft.Practices.EnterpriseLibrary.ExceptionHandling.ExceptionPolicyImpl,BisunessLogic Policy
 ---&gt; System.InvalidOperationException: The type ExceptionPolicyImpl has multiple constructors of length 2. Unable to disambiguate.</Message>
          <StackTrace>    at Microsoft.Practices.ObjectBuilder2.ConstructorSelectorPolicyBase`1.FindLongestConstructor(Type typeToConstruct) in e:\Builds\Unity\UnityTemp\Compile\Unity\Unity\Src\ObjectBuilder\Strategies\BuildPlan\Creation\ConstructorSelectorPolicyBase.cs:line 113
   at Microsoft.Practices.ObjectBuilder2.ConstructorSelectorPolicyBase`1.SelectConstructor(IBuilderContext context, IPolicyList resolverPolicyDestination) in e:\Builds\Unity\UnityTemp\Compile\Unity\Unity\Src\ObjectBuilder\Strategies\BuildPlan\Creation\ConstructorSelectorPolicyBase.cs:line 38
   at Microsoft.Practices.ObjectBuilder2.DynamicMethodConstructorStrategy.PreBuildUp(IBuilderContext context) in e:\Builds\Unity\UnityTemp\Compile\Unity\Unity\Src\ObjectBuilder\Strategies\BuildPlan\DynamicMethod\Creation\DynamicMethodConstructorStrategy.cs:line 69
   at Microsoft.Practices.ObjectBuilder2.StrategyChain.ExecuteBuildUp(IBuilderContext context) in e:\Builds\Unity\UnityTemp\Compile\Unity\Unity\Src\ObjectBuilder\Strategies\StrategyChain.cs:line 110
   at Microsoft.Practices.ObjectBuilder2.DynamicMethodBuildPlanCreatorPolicy.CreatePlan(IBuilderContext context, NamedTypeBuildKey buildKey) in e:\Builds\Unity\UnityTemp\Compile\Unity\Unity\Src\ObjectBuilder\Strategies\BuildPlan\DynamicMethod\DynamicMethodBuildPlanCreatorPolicy.cs:line 48
   at Microsoft.Practices.ObjectBuilder2.BuildPlanStrategy.PreBuildUp(IBuilderContext context) in e:\Builds\Unity\UnityTemp\Compile\Unity\Unity\Src\ObjectBuilder\Strategies\BuildPlan\BuildPlanStrategy.cs:line 37
   at Microsoft.Practices.ObjectBuilder2.StrategyChain.ExecuteBuildUp(IBuilderContext context) in e:\Builds\Unity\UnityTemp\Compile\Unity\Unity\Src\ObjectBuilder\Strategies\StrategyChain.cs:line 110
   at Microsoft.Practices.Unity.UnityContainer.DoBuildUp(Type t, Object existing, String name, IEnumerable`1 resolverOverrides) in e:\Builds\Unity\UnityTemp\Compile\Unity\Unity\Src\UnityContainer.cs:line 511
 --- End of inner exception stack trace ---
    at Microsoft.Practices.Unity.UnityContainer.DoBuildUp(Type t, Object existing, String name, IEnumerable`1 resolverOverrides) in e:\Builds\Unity\UnityTemp\Compile\Unity\Unity\Src\UnityContainer.cs:line 515
   at Microsoft.Practices.Unity.UnityContainer.Resolve(Type t, String name, ResolverOverride[] resolverOverrides) in e:\Builds\Unity\UnityTemp\Compile\Unity\Unity\Src\UnityContainer.cs:line 173
   at Microsoft.Practices.Unity.UnityServiceLocator.DoGetInstance(Type serviceType, String key) in e:\Builds\Unity\UnityTemp\Compile\Unity\Unity\Src\UnityServiceLocator.cs:line 64
   at Microsoft.Practices.ServiceLocation.ServiceLocatorImplBase.GetInstance(Type serviceType, String key) in c:\Home\Chris\Projects\CommonServiceLocator\main\Microsoft.Practices.ServiceLocation\ServiceLocatorImplBase.cs:line 49
 --- End of inner exception stack trace ---
   at FaceRecognition.ViewModel.RecognitionMethodsViewModel.NeuralNetworksViewModel_Accessor..ctor()
   at FaceRecognition.Test.NeuralNetworksViewModelTest.CreateNeuralNetworkTest() in D:\DiplomProject\FaceRecognition\FaceRecognition.Test\NeuralNetworksViewModelTest.cs:line 98
</StackTrace>
        </ErrorInfo>
      </Output>
    </UnitTestResult>
    <UnitTestResult executionId="f0d9bd71-ae71-4194-97c8-cb661bf73cca" testId="fee050b1-946a-cafa-63ea-c99fdd8a2aa1" testName="GenerateTrainingSetTest" computerName="MICROSOF-4C612A" duration="00:00:00.0060097" startTime="2011-05-29T01:27:05.2812500+03:00" endTime="2011-05-29T01:27:05.2968750+03:00" testType="13cdc9d9-ddb5-4fa4-a97d-d965ccfc6d4b" outcome="Failed" testListId="8c84fa94-04c1-424b-9868-57a2d4851a1d" relativeResultsDirectory="f0d9bd71-ae71-4194-97c8-cb661bf73cca">
      <Output>
        <ErrorInfo>
          <Message>Test method FaceRecognition.Test.NeuralNetworksViewModelTest.GenerateTrainingSetTest threw exception: 
Microsoft.Practices.ServiceLocation.ActivationException: Activation error occured while trying to get instance of type ExceptionPolicyImpl, key "BisunessLogic Policy" ---&gt; Microsoft.Practices.Unity.ResolutionFailedException: Resolution of the dependency failed, type = "Microsoft.Practices.EnterpriseLibrary.ExceptionHandling.ExceptionPolicyImpl", name = "BisunessLogic Policy".
Exception occurred while: while resolving.
Exception is: InvalidOperationException - The type ExceptionPolicyImpl has multiple constructors of length 2. Unable to disambiguate.
-----------------------------------------------
At the time of the exception, the container was:

  Resolving Microsoft.Practices.EnterpriseLibrary.ExceptionHandling.ExceptionPolicyImpl,BisunessLogic Policy
 ---&gt; System.InvalidOperationException: The type ExceptionPolicyImpl has multiple constructors of length 2. Unable to disambiguate.</Message>
          <StackTrace>    at Microsoft.Practices.ObjectBuilder2.ConstructorSelectorPolicyBase`1.FindLongestConstructor(Type typeToConstruct) in e:\Builds\Unity\UnityTemp\Compile\Unity\Unity\Src\ObjectBuilder\Strategies\BuildPlan\Creation\ConstructorSelectorPolicyBase.cs:line 113
   at Microsoft.Practices.ObjectBuilder2.ConstructorSelectorPolicyBase`1.SelectConstructor(IBuilderContext context, IPolicyList resolverPolicyDestination) in e:\Builds\Unity\UnityTemp\Compile\Unity\Unity\Src\ObjectBuilder\Strategies\BuildPlan\Creation\ConstructorSelectorPolicyBase.cs:line 38
   at Microsoft.Practices.ObjectBuilder2.DynamicMethodConstructorStrategy.PreBuildUp(IBuilderContext context) in e:\Builds\Unity\UnityTemp\Compile\Unity\Unity\Src\ObjectBuilder\Strategies\BuildPlan\DynamicMethod\Creation\DynamicMethodConstructorStrategy.cs:line 69
   at Microsoft.Practices.ObjectBuilder2.StrategyChain.ExecuteBuildUp(IBuilderContext context) in e:\Builds\Unity\UnityTemp\Compile\Unity\Unity\Src\ObjectBuilder\Strategies\StrategyChain.cs:line 110
   at Microsoft.Practices.ObjectBuilder2.DynamicMethodBuildPlanCreatorPolicy.CreatePlan(IBuilderContext context, NamedTypeBuildKey buildKey) in e:\Builds\Unity\UnityTemp\Compile\Unity\Unity\Src\ObjectBuilder\Strategies\BuildPlan\DynamicMethod\DynamicMethodBuildPlanCreatorPolicy.cs:line 48
   at Microsoft.Practices.ObjectBuilder2.BuildPlanStrategy.PreBuildUp(IBuilderContext context) in e:\Builds\Unity\UnityTemp\Compile\Unity\Unity\Src\ObjectBuilder\Strategies\BuildPlan\BuildPlanStrategy.cs:line 37
   at Microsoft.Practices.ObjectBuilder2.StrategyChain.ExecuteBuildUp(IBuilderContext context) in e:\Builds\Unity\UnityTemp\Compile\Unity\Unity\Src\ObjectBuilder\Strategies\StrategyChain.cs:line 110
   at Microsoft.Practices.Unity.UnityContainer.DoBuildUp(Type t, Object existing, String name, IEnumerable`1 resolverOverrides) in e:\Builds\Unity\UnityTemp\Compile\Unity\Unity\Src\UnityContainer.cs:line 511
 --- End of inner exception stack trace ---
    at Microsoft.Practices.Unity.UnityContainer.DoBuildUp(Type t, Object existing, String name, IEnumerable`1 resolverOverrides) in e:\Builds\Unity\UnityTemp\Compile\Unity\Unity\Src\UnityContainer.cs:line 515
   at Microsoft.Practices.Unity.UnityContainer.Resolve(Type t, String name, ResolverOverride[] resolverOverrides) in e:\Builds\Unity\UnityTemp\Compile\Unity\Unity\Src\UnityContainer.cs:line 173
   at Microsoft.Practices.Unity.UnityServiceLocator.DoGetInstance(Type serviceType, String key) in e:\Builds\Unity\UnityTemp\Compile\Unity\Unity\Src\UnityServiceLocator.cs:line 64
   at Microsoft.Practices.ServiceLocation.ServiceLocatorImplBase.GetInstance(Type serviceType, String key) in c:\Home\Chris\Projects\CommonServiceLocator\main\Microsoft.Practices.ServiceLocation\ServiceLocatorImplBase.cs:line 49
 --- End of inner exception stack trace ---
   at FaceRecognition.ViewModel.RecognitionMethodsViewModel.NeuralNetworksViewModel_Accessor..ctor()
   at FaceRecognition.Test.NeuralNetworksViewModelTest.GenerateTrainingSetTest() in D:\DiplomProject\FaceRecognition\FaceRecognition.Test\NeuralNetworksViewModelTest.cs:line 110
</StackTrace>
        </ErrorInfo>
      </Output>
    </UnitTestResult>
    <UnitTestResult executionId="a29b8f0f-586c-4d0e-a75a-de22694a100f" testId="f5eb6ebb-0b2f-7e6c-f71c-65b3fce1dbe3" testName="LoadNeuronNetTest" computerName="MICROSOF-4C612A" duration="00:00:00.0069268" startTime="2011-05-29T01:27:05.3281250+03:00" endTime="2011-05-29T01:27:05.3437500+03:00" testType="13cdc9d9-ddb5-4fa4-a97d-d965ccfc6d4b" outcome="Failed" testListId="8c84fa94-04c1-424b-9868-57a2d4851a1d" relativeResultsDirectory="a29b8f0f-586c-4d0e-a75a-de22694a100f">
      <Output>
        <ErrorInfo>
          <Message>Test method FaceRecognition.Test.NeuralNetworksViewModelTest.LoadNeuronNetTest threw exception: 
Microsoft.Practices.ServiceLocation.ActivationException: Activation error occured while trying to get instance of type ExceptionPolicyImpl, key "BisunessLogic Policy" ---&gt; Microsoft.Practices.Unity.ResolutionFailedException: Resolution of the dependency failed, type = "Microsoft.Practices.EnterpriseLibrary.ExceptionHandling.ExceptionPolicyImpl", name = "BisunessLogic Policy".
Exception occurred while: while resolving.
Exception is: InvalidOperationException - The type ExceptionPolicyImpl has multiple constructors of length 2. Unable to disambiguate.
-----------------------------------------------
At the time of the exception, the container was:

  Resolving Microsoft.Practices.EnterpriseLibrary.ExceptionHandling.ExceptionPolicyImpl,BisunessLogic Policy
 ---&gt; System.InvalidOperationException: The type ExceptionPolicyImpl has multiple constructors of length 2. Unable to disambiguate.</Message>
          <StackTrace>    at Microsoft.Practices.ObjectBuilder2.ConstructorSelectorPolicyBase`1.FindLongestConstructor(Type typeToConstruct) in e:\Builds\Unity\UnityTemp\Compile\Unity\Unity\Src\ObjectBuilder\Strategies\BuildPlan\Creation\ConstructorSelectorPolicyBase.cs:line 113
   at Microsoft.Practices.ObjectBuilder2.ConstructorSelectorPolicyBase`1.SelectConstructor(IBuilderContext context, IPolicyList resolverPolicyDestination) in e:\Builds\Unity\UnityTemp\Compile\Unity\Unity\Src\ObjectBuilder\Strategies\BuildPlan\Creation\ConstructorSelectorPolicyBase.cs:line 38
   at Microsoft.Practices.ObjectBuilder2.DynamicMethodConstructorStrategy.PreBuildUp(IBuilderContext context) in e:\Builds\Unity\UnityTemp\Compile\Unity\Unity\Src\ObjectBuilder\Strategies\BuildPlan\DynamicMethod\Creation\DynamicMethodConstructorStrategy.cs:line 69
   at Microsoft.Practices.ObjectBuilder2.StrategyChain.ExecuteBuildUp(IBuilderContext context) in e:\Builds\Unity\UnityTemp\Compile\Unity\Unity\Src\ObjectBuilder\Strategies\StrategyChain.cs:line 110
   at Microsoft.Practices.ObjectBuilder2.DynamicMethodBuildPlanCreatorPolicy.CreatePlan(IBuilderContext context, NamedTypeBuildKey buildKey) in e:\Builds\Unity\UnityTemp\Compile\Unity\Unity\Src\ObjectBuilder\Strategies\BuildPlan\DynamicMethod\DynamicMethodBuildPlanCreatorPolicy.cs:line 48
   at Microsoft.Practices.ObjectBuilder2.BuildPlanStrategy.PreBuildUp(IBuilderContext context) in e:\Builds\Unity\UnityTemp\Compile\Unity\Unity\Src\ObjectBuilder\Strategies\BuildPlan\BuildPlanStrategy.cs:line 37
   at Microsoft.Practices.ObjectBuilder2.StrategyChain.ExecuteBuildUp(IBuilderContext context) in e:\Builds\Unity\UnityTemp\Compile\Unity\Unity\Src\ObjectBuilder\Strategies\StrategyChain.cs:line 110
   at Microsoft.Practices.Unity.UnityContainer.DoBuildUp(Type t, Object existing, String name, IEnumerable`1 resolverOverrides) in e:\Builds\Unity\UnityTemp\Compile\Unity\Unity\Src\UnityContainer.cs:line 511
 --- End of inner exception stack trace ---
    at Microsoft.Practices.Unity.UnityContainer.DoBuildUp(Type t, Object existing, String name, IEnumerable`1 resolverOverrides) in e:\Builds\Unity\UnityTemp\Compile\Unity\Unity\Src\UnityContainer.cs:line 515
   at Microsoft.Practices.Unity.UnityContainer.Resolve(Type t, String name, ResolverOverride[] resolverOverrides) in e:\Builds\Unity\UnityTemp\Compile\Unity\Unity\Src\UnityContainer.cs:line 173
   at Microsoft.Practices.Unity.UnityServiceLocator.DoGetInstance(Type serviceType, String key) in e:\Builds\Unity\UnityTemp\Compile\Unity\Unity\Src\UnityServiceLocator.cs:line 64
   at Microsoft.Practices.ServiceLocation.ServiceLocatorImplBase.GetInstance(Type serviceType, String key) in c:\Home\Chris\Projects\CommonServiceLocator\main\Microsoft.Practices.ServiceLocation\ServiceLocatorImplBase.cs:line 49
 --- End of inner exception stack trace ---
   at FaceRecognition.ViewModel.RecognitionMethodsViewModel.NeuralNetworksViewModel_Accessor..ctor()
   at FaceRecognition.Test.NeuralNetworksViewModelTest.LoadNeuronNetTest() in D:\DiplomProject\FaceRecognition\FaceRecognition.Test\NeuralNetworksViewModelTest.cs:line 122
</StackTrace>
        </ErrorInfo>
      </Output>
    </UnitTestResult>
    <UnitTestResult executionId="96836e95-ad55-4433-8853-e5fee64bf6d7" testId="c69593a5-7b7c-9120-cf84-8655c5ebd97a" testName="RecognizeTest" computerName="MICROSOF-4C612A" duration="00:00:00.0172541" startTime="2011-05-29T01:27:05.3437500+03:00" endTime="2011-05-29T01:27:05.3593750+03:00" testType="13cdc9d9-ddb5-4fa4-a97d-d965ccfc6d4b" outcome="Failed" testListId="8c84fa94-04c1-424b-9868-57a2d4851a1d" relativeResultsDirectory="96836e95-ad55-4433-8853-e5fee64bf6d7">
      <Output>
        <ErrorInfo>
          <Message>Test method FaceRecognition.Test.NeuralNetworksViewModelTest.RecognizeTest threw exception: 
Microsoft.Practices.ServiceLocation.ActivationException: Activation error occured while trying to get instance of type ExceptionPolicyImpl, key "BisunessLogic Policy" ---&gt; Microsoft.Practices.Unity.ResolutionFailedException: Resolution of the dependency failed, type = "Microsoft.Practices.EnterpriseLibrary.ExceptionHandling.ExceptionPolicyImpl", name = "BisunessLogic Policy".
Exception occurred while: while resolving.
Exception is: InvalidOperationException - The type ExceptionPolicyImpl has multiple constructors of length 2. Unable to disambiguate.
-----------------------------------------------
At the time of the exception, the container was:

  Resolving Microsoft.Practices.EnterpriseLibrary.ExceptionHandling.ExceptionPolicyImpl,BisunessLogic Policy
 ---&gt; System.InvalidOperationException: The type ExceptionPolicyImpl has multiple constructors of length 2. Unable to disambiguate.</Message>
          <StackTrace>    at Microsoft.Practices.ObjectBuilder2.ConstructorSelectorPolicyBase`1.FindLongestConstructor(Type typeToConstruct) in e:\Builds\Unity\UnityTemp\Compile\Unity\Unity\Src\ObjectBuilder\Strategies\BuildPlan\Creation\ConstructorSelectorPolicyBase.cs:line 113
   at Microsoft.Practices.ObjectBuilder2.ConstructorSelectorPolicyBase`1.SelectConstructor(IBuilderContext context, IPolicyList resolverPolicyDestination) in e:\Builds\Unity\UnityTemp\Compile\Unity\Unity\Src\ObjectBuilder\Strategies\BuildPlan\Creation\ConstructorSelectorPolicyBase.cs:line 38
   at Microsoft.Practices.ObjectBuilder2.DynamicMethodConstructorStrategy.PreBuildUp(IBuilderContext context) in e:\Builds\Unity\UnityTemp\Compile\Unity\Unity\Src\ObjectBuilder\Strategies\BuildPlan\DynamicMethod\Creation\DynamicMethodConstructorStrategy.cs:line 69
   at Microsoft.Practices.ObjectBuilder2.StrategyChain.ExecuteBuildUp(IBuilderContext context) in e:\Builds\Unity\UnityTemp\Compile\Unity\Unity\Src\ObjectBuilder\Strategies\StrategyChain.cs:line 110
   at Microsoft.Practices.ObjectBuilder2.DynamicMethodBuildPlanCreatorPolicy.CreatePlan(IBuilderContext context, NamedTypeBuildKey buildKey) in e:\Builds\Unity\UnityTemp\Compile\Unity\Unity\Src\ObjectBuilder\Strategies\BuildPlan\DynamicMethod\DynamicMethodBuildPlanCreatorPolicy.cs:line 48
   at Microsoft.Practices.ObjectBuilder2.BuildPlanStrategy.PreBuildUp(IBuilderContext context) in e:\Builds\Unity\UnityTemp\Compile\Unity\Unity\Src\ObjectBuilder\Strategies\BuildPlan\BuildPlanStrategy.cs:line 37
   at Microsoft.Practices.ObjectBuilder2.StrategyChain.ExecuteBuildUp(IBuilderContext context) in e:\Builds\Unity\UnityTemp\Compile\Unity\Unity\Src\ObjectBuilder\Strategies\StrategyChain.cs:line 110
   at Microsoft.Practices.Unity.UnityContainer.DoBuildUp(Type t, Object existing, String name, IEnumerable`1 resolverOverrides) in e:\Builds\Unity\UnityTemp\Compile\Unity\Unity\Src\UnityContainer.cs:line 511
 --- End of inner exception stack trace ---
    at Microsoft.Practices.Unity.UnityContainer.DoBuildUp(Type t, Object existing, String name, IEnumerable`1 resolverOverrides) in e:\Builds\Unity\UnityTemp\Compile\Unity\Unity\Src\UnityContainer.cs:line 515
   at Microsoft.Practices.Unity.UnityContainer.Resolve(Type t, String name, ResolverOverride[] resolverOverrides) in e:\Builds\Unity\UnityTemp\Compile\Unity\Unity\Src\UnityContainer.cs:line 173
   at Microsoft.Practices.Unity.UnityServiceLocator.DoGetInstance(Type serviceType, String key) in e:\Builds\Unity\UnityTemp\Compile\Unity\Unity\Src\UnityServiceLocator.cs:line 64
   at Microsoft.Practices.ServiceLocation.ServiceLocatorImplBase.GetInstance(Type serviceType, String key) in c:\Home\Chris\Projects\CommonServiceLocator\main\Microsoft.Practices.ServiceLocation\ServiceLocatorImplBase.cs:line 49
 --- End of inner exception stack trace ---
    at Microsoft.Practices.ServiceLocation.ServiceLocatorImplBase.GetInstance(Type serviceType, String key) in c:\Home\Chris\Projects\CommonServiceLocator\main\Microsoft.Practices.ServiceLocation\ServiceLocatorImplBase.cs:line 53
   at Microsoft.Practices.ServiceLocation.ServiceLocatorImplBase.GetInstance[TService](String key) in c:\Home\Chris\Projects\CommonServiceLocator\main\Microsoft.Practices.ServiceLocation\ServiceLocatorImplBase.cs:line 103
   at Microsoft.Practices.EnterpriseLibrary.ExceptionHandling.ExceptionPolicy.GetExceptionPolicy(Exception exception, String policyName) in e:\Builds\EntLib\Latest\Source\Blocks\ExceptionHandling\Src\ExceptionHandling\ExceptionPolicy.cs:line 131
   at Microsoft.Practices.EnterpriseLibrary.ExceptionHandling.ExceptionPolicy.HandleException(Exception exceptionToHandle, String policyName) in e:\Builds\EntLib\Latest\Source\Blocks\ExceptionHandling\Src\ExceptionHandling\ExceptionPolicy.cs:line 55
   at FaceRecognition.ViewModel.RecognitionMethodsViewModel.NeuralNetworksViewModel.CreateNeuralNetwork() in D:\DiplomProject\FaceRecognition\ViewModel\RecognitionMethodsViewModel\NeuralNetworksViewModel.cs:line 293
   at FaceRecognition.ViewModel.RecognitionMethodsViewModel.NeuralNetworksViewModel..ctor() in D:\DiplomProject\FaceRecognition\ViewModel\RecognitionMethodsViewModel\NeuralNetworksViewModel.cs:line 66
   at FaceRecognition.Test.NeuralNetworksViewModelTest.RecognizeTest() in D:\DiplomProject\FaceRecognition\FaceRecognition.Test\NeuralNetworksViewModelTest.cs:line 134
</StackTrace>
        </ErrorInfo>
      </Output>
    </UnitTestResult>
    <UnitTestResult executionId="8094f25b-6cce-4e78-b1b5-491ce58ff940" testId="06135590-d200-5cfc-fb41-6d54e898c99f" testName="SaveNeuronNetTest" computerName="MICROSOF-4C612A" duration="00:00:00.0074632" startTime="2011-05-29T01:27:05.3750000+03:00" endTime="2011-05-29T01:27:05.3906250+03:00" testType="13cdc9d9-ddb5-4fa4-a97d-d965ccfc6d4b" outcome="Failed" testListId="8c84fa94-04c1-424b-9868-57a2d4851a1d" relativeResultsDirectory="8094f25b-6cce-4e78-b1b5-491ce58ff940">
      <Output>
        <ErrorInfo>
          <Message>Test method FaceRecognition.Test.NeuralNetworksViewModelTest.SaveNeuronNetTest threw exception: 
Microsoft.Practices.ServiceLocation.ActivationException: Activation error occured while trying to get instance of type ExceptionPolicyImpl, key "BisunessLogic Policy" ---&gt; Microsoft.Practices.Unity.ResolutionFailedException: Resolution of the dependency failed, type = "Microsoft.Practices.EnterpriseLibrary.ExceptionHandling.ExceptionPolicyImpl", name = "BisunessLogic Policy".
Exception occurred while: while resolving.
Exception is: InvalidOperationException - The type ExceptionPolicyImpl has multiple constructors of length 2. Unable to disambiguate.
-----------------------------------------------
At the time of the exception, the container was:

  Resolving Microsoft.Practices.EnterpriseLibrary.ExceptionHandling.ExceptionPolicyImpl,BisunessLogic Policy
 ---&gt; System.InvalidOperationException: The type ExceptionPolicyImpl has multiple constructors of length 2. Unable to disambiguate.</Message>
          <StackTrace>    at Microsoft.Practices.ObjectBuilder2.ConstructorSelectorPolicyBase`1.FindLongestConstructor(Type typeToConstruct) in e:\Builds\Unity\UnityTemp\Compile\Unity\Unity\Src\ObjectBuilder\Strategies\BuildPlan\Creation\ConstructorSelectorPolicyBase.cs:line 113
   at Microsoft.Practices.ObjectBuilder2.ConstructorSelectorPolicyBase`1.SelectConstructor(IBuilderContext context, IPolicyList resolverPolicyDestination) in e:\Builds\Unity\UnityTemp\Compile\Unity\Unity\Src\ObjectBuilder\Strategies\BuildPlan\Creation\ConstructorSelectorPolicyBase.cs:line 38
   at Microsoft.Practices.ObjectBuilder2.DynamicMethodConstructorStrategy.PreBuildUp(IBuilderContext context) in e:\Builds\Unity\UnityTemp\Compile\Unity\Unity\Src\ObjectBuilder\Strategies\BuildPlan\DynamicMethod\Creation\DynamicMethodConstructorStrategy.cs:line 69
   at Microsoft.Practices.ObjectBuilder2.StrategyChain.ExecuteBuildUp(IBuilderContext context) in e:\Builds\Unity\UnityTemp\Compile\Unity\Unity\Src\ObjectBuilder\Strategies\StrategyChain.cs:line 110
   at Microsoft.Practices.ObjectBuilder2.DynamicMethodBuildPlanCreatorPolicy.CreatePlan(IBuilderContext context, NamedTypeBuildKey buildKey) in e:\Builds\Unity\UnityTemp\Compile\Unity\Unity\Src\ObjectBuilder\Strategies\BuildPlan\DynamicMethod\DynamicMethodBuildPlanCreatorPolicy.cs:line 48
   at Microsoft.Practices.ObjectBuilder2.BuildPlanStrategy.PreBuildUp(IBuilderContext context) in e:\Builds\Unity\UnityTemp\Compile\Unity\Unity\Src\ObjectBuilder\Strategies\BuildPlan\BuildPlanStrategy.cs:line 37
   at Microsoft.Practices.ObjectBuilder2.StrategyChain.ExecuteBuildUp(IBuilderContext context) in e:\Builds\Unity\UnityTemp\Compile\Unity\Unity\Src\ObjectBuilder\Strategies\StrategyChain.cs:line 110
   at Microsoft.Practices.Unity.UnityContainer.DoBuildUp(Type t, Object existing, String name, IEnumerable`1 resolverOverrides) in e:\Builds\Unity\UnityTemp\Compile\Unity\Unity\Src\UnityContainer.cs:line 511
 --- End of inner exception stack trace ---
    at Microsoft.Practices.Unity.UnityContainer.DoBuildUp(Type t, Object existing, String name, IEnumerable`1 resolverOverrides) in e:\Builds\Unity\UnityTemp\Compile\Unity\Unity\Src\UnityContainer.cs:line 515
   at Microsoft.Practices.Unity.UnityContainer.Resolve(Type t, String name, ResolverOverride[] resolverOverrides) in e:\Builds\Unity\UnityTemp\Compile\Unity\Unity\Src\UnityContainer.cs:line 173
   at Microsoft.Practices.Unity.UnityServiceLocator.DoGetInstance(Type serviceType, String key) in e:\Builds\Unity\UnityTemp\Compile\Unity\Unity\Src\UnityServiceLocator.cs:line 64
   at Microsoft.Practices.ServiceLocation.ServiceLocatorImplBase.GetInstance(Type serviceType, String key) in c:\Home\Chris\Projects\CommonServiceLocator\main\Microsoft.Practices.ServiceLocation\ServiceLocatorImplBase.cs:line 49
 --- End of inner exception stack trace ---
   at FaceRecognition.ViewModel.RecognitionMethodsViewModel.NeuralNetworksViewModel_Accessor..ctor()
   at FaceRecognition.Test.NeuralNetworksViewModelTest.SaveNeuronNetTest() in D:\DiplomProject\FaceRecognition\FaceRecognition.Test\NeuralNetworksViewModelTest.cs:line 146
</StackTrace>
        </ErrorInfo>
      </Output>
    </UnitTestResult>
    <UnitTestResult executionId="ed695ea4-5e1c-4e2a-9341-8bff826a9400" testId="15e55af3-5a98-d490-6fe7-302f381128c5" testName="ThreadPoolTrainTest" computerName="MICROSOF-4C612A" duration="00:00:00.0164973" startTime="2011-05-29T01:27:05.3906250+03:00" endTime="2011-05-29T01:27:05.4218750+03:00" testType="13cdc9d9-ddb5-4fa4-a97d-d965ccfc6d4b" outcome="Failed" testListId="8c84fa94-04c1-424b-9868-57a2d4851a1d" relativeResultsDirectory="ed695ea4-5e1c-4e2a-9341-8bff826a9400">
      <Output>
        <ErrorInfo>
          <Message>Test method FaceRecognition.Test.NeuralNetworksViewModelTest.ThreadPoolTrainTest threw exception: 
Microsoft.Practices.ServiceLocation.ActivationException: Activation error occured while trying to get instance of type ExceptionPolicyImpl, key "BisunessLogic Policy" ---&gt; Microsoft.Practices.Unity.ResolutionFailedException: Resolution of the dependency failed, type = "Microsoft.Practices.EnterpriseLibrary.ExceptionHandling.ExceptionPolicyImpl", name = "BisunessLogic Policy".
Exception occurred while: while resolving.
Exception is: InvalidOperationException - The type ExceptionPolicyImpl has multiple constructors of length 2. Unable to disambiguate.
-----------------------------------------------
At the time of the exception, the container was:

  Resolving Microsoft.Practices.EnterpriseLibrary.ExceptionHandling.ExceptionPolicyImpl,BisunessLogic Policy
 ---&gt; System.InvalidOperationException: The type ExceptionPolicyImpl has multiple constructors of length 2. Unable to disambiguate.</Message>
          <StackTrace>    at Microsoft.Practices.ObjectBuilder2.ConstructorSelectorPolicyBase`1.FindLongestConstructor(Type typeToConstruct) in e:\Builds\Unity\UnityTemp\Compile\Unity\Unity\Src\ObjectBuilder\Strategies\BuildPlan\Creation\ConstructorSelectorPolicyBase.cs:line 113
   at Microsoft.Practices.ObjectBuilder2.ConstructorSelectorPolicyBase`1.SelectConstructor(IBuilderContext context, IPolicyList resolverPolicyDestination) in e:\Builds\Unity\UnityTemp\Compile\Unity\Unity\Src\ObjectBuilder\Strategies\BuildPlan\Creation\ConstructorSelectorPolicyBase.cs:line 38
   at Microsoft.Practices.ObjectBuilder2.DynamicMethodConstructorStrategy.PreBuildUp(IBuilderContext context) in e:\Builds\Unity\UnityTemp\Compile\Unity\Unity\Src\ObjectBuilder\Strategies\BuildPlan\DynamicMethod\Creation\DynamicMethodConstructorStrategy.cs:line 69
   at Microsoft.Practices.ObjectBuilder2.StrategyChain.ExecuteBuildUp(IBuilderContext context) in e:\Builds\Unity\UnityTemp\Compile\Unity\Unity\Src\ObjectBuilder\Strategies\StrategyChain.cs:line 110
   at Microsoft.Practices.ObjectBuilder2.DynamicMethodBuildPlanCreatorPolicy.CreatePlan(IBuilderContext context, NamedTypeBuildKey buildKey) in e:\Builds\Unity\UnityTemp\Compile\Unity\Unity\Src\ObjectBuilder\Strategies\BuildPlan\DynamicMethod\DynamicMethodBuildPlanCreatorPolicy.cs:line 48
   at Microsoft.Practices.ObjectBuilder2.BuildPlanStrategy.PreBuildUp(IBuilderContext context) in e:\Builds\Unity\UnityTemp\Compile\Unity\Unity\Src\ObjectBuilder\Strategies\BuildPlan\BuildPlanStrategy.cs:line 37
   at Microsoft.Practices.ObjectBuilder2.StrategyChain.ExecuteBuildUp(IBuilderContext context) in e:\Builds\Unity\UnityTemp\Compile\Unity\Unity\Src\ObjectBuilder\Strategies\StrategyChain.cs:line 110
   at Microsoft.Practices.Unity.UnityContainer.DoBuildUp(Type t, Object existing, String name, IEnumerable`1 resolverOverrides) in e:\Builds\Unity\UnityTemp\Compile\Unity\Unity\Src\UnityContainer.cs:line 511
 --- End of inner exception stack trace ---
    at Microsoft.Practices.Unity.UnityContainer.DoBuildUp(Type t, Object existing, String name, IEnumerable`1 resolverOverrides) in e:\Builds\Unity\UnityTemp\Compile\Unity\Unity\Src\UnityContainer.cs:line 515
   at Microsoft.Practices.Unity.UnityContainer.Resolve(Type t, String name, ResolverOverride[] resolverOverrides) in e:\Builds\Unity\UnityTemp\Compile\Unity\Unity\Src\UnityContainer.cs:line 173
   at Microsoft.Practices.Unity.UnityServiceLocator.DoGetInstance(Type serviceType, String key) in e:\Builds\Unity\UnityTemp\Compile\Unity\Unity\Src\UnityServiceLocator.cs:line 64
   at Microsoft.Practices.ServiceLocation.ServiceLocatorImplBase.GetInstance(Type serviceType, String key) in c:\Home\Chris\Projects\CommonServiceLocator\main\Microsoft.Practices.ServiceLocation\ServiceLocatorImplBase.cs:line 49
 --- End of inner exception stack trace ---
   at FaceRecognition.ViewModel.RecognitionMethodsViewModel.NeuralNetworksViewModel_Accessor..ctor()
   at FaceRecognition.Test.NeuralNetworksViewModelTest.ThreadPoolTrainTest() in D:\DiplomProject\FaceRecognition\FaceRecognition.Test\NeuralNetworksViewModelTest.cs:line 159
</StackTrace>
        </ErrorInfo>
      </Output>
    </UnitTestResult>
    <UnitTestResult executionId="7de2d65c-124a-48e5-a078-7f96cd8a7a68" testId="1021e00f-d653-162a-8b11-cdf3fc4551c2" testName="TrainTest" computerName="MICROSOF-4C612A" duration="00:00:00.0066368" startTime="2011-05-29T01:27:05.4218750+03:00" endTime="2011-05-29T01:27:05.4531250+03:00" testType="13cdc9d9-ddb5-4fa4-a97d-d965ccfc6d4b" outcome="Failed" testListId="8c84fa94-04c1-424b-9868-57a2d4851a1d" relativeResultsDirectory="7de2d65c-124a-48e5-a078-7f96cd8a7a68">
      <Output>
        <ErrorInfo>
          <Message>Test method FaceRecognition.Test.NeuralNetworksViewModelTest.TrainTest threw exception: 
Microsoft.Practices.ServiceLocation.ActivationException: Activation error occured while trying to get instance of type ExceptionPolicyImpl, key "BisunessLogic Policy" ---&gt; Microsoft.Practices.Unity.ResolutionFailedException: Resolution of the dependency failed, type = "Microsoft.Practices.EnterpriseLibrary.ExceptionHandling.ExceptionPolicyImpl", name = "BisunessLogic Policy".
Exception occurred while: while resolving.
Exception is: InvalidOperationException - The type ExceptionPolicyImpl has multiple constructors of length 2. Unable to disambiguate.
-----------------------------------------------
At the time of the exception, the container was:

  Resolving Microsoft.Practices.EnterpriseLibrary.ExceptionHandling.ExceptionPolicyImpl,BisunessLogic Policy
 ---&gt; System.InvalidOperationException: The type ExceptionPolicyImpl has multiple constructors of length 2. Unable to disambiguate.</Message>
          <StackTrace>    at Microsoft.Practices.ObjectBuilder2.ConstructorSelectorPolicyBase`1.FindLongestConstructor(Type typeToConstruct) in e:\Builds\Unity\UnityTemp\Compile\Unity\Unity\Src\ObjectBuilder\Strategies\BuildPlan\Creation\ConstructorSelectorPolicyBase.cs:line 113
   at Microsoft.Practices.ObjectBuilder2.ConstructorSelectorPolicyBase`1.SelectConstructor(IBuilderContext context, IPolicyList resolverPolicyDestination) in e:\Builds\Unity\UnityTemp\Compile\Unity\Unity\Src\ObjectBuilder\Strategies\BuildPlan\Creation\ConstructorSelectorPolicyBase.cs:line 38
   at Microsoft.Practices.ObjectBuilder2.DynamicMethodConstructorStrategy.PreBuildUp(IBuilderContext context) in e:\Builds\Unity\UnityTemp\Compile\Unity\Unity\Src\ObjectBuilder\Strategies\BuildPlan\DynamicMethod\Creation\DynamicMethodConstructorStrategy.cs:line 69
   at Microsoft.Practices.ObjectBuilder2.StrategyChain.ExecuteBuildUp(IBuilderContext context) in e:\Builds\Unity\UnityTemp\Compile\Unity\Unity\Src\ObjectBuilder\Strategies\StrategyChain.cs:line 110
   at Microsoft.Practices.ObjectBuilder2.DynamicMethodBuildPlanCreatorPolicy.CreatePlan(IBuilderContext context, NamedTypeBuildKey buildKey) in e:\Builds\Unity\UnityTemp\Compile\Unity\Unity\Src\ObjectBuilder\Strategies\BuildPlan\DynamicMethod\DynamicMethodBuildPlanCreatorPolicy.cs:line 48
   at Microsoft.Practices.ObjectBuilder2.BuildPlanStrategy.PreBuildUp(IBuilderContext context) in e:\Builds\Unity\UnityTemp\Compile\Unity\Unity\Src\ObjectBuilder\Strategies\BuildPlan\BuildPlanStrategy.cs:line 37
   at Microsoft.Practices.ObjectBuilder2.StrategyChain.ExecuteBuildUp(IBuilderContext context) in e:\Builds\Unity\UnityTemp\Compile\Unity\Unity\Src\ObjectBuilder\Strategies\StrategyChain.cs:line 110
   at Microsoft.Practices.Unity.UnityContainer.DoBuildUp(Type t, Object existing, String name, IEnumerable`1 resolverOverrides) in e:\Builds\Unity\UnityTemp\Compile\Unity\Unity\Src\UnityContainer.cs:line 511
 --- End of inner exception stack trace ---
    at Microsoft.Practices.Unity.UnityContainer.DoBuildUp(Type t, Object existing, String name, IEnumerable`1 resolverOverrides) in e:\Builds\Unity\UnityTemp\Compile\Unity\Unity\Src\UnityContainer.cs:line 515
   at Microsoft.Practices.Unity.UnityContainer.Resolve(Type t, String name, ResolverOverride[] resolverOverrides) in e:\Builds\Unity\UnityTemp\Compile\Unity\Unity\Src\UnityContainer.cs:line 173
   at Microsoft.Practices.Unity.UnityServiceLocator.DoGetInstance(Type serviceType, String key) in e:\Builds\Unity\UnityTemp\Compile\Unity\Unity\Src\UnityServiceLocator.cs:line 64
   at Microsoft.Practices.ServiceLocation.ServiceLocatorImplBase.GetInstance(Type serviceType, String key) in c:\Home\Chris\Projects\CommonServiceLocator\main\Microsoft.Practices.ServiceLocation\ServiceLocatorImplBase.cs:line 49
 --- End of inner exception stack trace ---
    at Microsoft.Practices.ServiceLocation.ServiceLocatorImplBase.GetInstance(Type serviceType, String key) in c:\Home\Chris\Projects\CommonServiceLocator\main\Microsoft.Practices.ServiceLocation\ServiceLocatorImplBase.cs:line 53
   at Microsoft.Practices.ServiceLocation.ServiceLocatorImplBase.GetInstance[TService](String key) in c:\Home\Chris\Projects\CommonServiceLocator\main\Microsoft.Practices.ServiceLocation\ServiceLocatorImplBase.cs:line 103
   at Microsoft.Practices.EnterpriseLibrary.ExceptionHandling.ExceptionPolicy.GetExceptionPolicy(Exception exception, String policyName) in e:\Builds\EntLib\Latest\Source\Blocks\ExceptionHandling\Src\ExceptionHandling\ExceptionPolicy.cs:line 131
   at Microsoft.Practices.EnterpriseLibrary.ExceptionHandling.ExceptionPolicy.HandleException(Exception exceptionToHandle, String policyName) in e:\Builds\EntLib\Latest\Source\Blocks\ExceptionHandling\Src\ExceptionHandling\ExceptionPolicy.cs:line 55
   at FaceRecognition.ViewModel.RecognitionMethodsViewModel.NeuralNetworksViewModel.CreateNeuralNetwork() in D:\DiplomProject\FaceRecognition\ViewModel\RecognitionMethodsViewModel\NeuralNetworksViewModel.cs:line 293
   at FaceRecognition.ViewModel.RecognitionMethodsViewModel.NeuralNetworksViewModel..ctor() in D:\DiplomProject\FaceRecognition\ViewModel\RecognitionMethodsViewModel\NeuralNetworksViewModel.cs:line 66
   at FaceRecognition.Test.NeuralNetworksViewModelTest.TrainTest() in D:\DiplomProject\FaceRecognition\FaceRecognition.Test\NeuralNetworksViewModelTest.cs:line 170
</StackTrace>
        </ErrorInfo>
      </Output>
    </UnitTestResult>
    <UnitTestResult executionId="d9472a06-f4f5-413b-ac98-716582c92ddb" testId="ca81c971-3646-f0a5-adfa-6b435890d826" testName="UpdateErrorTest" computerName="MICROSOF-4C612A" duration="00:00:00.0081426" startTime="2011-05-29T01:27:05.4531250+03:00" endTime="2011-05-29T01:27:05.4843750+03:00" testType="13cdc9d9-ddb5-4fa4-a97d-d965ccfc6d4b" outcome="Failed" testListId="8c84fa94-04c1-424b-9868-57a2d4851a1d" relativeResultsDirectory="d9472a06-f4f5-413b-ac98-716582c92ddb">
      <Output>
        <ErrorInfo>
          <Message>Test method FaceRecognition.Test.NeuralNetworksViewModelTest.UpdateErrorTest threw exception: 
Microsoft.Practices.ServiceLocation.ActivationException: Activation error occured while trying to get instance of type ExceptionPolicyImpl, key "BisunessLogic Policy" ---&gt; Microsoft.Practices.Unity.ResolutionFailedException: Resolution of the dependency failed, type = "Microsoft.Practices.EnterpriseLibrary.ExceptionHandling.ExceptionPolicyImpl", name = "BisunessLogic Policy".
Exception occurred while: while resolving.
Exception is: InvalidOperationException - The type ExceptionPolicyImpl has multiple constructors of length 2. Unable to disambiguate.
-----------------------------------------------
At the time of the exception, the container was:

  Resolving Microsoft.Practices.EnterpriseLibrary.ExceptionHandling.ExceptionPolicyImpl,BisunessLogic Policy
 ---&gt; System.InvalidOperationException: The type ExceptionPolicyImpl has multiple constructors of length 2. Unable to disambiguate.</Message>
          <StackTrace>    at Microsoft.Practices.ObjectBuilder2.ConstructorSelectorPolicyBase`1.FindLongestConstructor(Type typeToConstruct) in e:\Builds\Unity\UnityTemp\Compile\Unity\Unity\Src\ObjectBuilder\Strategies\BuildPlan\Creation\ConstructorSelectorPolicyBase.cs:line 113
   at Microsoft.Practices.ObjectBuilder2.ConstructorSelectorPolicyBase`1.SelectConstructor(IBuilderContext context, IPolicyList resolverPolicyDestination) in e:\Builds\Unity\UnityTemp\Compile\Unity\Unity\Src\ObjectBuilder\Strategies\BuildPlan\Creation\ConstructorSelectorPolicyBase.cs:line 38
   at Microsoft.Practices.ObjectBuilder2.DynamicMethodConstructorStrategy.PreBuildUp(IBuilderContext context) in e:\Builds\Unity\UnityTemp\Compile\Unity\Unity\Src\ObjectBuilder\Strategies\BuildPlan\DynamicMethod\Creation\DynamicMethodConstructorStrategy.cs:line 69
   at Microsoft.Practices.ObjectBuilder2.StrategyChain.ExecuteBuildUp(IBuilderContext context) in e:\Builds\Unity\UnityTemp\Compile\Unity\Unity\Src\ObjectBuilder\Strategies\StrategyChain.cs:line 110
   at Microsoft.Practices.ObjectBuilder2.DynamicMethodBuildPlanCreatorPolicy.CreatePlan(IBuilderContext context, NamedTypeBuildKey buildKey) in e:\Builds\Unity\UnityTemp\Compile\Unity\Unity\Src\ObjectBuilder\Strategies\BuildPlan\DynamicMethod\DynamicMethodBuildPlanCreatorPolicy.cs:line 48
   at Microsoft.Practices.ObjectBuilder2.BuildPlanStrategy.PreBuildUp(IBuilderContext context) in e:\Builds\Unity\UnityTemp\Compile\Unity\Unity\Src\ObjectBuilder\Strategies\BuildPlan\BuildPlanStrategy.cs:line 37
   at Microsoft.Practices.ObjectBuilder2.StrategyChain.ExecuteBuildUp(IBuilderContext context) in e:\Builds\Unity\UnityTemp\Compile\Unity\Unity\Src\ObjectBuilder\Strategies\StrategyChain.cs:line 110
   at Microsoft.Practices.Unity.UnityContainer.DoBuildUp(Type t, Object existing, String name, IEnumerable`1 resolverOverrides) in e:\Builds\Unity\UnityTemp\Compile\Unity\Unity\Src\UnityContainer.cs:line 511
 --- End of inner exception stack trace ---
    at Microsoft.Practices.Unity.UnityContainer.DoBuildUp(Type t, Object existing, String name, IEnumerable`1 resolverOverrides) in e:\Builds\Unity\UnityTemp\Compile\Unity\Unity\Src\UnityContainer.cs:line 515
   at Microsoft.Practices.Unity.UnityContainer.Resolve(Type t, String name, ResolverOverride[] resolverOverrides) in e:\Builds\Unity\UnityTemp\Compile\Unity\Unity\Src\UnityContainer.cs:line 173
   at Microsoft.Practices.Unity.UnityServiceLocator.DoGetInstance(Type serviceType, String key) in e:\Builds\Unity\UnityTemp\Compile\Unity\Unity\Src\UnityServiceLocator.cs:line 64
   at Microsoft.Practices.ServiceLocation.ServiceLocatorImplBase.GetInstance(Type serviceType, String key) in c:\Home\Chris\Projects\CommonServiceLocator\main\Microsoft.Practices.ServiceLocation\ServiceLocatorImplBase.cs:line 49
 --- End of inner exception stack trace ---
   at FaceRecognition.ViewModel.RecognitionMethodsViewModel.NeuralNetworksViewModel_Accessor..ctor()
   at FaceRecognition.Test.NeuralNetworksViewModelTest.UpdateErrorTest() in D:\DiplomProject\FaceRecognition\FaceRecognition.Test\NeuralNetworksViewModelTest.cs:line 182
</StackTrace>
        </ErrorInfo>
      </Output>
    </UnitTestResult>
    <UnitTestResult executionId="ab927ad6-568d-4859-bf0f-1c78f2d7a08d" testId="cfc0b2a0-c247-10bd-fdd2-89e481912bfb" testName="UpdateIterationTest" computerName="MICROSOF-4C612A" duration="00:00:00.0073378" startTime="2011-05-29T01:27:05.4843750+03:00" endTime="2011-05-29T01:27:05.5000000+03:00" testType="13cdc9d9-ddb5-4fa4-a97d-d965ccfc6d4b" outcome="Failed" testListId="8c84fa94-04c1-424b-9868-57a2d4851a1d" relativeResultsDirectory="ab927ad6-568d-4859-bf0f-1c78f2d7a08d">
      <Output>
        <ErrorInfo>
          <Message>Test method FaceRecognition.Test.NeuralNetworksViewModelTest.UpdateIterationTest threw exception: 
Microsoft.Practices.ServiceLocation.ActivationException: Activation error occured while trying to get instance of type ExceptionPolicyImpl, key "BisunessLogic Policy" ---&gt; Microsoft.Practices.Unity.ResolutionFailedException: Resolution of the dependency failed, type = "Microsoft.Practices.EnterpriseLibrary.ExceptionHandling.ExceptionPolicyImpl", name = "BisunessLogic Policy".
Exception occurred while: while resolving.
Exception is: InvalidOperationException - The type ExceptionPolicyImpl has multiple constructors of length 2. Unable to disambiguate.
-----------------------------------------------
At the time of the exception, the container was:

  Resolving Microsoft.Practices.EnterpriseLibrary.ExceptionHandling.ExceptionPolicyImpl,BisunessLogic Policy
 ---&gt; System.InvalidOperationException: The type ExceptionPolicyImpl has multiple constructors of length 2. Unable to disambiguate.</Message>
          <StackTrace>    at Microsoft.Practices.ObjectBuilder2.ConstructorSelectorPolicyBase`1.FindLongestConstructor(Type typeToConstruct) in e:\Builds\Unity\UnityTemp\Compile\Unity\Unity\Src\ObjectBuilder\Strategies\BuildPlan\Creation\ConstructorSelectorPolicyBase.cs:line 113
   at Microsoft.Practices.ObjectBuilder2.ConstructorSelectorPolicyBase`1.SelectConstructor(IBuilderContext context, IPolicyList resolverPolicyDestination) in e:\Builds\Unity\UnityTemp\Compile\Unity\Unity\Src\ObjectBuilder\Strategies\BuildPlan\Creation\ConstructorSelectorPolicyBase.cs:line 38
   at Microsoft.Practices.ObjectBuilder2.DynamicMethodConstructorStrategy.PreBuildUp(IBuilderContext context) in e:\Builds\Unity\UnityTemp\Compile\Unity\Unity\Src\ObjectBuilder\Strategies\BuildPlan\DynamicMethod\Creation\DynamicMethodConstructorStrategy.cs:line 69
   at Microsoft.Practices.ObjectBuilder2.StrategyChain.ExecuteBuildUp(IBuilderContext context) in e:\Builds\Unity\UnityTemp\Compile\Unity\Unity\Src\ObjectBuilder\Strategies\StrategyChain.cs:line 110
   at Microsoft.Practices.ObjectBuilder2.DynamicMethodBuildPlanCreatorPolicy.CreatePlan(IBuilderContext context, NamedTypeBuildKey buildKey) in e:\Builds\Unity\UnityTemp\Compile\Unity\Unity\Src\ObjectBuilder\Strategies\BuildPlan\DynamicMethod\DynamicMethodBuildPlanCreatorPolicy.cs:line 48
   at Microsoft.Practices.ObjectBuilder2.BuildPlanStrategy.PreBuildUp(IBuilderContext context) in e:\Builds\Unity\UnityTemp\Compile\Unity\Unity\Src\ObjectBuilder\Strategies\BuildPlan\BuildPlanStrategy.cs:line 37
   at Microsoft.Practices.ObjectBuilder2.StrategyChain.ExecuteBuildUp(IBuilderContext context) in e:\Builds\Unity\UnityTemp\Compile\Unity\Unity\Src\ObjectBuilder\Strategies\StrategyChain.cs:line 110
   at Microsoft.Practices.Unity.UnityContainer.DoBuildUp(Type t, Object existing, String name, IEnumerable`1 resolverOverrides) in e:\Builds\Unity\UnityTemp\Compile\Unity\Unity\Src\UnityContainer.cs:line 511
 --- End of inner exception stack trace ---
    at Microsoft.Practices.Unity.UnityContainer.DoBuildUp(Type t, Object existing, String name, IEnumerable`1 resolverOverrides) in e:\Builds\Unity\UnityTemp\Compile\Unity\Unity\Src\UnityContainer.cs:line 515
   at Microsoft.Practices.Unity.UnityContainer.Resolve(Type t, String name, ResolverOverride[] resolverOverrides) in e:\Builds\Unity\UnityTemp\Compile\Unity\Unity\Src\UnityContainer.cs:line 173
   at Microsoft.Practices.Unity.UnityServiceLocator.DoGetInstance(Type serviceType, String key) in e:\Builds\Unity\UnityTemp\Compile\Unity\Unity\Src\UnityServiceLocator.cs:line 64
   at Microsoft.Practices.ServiceLocation.ServiceLocatorImplBase.GetInstance(Type serviceType, String key) in c:\Home\Chris\Projects\CommonServiceLocator\main\Microsoft.Practices.ServiceLocation\ServiceLocatorImplBase.cs:line 49
 --- End of inner exception stack trace ---
   at FaceRecognition.ViewModel.RecognitionMethodsViewModel.NeuralNetworksViewModel_Accessor..ctor()
   at FaceRecognition.Test.NeuralNetworksViewModelTest.UpdateIterationTest() in D:\DiplomProject\FaceRecognition\FaceRecognition.Test\NeuralNetworksViewModelTest.cs:line 195
</StackTrace>
        </ErrorInfo>
      </Output>
    </UnitTestResult>
    <UnitTestResult executionId="549b9939-5f88-4dc4-a97e-888a6b88313d" testId="e8c288ca-a2f9-a78f-a86a-e90660d7f4fb" testName="_recTimer_ElapsedTest" computerName="MICROSOF-4C612A" duration="00:00:00.0071266" startTime="2011-05-29T01:27:05.5000000+03:00" endTime="2011-05-29T01:27:05.5312500+03:00" testType="13cdc9d9-ddb5-4fa4-a97d-d965ccfc6d4b" outcome="Failed" testListId="8c84fa94-04c1-424b-9868-57a2d4851a1d" relativeResultsDirectory="549b9939-5f88-4dc4-a97e-888a6b88313d">
      <Output>
        <ErrorInfo>
          <Message>Test method FaceRecognition.Test.NeuralNetworksViewModelTest._recTimer_ElapsedTest threw exception: 
Microsoft.Practices.ServiceLocation.ActivationException: Activation error occured while trying to get instance of type ExceptionPolicyImpl, key "BisunessLogic Policy" ---&gt; Microsoft.Practices.Unity.ResolutionFailedException: Resolution of the dependency failed, type = "Microsoft.Practices.EnterpriseLibrary.ExceptionHandling.ExceptionPolicyImpl", name = "BisunessLogic Policy".
Exception occurred while: while resolving.
Exception is: InvalidOperationException - The type ExceptionPolicyImpl has multiple constructors of length 2. Unable to disambiguate.
-----------------------------------------------
At the time of the exception, the container was:

  Resolving Microsoft.Practices.EnterpriseLibrary.ExceptionHandling.ExceptionPolicyImpl,BisunessLogic Policy
 ---&gt; System.InvalidOperationException: The type ExceptionPolicyImpl has multiple constructors of length 2. Unable to disambiguate.</Message>
          <StackTrace>    at Microsoft.Practices.ObjectBuilder2.ConstructorSelectorPolicyBase`1.FindLongestConstructor(Type typeToConstruct) in e:\Builds\Unity\UnityTemp\Compile\Unity\Unity\Src\ObjectBuilder\Strategies\BuildPlan\Creation\ConstructorSelectorPolicyBase.cs:line 113
   at Microsoft.Practices.ObjectBuilder2.ConstructorSelectorPolicyBase`1.SelectConstructor(IBuilderContext context, IPolicyList resolverPolicyDestination) in e:\Builds\Unity\UnityTemp\Compile\Unity\Unity\Src\ObjectBuilder\Strategies\BuildPlan\Creation\ConstructorSelectorPolicyBase.cs:line 38
   at Microsoft.Practices.ObjectBuilder2.DynamicMethodConstructorStrategy.PreBuildUp(IBuilderContext context) in e:\Builds\Unity\UnityTemp\Compile\Unity\Unity\Src\ObjectBuilder\Strategies\BuildPlan\DynamicMethod\Creation\DynamicMethodConstructorStrategy.cs:line 69
   at Microsoft.Practices.ObjectBuilder2.StrategyChain.ExecuteBuildUp(IBuilderContext context) in e:\Builds\Unity\UnityTemp\Compile\Unity\Unity\Src\ObjectBuilder\Strategies\StrategyChain.cs:line 110
   at Microsoft.Practices.ObjectBuilder2.DynamicMethodBuildPlanCreatorPolicy.CreatePlan(IBuilderContext context, NamedTypeBuildKey buildKey) in e:\Builds\Unity\UnityTemp\Compile\Unity\Unity\Src\ObjectBuilder\Strategies\BuildPlan\DynamicMethod\DynamicMethodBuildPlanCreatorPolicy.cs:line 48
   at Microsoft.Practices.ObjectBuilder2.BuildPlanStrategy.PreBuildUp(IBuilderContext context) in e:\Builds\Unity\UnityTemp\Compile\Unity\Unity\Src\ObjectBuilder\Strategies\BuildPlan\BuildPlanStrategy.cs:line 37
   at Microsoft.Practices.ObjectBuilder2.StrategyChain.ExecuteBuildUp(IBuilderContext context) in e:\Builds\Unity\UnityTemp\Compile\Unity\Unity\Src\ObjectBuilder\Strategies\StrategyChain.cs:line 110
   at Microsoft.Practices.Unity.UnityContainer.DoBuildUp(Type t, Object existing, String name, IEnumerable`1 resolverOverrides) in e:\Builds\Unity\UnityTemp\Compile\Unity\Unity\Src\UnityContainer.cs:line 511
 --- End of inner exception stack trace ---
    at Microsoft.Practices.Unity.UnityContainer.DoBuildUp(Type t, Object existing, String name, IEnumerable`1 resolverOverrides) in e:\Builds\Unity\UnityTemp\Compile\Unity\Unity\Src\UnityContainer.cs:line 515
   at Microsoft.Practices.Unity.UnityContainer.Resolve(Type t, String name, ResolverOverride[] resolverOverrides) in e:\Builds\Unity\UnityTemp\Compile\Unity\Unity\Src\UnityContainer.cs:line 173
   at Microsoft.Practices.Unity.UnityServiceLocator.DoGetInstance(Type serviceType, String key) in e:\Builds\Unity\UnityTemp\Compile\Unity\Unity\Src\UnityServiceLocator.cs:line 64
   at Microsoft.Practices.ServiceLocation.ServiceLocatorImplBase.GetInstance(Type serviceType, String key) in c:\Home\Chris\Projects\CommonServiceLocator\main\Microsoft.Practices.ServiceLocation\ServiceLocatorImplBase.cs:line 49
 --- End of inner exception stack trace ---
   at FaceRecognition.ViewModel.RecognitionMethodsViewModel.NeuralNetworksViewModel_Accessor..ctor()
   at FaceRecognition.Test.NeuralNetworksViewModelTest._recTimer_ElapsedTest() in D:\DiplomProject\FaceRecognition\FaceRecognition.Test\NeuralNetworksViewModelTest.cs:line 208
</StackTrace>
        </ErrorInfo>
      </Output>
    </UnitTestResult>
    <UnitTestResult executionId="2b498cc3-2622-4ec5-9ec2-d984203546a2" testId="14234d76-e48c-d4f7-1632-d9d65ff64476" testName="_trainTimer_ElapsedTest" computerName="MICROSOF-4C612A" duration="00:00:00.0684461" startTime="2011-05-29T01:27:05.5468750+03:00" endTime="2011-05-29T01:27:05.6250000+03:00" testType="13cdc9d9-ddb5-4fa4-a97d-d965ccfc6d4b" outcome="Failed" testListId="8c84fa94-04c1-424b-9868-57a2d4851a1d" relativeResultsDirectory="2b498cc3-2622-4ec5-9ec2-d984203546a2">
      <Output>
        <ErrorInfo>
          <Message>Test method FaceRecognition.Test.NeuralNetworksViewModelTest._trainTimer_ElapsedTest threw exception: 
Microsoft.Practices.ServiceLocation.ActivationException: Activation error occured while trying to get instance of type ExceptionPolicyImpl, key "BisunessLogic Policy" ---&gt; Microsoft.Practices.Unity.ResolutionFailedException: Resolution of the dependency failed, type = "Microsoft.Practices.EnterpriseLibrary.ExceptionHandling.ExceptionPolicyImpl", name = "BisunessLogic Policy".
Exception occurred while: while resolving.
Exception is: InvalidOperationException - The type ExceptionPolicyImpl has multiple constructors of length 2. Unable to disambiguate.
-----------------------------------------------
At the time of the exception, the container was:

  Resolving Microsoft.Practices.EnterpriseLibrary.ExceptionHandling.ExceptionPolicyImpl,BisunessLogic Policy
 ---&gt; System.InvalidOperationException: The type ExceptionPolicyImpl has multiple constructors of length 2. Unable to disambiguate.</Message>
          <StackTrace>    at Microsoft.Practices.ObjectBuilder2.ConstructorSelectorPolicyBase`1.FindLongestConstructor(Type typeToConstruct) in e:\Builds\Unity\UnityTemp\Compile\Unity\Unity\Src\ObjectBuilder\Strategies\BuildPlan\Creation\ConstructorSelectorPolicyBase.cs:line 113
   at Microsoft.Practices.ObjectBuilder2.ConstructorSelectorPolicyBase`1.SelectConstructor(IBuilderContext context, IPolicyList resolverPolicyDestination) in e:\Builds\Unity\UnityTemp\Compile\Unity\Unity\Src\ObjectBuilder\Strategies\BuildPlan\Creation\ConstructorSelectorPolicyBase.cs:line 38
   at Microsoft.Practices.ObjectBuilder2.DynamicMethodConstructorStrategy.PreBuildUp(IBuilderContext context) in e:\Builds\Unity\UnityTemp\Compile\Unity\Unity\Src\ObjectBuilder\Strategies\BuildPlan\DynamicMethod\Creation\DynamicMethodConstructorStrategy.cs:line 69
   at Microsoft.Practices.ObjectBuilder2.StrategyChain.ExecuteBuildUp(IBuilderContext context) in e:\Builds\Unity\UnityTemp\Compile\Unity\Unity\Src\ObjectBuilder\Strategies\StrategyChain.cs:line 110
   at Microsoft.Practices.ObjectBuilder2.DynamicMethodBuildPlanCreatorPolicy.CreatePlan(IBuilderContext context, NamedTypeBuildKey buildKey) in e:\Builds\Unity\UnityTemp\Compile\Unity\Unity\Src\ObjectBuilder\Strategies\BuildPlan\DynamicMethod\DynamicMethodBuildPlanCreatorPolicy.cs:line 48
   at Microsoft.Practices.ObjectBuilder2.BuildPlanStrategy.PreBuildUp(IBuilderContext context) in e:\Builds\Unity\UnityTemp\Compile\Unity\Unity\Src\ObjectBuilder\Strategies\BuildPlan\BuildPlanStrategy.cs:line 37
   at Microsoft.Practices.ObjectBuilder2.StrategyChain.ExecuteBuildUp(IBuilderContext context) in e:\Builds\Unity\UnityTemp\Compile\Unity\Unity\Src\ObjectBuilder\Strategies\StrategyChain.cs:line 110
   at Microsoft.Practices.Unity.UnityContainer.DoBuildUp(Type t, Object existing, String name, IEnumerable`1 resolverOverrides) in e:\Builds\Unity\UnityTemp\Compile\Unity\Unity\Src\UnityContainer.cs:line 511
 --- End of inner exception stack trace ---
    at Microsoft.Practices.Unity.UnityContainer.DoBuildUp(Type t, Object existing, String name, IEnumerable`1 resolverOverrides) in e:\Builds\Unity\UnityTemp\Compile\Unity\Unity\Src\UnityContainer.cs:line 515
   at Microsoft.Practices.Unity.UnityContainer.Resolve(Type t, String name, ResolverOverride[] resolverOverrides) in e:\Builds\Unity\UnityTemp\Compile\Unity\Unity\Src\UnityContainer.cs:line 173
   at Microsoft.Practices.Unity.UnityServiceLocator.DoGetInstance(Type serviceType, String key) in e:\Builds\Unity\UnityTemp\Compile\Unity\Unity\Src\UnityServiceLocator.cs:line 64
   at Microsoft.Practices.ServiceLocation.ServiceLocatorImplBase.GetInstance(Type serviceType, String key) in c:\Home\Chris\Projects\CommonServiceLocator\main\Microsoft.Practices.ServiceLocation\ServiceLocatorImplBase.cs:line 49
 --- End of inner exception stack trace ---
   at FaceRecognition.ViewModel.RecognitionMethodsViewModel.NeuralNetworksViewModel_Accessor..ctor()
   at FaceRecognition.Test.NeuralNetworksViewModelTest._trainTimer_ElapsedTest() in D:\DiplomProject\FaceRecognition\FaceRecognition.Test\NeuralNetworksViewModelTest.cs:line 222
</StackTrace>
        </ErrorInfo>
      </Output>
    </UnitTestResult>
    <UnitTestResult executionId="bc9abe2a-03cd-403a-989a-8559e177e40b" testId="aaaa9541-adbc-6789-0dc5-80b6bcff1d3f" testName="neuralNetwork_IterationChangedTest" computerName="MICROSOF-4C612A" duration="00:00:00.0118833" startTime="2011-05-29T01:27:05.6250000+03:00" endTime="2011-05-29T01:27:05.6562500+03:00" testType="13cdc9d9-ddb5-4fa4-a97d-d965ccfc6d4b" outcome="Failed" testListId="8c84fa94-04c1-424b-9868-57a2d4851a1d" relativeResultsDirectory="bc9abe2a-03cd-403a-989a-8559e177e40b">
      <Output>
        <ErrorInfo>
          <Message>Test method FaceRecognition.Test.NeuralNetworksViewModelTest.neuralNetwork_IterationChangedTest threw exception: 
Microsoft.Practices.ServiceLocation.ActivationException: Activation error occured while trying to get instance of type ExceptionPolicyImpl, key "BisunessLogic Policy" ---&gt; Microsoft.Practices.Unity.ResolutionFailedException: Resolution of the dependency failed, type = "Microsoft.Practices.EnterpriseLibrary.ExceptionHandling.ExceptionPolicyImpl", name = "BisunessLogic Policy".
Exception occurred while: while resolving.
Exception is: InvalidOperationException - The type ExceptionPolicyImpl has multiple constructors of length 2. Unable to disambiguate.
-----------------------------------------------
At the time of the exception, the container was:

  Resolving Microsoft.Practices.EnterpriseLibrary.ExceptionHandling.ExceptionPolicyImpl,BisunessLogic Policy
 ---&gt; System.InvalidOperationException: The type ExceptionPolicyImpl has multiple constructors of length 2. Unable to disambiguate.</Message>
          <StackTrace>    at Microsoft.Practices.ObjectBuilder2.ConstructorSelectorPolicyBase`1.FindLongestConstructor(Type typeToConstruct) in e:\Builds\Unity\UnityTemp\Compile\Unity\Unity\Src\ObjectBuilder\Strategies\BuildPlan\Creation\ConstructorSelectorPolicyBase.cs:line 113
   at Microsoft.Practices.ObjectBuilder2.ConstructorSelectorPolicyBase`1.SelectConstructor(IBuilderContext context, IPolicyList resolverPolicyDestination) in e:\Builds\Unity\UnityTemp\Compile\Unity\Unity\Src\ObjectBuilder\Strategies\BuildPlan\Creation\ConstructorSelectorPolicyBase.cs:line 38
   at Microsoft.Practices.ObjectBuilder2.DynamicMethodConstructorStrategy.PreBuildUp(IBuilderContext context) in e:\Builds\Unity\UnityTemp\Compile\Unity\Unity\Src\ObjectBuilder\Strategies\BuildPlan\DynamicMethod\Creation\DynamicMethodConstructorStrategy.cs:line 69
   at Microsoft.Practices.ObjectBuilder2.StrategyChain.ExecuteBuildUp(IBuilderContext context) in e:\Builds\Unity\UnityTemp\Compile\Unity\Unity\Src\ObjectBuilder\Strategies\StrategyChain.cs:line 110
   at Microsoft.Practices.ObjectBuilder2.DynamicMethodBuildPlanCreatorPolicy.CreatePlan(IBuilderContext context, NamedTypeBuildKey buildKey) in e:\Builds\Unity\UnityTemp\Compile\Unity\Unity\Src\ObjectBuilder\Strategies\BuildPlan\DynamicMethod\DynamicMethodBuildPlanCreatorPolicy.cs:line 48
   at Microsoft.Practices.ObjectBuilder2.BuildPlanStrategy.PreBuildUp(IBuilderContext context) in e:\Builds\Unity\UnityTemp\Compile\Unity\Unity\Src\ObjectBuilder\Strategies\BuildPlan\BuildPlanStrategy.cs:line 37
   at Microsoft.Practices.ObjectBuilder2.StrategyChain.ExecuteBuildUp(IBuilderContext context) in e:\Builds\Unity\UnityTemp\Compile\Unity\Unity\Src\ObjectBuilder\Strategies\StrategyChain.cs:line 110
   at Microsoft.Practices.Unity.UnityContainer.DoBuildUp(Type t, Object existing, String name, IEnumerable`1 resolverOverrides) in e:\Builds\Unity\UnityTemp\Compile\Unity\Unity\Src\UnityContainer.cs:line 511
 --- End of inner exception stack trace ---
    at Microsoft.Practices.Unity.UnityContainer.DoBuildUp(Type t, Object existing, String name, IEnumerable`1 resolverOverrides) in e:\Builds\Unity\UnityTemp\Compile\Unity\Unity\Src\UnityContainer.cs:line 515
   at Microsoft.Practices.Unity.UnityContainer.Resolve(Type t, String name, ResolverOverride[] resolverOverrides) in e:\Builds\Unity\UnityTemp\Compile\Unity\Unity\Src\UnityContainer.cs:line 173
   at Microsoft.Practices.Unity.UnityServiceLocator.DoGetInstance(Type serviceType, String key) in e:\Builds\Unity\UnityTemp\Compile\Unity\Unity\Src\UnityServiceLocator.cs:line 64
   at Microsoft.Practices.ServiceLocation.ServiceLocatorImplBase.GetInstance(Type serviceType, String key) in c:\Home\Chris\Projects\CommonServiceLocator\main\Microsoft.Practices.ServiceLocation\ServiceLocatorImplBase.cs:line 49
 --- End of inner exception stack trace ---
   at FaceRecognition.ViewModel.RecognitionMethodsViewModel.NeuralNetworksViewModel_Accessor..ctor()
   at FaceRecognition.Test.NeuralNetworksViewModelTest.neuralNetwork_IterationChangedTest() in D:\DiplomProject\FaceRecognition\FaceRecognition.Test\NeuralNetworksViewModelTest.cs:line 236
</StackTrace>
        </ErrorInfo>
      </Output>
    </UnitTestResult>
    <UnitTestResult executionId="a0be8bf8-ea0b-450c-9fe9-117876c659f8" testId="d1abd4cc-bd40-7531-afba-b796ccac0821" testName="ErrorTest" computerName="MICROSOF-4C612A" duration="00:00:00.0068531" startTime="2011-05-29T01:27:05.6562500+03:00" endTime="2011-05-29T01:27:05.6718750+03:00" testType="13cdc9d9-ddb5-4fa4-a97d-d965ccfc6d4b" outcome="Failed" testListId="8c84fa94-04c1-424b-9868-57a2d4851a1d" relativeResultsDirectory="a0be8bf8-ea0b-450c-9fe9-117876c659f8">
      <Output>
        <ErrorInfo>
          <Message>Test method FaceRecognition.Test.NeuralNetworksViewModelTest.ErrorTest threw exception: 
Microsoft.Practices.ServiceLocation.ActivationException: Activation error occured while trying to get instance of type ExceptionPolicyImpl, key "BisunessLogic Policy" ---&gt; Microsoft.Practices.Unity.ResolutionFailedException: Resolution of the dependency failed, type = "Microsoft.Practices.EnterpriseLibrary.ExceptionHandling.ExceptionPolicyImpl", name = "BisunessLogic Policy".
Exception occurred while: while resolving.
Exception is: InvalidOperationException - The type ExceptionPolicyImpl has multiple constructors of length 2. Unable to disambiguate.
-----------------------------------------------
At the time of the exception, the container was:

  Resolving Microsoft.Practices.EnterpriseLibrary.ExceptionHandling.ExceptionPolicyImpl,BisunessLogic Policy
 ---&gt; System.InvalidOperationException: The type ExceptionPolicyImpl has multiple constructors of length 2. Unable to disambiguate.</Message>
          <StackTrace>    at Microsoft.Practices.ObjectBuilder2.ConstructorSelectorPolicyBase`1.FindLongestConstructor(Type typeToConstruct) in e:\Builds\Unity\UnityTemp\Compile\Unity\Unity\Src\ObjectBuilder\Strategies\BuildPlan\Creation\ConstructorSelectorPolicyBase.cs:line 113
   at Microsoft.Practices.ObjectBuilder2.ConstructorSelectorPolicyBase`1.SelectConstructor(IBuilderContext context, IPolicyList resolverPolicyDestination) in e:\Builds\Unity\UnityTemp\Compile\Unity\Unity\Src\ObjectBuilder\Strategies\BuildPlan\Creation\ConstructorSelectorPolicyBase.cs:line 38
   at Microsoft.Practices.ObjectBuilder2.DynamicMethodConstructorStrategy.PreBuildUp(IBuilderContext context) in e:\Builds\Unity\UnityTemp\Compile\Unity\Unity\Src\ObjectBuilder\Strategies\BuildPlan\DynamicMethod\Creation\DynamicMethodConstructorStrategy.cs:line 69
   at Microsoft.Practices.ObjectBuilder2.StrategyChain.ExecuteBuildUp(IBuilderContext context) in e:\Builds\Unity\UnityTemp\Compile\Unity\Unity\Src\ObjectBuilder\Strategies\StrategyChain.cs:line 110
   at Microsoft.Practices.ObjectBuilder2.DynamicMethodBuildPlanCreatorPolicy.CreatePlan(IBuilderContext context, NamedTypeBuildKey buildKey) in e:\Builds\Unity\UnityTemp\Compile\Unity\Unity\Src\ObjectBuilder\Strategies\BuildPlan\DynamicMethod\DynamicMethodBuildPlanCreatorPolicy.cs:line 48
   at Microsoft.Practices.ObjectBuilder2.BuildPlanStrategy.PreBuildUp(IBuilderContext context) in e:\Builds\Unity\UnityTemp\Compile\Unity\Unity\Src\ObjectBuilder\Strategies\BuildPlan\BuildPlanStrategy.cs:line 37
   at Microsoft.Practices.ObjectBuilder2.StrategyChain.ExecuteBuildUp(IBuilderContext context) in e:\Builds\Unity\UnityTemp\Compile\Unity\Unity\Src\ObjectBuilder\Strategies\StrategyChain.cs:line 110
   at Microsoft.Practices.Unity.UnityContainer.DoBuildUp(Type t, Object existing, String name, IEnumerable`1 resolverOverrides) in e:\Builds\Unity\UnityTemp\Compile\Unity\Unity\Src\UnityContainer.cs:line 511
 --- End of inner exception stack trace ---
    at Microsoft.Practices.Unity.UnityContainer.DoBuildUp(Type t, Object existing, String name, IEnumerable`1 resolverOverrides) in e:\Builds\Unity\UnityTemp\Compile\Unity\Unity\Src\UnityContainer.cs:line 515
   at Microsoft.Practices.Unity.UnityContainer.Resolve(Type t, String name, ResolverOverride[] resolverOverrides) in e:\Builds\Unity\UnityTemp\Compile\Unity\Unity\Src\UnityContainer.cs:line 173
   at Microsoft.Practices.Unity.UnityServiceLocator.DoGetInstance(Type serviceType, String key) in e:\Builds\Unity\UnityTemp\Compile\Unity\Unity\Src\UnityServiceLocator.cs:line 64
   at Microsoft.Practices.ServiceLocation.ServiceLocatorImplBase.GetInstance(Type serviceType, String key) in c:\Home\Chris\Projects\CommonServiceLocator\main\Microsoft.Practices.ServiceLocation\ServiceLocatorImplBase.cs:line 49
 --- End of inner exception stack trace ---
    at Microsoft.Practices.ServiceLocation.ServiceLocatorImplBase.GetInstance(Type serviceType, String key) in c:\Home\Chris\Projects\CommonServiceLocator\main\Microsoft.Practices.ServiceLocation\ServiceLocatorImplBase.cs:line 53
   at Microsoft.Practices.ServiceLocation.ServiceLocatorImplBase.GetInstance[TService](String key) in c:\Home\Chris\Projects\CommonServiceLocator\main\Microsoft.Practices.ServiceLocation\ServiceLocatorImplBase.cs:line 103
   at Microsoft.Practices.EnterpriseLibrary.ExceptionHandling.ExceptionPolicy.GetExceptionPolicy(Exception exception, String policyName) in e:\Builds\EntLib\Latest\Source\Blocks\ExceptionHandling\Src\ExceptionHandling\ExceptionPolicy.cs:line 131
   at Microsoft.Practices.EnterpriseLibrary.ExceptionHandling.ExceptionPolicy.HandleException(Exception exceptionToHandle, String policyName) in e:\Builds\EntLib\Latest\Source\Blocks\ExceptionHandling\Src\ExceptionHandling\ExceptionPolicy.cs:line 55
   at FaceRecognition.ViewModel.RecognitionMethodsViewModel.NeuralNetworksViewModel.CreateNeuralNetwork() in D:\DiplomProject\FaceRecognition\ViewModel\RecognitionMethodsViewModel\NeuralNetworksViewModel.cs:line 293
   at FaceRecognition.ViewModel.RecognitionMethodsViewModel.NeuralNetworksViewModel..ctor() in D:\DiplomProject\FaceRecognition\ViewModel\RecognitionMethodsViewModel\NeuralNetworksViewModel.cs:line 66
   at FaceRecognition.Test.NeuralNetworksViewModelTest.ErrorTest() in D:\DiplomProject\FaceRecognition\FaceRecognition.Test\NeuralNetworksViewModelTest.cs:line 249
</StackTrace>
        </ErrorInfo>
      </Output>
    </UnitTestResult>
    <UnitTestResult executionId="455d1dac-6ad8-4e45-9cae-05db0644d30f" testId="71573228-a18e-34a5-16e6-4dac70dea85e" testName="HiddenUnitsTest" computerName="MICROSOF-4C612A" duration="00:00:00.0061122" startTime="2011-05-29T01:27:05.6875000+03:00" endTime="2011-05-29T01:27:05.7031250+03:00" testType="13cdc9d9-ddb5-4fa4-a97d-d965ccfc6d4b" outcome="Failed" testListId="8c84fa94-04c1-424b-9868-57a2d4851a1d" relativeResultsDirectory="455d1dac-6ad8-4e45-9cae-05db0644d30f">
      <Output>
        <ErrorInfo>
          <Message>Test method FaceRecognition.Test.NeuralNetworksViewModelTest.HiddenUnitsTest threw exception: 
Microsoft.Practices.ServiceLocation.ActivationException: Activation error occured while trying to get instance of type ExceptionPolicyImpl, key "BisunessLogic Policy" ---&gt; Microsoft.Practices.Unity.ResolutionFailedException: Resolution of the dependency failed, type = "Microsoft.Practices.EnterpriseLibrary.ExceptionHandling.ExceptionPolicyImpl", name = "BisunessLogic Policy".
Exception occurred while: while resolving.
Exception is: InvalidOperationException - The type ExceptionPolicyImpl has multiple constructors of length 2. Unable to disambiguate.
-----------------------------------------------
At the time of the exception, the container was:

  Resolving Microsoft.Practices.EnterpriseLibrary.ExceptionHandling.ExceptionPolicyImpl,BisunessLogic Policy
 ---&gt; System.InvalidOperationException: The type ExceptionPolicyImpl has multiple constructors of length 2. Unable to disambiguate.</Message>
          <StackTrace>    at Microsoft.Practices.ObjectBuilder2.ConstructorSelectorPolicyBase`1.FindLongestConstructor(Type typeToConstruct) in e:\Builds\Unity\UnityTemp\Compile\Unity\Unity\Src\ObjectBuilder\Strategies\BuildPlan\Creation\ConstructorSelectorPolicyBase.cs:line 113
   at Microsoft.Practices.ObjectBuilder2.ConstructorSelectorPolicyBase`1.SelectConstructor(IBuilderContext context, IPolicyList resolverPolicyDestination) in e:\Builds\Unity\UnityTemp\Compile\Unity\Unity\Src\ObjectBuilder\Strategies\BuildPlan\Creation\ConstructorSelectorPolicyBase.cs:line 38
   at Microsoft.Practices.ObjectBuilder2.DynamicMethodConstructorStrategy.PreBuildUp(IBuilderContext context) in e:\Builds\Unity\UnityTemp\Compile\Unity\Unity\Src\ObjectBuilder\Strategies\BuildPlan\DynamicMethod\Creation\DynamicMethodConstructorStrategy.cs:line 69
   at Microsoft.Practices.ObjectBuilder2.StrategyChain.ExecuteBuildUp(IBuilderContext context) in e:\Builds\Unity\UnityTemp\Compile\Unity\Unity\Src\ObjectBuilder\Strategies\StrategyChain.cs:line 110
   at Microsoft.Practices.ObjectBuilder2.DynamicMethodBuildPlanCreatorPolicy.CreatePlan(IBuilderContext context, NamedTypeBuildKey buildKey) in e:\Builds\Unity\UnityTemp\Compile\Unity\Unity\Src\ObjectBuilder\Strategies\BuildPlan\DynamicMethod\DynamicMethodBuildPlanCreatorPolicy.cs:line 48
   at Microsoft.Practices.ObjectBuilder2.BuildPlanStrategy.PreBuildUp(IBuilderContext context) in e:\Builds\Unity\UnityTemp\Compile\Unity\Unity\Src\ObjectBuilder\Strategies\BuildPlan\BuildPlanStrategy.cs:line 37
   at Microsoft.Practices.ObjectBuilder2.StrategyChain.ExecuteBuildUp(IBuilderContext context) in e:\Builds\Unity\UnityTemp\Compile\Unity\Unity\Src\ObjectBuilder\Strategies\StrategyChain.cs:line 110
   at Microsoft.Practices.Unity.UnityContainer.DoBuildUp(Type t, Object existing, String name, IEnumerable`1 resolverOverrides) in e:\Builds\Unity\UnityTemp\Compile\Unity\Unity\Src\UnityContainer.cs:line 511
 --- End of inner exception stack trace ---
    at Microsoft.Practices.Unity.UnityContainer.DoBuildUp(Type t, Object existing, String name, IEnumerable`1 resolverOverrides) in e:\Builds\Unity\UnityTemp\Compile\Unity\Unity\Src\UnityContainer.cs:line 515
   at Microsoft.Practices.Unity.UnityContainer.Resolve(Type t, String name, ResolverOverride[] resolverOverrides) in e:\Builds\Unity\UnityTemp\Compile\Unity\Unity\Src\UnityContainer.cs:line 173
   at Microsoft.Practices.Unity.UnityServiceLocator.DoGetInstance(Type serviceType, String key) in e:\Builds\Unity\UnityTemp\Compile\Unity\Unity\Src\UnityServiceLocator.cs:line 64
   at Microsoft.Practices.ServiceLocation.ServiceLocatorImplBase.GetInstance(Type serviceType, String key) in c:\Home\Chris\Projects\CommonServiceLocator\main\Microsoft.Practices.ServiceLocation\ServiceLocatorImplBase.cs:line 49
 --- End of inner exception stack trace ---
    at Microsoft.Practices.ServiceLocation.ServiceLocatorImplBase.GetInstance(Type serviceType, String key) in c:\Home\Chris\Projects\CommonServiceLocator\main\Microsoft.Practices.ServiceLocation\ServiceLocatorImplBase.cs:line 53
   at Microsoft.Practices.ServiceLocation.ServiceLocatorImplBase.GetInstance[TService](String key) in c:\Home\Chris\Projects\CommonServiceLocator\main\Microsoft.Practices.ServiceLocation\ServiceLocatorImplBase.cs:line 103
   at Microsoft.Practices.EnterpriseLibrary.ExceptionHandling.ExceptionPolicy.GetExceptionPolicy(Exception exception, String policyName) in e:\Builds\EntLib\Latest\Source\Blocks\ExceptionHandling\Src\ExceptionHandling\ExceptionPolicy.cs:line 131
   at Microsoft.Practices.EnterpriseLibrary.ExceptionHandling.ExceptionPolicy.HandleException(Exception exceptionToHandle, String policyName) in e:\Builds\EntLib\Latest\Source\Blocks\ExceptionHandling\Src\ExceptionHandling\ExceptionPolicy.cs:line 55
   at FaceRecognition.ViewModel.RecognitionMethodsViewModel.NeuralNetworksViewModel.CreateNeuralNetwork() in D:\DiplomProject\FaceRecognition\ViewModel\RecognitionMethodsViewModel\NeuralNetworksViewModel.cs:line 293
   at FaceRecognition.ViewModel.RecognitionMethodsViewModel.NeuralNetworksViewModel..ctor() in D:\DiplomProject\FaceRecognition\ViewModel\RecognitionMethodsViewModel\NeuralNetworksViewModel.cs:line 66
   at FaceRecognition.Test.NeuralNetworksViewModelTest.HiddenUnitsTest() in D:\DiplomProject\FaceRecognition\FaceRecognition.Test\NeuralNetworksViewModelTest.cs:line 264
</StackTrace>
        </ErrorInfo>
      </Output>
    </UnitTestResult>
    <UnitTestResult executionId="b5768fb1-9dfa-481f-a5d4-3e025481f413" testId="30e8026d-a5f3-c5ca-5bd6-c2032ca8f1bd" testName="InputUnitsTest" computerName="MICROSOF-4C612A" duration="00:00:00.0067301" startTime="2011-05-29T01:27:05.7187500+03:00" endTime="2011-05-29T01:27:05.7343750+03:00" testType="13cdc9d9-ddb5-4fa4-a97d-d965ccfc6d4b" outcome="Failed" testListId="8c84fa94-04c1-424b-9868-57a2d4851a1d" relativeResultsDirectory="b5768fb1-9dfa-481f-a5d4-3e025481f413">
      <Output>
        <ErrorInfo>
          <Message>Test method FaceRecognition.Test.NeuralNetworksViewModelTest.InputUnitsTest threw exception: 
Microsoft.Practices.ServiceLocation.ActivationException: Activation error occured while trying to get instance of type ExceptionPolicyImpl, key "BisunessLogic Policy" ---&gt; Microsoft.Practices.Unity.ResolutionFailedException: Resolution of the dependency failed, type = "Microsoft.Practices.EnterpriseLibrary.ExceptionHandling.ExceptionPolicyImpl", name = "BisunessLogic Policy".
Exception occurred while: while resolving.
Exception is: InvalidOperationException - The type ExceptionPolicyImpl has multiple constructors of length 2. Unable to disambiguate.
-----------------------------------------------
At the time of the exception, the container was:

  Resolving Microsoft.Practices.EnterpriseLibrary.ExceptionHandling.ExceptionPolicyImpl,BisunessLogic Policy
 ---&gt; System.InvalidOperationException: The type ExceptionPolicyImpl has multiple constructors of length 2. Unable to disambiguate.</Message>
          <StackTrace>    at Microsoft.Practices.ObjectBuilder2.ConstructorSelectorPolicyBase`1.FindLongestConstructor(Type typeToConstruct) in e:\Builds\Unity\UnityTemp\Compile\Unity\Unity\Src\ObjectBuilder\Strategies\BuildPlan\Creation\ConstructorSelectorPolicyBase.cs:line 113
   at Microsoft.Practices.ObjectBuilder2.ConstructorSelectorPolicyBase`1.SelectConstructor(IBuilderContext context, IPolicyList resolverPolicyDestination) in e:\Builds\Unity\UnityTemp\Compile\Unity\Unity\Src\ObjectBuilder\Strategies\BuildPlan\Creation\ConstructorSelectorPolicyBase.cs:line 38
   at Microsoft.Practices.ObjectBuilder2.DynamicMethodConstructorStrategy.PreBuildUp(IBuilderContext context) in e:\Builds\Unity\UnityTemp\Compile\Unity\Unity\Src\ObjectBuilder\Strategies\BuildPlan\DynamicMethod\Creation\DynamicMethodConstructorStrategy.cs:line 69
   at Microsoft.Practices.ObjectBuilder2.StrategyChain.ExecuteBuildUp(IBuilderContext context) in e:\Builds\Unity\UnityTemp\Compile\Unity\Unity\Src\ObjectBuilder\Strategies\StrategyChain.cs:line 110
   at Microsoft.Practices.ObjectBuilder2.DynamicMethodBuildPlanCreatorPolicy.CreatePlan(IBuilderContext context, NamedTypeBuildKey buildKey) in e:\Builds\Unity\UnityTemp\Compile\Unity\Unity\Src\ObjectBuilder\Strategies\BuildPlan\DynamicMethod\DynamicMethodBuildPlanCreatorPolicy.cs:line 48
   at Microsoft.Practices.ObjectBuilder2.BuildPlanStrategy.PreBuildUp(IBuilderContext context) in e:\Builds\Unity\UnityTemp\Compile\Unity\Unity\Src\ObjectBuilder\Strategies\BuildPlan\BuildPlanStrategy.cs:line 37
   at Microsoft.Practices.ObjectBuilder2.StrategyChain.ExecuteBuildUp(IBuilderContext context) in e:\Builds\Unity\UnityTemp\Compile\Unity\Unity\Src\ObjectBuilder\Strategies\StrategyChain.cs:line 110
   at Microsoft.Practices.Unity.UnityContainer.DoBuildUp(Type t, Object existing, String name, IEnumerable`1 resolverOverrides) in e:\Builds\Unity\UnityTemp\Compile\Unity\Unity\Src\UnityContainer.cs:line 511
 --- End of inner exception stack trace ---
    at Microsoft.Practices.Unity.UnityContainer.DoBuildUp(Type t, Object existing, String name, IEnumerable`1 resolverOverrides) in e:\Builds\Unity\UnityTemp\Compile\Unity\Unity\Src\UnityContainer.cs:line 515
   at Microsoft.Practices.Unity.UnityContainer.Resolve(Type t, String name, ResolverOverride[] resolverOverrides) in e:\Builds\Unity\UnityTemp\Compile\Unity\Unity\Src\UnityContainer.cs:line 173
   at Microsoft.Practices.Unity.UnityServiceLocator.DoGetInstance(Type serviceType, String key) in e:\Builds\Unity\UnityTemp\Compile\Unity\Unity\Src\UnityServiceLocator.cs:line 64
   at Microsoft.Practices.ServiceLocation.ServiceLocatorImplBase.GetInstance(Type serviceType, String key) in c:\Home\Chris\Projects\CommonServiceLocator\main\Microsoft.Practices.ServiceLocation\ServiceLocatorImplBase.cs:line 49
 --- End of inner exception stack trace ---
    at Microsoft.Practices.ServiceLocation.ServiceLocatorImplBase.GetInstance(Type serviceType, String key) in c:\Home\Chris\Projects\CommonServiceLocator\main\Microsoft.Practices.ServiceLocation\ServiceLocatorImplBase.cs:line 53
   at Microsoft.Practices.ServiceLocation.ServiceLocatorImplBase.GetInstance[TService](String key) in c:\Home\Chris\Projects\CommonServiceLocator\main\Microsoft.Practices.ServiceLocation\ServiceLocatorImplBase.cs:line 103
   at Microsoft.Practices.EnterpriseLibrary.ExceptionHandling.ExceptionPolicy.GetExceptionPolicy(Exception exception, String policyName) in e:\Builds\EntLib\Latest\Source\Blocks\ExceptionHandling\Src\ExceptionHandling\ExceptionPolicy.cs:line 131
   at Microsoft.Practices.EnterpriseLibrary.ExceptionHandling.ExceptionPolicy.HandleException(Exception exceptionToHandle, String policyName) in e:\Builds\EntLib\Latest\Source\Blocks\ExceptionHandling\Src\ExceptionHandling\ExceptionPolicy.cs:line 55
   at FaceRecognition.ViewModel.RecognitionMethodsViewModel.NeuralNetworksViewModel.CreateNeuralNetwork() in D:\DiplomProject\FaceRecognition\ViewModel\RecognitionMethodsViewModel\NeuralNetworksViewModel.cs:line 293
   at FaceRecognition.ViewModel.RecognitionMethodsViewModel.NeuralNetworksViewModel..ctor() in D:\DiplomProject\FaceRecognition\ViewModel\RecognitionMethodsViewModel\NeuralNetworksViewModel.cs:line 66
   at FaceRecognition.Test.NeuralNetworksViewModelTest.InputUnitsTest() in D:\DiplomProject\FaceRecognition\FaceRecognition.Test\NeuralNetworksViewModelTest.cs:line 279
</StackTrace>
        </ErrorInfo>
      </Output>
    </UnitTestResult>
    <UnitTestResult executionId="9937a81e-6fca-4a9f-88a4-45e6b5a8d344" testId="0e0d7f5d-0a98-23c2-b597-7c9b9a7019dc" testName="IterationsTest" computerName="MICROSOF-4C612A" duration="00:00:00.0063636" startTime="2011-05-29T01:27:05.7343750+03:00" endTime="2011-05-29T01:27:05.7500000+03:00" testType="13cdc9d9-ddb5-4fa4-a97d-d965ccfc6d4b" outcome="Failed" testListId="8c84fa94-04c1-424b-9868-57a2d4851a1d" relativeResultsDirectory="9937a81e-6fca-4a9f-88a4-45e6b5a8d344">
      <Output>
        <ErrorInfo>
          <Message>Test method FaceRecognition.Test.NeuralNetworksViewModelTest.IterationsTest threw exception: 
Microsoft.Practices.ServiceLocation.ActivationException: Activation error occured while trying to get instance of type ExceptionPolicyImpl, key "BisunessLogic Policy" ---&gt; Microsoft.Practices.Unity.ResolutionFailedException: Resolution of the dependency failed, type = "Microsoft.Practices.EnterpriseLibrary.ExceptionHandling.ExceptionPolicyImpl", name = "BisunessLogic Policy".
Exception occurred while: while resolving.
Exception is: InvalidOperationException - The type ExceptionPolicyImpl has multiple constructors of length 2. Unable to disambiguate.
-----------------------------------------------
At the time of the exception, the container was:

  Resolving Microsoft.Practices.EnterpriseLibrary.ExceptionHandling.ExceptionPolicyImpl,BisunessLogic Policy
 ---&gt; System.InvalidOperationException: The type ExceptionPolicyImpl has multiple constructors of length 2. Unable to disambiguate.</Message>
          <StackTrace>    at Microsoft.Practices.ObjectBuilder2.ConstructorSelectorPolicyBase`1.FindLongestConstructor(Type typeToConstruct) in e:\Builds\Unity\UnityTemp\Compile\Unity\Unity\Src\ObjectBuilder\Strategies\BuildPlan\Creation\ConstructorSelectorPolicyBase.cs:line 113
   at Microsoft.Practices.ObjectBuilder2.ConstructorSelectorPolicyBase`1.SelectConstructor(IBuilderContext context, IPolicyList resolverPolicyDestination) in e:\Builds\Unity\UnityTemp\Compile\Unity\Unity\Src\ObjectBuilder\Strategies\BuildPlan\Creation\ConstructorSelectorPolicyBase.cs:line 38
   at Microsoft.Practices.ObjectBuilder2.DynamicMethodConstructorStrategy.PreBuildUp(IBuilderContext context) in e:\Builds\Unity\UnityTemp\Compile\Unity\Unity\Src\ObjectBuilder\Strategies\BuildPlan\DynamicMethod\Creation\DynamicMethodConstructorStrategy.cs:line 69
   at Microsoft.Practices.ObjectBuilder2.StrategyChain.ExecuteBuildUp(IBuilderContext context) in e:\Builds\Unity\UnityTemp\Compile\Unity\Unity\Src\ObjectBuilder\Strategies\StrategyChain.cs:line 110
   at Microsoft.Practices.ObjectBuilder2.DynamicMethodBuildPlanCreatorPolicy.CreatePlan(IBuilderContext context, NamedTypeBuildKey buildKey) in e:\Builds\Unity\UnityTemp\Compile\Unity\Unity\Src\ObjectBuilder\Strategies\BuildPlan\DynamicMethod\DynamicMethodBuildPlanCreatorPolicy.cs:line 48
   at Microsoft.Practices.ObjectBuilder2.BuildPlanStrategy.PreBuildUp(IBuilderContext context) in e:\Builds\Unity\UnityTemp\Compile\Unity\Unity\Src\ObjectBuilder\Strategies\BuildPlan\BuildPlanStrategy.cs:line 37
   at Microsoft.Practices.ObjectBuilder2.StrategyChain.ExecuteBuildUp(IBuilderContext context) in e:\Builds\Unity\UnityTemp\Compile\Unity\Unity\Src\ObjectBuilder\Strategies\StrategyChain.cs:line 110
   at Microsoft.Practices.Unity.UnityContainer.DoBuildUp(Type t, Object existing, String name, IEnumerable`1 resolverOverrides) in e:\Builds\Unity\UnityTemp\Compile\Unity\Unity\Src\UnityContainer.cs:line 511
 --- End of inner exception stack trace ---
    at Microsoft.Practices.Unity.UnityContainer.DoBuildUp(Type t, Object existing, String name, IEnumerable`1 resolverOverrides) in e:\Builds\Unity\UnityTemp\Compile\Unity\Unity\Src\UnityContainer.cs:line 515
   at Microsoft.Practices.Unity.UnityContainer.Resolve(Type t, String name, ResolverOverride[] resolverOverrides) in e:\Builds\Unity\UnityTemp\Compile\Unity\Unity\Src\UnityContainer.cs:line 173
   at Microsoft.Practices.Unity.UnityServiceLocator.DoGetInstance(Type serviceType, String key) in e:\Builds\Unity\UnityTemp\Compile\Unity\Unity\Src\UnityServiceLocator.cs:line 64
   at Microsoft.Practices.ServiceLocation.ServiceLocatorImplBase.GetInstance(Type serviceType, String key) in c:\Home\Chris\Projects\CommonServiceLocator\main\Microsoft.Practices.ServiceLocation\ServiceLocatorImplBase.cs:line 49
 --- End of inner exception stack trace ---
    at Microsoft.Practices.ServiceLocation.ServiceLocatorImplBase.GetInstance(Type serviceType, String key) in c:\Home\Chris\Projects\CommonServiceLocator\main\Microsoft.Practices.ServiceLocation\ServiceLocatorImplBase.cs:line 53
   at Microsoft.Practices.ServiceLocation.ServiceLocatorImplBase.GetInstance[TService](String key) in c:\Home\Chris\Projects\CommonServiceLocator\main\Microsoft.Practices.ServiceLocation\ServiceLocatorImplBase.cs:line 103
   at Microsoft.Practices.EnterpriseLibrary.ExceptionHandling.ExceptionPolicy.GetExceptionPolicy(Exception exception, String policyName) in e:\Builds\EntLib\Latest\Source\Blocks\ExceptionHandling\Src\ExceptionHandling\ExceptionPolicy.cs:line 131
   at Microsoft.Practices.EnterpriseLibrary.ExceptionHandling.ExceptionPolicy.HandleException(Exception exceptionToHandle, String policyName) in e:\Builds\EntLib\Latest\Source\Blocks\ExceptionHandling\Src\ExceptionHandling\ExceptionPolicy.cs:line 55
   at FaceRecognition.ViewModel.RecognitionMethodsViewModel.NeuralNetworksViewModel.CreateNeuralNetwork() in D:\DiplomProject\FaceRecognition\ViewModel\RecognitionMethodsViewModel\NeuralNetworksViewModel.cs:line 293
   at FaceRecognition.ViewModel.RecognitionMethodsViewModel.NeuralNetworksViewModel..ctor() in D:\DiplomProject\FaceRecognition\ViewModel\RecognitionMethodsViewModel\NeuralNetworksViewModel.cs:line 66
   at FaceRecognition.Test.NeuralNetworksViewModelTest.IterationsTest() in D:\DiplomProject\FaceRecognition\FaceRecognition.Test\NeuralNetworksViewModelTest.cs:line 294
</StackTrace>
        </ErrorInfo>
      </Output>
    </UnitTestResult>
    <UnitTestResult executionId="28dd7971-716c-4747-9ac9-0091a5d01240" testId="94d980fc-84aa-1439-04c5-1169ac0bb330" testName="LayersTest" computerName="MICROSOF-4C612A" duration="00:00:00.0063628" startTime="2011-05-29T01:27:05.7656250+03:00" endTime="2011-05-29T01:27:05.7812500+03:00" testType="13cdc9d9-ddb5-4fa4-a97d-d965ccfc6d4b" outcome="Failed" testListId="8c84fa94-04c1-424b-9868-57a2d4851a1d" relativeResultsDirectory="28dd7971-716c-4747-9ac9-0091a5d01240">
      <Output>
        <ErrorInfo>
          <Message>Test method FaceRecognition.Test.NeuralNetworksViewModelTest.LayersTest threw exception: 
Microsoft.Practices.ServiceLocation.ActivationException: Activation error occured while trying to get instance of type ExceptionPolicyImpl, key "BisunessLogic Policy" ---&gt; Microsoft.Practices.Unity.ResolutionFailedException: Resolution of the dependency failed, type = "Microsoft.Practices.EnterpriseLibrary.ExceptionHandling.ExceptionPolicyImpl", name = "BisunessLogic Policy".
Exception occurred while: while resolving.
Exception is: InvalidOperationException - The type ExceptionPolicyImpl has multiple constructors of length 2. Unable to disambiguate.
-----------------------------------------------
At the time of the exception, the container was:

  Resolving Microsoft.Practices.EnterpriseLibrary.ExceptionHandling.ExceptionPolicyImpl,BisunessLogic Policy
 ---&gt; System.InvalidOperationException: The type ExceptionPolicyImpl has multiple constructors of length 2. Unable to disambiguate.</Message>
          <StackTrace>    at Microsoft.Practices.ObjectBuilder2.ConstructorSelectorPolicyBase`1.FindLongestConstructor(Type typeToConstruct) in e:\Builds\Unity\UnityTemp\Compile\Unity\Unity\Src\ObjectBuilder\Strategies\BuildPlan\Creation\ConstructorSelectorPolicyBase.cs:line 113
   at Microsoft.Practices.ObjectBuilder2.ConstructorSelectorPolicyBase`1.SelectConstructor(IBuilderContext context, IPolicyList resolverPolicyDestination) in e:\Builds\Unity\UnityTemp\Compile\Unity\Unity\Src\ObjectBuilder\Strategies\BuildPlan\Creation\ConstructorSelectorPolicyBase.cs:line 38
   at Microsoft.Practices.ObjectBuilder2.DynamicMethodConstructorStrategy.PreBuildUp(IBuilderContext context) in e:\Builds\Unity\UnityTemp\Compile\Unity\Unity\Src\ObjectBuilder\Strategies\BuildPlan\DynamicMethod\Creation\DynamicMethodConstructorStrategy.cs:line 69
   at Microsoft.Practices.ObjectBuilder2.StrategyChain.ExecuteBuildUp(IBuilderContext context) in e:\Builds\Unity\UnityTemp\Compile\Unity\Unity\Src\ObjectBuilder\Strategies\StrategyChain.cs:line 110
   at Microsoft.Practices.ObjectBuilder2.DynamicMethodBuildPlanCreatorPolicy.CreatePlan(IBuilderContext context, NamedTypeBuildKey buildKey) in e:\Builds\Unity\UnityTemp\Compile\Unity\Unity\Src\ObjectBuilder\Strategies\BuildPlan\DynamicMethod\DynamicMethodBuildPlanCreatorPolicy.cs:line 48
   at Microsoft.Practices.ObjectBuilder2.BuildPlanStrategy.PreBuildUp(IBuilderContext context) in e:\Builds\Unity\UnityTemp\Compile\Unity\Unity\Src\ObjectBuilder\Strategies\BuildPlan\BuildPlanStrategy.cs:line 37
   at Microsoft.Practices.ObjectBuilder2.StrategyChain.ExecuteBuildUp(IBuilderContext context) in e:\Builds\Unity\UnityTemp\Compile\Unity\Unity\Src\ObjectBuilder\Strategies\StrategyChain.cs:line 110
   at Microsoft.Practices.Unity.UnityContainer.DoBuildUp(Type t, Object existing, String name, IEnumerable`1 resolverOverrides) in e:\Builds\Unity\UnityTemp\Compile\Unity\Unity\Src\UnityContainer.cs:line 511
 --- End of inner exception stack trace ---
    at Microsoft.Practices.Unity.UnityContainer.DoBuildUp(Type t, Object existing, String name, IEnumerable`1 resolverOverrides) in e:\Builds\Unity\UnityTemp\Compile\Unity\Unity\Src\UnityContainer.cs:line 515
   at Microsoft.Practices.Unity.UnityContainer.Resolve(Type t, String name, ResolverOverride[] resolverOverrides) in e:\Builds\Unity\UnityTemp\Compile\Unity\Unity\Src\UnityContainer.cs:line 173
   at Microsoft.Practices.Unity.UnityServiceLocator.DoGetInstance(Type serviceType, String key) in e:\Builds\Unity\UnityTemp\Compile\Unity\Unity\Src\UnityServiceLocator.cs:line 64
   at Microsoft.Practices.ServiceLocation.ServiceLocatorImplBase.GetInstance(Type serviceType, String key) in c:\Home\Chris\Projects\CommonServiceLocator\main\Microsoft.Practices.ServiceLocation\ServiceLocatorImplBase.cs:line 49
 --- End of inner exception stack trace ---
    at Microsoft.Practices.ServiceLocation.ServiceLocatorImplBase.GetInstance(Type serviceType, String key) in c:\Home\Chris\Projects\CommonServiceLocator\main\Microsoft.Practices.ServiceLocation\ServiceLocatorImplBase.cs:line 53
   at Microsoft.Practices.ServiceLocation.ServiceLocatorImplBase.GetInstance[TService](String key) in c:\Home\Chris\Projects\CommonServiceLocator\main\Microsoft.Practices.ServiceLocation\ServiceLocatorImplBase.cs:line 103
   at Microsoft.Practices.EnterpriseLibrary.ExceptionHandling.ExceptionPolicy.GetExceptionPolicy(Exception exception, String policyName) in e:\Builds\EntLib\Latest\Source\Blocks\ExceptionHandling\Src\ExceptionHandling\ExceptionPolicy.cs:line 131
   at Microsoft.Practices.EnterpriseLibrary.ExceptionHandling.ExceptionPolicy.HandleException(Exception exceptionToHandle, String policyName) in e:\Builds\EntLib\Latest\Source\Blocks\ExceptionHandling\Src\ExceptionHandling\ExceptionPolicy.cs:line 55
   at FaceRecognition.ViewModel.RecognitionMethodsViewModel.NeuralNetworksViewModel.CreateNeuralNetwork() in D:\DiplomProject\FaceRecognition\ViewModel\RecognitionMethodsViewModel\NeuralNetworksViewModel.cs:line 293
   at FaceRecognition.ViewModel.RecognitionMethodsViewModel.NeuralNetworksViewModel..ctor() in D:\DiplomProject\FaceRecognition\ViewModel\RecognitionMethodsViewModel\NeuralNetworksViewModel.cs:line 66
   at FaceRecognition.Test.NeuralNetworksViewModelTest.LayersTest() in D:\DiplomProject\FaceRecognition\FaceRecognition.Test\NeuralNetworksViewModelTest.cs:line 309
</StackTrace>
        </ErrorInfo>
      </Output>
    </UnitTestResult>
    <UnitTestResult executionId="b671f3b1-9e88-484c-8738-e94d8124c8c0" testId="4e5e823b-9691-ad11-8463-18f91d9d7cb8" testName="MaxErrorTest" computerName="MICROSOF-4C612A" duration="00:00:00.0050668" startTime="2011-05-29T01:27:05.7968750+03:00" endTime="2011-05-29T01:27:05.8125000+03:00" testType="13cdc9d9-ddb5-4fa4-a97d-d965ccfc6d4b" outcome="Failed" testListId="8c84fa94-04c1-424b-9868-57a2d4851a1d" relativeResultsDirectory="b671f3b1-9e88-484c-8738-e94d8124c8c0">
      <Output>
        <ErrorInfo>
          <Message>Test method FaceRecognition.Test.NeuralNetworksViewModelTest.MaxErrorTest threw exception: 
Microsoft.Practices.ServiceLocation.ActivationException: Activation error occured while trying to get instance of type ExceptionPolicyImpl, key "BisunessLogic Policy" ---&gt; Microsoft.Practices.Unity.ResolutionFailedException: Resolution of the dependency failed, type = "Microsoft.Practices.EnterpriseLibrary.ExceptionHandling.ExceptionPolicyImpl", name = "BisunessLogic Policy".
Exception occurred while: while resolving.
Exception is: InvalidOperationException - The type ExceptionPolicyImpl has multiple constructors of length 2. Unable to disambiguate.
-----------------------------------------------
At the time of the exception, the container was:

  Resolving Microsoft.Practices.EnterpriseLibrary.ExceptionHandling.ExceptionPolicyImpl,BisunessLogic Policy
 ---&gt; System.InvalidOperationException: The type ExceptionPolicyImpl has multiple constructors of length 2. Unable to disambiguate.</Message>
          <StackTrace>    at Microsoft.Practices.ObjectBuilder2.ConstructorSelectorPolicyBase`1.FindLongestConstructor(Type typeToConstruct) in e:\Builds\Unity\UnityTemp\Compile\Unity\Unity\Src\ObjectBuilder\Strategies\BuildPlan\Creation\ConstructorSelectorPolicyBase.cs:line 113
   at Microsoft.Practices.ObjectBuilder2.ConstructorSelectorPolicyBase`1.SelectConstructor(IBuilderContext context, IPolicyList resolverPolicyDestination) in e:\Builds\Unity\UnityTemp\Compile\Unity\Unity\Src\ObjectBuilder\Strategies\BuildPlan\Creation\ConstructorSelectorPolicyBase.cs:line 38
   at Microsoft.Practices.ObjectBuilder2.DynamicMethodConstructorStrategy.PreBuildUp(IBuilderContext context) in e:\Builds\Unity\UnityTemp\Compile\Unity\Unity\Src\ObjectBuilder\Strategies\BuildPlan\DynamicMethod\Creation\DynamicMethodConstructorStrategy.cs:line 69
   at Microsoft.Practices.ObjectBuilder2.StrategyChain.ExecuteBuildUp(IBuilderContext context) in e:\Builds\Unity\UnityTemp\Compile\Unity\Unity\Src\ObjectBuilder\Strategies\StrategyChain.cs:line 110
   at Microsoft.Practices.ObjectBuilder2.DynamicMethodBuildPlanCreatorPolicy.CreatePlan(IBuilderContext context, NamedTypeBuildKey buildKey) in e:\Builds\Unity\UnityTemp\Compile\Unity\Unity\Src\ObjectBuilder\Strategies\BuildPlan\DynamicMethod\DynamicMethodBuildPlanCreatorPolicy.cs:line 48
   at Microsoft.Practices.ObjectBuilder2.BuildPlanStrategy.PreBuildUp(IBuilderContext context) in e:\Builds\Unity\UnityTemp\Compile\Unity\Unity\Src\ObjectBuilder\Strategies\BuildPlan\BuildPlanStrategy.cs:line 37
   at Microsoft.Practices.ObjectBuilder2.StrategyChain.ExecuteBuildUp(IBuilderContext context) in e:\Builds\Unity\UnityTemp\Compile\Unity\Unity\Src\ObjectBuilder\Strategies\StrategyChain.cs:line 110
   at Microsoft.Practices.Unity.UnityContainer.DoBuildUp(Type t, Object existing, String name, IEnumerable`1 resolverOverrides) in e:\Builds\Unity\UnityTemp\Compile\Unity\Unity\Src\UnityContainer.cs:line 511
 --- End of inner exception stack trace ---
    at Microsoft.Practices.Unity.UnityContainer.DoBuildUp(Type t, Object existing, String name, IEnumerable`1 resolverOverrides) in e:\Builds\Unity\UnityTemp\Compile\Unity\Unity\Src\UnityContainer.cs:line 515
   at Microsoft.Practices.Unity.UnityContainer.Resolve(Type t, String name, ResolverOverride[] resolverOverrides) in e:\Builds\Unity\UnityTemp\Compile\Unity\Unity\Src\UnityContainer.cs:line 173
   at Microsoft.Practices.Unity.UnityServiceLocator.DoGetInstance(Type serviceType, String key) in e:\Builds\Unity\UnityTemp\Compile\Unity\Unity\Src\UnityServiceLocator.cs:line 64
   at Microsoft.Practices.ServiceLocation.ServiceLocatorImplBase.GetInstance(Type serviceType, String key) in c:\Home\Chris\Projects\CommonServiceLocator\main\Microsoft.Practices.ServiceLocation\ServiceLocatorImplBase.cs:line 49
 --- End of inner exception stack trace ---
    at Microsoft.Practices.ServiceLocation.ServiceLocatorImplBase.GetInstance(Type serviceType, String key) in c:\Home\Chris\Projects\CommonServiceLocator\main\Microsoft.Practices.ServiceLocation\ServiceLocatorImplBase.cs:line 53
   at Microsoft.Practices.ServiceLocation.ServiceLocatorImplBase.GetInstance[TService](String key) in c:\Home\Chris\Projects\CommonServiceLocator\main\Microsoft.Practices.ServiceLocation\ServiceLocatorImplBase.cs:line 103
   at Microsoft.Practices.EnterpriseLibrary.ExceptionHandling.ExceptionPolicy.GetExceptionPolicy(Exception exception, String policyName) in e:\Builds\EntLib\Latest\Source\Blocks\ExceptionHandling\Src\ExceptionHandling\ExceptionPolicy.cs:line 131
   at Microsoft.Practices.EnterpriseLibrary.ExceptionHandling.ExceptionPolicy.HandleException(Exception exceptionToHandle, String policyName) in e:\Builds\EntLib\Latest\Source\Blocks\ExceptionHandling\Src\ExceptionHandling\ExceptionPolicy.cs:line 55
   at FaceRecognition.ViewModel.RecognitionMethodsViewModel.NeuralNetworksViewModel.CreateNeuralNetwork() in D:\DiplomProject\FaceRecognition\ViewModel\RecognitionMethodsViewModel\NeuralNetworksViewModel.cs:line 293
   at FaceRecognition.ViewModel.RecognitionMethodsViewModel.NeuralNetworksViewModel..ctor() in D:\DiplomProject\FaceRecognition\ViewModel\RecognitionMethodsViewModel\NeuralNetworksViewModel.cs:line 66
   at FaceRecognition.Test.NeuralNetworksViewModelTest.MaxErrorTest() in D:\DiplomProject\FaceRecognition\FaceRecognition.Test\NeuralNetworksViewModelTest.cs:line 324
</StackTrace>
        </ErrorInfo>
      </Output>
    </UnitTestResult>
    <UnitTestResult executionId="81f460d6-deb8-4a9f-a467-2f66615f538f" testId="5e58d1e8-7357-b861-90ce-ff86c1866f40" testName="OutputUnitsTest" computerName="MICROSOF-4C612A" duration="00:00:00.0065156" startTime="2011-05-29T01:27:05.8125000+03:00" endTime="2011-05-29T01:27:05.8437500+03:00" testType="13cdc9d9-ddb5-4fa4-a97d-d965ccfc6d4b" outcome="Failed" testListId="8c84fa94-04c1-424b-9868-57a2d4851a1d" relativeResultsDirectory="81f460d6-deb8-4a9f-a467-2f66615f538f">
      <Output>
        <ErrorInfo>
          <Message>Test method FaceRecognition.Test.NeuralNetworksViewModelTest.OutputUnitsTest threw exception: 
Microsoft.Practices.ServiceLocation.ActivationException: Activation error occured while trying to get instance of type ExceptionPolicyImpl, key "BisunessLogic Policy" ---&gt; Microsoft.Practices.Unity.ResolutionFailedException: Resolution of the dependency failed, type = "Microsoft.Practices.EnterpriseLibrary.ExceptionHandling.ExceptionPolicyImpl", name = "BisunessLogic Policy".
Exception occurred while: while resolving.
Exception is: InvalidOperationException - The type ExceptionPolicyImpl has multiple constructors of length 2. Unable to disambiguate.
-----------------------------------------------
At the time of the exception, the container was:

  Resolving Microsoft.Practices.EnterpriseLibrary.ExceptionHandling.ExceptionPolicyImpl,BisunessLogic Policy
 ---&gt; System.InvalidOperationException: The type ExceptionPolicyImpl has multiple constructors of length 2. Unable to disambiguate.</Message>
          <StackTrace>    at Microsoft.Practices.ObjectBuilder2.ConstructorSelectorPolicyBase`1.FindLongestConstructor(Type typeToConstruct) in e:\Builds\Unity\UnityTemp\Compile\Unity\Unity\Src\ObjectBuilder\Strategies\BuildPlan\Creation\ConstructorSelectorPolicyBase.cs:line 113
   at Microsoft.Practices.ObjectBuilder2.ConstructorSelectorPolicyBase`1.SelectConstructor(IBuilderContext context, IPolicyList resolverPolicyDestination) in e:\Builds\Unity\UnityTemp\Compile\Unity\Unity\Src\ObjectBuilder\Strategies\BuildPlan\Creation\ConstructorSelectorPolicyBase.cs:line 38
   at Microsoft.Practices.ObjectBuilder2.DynamicMethodConstructorStrategy.PreBuildUp(IBuilderContext context) in e:\Builds\Unity\UnityTemp\Compile\Unity\Unity\Src\ObjectBuilder\Strategies\BuildPlan\DynamicMethod\Creation\DynamicMethodConstructorStrategy.cs:line 69
   at Microsoft.Practices.ObjectBuilder2.StrategyChain.ExecuteBuildUp(IBuilderContext context) in e:\Builds\Unity\UnityTemp\Compile\Unity\Unity\Src\ObjectBuilder\Strategies\StrategyChain.cs:line 110
   at Microsoft.Practices.ObjectBuilder2.DynamicMethodBuildPlanCreatorPolicy.CreatePlan(IBuilderContext context, NamedTypeBuildKey buildKey) in e:\Builds\Unity\UnityTemp\Compile\Unity\Unity\Src\ObjectBuilder\Strategies\BuildPlan\DynamicMethod\DynamicMethodBuildPlanCreatorPolicy.cs:line 48
   at Microsoft.Practices.ObjectBuilder2.BuildPlanStrategy.PreBuildUp(IBuilderContext context) in e:\Builds\Unity\UnityTemp\Compile\Unity\Unity\Src\ObjectBuilder\Strategies\BuildPlan\BuildPlanStrategy.cs:line 37
   at Microsoft.Practices.ObjectBuilder2.StrategyChain.ExecuteBuildUp(IBuilderContext context) in e:\Builds\Unity\UnityTemp\Compile\Unity\Unity\Src\ObjectBuilder\Strategies\StrategyChain.cs:line 110
   at Microsoft.Practices.Unity.UnityContainer.DoBuildUp(Type t, Object existing, String name, IEnumerable`1 resolverOverrides) in e:\Builds\Unity\UnityTemp\Compile\Unity\Unity\Src\UnityContainer.cs:line 511
 --- End of inner exception stack trace ---
    at Microsoft.Practices.Unity.UnityContainer.DoBuildUp(Type t, Object existing, String name, IEnumerable`1 resolverOverrides) in e:\Builds\Unity\UnityTemp\Compile\Unity\Unity\Src\UnityContainer.cs:line 515
   at Microsoft.Practices.Unity.UnityContainer.Resolve(Type t, String name, ResolverOverride[] resolverOverrides) in e:\Builds\Unity\UnityTemp\Compile\Unity\Unity\Src\UnityContainer.cs:line 173
   at Microsoft.Practices.Unity.UnityServiceLocator.DoGetInstance(Type serviceType, String key) in e:\Builds\Unity\UnityTemp\Compile\Unity\Unity\Src\UnityServiceLocator.cs:line 64
   at Microsoft.Practices.ServiceLocation.ServiceLocatorImplBase.GetInstance(Type serviceType, String key) in c:\Home\Chris\Projects\CommonServiceLocator\main\Microsoft.Practices.ServiceLocation\ServiceLocatorImplBase.cs:line 49
 --- End of inner exception stack trace ---
    at Microsoft.Practices.ServiceLocation.ServiceLocatorImplBase.GetInstance(Type serviceType, String key) in c:\Home\Chris\Projects\CommonServiceLocator\main\Microsoft.Practices.ServiceLocation\ServiceLocatorImplBase.cs:line 53
   at Microsoft.Practices.ServiceLocation.ServiceLocatorImplBase.GetInstance[TService](String key) in c:\Home\Chris\Projects\CommonServiceLocator\main\Microsoft.Practices.ServiceLocation\ServiceLocatorImplBase.cs:line 103
   at Microsoft.Practices.EnterpriseLibrary.ExceptionHandling.ExceptionPolicy.GetExceptionPolicy(Exception exception, String policyName) in e:\Builds\EntLib\Latest\Source\Blocks\ExceptionHandling\Src\ExceptionHandling\ExceptionPolicy.cs:line 131
   at Microsoft.Practices.EnterpriseLibrary.ExceptionHandling.ExceptionPolicy.HandleException(Exception exceptionToHandle, String policyName) in e:\Builds\EntLib\Latest\Source\Blocks\ExceptionHandling\Src\ExceptionHandling\ExceptionPolicy.cs:line 55
   at FaceRecognition.ViewModel.RecognitionMethodsViewModel.NeuralNetworksViewModel.CreateNeuralNetwork() in D:\DiplomProject\FaceRecognition\ViewModel\RecognitionMethodsViewModel\NeuralNetworksViewModel.cs:line 293
   at FaceRecognition.ViewModel.RecognitionMethodsViewModel.NeuralNetworksViewModel..ctor() in D:\DiplomProject\FaceRecognition\ViewModel\RecognitionMethodsViewModel\NeuralNetworksViewModel.cs:line 66
   at FaceRecognition.Test.NeuralNetworksViewModelTest.OutputUnitsTest() in D:\DiplomProject\FaceRecognition\FaceRecognition.Test\NeuralNetworksViewModelTest.cs:line 339
</StackTrace>
        </ErrorInfo>
      </Output>
    </UnitTestResult>
    <UnitTestResult executionId="a5f6ebb9-291a-4a44-9f82-e3e612a3ae0a" testId="1118be5f-14f3-877b-2906-e248d0f1ead9" testName="SelectedLayerTest" computerName="MICROSOF-4C612A" duration="00:00:00.0062197" startTime="2011-05-29T01:27:05.8593750+03:00" endTime="2011-05-29T01:27:05.8750000+03:00" testType="13cdc9d9-ddb5-4fa4-a97d-d965ccfc6d4b" outcome="Failed" testListId="8c84fa94-04c1-424b-9868-57a2d4851a1d" relativeResultsDirectory="a5f6ebb9-291a-4a44-9f82-e3e612a3ae0a">
      <Output>
        <ErrorInfo>
          <Message>Test method FaceRecognition.Test.NeuralNetworksViewModelTest.SelectedLayerTest threw exception: 
Microsoft.Practices.ServiceLocation.ActivationException: Activation error occured while trying to get instance of type ExceptionPolicyImpl, key "BisunessLogic Policy" ---&gt; Microsoft.Practices.Unity.ResolutionFailedException: Resolution of the dependency failed, type = "Microsoft.Practices.EnterpriseLibrary.ExceptionHandling.ExceptionPolicyImpl", name = "BisunessLogic Policy".
Exception occurred while: while resolving.
Exception is: InvalidOperationException - The type ExceptionPolicyImpl has multiple constructors of length 2. Unable to disambiguate.
-----------------------------------------------
At the time of the exception, the container was:

  Resolving Microsoft.Practices.EnterpriseLibrary.ExceptionHandling.ExceptionPolicyImpl,BisunessLogic Policy
 ---&gt; System.InvalidOperationException: The type ExceptionPolicyImpl has multiple constructors of length 2. Unable to disambiguate.</Message>
          <StackTrace>    at Microsoft.Practices.ObjectBuilder2.ConstructorSelectorPolicyBase`1.FindLongestConstructor(Type typeToConstruct) in e:\Builds\Unity\UnityTemp\Compile\Unity\Unity\Src\ObjectBuilder\Strategies\BuildPlan\Creation\ConstructorSelectorPolicyBase.cs:line 113
   at Microsoft.Practices.ObjectBuilder2.ConstructorSelectorPolicyBase`1.SelectConstructor(IBuilderContext context, IPolicyList resolverPolicyDestination) in e:\Builds\Unity\UnityTemp\Compile\Unity\Unity\Src\ObjectBuilder\Strategies\BuildPlan\Creation\ConstructorSelectorPolicyBase.cs:line 38
   at Microsoft.Practices.ObjectBuilder2.DynamicMethodConstructorStrategy.PreBuildUp(IBuilderContext context) in e:\Builds\Unity\UnityTemp\Compile\Unity\Unity\Src\ObjectBuilder\Strategies\BuildPlan\DynamicMethod\Creation\DynamicMethodConstructorStrategy.cs:line 69
   at Microsoft.Practices.ObjectBuilder2.StrategyChain.ExecuteBuildUp(IBuilderContext context) in e:\Builds\Unity\UnityTemp\Compile\Unity\Unity\Src\ObjectBuilder\Strategies\StrategyChain.cs:line 110
   at Microsoft.Practices.ObjectBuilder2.DynamicMethodBuildPlanCreatorPolicy.CreatePlan(IBuilderContext context, NamedTypeBuildKey buildKey) in e:\Builds\Unity\UnityTemp\Compile\Unity\Unity\Src\ObjectBuilder\Strategies\BuildPlan\DynamicMethod\DynamicMethodBuildPlanCreatorPolicy.cs:line 48
   at Microsoft.Practices.ObjectBuilder2.BuildPlanStrategy.PreBuildUp(IBuilderContext context) in e:\Builds\Unity\UnityTemp\Compile\Unity\Unity\Src\ObjectBuilder\Strategies\BuildPlan\BuildPlanStrategy.cs:line 37
   at Microsoft.Practices.ObjectBuilder2.StrategyChain.ExecuteBuildUp(IBuilderContext context) in e:\Builds\Unity\UnityTemp\Compile\Unity\Unity\Src\ObjectBuilder\Strategies\StrategyChain.cs:line 110
   at Microsoft.Practices.Unity.UnityContainer.DoBuildUp(Type t, Object existing, String name, IEnumerable`1 resolverOverrides) in e:\Builds\Unity\UnityTemp\Compile\Unity\Unity\Src\UnityContainer.cs:line 511
 --- End of inner exception stack trace ---
    at Microsoft.Practices.Unity.UnityContainer.DoBuildUp(Type t, Object existing, String name, IEnumerable`1 resolverOverrides) in e:\Builds\Unity\UnityTemp\Compile\Unity\Unity\Src\UnityContainer.cs:line 515
   at Microsoft.Practices.Unity.UnityContainer.Resolve(Type t, String name, ResolverOverride[] resolverOverrides) in e:\Builds\Unity\UnityTemp\Compile\Unity\Unity\Src\UnityContainer.cs:line 173
   at Microsoft.Practices.Unity.UnityServiceLocator.DoGetInstance(Type serviceType, String key) in e:\Builds\Unity\UnityTemp\Compile\Unity\Unity\Src\UnityServiceLocator.cs:line 64
   at Microsoft.Practices.ServiceLocation.ServiceLocatorImplBase.GetInstance(Type serviceType, String key) in c:\Home\Chris\Projects\CommonServiceLocator\main\Microsoft.Practices.ServiceLocation\ServiceLocatorImplBase.cs:line 49
 --- End of inner exception stack trace ---
    at Microsoft.Practices.ServiceLocation.ServiceLocatorImplBase.GetInstance(Type serviceType, String key) in c:\Home\Chris\Projects\CommonServiceLocator\main\Microsoft.Practices.ServiceLocation\ServiceLocatorImplBase.cs:line 53
   at Microsoft.Practices.ServiceLocation.ServiceLocatorImplBase.GetInstance[TService](String key) in c:\Home\Chris\Projects\CommonServiceLocator\main\Microsoft.Practices.ServiceLocation\ServiceLocatorImplBase.cs:line 103
   at Microsoft.Practices.EnterpriseLibrary.ExceptionHandling.ExceptionPolicy.GetExceptionPolicy(Exception exception, String policyName) in e:\Builds\EntLib\Latest\Source\Blocks\ExceptionHandling\Src\ExceptionHandling\ExceptionPolicy.cs:line 131
   at Microsoft.Practices.EnterpriseLibrary.ExceptionHandling.ExceptionPolicy.HandleException(Exception exceptionToHandle, String policyName) in e:\Builds\EntLib\Latest\Source\Blocks\ExceptionHandling\Src\ExceptionHandling\ExceptionPolicy.cs:line 55
   at FaceRecognition.ViewModel.RecognitionMethodsViewModel.NeuralNetworksViewModel.CreateNeuralNetwork() in D:\DiplomProject\FaceRecognition\ViewModel\RecognitionMethodsViewModel\NeuralNetworksViewModel.cs:line 293
   at FaceRecognition.ViewModel.RecognitionMethodsViewModel.NeuralNetworksViewModel..ctor() in D:\DiplomProject\FaceRecognition\ViewModel\RecognitionMethodsViewModel\NeuralNetworksViewModel.cs:line 66
   at FaceRecognition.Test.NeuralNetworksViewModelTest.SelectedLayerTest() in D:\DiplomProject\FaceRecognition\FaceRecognition.Test\NeuralNetworksViewModelTest.cs:line 354
</StackTrace>
        </ErrorInfo>
      </Output>
    </UnitTestResult>
    <UnitTestResult executionId="642374ca-ee93-47e9-ab96-48d1af2904eb" testId="1c9cf890-7f4e-e759-dbdc-472b8ba9f628" testName="GetRecognizeFaceTest" computerName="MICROSOF-4C612A" duration="00:00:00.0057769" startTime="2011-05-29T01:27:05.8906250+03:00" endTime="2011-05-29T01:27:05.9062500+03:00" testType="13cdc9d9-ddb5-4fa4-a97d-d965ccfc6d4b" outcome="Failed" testListId="8c84fa94-04c1-424b-9868-57a2d4851a1d" relativeResultsDirectory="642374ca-ee93-47e9-ab96-48d1af2904eb">
      <Output>
        <ErrorInfo>
          <Message>Test method FaceRecognition.Test.RecognizeMethodsViewModelBaseTest.GetRecognizeFaceTest threw exception: 
System.NullReferenceException: Object reference not set to an instance of an object.</Message>
          <StackTrace>   at FaceRecognition.ViewModel.RecognitionMethodsViewModel.RecognizeMethodsViewModelBase_Accessor.GetRecognizeFace()
   at FaceRecognition.Test.RecognizeMethodsViewModelBaseTest.GetRecognizeFaceTest() in D:\DiplomProject\FaceRecognition\FaceRecognition.Test\RecognizeMethodsViewModelBaseTest.cs:line 84
</StackTrace>
        </ErrorInfo>
      </Output>
    </UnitTestResult>
    <UnitTestResult executionId="bfcc867a-fb9a-46b7-8509-1983748f5295" testId="f1bc5729-3503-1ab7-34dc-5bef87c78d97" testName="OnDrawRecognizedFacesTest" computerName="MICROSOF-4C612A" duration="00:00:00.0133592" startTime="2011-05-29T01:27:05.9062500+03:00" endTime="2011-05-29T01:27:05.9218750+03:00" testType="13cdc9d9-ddb5-4fa4-a97d-d965ccfc6d4b" outcome="Failed" testListId="8c84fa94-04c1-424b-9868-57a2d4851a1d" relativeResultsDirectory="bfcc867a-fb9a-46b7-8509-1983748f5295">
      <Output>
        <ErrorInfo>
          <Message>Test method FaceRecognition.Test.RecognizeMethodsViewModelBaseTest.OnDrawRecognizedFacesTest threw exception: 
System.NullReferenceException: Object reference not set to an instance of an object.</Message>
          <StackTrace>   at FaceRecognition.ViewModel.RecognitionMethodsViewModel.RecognizeMethodsViewModelBase_Accessor.OnDrawRecognizedFaces(Double percentRecFaces)
   at FaceRecognition.Test.RecognizeMethodsViewModelBaseTest.OnDrawRecognizedFacesTest() in D:\DiplomProject\FaceRecognition\FaceRecognition.Test\RecognizeMethodsViewModelBaseTest.cs:line 98
</StackTrace>
        </ErrorInfo>
      </Output>
    </UnitTestResult>
    <UnitTestResult executionId="ea72387e-6b13-4f95-923c-8d40c3e894f5" testId="b6d616da-461f-2ef0-1a75-14167ecdd8e2" testName="RecognizeTest" computerName="MICROSOF-4C612A" duration="00:00:00.0048657" startTime="2011-05-29T01:27:05.9375000+03:00" endTime="2011-05-29T01:27:05.9531250+03:00" testType="13cdc9d9-ddb5-4fa4-a97d-d965ccfc6d4b" outcome="Failed" testListId="8c84fa94-04c1-424b-9868-57a2d4851a1d" relativeResultsDirectory="ea72387e-6b13-4f95-923c-8d40c3e894f5">
      <Output>
        <ErrorInfo>
          <Message>Test method FaceRecognition.Test.RecognizeMethodsViewModelBaseTest.RecognizeTest threw exception: 
System.NullReferenceException: Object reference not set to an instance of an object.</Message>
          <StackTrace>    at FaceRecognition.Test.RecognizeMethodsViewModelBaseTest.RecognizeTest() in D:\DiplomProject\FaceRecognition\FaceRecognition.Test\RecognizeMethodsViewModelBaseTest.cs:line 116
</StackTrace>
        </ErrorInfo>
      </Output>
    </UnitTestResult>
    <UnitTestResult executionId="b4990aeb-e218-42f3-abe8-a5ee10c710db" testId="2d544965-1a30-5396-b359-21420284d6d0" testName="SelectionRecognitionMethodViewModel_BeginRecognitionEventTest" computerName="MICROSOF-4C612A" duration="00:00:00.0144308" startTime="2011-05-29T01:27:05.9531250+03:00" endTime="2011-05-29T01:27:05.9687500+03:00" testType="13cdc9d9-ddb5-4fa4-a97d-d965ccfc6d4b" outcome="Failed" testListId="8c84fa94-04c1-424b-9868-57a2d4851a1d" relativeResultsDirectory="b4990aeb-e218-42f3-abe8-a5ee10c710db">
      <Output>
        <ErrorInfo>
          <Message>Test method FaceRecognition.Test.RecognizeMethodsViewModelBaseTest.SelectionRecognitionMethodViewModel_BeginRecognitionEventTest threw exception: 
System.NullReferenceException: Object reference not set to an instance of an object.</Message>
          <StackTrace>   at FaceRecognition.ViewModel.RecognitionMethodsViewModel.RecognizeMethodsViewModelBase_Accessor.SelectionRecognitionMethodViewModel_BeginRecognitionEvent(Object sender, EventArgs e)
   at FaceRecognition.Test.RecognizeMethodsViewModelBaseTest.SelectionRecognitionMethodViewModel_BeginRecognitionEventTest() in D:\DiplomProject\FaceRecognition\FaceRecognition.Test\RecognizeMethodsViewModelBaseTest.cs:line 131
</StackTrace>
        </ErrorInfo>
      </Output>
    </UnitTestResult>
    <UnitTestResult executionId="f3ef3e45-d896-4f1f-b16b-5cfe53e89d17" testId="39a0325e-51a6-18e5-0a52-7b4d0ce82414" testName="SelectionRecognitionMethodViewModel_GetSelectedRecognizeMethodEventTest" computerName="MICROSOF-4C612A" duration="00:00:00.0157545" startTime="2011-05-29T01:27:05.9687500+03:00" endTime="2011-05-29T01:27:06.0000000+03:00" testType="13cdc9d9-ddb5-4fa4-a97d-d965ccfc6d4b" outcome="Failed" testListId="8c84fa94-04c1-424b-9868-57a2d4851a1d" relativeResultsDirectory="f3ef3e45-d896-4f1f-b16b-5cfe53e89d17">
      <Output>
        <ErrorInfo>
          <Message>Test method FaceRecognition.Test.RecognizeMethodsViewModelBaseTest.SelectionRecognitionMethodViewModel_GetSelectedRecognizeMethodEventTest threw exception: 
System.NullReferenceException: Object reference not set to an instance of an object.</Message>
          <StackTrace>   at FaceRecognition.ViewModel.RecognitionMethodsViewModel.RecognizeMethodsViewModelBase_Accessor.SelectionRecognitionMethodViewModel_GetSelectedRecognizeMethodEvent(Object sender, RecognizeMethodEventArgs e)
   at FaceRecognition.Test.RecognizeMethodsViewModelBaseTest.SelectionRecognitionMethodViewModel_GetSelectedRecognizeMethodEventTest() in D:\DiplomProject\FaceRecognition\FaceRecognition.Test\RecognizeMethodsViewModelBaseTest.cs:line 146
</StackTrace>
        </ErrorInfo>
      </Output>
    </UnitTestResult>
    <UnitTestResult executionId="5376f482-9849-4321-8d42-bc81c171040c" testId="34c1fa68-4517-6166-4ebb-b0833f732e6f" testName="TrainTest" computerName="MICROSOF-4C612A" duration="00:00:00.0024637" startTime="2011-05-29T01:27:06.0156250+03:00" endTime="2011-05-29T01:27:06.0156250+03:00" testType="13cdc9d9-ddb5-4fa4-a97d-d965ccfc6d4b" outcome="Failed" testListId="8c84fa94-04c1-424b-9868-57a2d4851a1d" relativeResultsDirectory="5376f482-9849-4321-8d42-bc81c171040c">
      <Output>
        <ErrorInfo>
          <Message>Test method FaceRecognition.Test.RecognizeMethodsViewModelBaseTest.TrainTest threw exception: 
System.NullReferenceException: Object reference not set to an instance of an object.</Message>
          <StackTrace>    at FaceRecognition.Test.RecognizeMethodsViewModelBaseTest.TrainTest() in D:\DiplomProject\FaceRecognition\FaceRecognition.Test\RecognizeMethodsViewModelBaseTest.cs:line 157
</StackTrace>
        </ErrorInfo>
      </Output>
    </UnitTestResult>
    <UnitTestResult executionId="76bd3d09-a017-45ae-af19-11f3eaee4e3f" testId="3b2015a9-c057-062b-d849-b9e89cec86b1" testName="RecognizeTimeValueTest" computerName="MICROSOF-4C612A" duration="00:00:00.0027763" startTime="2011-05-29T01:27:06.0156250+03:00" endTime="2011-05-29T01:27:06.0468750+03:00" testType="13cdc9d9-ddb5-4fa4-a97d-d965ccfc6d4b" outcome="Failed" testListId="8c84fa94-04c1-424b-9868-57a2d4851a1d" relativeResultsDirectory="76bd3d09-a017-45ae-af19-11f3eaee4e3f">
      <Output>
        <ErrorInfo>
          <Message>Test method FaceRecognition.Test.RecognizeMethodsViewModelBaseTest.RecognizeTimeValueTest threw exception: 
System.NullReferenceException: Object reference not set to an instance of an object.</Message>
          <StackTrace>    at FaceRecognition.Test.RecognizeMethodsViewModelBaseTest.RecognizeTimeValueTest() in D:\DiplomProject\FaceRecognition\FaceRecognition.Test\RecognizeMethodsViewModelBaseTest.cs:line 170
</StackTrace>
        </ErrorInfo>
      </Output>
    </UnitTestResult>
    <UnitTestResult executionId="d1e31078-d192-422d-9b84-218ed252fbd5" testId="34676fcc-ec3b-1942-a6bb-6a86e5e34dfb" testName="TrainStatusTest" computerName="MICROSOF-4C612A" duration="00:00:00.0043156" startTime="2011-05-29T01:27:06.0468750+03:00" endTime="2011-05-29T01:27:06.0625000+03:00" testType="13cdc9d9-ddb5-4fa4-a97d-d965ccfc6d4b" outcome="Failed" testListId="8c84fa94-04c1-424b-9868-57a2d4851a1d" relativeResultsDirectory="d1e31078-d192-422d-9b84-218ed252fbd5">
      <Output>
        <ErrorInfo>
          <Message>Test method FaceRecognition.Test.RecognizeMethodsViewModelBaseTest.TrainStatusTest threw exception: 
System.NullReferenceException: Object reference not set to an instance of an object.</Message>
          <StackTrace>    at FaceRecognition.Test.RecognizeMethodsViewModelBaseTest.TrainStatusTest() in D:\DiplomProject\FaceRecognition\FaceRecognition.Test\RecognizeMethodsViewModelBaseTest.cs:line 185
</StackTrace>
        </ErrorInfo>
      </Output>
    </UnitTestResult>
    <UnitTestResult executionId="33c40fd2-2126-47f6-8576-630c55c34cf3" testId="459deba6-e660-af85-067f-ab5ed09080d5" testName="TrainTimeValueTest" computerName="MICROSOF-4C612A" duration="00:00:00.0038538" startTime="2011-05-29T01:27:06.0781250+03:00" endTime="2011-05-29T01:27:06.0937500+03:00" testType="13cdc9d9-ddb5-4fa4-a97d-d965ccfc6d4b" outcome="Failed" testListId="8c84fa94-04c1-424b-9868-57a2d4851a1d" relativeResultsDirectory="33c40fd2-2126-47f6-8576-630c55c34cf3">
      <Output>
        <ErrorInfo>
          <Message>Test method FaceRecognition.Test.RecognizeMethodsViewModelBaseTest.TrainTimeValueTest threw exception: 
System.NullReferenceException: Object reference not set to an instance of an object.</Message>
          <StackTrace>    at FaceRecognition.Test.RecognizeMethodsViewModelBaseTest.TrainTimeValueTest() in D:\DiplomProject\FaceRecognition\FaceRecognition.Test\RecognizeMethodsViewModelBaseTest.cs:line 200
</StackTrace>
        </ErrorInfo>
      </Output>
    </UnitTestResult>
    <UnitTestResult executionId="075838d0-f8c9-4214-ae71-323db4bb88b4" testId="89889c63-3624-1133-33de-7997331a9719" testName="_DefaultTest" computerName="MICROSOF-4C612A" duration="00:00:00.0120051" startTime="2011-05-29T01:27:06.0937500+03:00" endTime="2011-05-29T01:27:06.1093750+03:00" testType="13cdc9d9-ddb5-4fa4-a97d-d965ccfc6d4b" outcome="Failed" testListId="8c84fa94-04c1-424b-9868-57a2d4851a1d" relativeResultsDirectory="075838d0-f8c9-4214-ae71-323db4bb88b4">
      <Output>
        <ErrorInfo>
          <Message>Test method FaceRecognition.Test.RangeTest._DefaultTest threw exception: 
System.NullReferenceException: Object reference not set to an instance of an object.</Message>
          <StackTrace>    at FaceRecognition.Test.RangeTest._DefaultTest() in D:\DiplomProject\FaceRecognition\FaceRecognition.Test\RangeTest.cs:line 85
</StackTrace>
        </ErrorInfo>
      </Output>
    </UnitTestResult>
    <UnitTestResult executionId="a4c84a5c-86ac-44fb-bb43-ad4b1f566701" testId="f9668630-fcdf-5b21-e038-cbf59bdf8131" testName="ItemTest" computerName="MICROSOF-4C612A" duration="00:00:00.0132460" startTime="2011-05-29T01:27:06.1093750+03:00" endTime="2011-05-29T01:27:06.1250000+03:00" testType="13cdc9d9-ddb5-4fa4-a97d-d965ccfc6d4b" outcome="Failed" testListId="8c84fa94-04c1-424b-9868-57a2d4851a1d" relativeResultsDirectory="a4c84a5c-86ac-44fb-bb43-ad4b1f566701">
      <Output>
        <ErrorInfo>
          <Message>Test method FaceRecognition.Test.SheetsTest.ItemTest threw exception: 
System.NullReferenceException: Object reference not set to an instance of an object.</Message>
          <StackTrace>    at FaceRecognition.Test.SheetsTest.ItemTest() in D:\DiplomProject\FaceRecognition\FaceRecognition.Test\SheetsTest.cs:line 83
</StackTrace>
        </ErrorInfo>
      </Output>
    </UnitTestResult>
    <UnitTestResult executionId="7fe0aa46-bab2-42bc-9892-ebbe8bd781dc" testId="45e37ca1-17b1-8305-e341-8bf8a38f97db" testName="AddTest" computerName="MICROSOF-4C612A" duration="00:00:00.0055702" startTime="2011-05-29T01:27:06.1562500+03:00" endTime="2011-05-29T01:27:06.1718750+03:00" testType="13cdc9d9-ddb5-4fa4-a97d-d965ccfc6d4b" outcome="Failed" testListId="8c84fa94-04c1-424b-9868-57a2d4851a1d" relativeResultsDirectory="7fe0aa46-bab2-42bc-9892-ebbe8bd781dc">
      <Output>
        <ErrorInfo>
          <Message>Test method FaceRecognition.Test.WorkbooksTest.AddTest threw exception: 
System.NullReferenceException: Object reference not set to an instance of an object.</Message>
          <StackTrace>    at FaceRecognition.Test.WorkbooksTest.AddTest() in D:\DiplomProject\FaceRecognition\FaceRecognition.Test\WorkbooksTest.cs:line 84
</StackTrace>
        </ErrorInfo>
      </Output>
    </UnitTestResult>
    <UnitTestResult executionId="a6e023ab-0c08-4547-a13a-f65ec158ddf3" testId="6537942d-a9e0-06b3-1278-f079404dcd6a" testName="QuitTest" computerName="MICROSOF-4C612A" duration="00:00:00.0026237" startTime="2011-05-29T01:27:06.1875000+03:00" endTime="2011-05-29T01:27:06.1875000+03:00" testType="13cdc9d9-ddb5-4fa4-a97d-d965ccfc6d4b" outcome="Failed" testListId="8c84fa94-04c1-424b-9868-57a2d4851a1d" relativeResultsDirectory="a6e023ab-0c08-4547-a13a-f65ec158ddf3">
      <Output>
        <ErrorInfo>
          <Message>Test method FaceRecognition.Test._ApplicationTest.QuitTest threw exception: 
System.NullReferenceException: Object reference not set to an instance of an object.</Message>
          <StackTrace>    at FaceRecognition.Test._ApplicationTest.QuitTest() in D:\DiplomProject\FaceRecognition\FaceRecognition.Test\_ApplicationTest.cs:line 81
</StackTrace>
        </ErrorInfo>
      </Output>
    </UnitTestResult>
    <UnitTestResult executionId="9f08808b-4c48-465f-8275-464fbebdab6c" testId="41627e48-a14a-71b0-150a-979d97d42a5b" testName="WorkbooksTest" computerName="MICROSOF-4C612A" duration="00:00:00.0179726" startTime="2011-05-29T01:27:06.2031250+03:00" endTime="2011-05-29T01:27:06.2187500+03:00" testType="13cdc9d9-ddb5-4fa4-a97d-d965ccfc6d4b" outcome="Failed" testListId="8c84fa94-04c1-424b-9868-57a2d4851a1d" relativeResultsDirectory="9f08808b-4c48-465f-8275-464fbebdab6c">
      <Output>
        <ErrorInfo>
          <Message>Test method FaceRecognition.Test._ApplicationTest.WorkbooksTest threw exception: 
System.NullReferenceException: Object reference not set to an instance of an object.</Message>
          <StackTrace>    at FaceRecognition.Test._ApplicationTest.WorkbooksTest() in D:\DiplomProject\FaceRecognition\FaceRecognition.Test\_ApplicationTest.cs:line 93
</StackTrace>
        </ErrorInfo>
      </Output>
    </UnitTestResult>
    <UnitTestResult executionId="14e3cac2-0365-43a2-8e37-37bb9dac1706" testId="4ae91caf-d8f8-b134-ef42-3030fca54c5a" testName="CloseTest" computerName="MICROSOF-4C612A" duration="00:00:00.0053051" startTime="2011-05-29T01:27:06.2343750+03:00" endTime="2011-05-29T01:27:06.2500000+03:00" testType="13cdc9d9-ddb5-4fa4-a97d-d965ccfc6d4b" outcome="Failed" testListId="8c84fa94-04c1-424b-9868-57a2d4851a1d" relativeResultsDirectory="14e3cac2-0365-43a2-8e37-37bb9dac1706">
      <Output>
        <ErrorInfo>
          <Message>Test method FaceRecognition.Test._WorkbookTest.CloseTest threw exception: 
System.NullReferenceException: Object reference not set to an instance of an object.</Message>
          <StackTrace>    at FaceRecognition.Test._WorkbookTest.CloseTest() in D:\DiplomProject\FaceRecognition\FaceRecognition.Test\_WorkbookTest.cs:line 84
</StackTrace>
        </ErrorInfo>
      </Output>
    </UnitTestResult>
    <UnitTestResult executionId="f03ceb5d-fde8-4273-908a-042cb0439c83" testId="3d572331-a586-0b4d-2c20-72e89cadaa26" testName="SaveAsTest" computerName="MICROSOF-4C612A" duration="00:00:00.0130175" startTime="2011-05-29T01:27:06.2500000+03:00" endTime="2011-05-29T01:27:06.2656250+03:00" testType="13cdc9d9-ddb5-4fa4-a97d-d965ccfc6d4b" outcome="Failed" testListId="8c84fa94-04c1-424b-9868-57a2d4851a1d" relativeResultsDirectory="f03ceb5d-fde8-4273-908a-042cb0439c83">
      <Output>
        <ErrorInfo>
          <Message>Test method FaceRecognition.Test._WorkbookTest.SaveAsTest threw exception: 
System.NullReferenceException: Object reference not set to an instance of an object.</Message>
          <StackTrace>    at FaceRecognition.Test._WorkbookTest.SaveAsTest() in D:\DiplomProject\FaceRecognition\FaceRecognition.Test\_WorkbookTest.cs:line 107
</StackTrace>
        </ErrorInfo>
      </Output>
    </UnitTestResult>
    <UnitTestResult executionId="c471a5ab-a295-4a0a-9066-613dde0bc920" testId="909bffc3-2179-1a80-a579-e48a1f9598de" testName="WorksheetsTest" computerName="MICROSOF-4C612A" duration="00:00:00.0141230" startTime="2011-05-29T01:27:06.2656250+03:00" endTime="2011-05-29T01:27:06.2968750+03:00" testType="13cdc9d9-ddb5-4fa4-a97d-d965ccfc6d4b" outcome="Failed" testListId="8c84fa94-04c1-424b-9868-57a2d4851a1d" relativeResultsDirectory="c471a5ab-a295-4a0a-9066-613dde0bc920">
      <Output>
        <ErrorInfo>
          <Message>Test method FaceRecognition.Test._WorkbookTest.WorksheetsTest threw exception: 
System.NullReferenceException: Object reference not set to an instance of an object.</Message>
          <StackTrace>    at FaceRecognition.Test._WorkbookTest.WorksheetsTest() in D:\DiplomProject\FaceRecognition\FaceRecognition.Test\_WorkbookTest.cs:line 119
</StackTrace>
        </ErrorInfo>
      </Output>
    </UnitTestResult>
    <UnitTestResult executionId="24200c2c-6c21-48c7-a584-43a7bbdf92d5" testId="21bc34ea-a52c-1c85-61b5-ae2e2de0bcde" testName="CellsTest" computerName="MICROSOF-4C612A" duration="00:00:00.0028363" startTime="2011-05-29T01:27:06.2968750+03:00" endTime="2011-05-29T01:27:06.3125000+03:00" testType="13cdc9d9-ddb5-4fa4-a97d-d965ccfc6d4b" outcome="Failed" testListId="8c84fa94-04c1-424b-9868-57a2d4851a1d" relativeResultsDirectory="24200c2c-6c21-48c7-a584-43a7bbdf92d5">
      <Output>
        <ErrorInfo>
          <Message>Test method FaceRecognition.Test._WorksheetTest.CellsTest threw exception: 
System.NullReferenceException: Object reference not set to an instance of an object.</Message>
          <StackTrace>    at FaceRecognition.Test._WorksheetTest.CellsTest() in D:\DiplomProject\FaceRecognition\FaceRecognition.Test\_WorksheetTest.cs:line 82
</StackTrace>
        </ErrorInfo>
      </Output>
    </UnitTestResult>
  </Results>
</TestRun>